<?xml version="1.0" encoding="UTF-8"?>
<!-- Generated by org.testng.reporters.JUnitXMLReporter -->
<testsuite ignored="0" hostname="Imaads-MacBook-Air.local" failures="0" tests="10" name="API Tests - Auth" time="0.1" errors="0" timestamp="2026-02-20T10:11:50 IST">
  <testcase classname="com.eyebeem.tests.api.AuthApiTest" name="loginAsEachUser_fromTestData" time="0.05"/>
  <testcase classname="com.eyebeem.tests.api.AuthApiTest" name="loginResponse_hasEmail" time="0.006"/>
  <testcase classname="com.eyebeem.tests.api.AuthApiTest" name="loginResponse_hasId" time="0.005"/>
  <testcase classname="com.eyebeem.tests.api.AuthApiTest" name="loginResponse_hasName" time="0.005"/>
  <testcase classname="com.eyebeem.tests.api.AuthApiTest" name="loginResponse_hasOrderHistory" time="0.004"/>
  <testcase classname="com.eyebeem.tests.api.AuthApiTest" name="login_user1_TestUser" time="0.005"/>
  <testcase classname="com.eyebeem.tests.api.AuthApiTest" name="login_user2_JaneDoe" time="0.004"/>
  <testcase classname="com.eyebeem.tests.api.AuthApiTest" name="login_user3_imaad" time="0.006"/>
  <testcase classname="com.eyebeem.tests.api.AuthApiTest" name="login_user4_aryan" time="0.006"/>
  <testcase classname="com.eyebeem.tests.api.AuthApiTest" name="login_user5_petlover" time="0.006"/>
</testsuite> <!-- API Tests - Auth -->
