<?xml version="1.0" encoding="UTF-8"?>
<!-- Generated by org.testng.reporters.JUnitXMLReporter -->
<testsuite ignored="0" hostname="Imaads-MacBook-Air.local" failures="0" tests="17" name="API Tests - Products" time="0.075" errors="0" timestamp="2026-02-20T10:11:50 IST">
  <testcase classname="com.eyebeem.tests.api.ProductsApiTest" name="getProduct1_price99_99" time="0.005"/>
  <testcase classname="com.eyebeem.tests.api.ProductsApiTest" name="getProduct1_returnsECat" time="0.005"/>
  <testcase classname="com.eyebeem.tests.api.ProductsApiTest" name="getProduct2_price129_99" time="0.006"/>
  <testcase classname="com.eyebeem.tests.api.ProductsApiTest" name="getProduct2_returnsEDog" time="0.004"/>
  <testcase classname="com.eyebeem.tests.api.ProductsApiTest" name="getProduct3_price49_99" time="0.005"/>
  <testcase classname="com.eyebeem.tests.api.ProductsApiTest" name="getProduct3_returnsEHamster" time="0.004"/>
  <testcase classname="com.eyebeem.tests.api.ProductsApiTest" name="getProducts_eachHasName" time="0.004"/>
  <testcase classname="com.eyebeem.tests.api.ProductsApiTest" name="getProducts_eachHasPrice" time="0.003"/>
  <testcase classname="com.eyebeem.tests.api.ProductsApiTest" name="getProducts_eachHasProductId" time="0.005"/>
  <testcase classname="com.eyebeem.tests.api.ProductsApiTest" name="getProducts_eachHasQuantity" time="0.004"/>
  <testcase classname="com.eyebeem.tests.api.ProductsApiTest" name="getProducts_hasECat" time="0.003"/>
  <testcase classname="com.eyebeem.tests.api.ProductsApiTest" name="getProducts_hasEDog" time="0.003"/>
  <testcase classname="com.eyebeem.tests.api.ProductsApiTest" name="getProducts_hasEHamster" time="0.004"/>
  <testcase classname="com.eyebeem.tests.api.ProductsApiTest" name="getProducts_returnsThree" time="0.003"/>
  <testcase classname="com.eyebeem.tests.api.ProductsApiTest" name="getProducts_typeCanineForEDog" time="0.004"/>
  <testcase classname="com.eyebeem.tests.api.ProductsApiTest" name="getProducts_typeFelineForECat" time="0.003"/>
  <testcase classname="com.eyebeem.tests.api.ProductsApiTest" name="getProducts_typeRodentForEHamster" time="0.004"/>
</testsuite> <!-- API Tests - Products -->
