<?xml version="1.0" encoding="UTF-8"?>
<!-- Generated by org.testng.reporters.JUnitXMLReporter -->
<testsuite ignored="0" hostname="Imaads-MacBook-Air.local" failures="0" tests="10" name="API Tests - Products" time="0.058" errors="0" timestamp="2026-02-20T10:16:52 IST">
  <testcase classname="com.eyebeem.tests.api.ProductsApiTest" name="getProduct1_price99_99" time="0.005"/>
  <testcase classname="com.eyebeem.tests.api.ProductsApiTest" name="getProduct1_returnsECat" time="0.005"/>
  <testcase classname="com.eyebeem.tests.api.ProductsApiTest" name="getProduct2_price129_99" time="0.003"/>
  <testcase classname="com.eyebeem.tests.api.ProductsApiTest" name="getProduct2_returnsEDog" time="0.003"/>
  <testcase classname="com.eyebeem.tests.api.ProductsApiTest" name="getProduct3_price49_99" time="0.003"/>
  <testcase classname="com.eyebeem.tests.api.ProductsApiTest" name="getProduct3_returnsEHamster" time="0.005"/>
  <testcase classname="com.eyebeem.tests.api.ProductsApiTest" name="getProducts_hasECat" time="0.022"/>
  <testcase classname="com.eyebeem.tests.api.ProductsApiTest" name="getProducts_hasEDog" time="0.004"/>
  <testcase classname="com.eyebeem.tests.api.ProductsApiTest" name="getProducts_hasEHamster" time="0.004"/>
  <testcase classname="com.eyebeem.tests.api.ProductsApiTest" name="getProducts_returnsThree" time="0.003"/>
</testsuite> <!-- API Tests - Products -->
