<?xml version="1.0" encoding="UTF-8"?>
<!-- Generated by org.testng.reporters.JUnitXMLReporter -->
<testsuite ignored="0" hostname="Imaads-MacBook-Air.local" failures="0" tests="5" name="API Tests - Cart" time="0.066" errors="0" timestamp="2026-02-20T10:11:50 IST">
  <testcase classname="com.eyebeem.tests.api.CartApiTest" name="addToCart_thenGetCart_containsItem" time="0.035"/>
  <testcase classname="com.eyebeem.tests.api.CartApiTest" name="getCart_eachUserReturns200" time="0.017"/>
  <testcase classname="com.eyebeem.tests.api.CartApiTest" name="getCart_itemsIsArray" time="0.004"/>
  <testcase classname="com.eyebeem.tests.api.CartApiTest" name="getCart_returnsJsonObject" time="0.004"/>
  <testcase classname="com.eyebeem.tests.api.CartApiTest" name="getCart_user1_returns200" time="0.004"/>
</testsuite> <!-- API Tests - Cart -->
