<?xml version="1.0" encoding="UTF-8"?>
<!-- Generated by org.testng.reporters.JUnitXMLReporter -->
<testsuite ignored="0" hostname="Imaads-MacBook-Air.local" failures="0" tests="13" name="API Tests - Orders" time="0.054" errors="0" timestamp="2026-02-20T10:16:52 IST">
  <testcase classname="com.eyebeem.tests.api.OrdersApiTest" name="orderHistory_user1_hasOneOrder" time="0.005"/>
  <testcase classname="com.eyebeem.tests.api.OrdersApiTest" name="orderHistory_user1_orderHasItems" time="0.005"/>
  <testcase classname="com.eyebeem.tests.api.OrdersApiTest" name="orderHistory_user1_orderTotal99_99" time="0.004"/>
  <testcase classname="com.eyebeem.tests.api.OrdersApiTest" name="orderHistory_user2_empty" time="0.002"/>
  <testcase classname="com.eyebeem.tests.api.OrdersApiTest" name="orderHistory_user3_hasOneOrder" time="0.004"/>
  <testcase classname="com.eyebeem.tests.api.OrdersApiTest" name="orderHistory_user3_orderHasEDog" time="0.004"/>
  <testcase classname="com.eyebeem.tests.api.OrdersApiTest" name="orderHistory_user3_orderTotal129_99" time="0.004"/>
  <testcase classname="com.eyebeem.tests.api.OrdersApiTest" name="orderHistory_user4_hasOneOrder" time="0.003"/>
  <testcase classname="com.eyebeem.tests.api.OrdersApiTest" name="orderHistory_user4_orderHas4xECat" time="0.004"/>
  <testcase classname="com.eyebeem.tests.api.OrdersApiTest" name="orderHistory_user4_orderTotal399_96" time="0.005"/>
  <testcase classname="com.eyebeem.tests.api.OrdersApiTest" name="orderHistory_user5_hasOneOrder" time="0.003"/>
  <testcase classname="com.eyebeem.tests.api.OrdersApiTest" name="orderHistory_user5_orderHasEHamster" time="0.004"/>
  <testcase classname="com.eyebeem.tests.api.OrdersApiTest" name="orderHistory_user5_orderTotal49_99" time="0.003"/>
</testsuite> <!-- API Tests - Orders -->
