<?xml version="1.0" encoding="UTF-8"?>
<!-- Generated by org.testng.reporters.JUnitXMLReporter -->
<testsuite ignored="0" hostname="Imaads-MacBook-Air.local" failures="0" tests="8" name="API Tests - Users" time="0.035" errors="0" timestamp="2026-02-20T10:11:50 IST">
  <testcase classname="com.eyebeem.tests.api.UsersApiTest" name="getUser1_orderHistoryHasOneOrder" time="0.007"/>
  <testcase classname="com.eyebeem.tests.api.UsersApiTest" name="getUser1_returnsTestUser" time="0.004"/>
  <testcase classname="com.eyebeem.tests.api.UsersApiTest" name="getUser2_orderHistoryEmpty" time="0.004"/>
  <testcase classname="com.eyebeem.tests.api.UsersApiTest" name="getUser2_returnsJaneDoe" time="0.003"/>
  <testcase classname="com.eyebeem.tests.api.UsersApiTest" name="getUser3_returnsImaad" time="0.004"/>
  <testcase classname="com.eyebeem.tests.api.UsersApiTest" name="getUser4_returnsAryan" time="0.003"/>
  <testcase classname="com.eyebeem.tests.api.UsersApiTest" name="getUser5_returnsPetlover" time="0.004"/>
  <testcase classname="com.eyebeem.tests.api.UsersApiTest" name="getUser_hasOrderHistory" time="0.004"/>
</testsuite> <!-- API Tests - Users -->
