<?xml version="1.0" encoding="UTF-8"?>
<!-- Generated by org.testng.reporters.JUnitXMLReporter -->
<testsuite ignored="0" hostname="Imaads-MacBook-Air.local" failures="2" tests="33" name="Backend API Tests" time="0.397" errors="0" timestamp="2026-02-20T09:55:41 IST">
  <testcase classname="com.eyebeem.tests.api.ProductsApiTest" name="getProduct1_Returns200" time="0.007"/>
  <testcase classname="com.eyebeem.tests.api.ProductsApiTest" name="getProduct1_ReturnsECat" time="0.006"/>
  <testcase classname="com.eyebeem.tests.api.ProductsApiTest" name="getProduct2_ReturnsEDog" time="0.004"/>
  <testcase classname="com.eyebeem.tests.api.ProductsApiTest" name="getProduct3_ReturnsEHamster" time="0.003"/>
  <testcase classname="com.eyebeem.tests.api.ProductsApiTest" name="getProduct_InvalidId_Returns404OrError" time="0.009"/>
  <testcase classname="com.eyebeem.tests.api.ProductsApiTest" name="getProducts_EachProductHasProductIdAndName" time="0.003"/>
  <testcase classname="com.eyebeem.tests.api.ProductsApiTest" name="getProducts_Returns200" time="0.004"/>
  <testcase classname="com.eyebeem.tests.api.ProductsApiTest" name="getProducts_ReturnsAtLeast3Products" time="0.002"/>
  <testcase classname="com.eyebeem.tests.api.ProductsApiTest" name="getProducts_ReturnsJsonArray" time="0.003"/>
  <testcase classname="com.eyebeem.tests.api.AuthApiTest" name="getUser_NonExistent_Returns4xxOr5xx" time="0.005"/>
  <testcase classname="com.eyebeem.tests.api.AuthApiTest" name="getUser_Returns200" time="0.011"/>
  <testcase classname="com.eyebeem.tests.api.AuthApiTest" name="getUser_ReturnsUserWithOrderHistory" time="0.009"/>
  <testcase classname="com.eyebeem.tests.api.AuthApiTest" name="login_AcceptsValidCredentials" time="0.009"/>
  <testcase classname="com.eyebeem.tests.api.AuthApiTest" name="login_ExistingUserReturnsSameUser" time="0.011"/>
  <testcase classname="com.eyebeem.tests.api.AuthApiTest" name="login_Returns200" time="0.004"/>
  <testcase classname="com.eyebeem.tests.api.AuthApiTest" name="login_ReturnsUserWithIdNameEmail" time="0.005"/>
  <testcase classname="com.eyebeem.tests.api.CartApiTest" name="addToCart_IncreasesCartSize" time="0.024"/>
  <testcase classname="com.eyebeem.tests.api.CartApiTest" name="addToCart_Returns200" time="0.016">
    <failure type="java.lang.AssertionError" message="expected [200] but found [500]">
      <![CDATA[java.lang.AssertionError: expected [200] but found [500]
at com.eyebeem.tests.api.CartApiTest.addToCart_Returns200(CartApiTest.java:42)
at java.base/java.util.ArrayList.forEach(ArrayList.java:1604)
... Removed 36 stack frames]]>
    </failure>
  </testcase> <!-- addToCart_Returns200 -->
  <testcase classname="com.eyebeem.tests.api.CartApiTest" name="addToCart_ReturnsCartWithItems" time="0.027"/>
  <testcase classname="com.eyebeem.tests.api.CartApiTest" name="clearCart_EmptiesCart" time="0.031"/>
  <testcase classname="com.eyebeem.tests.api.CartApiTest" name="clearCart_Returns204" time="0.014"/>
  <testcase classname="com.eyebeem.tests.api.CartApiTest" name="getCart_NoUserId_Returns4xx" time="0.002"/>
  <testcase classname="com.eyebeem.tests.api.CartApiTest" name="getCart_Returns200" time="0.012"/>
  <testcase classname="com.eyebeem.tests.api.CartApiTest" name="getCart_ReturnsUserIdAndItems" time="0.01"/>
  <testcase classname="com.eyebeem.tests.api.CartApiTest" name="removeCartItem_Returns204" time="0.014"/>
  <testcase classname="com.eyebeem.tests.api.OrdersApiTest" name="getOrderHistory_NoUserId_Returns4xx" time="0.002"/>
  <testcase classname="com.eyebeem.tests.api.OrdersApiTest" name="getOrderHistory_Returns200" time="0.018"/>
  <testcase classname="com.eyebeem.tests.api.OrdersApiTest" name="getOrderHistory_ReturnsArray" time="0.015"/>
  <testcase classname="com.eyebeem.tests.api.OrdersApiTest" name="placeOrder_AddsToOrderHistory" time="0.02"/>
  <testcase classname="com.eyebeem.tests.api.OrdersApiTest" name="placeOrder_ClearsCart" time="0.027"/>
  <testcase classname="com.eyebeem.tests.api.OrdersApiTest" name="placeOrder_EmptyCart_Returns4xx" time="0.023"/>
  <testcase classname="com.eyebeem.tests.api.OrdersApiTest" name="placeOrder_Returns200" time="0.018">
    <failure type="java.lang.AssertionError" message="expected [200] but found [500]">
      <![CDATA[java.lang.AssertionError: expected [200] but found [500]
at com.eyebeem.tests.api.OrdersApiTest.placeOrder_Returns200(OrdersApiTest.java:41)
at java.base/java.util.ArrayList.forEach(ArrayList.java:1604)
... Removed 36 stack frames]]>
    </failure>
  </testcase> <!-- placeOrder_Returns200 -->
  <testcase classname="com.eyebeem.tests.api.OrdersApiTest" name="placeOrder_ReturnsOrderWithIdAndTotal" time="0.017"/>
</testsuite> <!-- Backend API Tests -->
