<?xml version="1.0" encoding="UTF-8"?>
<!-- Generated by org.testng.reporters.JUnitXMLReporter -->
<testsuite ignored="0" hostname="Imaads-MacBook-Air.local" failures="0" tests="6" name="Cart Page Tests" time="11.979" errors="0" timestamp="2026-02-20T10:11:10 IST">
  <testcase classname="com.eyebeem.tests.cart.CartPageEmptyTest" name="cartPageShowsEmptyMessageWhenCartIsEmpty" time="0.67"/>
  <testcase classname="com.eyebeem.tests.cart.CartPageItemsTest" name="cartPageDisplaysItemsWhenCartHasProducts" time="0.743"/>
  <testcase classname="com.eyebeem.tests.cart.CartPageTotalTest" name="cartPageDisplaysCorrectTotal" time="0.743"/>
  <testcase classname="com.eyebeem.tests.cart.CartPageCheckoutTest" name="checkoutButtonNavigatesToCheckoutPage" time="1.33"/>
  <testcase classname="com.eyebeem.tests.cart.CartPageClearButtonTest" name="clearCartButtonEmptiesCart" time="0.842"/>
  <testcase classname="com.eyebeem.tests.cart.CartPageShopProductsLinkTest" name="shopProductsLinkNavigatesToProducts" time="0.774"/>
</testsuite> <!-- Cart Page Tests -->
