<?xml version="1.0" encoding="UTF-8"?>
<!-- Generated by org.testng.reporters.JUnitXMLReporter -->
<testsuite ignored="0" hostname="Imaads-MacBook-Air.local" failures="0" tests="6" name="Cart Page Tests" time="12.26" errors="0" timestamp="2026-02-19T10:05:16 IST">
  <testcase classname="com.eyebeem.tests.cart.CartPageEmptyTest" name="cartPageShowsEmptyMessageWhenCartIsEmpty" time="0.678"/>
  <testcase classname="com.eyebeem.tests.cart.CartPageItemsTest" name="cartPageDisplaysItemsWhenCartHasProducts" time="0.797"/>
  <testcase classname="com.eyebeem.tests.cart.CartPageTotalTest" name="cartPageDisplaysCorrectTotal" time="0.815"/>
  <testcase classname="com.eyebeem.tests.cart.CartPageCheckoutTest" name="checkoutButtonNavigatesToCheckoutPage" time="1.393"/>
  <testcase classname="com.eyebeem.tests.cart.CartPageClearButtonTest" name="clearCartButtonEmptiesCart" time="0.832"/>
  <testcase classname="com.eyebeem.tests.cart.CartPageShopProductsLinkTest" name="shopProductsLinkNavigatesToProducts" time="0.726"/>
</testsuite> <!-- Cart Page Tests -->
