<?xml version="1.0" encoding="UTF-8"?>
<!-- Generated by org.testng.reporters.JUnitXMLReporter -->
<testsuite ignored="0" hostname="Imaads-MacBook-Air.local" failures="3" tests="4" name="Cart Page Tests" time="9.506" errors="0" timestamp="2026-02-18T21:49:06 IST">
  <testcase classname="com.eyebeem.tests.cart.CartPageEmptyTest" name="cartPageShowsEmptyMessageWhenCartIsEmpty" time="0.684"/>
  <testcase classname="com.eyebeem.tests.cart.CartPageItemsTest" name="cartPageDisplaysItemsWhenCartHasProducts" time="1.625">
    <failure type="java.lang.AssertionError" message="Cart should display at least one item expected [true] but found [false]">
      <![CDATA[java.lang.AssertionError: Cart should display at least one item expected [true] but found [false]
at com.eyebeem.tests.cart.CartPageItemsTest.cartPageDisplaysItemsWhenCartHasProducts(CartPageItemsTest.java:46)
at java.base/java.util.ArrayList.forEach(ArrayList.java:1604)
... Removed 32 stack frames]]>
    </failure>
  </testcase> <!-- cartPageDisplaysItemsWhenCartHasProducts -->
  <testcase classname="com.eyebeem.tests.cart.CartPageTotalTest" name="cartPageDisplaysCorrectTotal" time="1.284">
    <failure type="java.lang.AssertionError" message="Cart should display TOTAL section expected [true] but found [false]">
      <![CDATA[java.lang.AssertionError: Cart should display TOTAL section expected [true] but found [false]
at com.eyebeem.tests.cart.CartPageTotalTest.cartPageDisplaysCorrectTotal(CartPageTotalTest.java:50)
at java.base/java.util.ArrayList.forEach(ArrayList.java:1604)
... Removed 32 stack frames]]>
    </failure>
  </testcase> <!-- cartPageDisplaysCorrectTotal -->
  <testcase classname="com.eyebeem.tests.cart.CartPageCheckoutTest" name="checkoutButtonNavigatesToCheckoutPage" time="1.292">
    <failure type="java.lang.AssertionError" message="Should find GO TO CHECKOUT button expected object to not be null">
      <![CDATA[java.lang.AssertionError: Should find GO TO CHECKOUT button expected object to not be null
at com.eyebeem.tests.cart.CartPageCheckoutTest.checkoutButtonNavigatesToCheckoutPage(CartPageCheckoutTest.java:48)
at java.base/java.util.ArrayList.forEach(ArrayList.java:1604)
... Removed 31 stack frames]]>
    </failure>
  </testcase> <!-- checkoutButtonNavigatesToCheckoutPage -->
</testsuite> <!-- Cart Page Tests -->
