<?xml version="1.0" encoding="UTF-8"?>
<!-- Generated by org.testng.reporters.JUnitXMLReporter -->
<testsuite ignored="0" hostname="Imaads-MacBook-Air.local" failures="0" tests="6" name="Cart Page Tests" time="11.579" errors="0" timestamp="2026-02-19T10:08:49 IST">
  <testcase classname="com.eyebeem.tests.cart.CartPageEmptyTest" name="cartPageShowsEmptyMessageWhenCartIsEmpty" time="0.677"/>
  <testcase classname="com.eyebeem.tests.cart.CartPageItemsTest" name="cartPageDisplaysItemsWhenCartHasProducts" time="0.813"/>
  <testcase classname="com.eyebeem.tests.cart.CartPageTotalTest" name="cartPageDisplaysCorrectTotal" time="0.814"/>
  <testcase classname="com.eyebeem.tests.cart.CartPageCheckoutTest" name="checkoutButtonNavigatesToCheckoutPage" time="0.878"/>
  <testcase classname="com.eyebeem.tests.cart.CartPageClearButtonTest" name="clearCartButtonEmptiesCart" time="0.856"/>
  <testcase classname="com.eyebeem.tests.cart.CartPageShopProductsLinkTest" name="shopProductsLinkNavigatesToProducts" time="0.73"/>
</testsuite> <!-- Cart Page Tests -->
