<?xml version="1.0" encoding="UTF-8"?>
<!-- Generated by org.testng.reporters.JUnitXMLReporter -->
<testsuite ignored="0" hostname="Imaads-MacBook-Air.local" failures="0" tests="5" name="Checkout Page Tests" time="11.75" errors="0" timestamp="2026-02-19T10:09:01 IST">
  <testcase classname="com.eyebeem.tests.checkout.CheckoutPageAddressTest" name="checkoutPageAddressFormAcceptsValidInput" time="1.097"/>
  <testcase classname="com.eyebeem.tests.checkout.CheckoutPagePaymentTest" name="checkoutPaymentStepDisplaysPaymentOptions" time="1.122"/>
  <testcase classname="com.eyebeem.tests.checkout.CheckoutPageOrderTest" name="checkoutCompletesOrderSuccessfully" time="1.726"/>
  <testcase classname="com.eyebeem.tests.checkout.CheckoutPageEmptyCartTest" name="checkoutShowsEmptyMessageWhenCartEmpty" time="0.634"/>
  <testcase classname="com.eyebeem.tests.checkout.CheckoutPageBackToCartTest" name="backToCartLinkNavigatesToCart" time="1.483"/>
</testsuite> <!-- Checkout Page Tests -->
