<?xml version="1.0" encoding="UTF-8"?>
<!-- Generated by org.testng.reporters.JUnitXMLReporter -->
<testsuite ignored="0" hostname="Imaads-MacBook-Air.local" failures="0" tests="5" name="Checkout Page Tests" time="11.862" errors="0" timestamp="2026-02-20T10:11:22 IST">
  <testcase classname="com.eyebeem.tests.checkout.CheckoutPageAddressTest" name="checkoutPageAddressFormAcceptsValidInput" time="1.057"/>
  <testcase classname="com.eyebeem.tests.checkout.CheckoutPagePaymentTest" name="checkoutPaymentStepDisplaysPaymentOptions" time="1.507"/>
  <testcase classname="com.eyebeem.tests.checkout.CheckoutPageOrderTest" name="checkoutCompletesOrderSuccessfully" time="1.601"/>
  <testcase classname="com.eyebeem.tests.checkout.CheckoutPageEmptyCartTest" name="checkoutShowsEmptyMessageWhenCartEmpty" time="0.654"/>
  <testcase classname="com.eyebeem.tests.checkout.CheckoutPageBackToCartTest" name="backToCartLinkNavigatesToCart" time="1.374"/>
</testsuite> <!-- Checkout Page Tests -->
