<?xml version="1.0" encoding="UTF-8"?>
<!-- Generated by org.testng.reporters.JUnitXMLReporter -->
<testsuite ignored="0" hostname="Imaads-MacBook-Air.local" failures="0" tests="46" name="Database Tests" time="0.293" errors="0" timestamp="2026-02-20T10:16:53 IST">
  <testcase classname="com.eyebeem.tests.db.OrdersDbTest" name="getOrderCount_ReturnsNonNegative" time="0.105"/>
  <testcase classname="com.eyebeem.tests.db.OrdersDbTest" name="getOrderItems_NonExistentOrderReturnsEmpty" time="0.011"/>
  <testcase classname="com.eyebeem.tests.db.OrdersDbTest" name="getOrderRow_NonExistentReturnsNull" time="0.006"/>
  <testcase classname="com.eyebeem.tests.db.OrdersDbTest" name="orderItemsTableExists" time="0.009"/>
  <testcase classname="com.eyebeem.tests.db.OrdersDbTest" name="orderItems_ReferValidProductIds" time="0.004"/>
  <testcase classname="com.eyebeem.tests.db.OrdersDbTest" name="ordersTableExists" time="0.005"/>
  <testcase classname="com.eyebeem.tests.db.InventoryDbTest" name="getAllInventory_ReturnsOrderedByProductId" time="0.009"/>
  <testcase classname="com.eyebeem.tests.db.InventoryDbTest" name="inventoryHasAtLeastThreeProducts" time="0.009"/>
  <testcase classname="com.eyebeem.tests.db.InventoryDbTest" name="inventoryTableExists" time="0.004"/>
  <testcase classname="com.eyebeem.tests.db.InventoryDbTest" name="product1_ECatExists" time="0.003"/>
  <testcase classname="com.eyebeem.tests.db.InventoryDbTest" name="product1_HasCorrectPrice" time="0.004"/>
  <testcase classname="com.eyebeem.tests.db.InventoryDbTest" name="product1_HasQuantity" time="0.003"/>
  <testcase classname="com.eyebeem.tests.db.InventoryDbTest" name="product2_EDogExists" time="0.003"/>
  <testcase classname="com.eyebeem.tests.db.InventoryDbTest" name="product2_HasCorrectPrice" time="0.004"/>
  <testcase classname="com.eyebeem.tests.db.InventoryDbTest" name="product3_EHamsterExists" time="0.003"/>
  <testcase classname="com.eyebeem.tests.db.InventoryDbTest" name="product3_HasCorrectPrice" time="0.007"/>
  <testcase classname="com.eyebeem.tests.db.UsersDbTest" name="nonExistentUser_returnsNull" time="0.003"/>
  <testcase classname="com.eyebeem.tests.db.UsersDbTest" name="user1_exists_withEmail" time="0.003"/>
  <testcase classname="com.eyebeem.tests.db.UsersDbTest" name="user2_exists_withEmail" time="0.003"/>
  <testcase classname="com.eyebeem.tests.db.UsersDbTest" name="user3_exists_withEmail" time="0.003"/>
  <testcase classname="com.eyebeem.tests.db.UsersDbTest" name="user4_exists_withEmail" time="0.003"/>
  <testcase classname="com.eyebeem.tests.db.UsersDbTest" name="user5_exists_withEmail" time="0.003"/>
  <testcase classname="com.eyebeem.tests.db.UsersDbTest" name="userCount_atLeast5" time="0.003"/>
  <testcase classname="com.eyebeem.tests.db.UsersDbTest" name="usersTableExists" time="0.005"/>
  <testcase classname="com.eyebeem.tests.db.OrdersDataDbTest" name="order1_user1_total99_99" time="0.003"/>
  <testcase classname="com.eyebeem.tests.db.OrdersDataDbTest" name="order2_user3_total129_99" time="0.003"/>
  <testcase classname="com.eyebeem.tests.db.OrdersDataDbTest" name="order3_user4_total399_96" time="0.003"/>
  <testcase classname="com.eyebeem.tests.db.OrdersDataDbTest" name="order4_user5_total49_99" time="0.003"/>
  <testcase classname="com.eyebeem.tests.db.OrdersDataDbTest" name="orderCount_atLeast4" time="0.003"/>
  <testcase classname="com.eyebeem.tests.db.OrdersDataDbTest" name="user1_hasOneOrder" time="0.002"/>
  <testcase classname="com.eyebeem.tests.db.OrdersDataDbTest" name="user2_hasNoOrders" time="0.002"/>
  <testcase classname="com.eyebeem.tests.db.OrdersDataDbTest" name="user3_hasOneOrder" time="0.002"/>
  <testcase classname="com.eyebeem.tests.db.OrdersDataDbTest" name="user4_hasOneOrder" time="0.002"/>
  <testcase classname="com.eyebeem.tests.db.OrdersDataDbTest" name="user5_hasOneOrder" time="0.003"/>
  <testcase classname="com.eyebeem.tests.db.OrderItemsDbTest" name="order1_hasOneItem_eCat" time="0.003"/>
  <testcase classname="com.eyebeem.tests.db.OrderItemsDbTest" name="order1_unitPrice99_99" time="0.003"/>
  <testcase classname="com.eyebeem.tests.db.OrderItemsDbTest" name="order2_hasOneItem_eDog" time="0.002"/>
  <testcase classname="com.eyebeem.tests.db.OrderItemsDbTest" name="order3_hasOneItem_4xECat" time="0.003"/>
  <testcase classname="com.eyebeem.tests.db.OrderItemsDbTest" name="order4_hasOneItem_eHamster" time="0.002"/>
  <testcase classname="com.eyebeem.tests.db.OrderItemsDbTest" name="orderItems_productIdsReferInventory" time="0.009"/>
  <testcase classname="com.eyebeem.tests.db.InventoryDataDbTest" name="product1_hasNonNegativeQuantity" time="0.002"/>
  <testcase classname="com.eyebeem.tests.db.InventoryDataDbTest" name="product1_nameECat" time="0.003"/>
  <testcase classname="com.eyebeem.tests.db.InventoryDataDbTest" name="product2_hasNonNegativeQuantity" time="0.003"/>
  <testcase classname="com.eyebeem.tests.db.InventoryDataDbTest" name="product2_nameEDog" time="0.003"/>
  <testcase classname="com.eyebeem.tests.db.InventoryDataDbTest" name="product3_hasNonNegativeQuantity" time="0.003"/>
  <testcase classname="com.eyebeem.tests.db.InventoryDataDbTest" name="product3_nameEHamster" time="0.004"/>
</testsuite> <!-- Database Tests -->
