<?xml version="1.0" encoding="UTF-8"?>
<!-- Generated by org.testng.reporters.JUnitXMLReporter -->
<testsuite ignored="0" hostname="Imaads-MacBook-Air.local" failures="0" tests="4" name="Home Page Tests" time="9.104" errors="0" timestamp="2026-02-18T21:48:41 IST">
  <testcase classname="com.eyebeem.tests.home.HomePageTitleTest" name="homePageTitleContainsAppName" time="0.23"/>
  <testcase classname="com.eyebeem.tests.home.HomePageHeroTest" name="heroSectionDisplaysHeadingAndTagline" time="0.67"/>
  <testcase classname="com.eyebeem.tests.home.HomePageNavbarTest" name="navbarContainsAllNavigationLinks" time="0.736"/>
  <testcase classname="com.eyebeem.tests.home.HomePageFooterTest" name="footerDisplaysCopyrightText" time="0.661"/>
</testsuite> <!-- Home Page Tests -->
