<?xml version="1.0" encoding="UTF-8"?>
<!-- Generated by org.testng.reporters.JUnitXMLReporter -->
<testsuite ignored="0" hostname="Imaads-MacBook-Air.local" failures="0" tests="6" name="Home Page Tests" time="11.606" errors="0" timestamp="2026-02-19T10:08:17 IST">
  <testcase classname="com.eyebeem.tests.home.HomePageTitleTest" name="homePageTitleContainsAppName" time="0.17"/>
  <testcase classname="com.eyebeem.tests.home.HomePageHeroTest" name="heroSectionDisplaysHeadingAndTagline" time="0.68"/>
  <testcase classname="com.eyebeem.tests.home.HomePageNavbarTest" name="navbarContainsAllNavigationLinks" time="0.746"/>
  <testcase classname="com.eyebeem.tests.home.HomePageFooterTest" name="footerDisplaysCopyrightText" time="0.682"/>
  <testcase classname="com.eyebeem.tests.home.HomePageProductsGridTest" name="homePageShowsProductCardsWithAddToCart" time="0.676"/>
  <testcase classname="com.eyebeem.tests.home.HomePageLogoLinkTest" name="logoLinkNavigatesToHome" time="0.726"/>
</testsuite> <!-- Home Page Tests -->
