<?xml version="1.0" encoding="UTF-8"?>
<!-- Generated by org.testng.reporters.JUnitXMLReporter -->
<testsuite ignored="0" hostname="Imaads-MacBook-Air.local" failures="0" tests="2" name="Layout Tests" time="3.512" errors="0" timestamp="2026-02-19T11:53:13 IST">
  <testcase classname="com.eyebeem.tests.layout.LayoutHeaderTest" name="headerIsVisibleOnHomePage" time="0.638"/>
  <testcase classname="com.eyebeem.tests.layout.LayoutFooterTest" name="footerIsVisibleOnHomePage" time="0.632"/>
</testsuite> <!-- Layout Tests -->
