<?xml version="1.0" encoding="UTF-8"?>
<!-- Generated by org.testng.reporters.JUnitXMLReporter -->
<testsuite ignored="0" hostname="Imaads-MacBook-Air.local" failures="0" tests="5" name="Login Page Tests" time="9.718" errors="0" timestamp="2026-02-19T11:52:22 IST">
  <testcase classname="com.eyebeem.tests.login.LoginPageFormTest" name="loginFormDisplaysNameAndEmailFields" time="0.698"/>
  <testcase classname="com.eyebeem.tests.login.LoginPageSubmitTest" name="loginFormAcceptsValidCredentials" time="0.923"/>
  <testcase classname="com.eyebeem.tests.login.LoginPageLogoutTest" name="logoutButtonReturnsToLoginForm" time="0.903"/>
  <testcase classname="com.eyebeem.tests.login.LoginPageNavigationTest" name="loginPageUrlAndTitleAreCorrect" time="0.651"/>
  <testcase classname="com.eyebeem.tests.login.LoginPageFormLabelsTest" name="loginFormHasNameAndEmailLabels" time="0.617"/>
</testsuite> <!-- Login Page Tests -->
