<?xml version="1.0" encoding="UTF-8"?>
<!-- Generated by org.testng.reporters.JUnitXMLReporter -->
<testsuite ignored="0" hostname="Imaads-MacBook-Air.local" failures="0" tests="3" name="Login Page Tests" time="5.765" errors="0" timestamp="2026-02-20T10:15:52 IST">
  <testcase classname="com.eyebeem.tests.login.LoginPageFormTest" name="loginFormDisplaysNameAndEmailFields" time="0.706"/>
  <testcase classname="com.eyebeem.tests.login.LoginPageSubmitTest" name="loginFormAcceptsValidCredentials" time="0.96"/>
  <testcase classname="com.eyebeem.tests.login.LoginPageNavigationTest" name="loginPageUrlAndTitleAreCorrect" time="0.662"/>
</testsuite> <!-- Login Page Tests -->
