<?xml version="1.0" encoding="UTF-8"?>
<!-- Generated by org.testng.reporters.JUnitXMLReporter -->
<testsuite ignored="0" hostname="Imaads-MacBook-Air.local" failures="0" tests="5" name="Login Page Tests" time="9.49" errors="0" timestamp="2026-02-19T10:08:26 IST">
  <testcase classname="com.eyebeem.tests.login.LoginPageFormTest" name="loginFormDisplaysNameAndEmailFields" time="0.706"/>
  <testcase classname="com.eyebeem.tests.login.LoginPageSubmitTest" name="loginFormAcceptsValidCredentials" time="0.932"/>
  <testcase classname="com.eyebeem.tests.login.LoginPageLogoutTest" name="logoutButtonReturnsToLoginForm" time="0.919"/>
  <testcase classname="com.eyebeem.tests.login.LoginPageNavigationTest" name="loginPageUrlAndTitleAreCorrect" time="0.647"/>
  <testcase classname="com.eyebeem.tests.login.LoginPageFormLabelsTest" name="loginFormHasNameAndEmailLabels" time="0.649"/>
</testsuite> <!-- Login Page Tests -->
