<?xml version="1.0" encoding="UTF-8"?>
<!-- Generated by org.testng.reporters.JUnitXMLReporter -->
<testsuite ignored="0" hostname="Imaads-MacBook-Air.local" failures="0" tests="4" name="Login Page Tests" time="7.821" errors="0" timestamp="2026-02-18T21:48:49 IST">
  <testcase classname="com.eyebeem.tests.login.LoginPageFormTest" name="loginFormDisplaysNameAndEmailFields" time="0.735"/>
  <testcase classname="com.eyebeem.tests.login.LoginPageSubmitTest" name="loginFormAcceptsValidCredentials" time="1.054"/>
  <testcase classname="com.eyebeem.tests.login.LoginPageLogoutTest" name="logoutButtonReturnsToLoginForm" time="0.935"/>
  <testcase classname="com.eyebeem.tests.login.LoginPageNavigationTest" name="loginPageUrlAndTitleAreCorrect" time="0.658"/>
</testsuite> <!-- Login Page Tests -->
