<?xml version="1.0" encoding="UTF-8"?>
<!-- Generated by org.testng.reporters.JUnitXMLReporter -->
<testsuite ignored="0" hostname="Imaads-MacBook-Air.local" failures="0" tests="5" name="Login Page Tests" time="9.817" errors="0" timestamp="2026-02-19T10:04:52 IST">
  <testcase classname="com.eyebeem.tests.login.LoginPageFormTest" name="loginFormDisplaysNameAndEmailFields" time="0.745"/>
  <testcase classname="com.eyebeem.tests.login.LoginPageSubmitTest" name="loginFormAcceptsValidCredentials" time="0.937"/>
  <testcase classname="com.eyebeem.tests.login.LoginPageLogoutTest" name="logoutButtonReturnsToLoginForm" time="0.898"/>
  <testcase classname="com.eyebeem.tests.login.LoginPageNavigationTest" name="loginPageUrlAndTitleAreCorrect" time="0.651"/>
  <testcase classname="com.eyebeem.tests.login.LoginPageFormLabelsTest" name="loginFormHasNameAndEmailLabels" time="0.655"/>
</testsuite> <!-- Login Page Tests -->
