<?xml version="1.0" encoding="UTF-8"?>
<!-- Generated by org.testng.reporters.JUnitXMLReporter -->
<testsuite ignored="0" hostname="Imaads-MacBook-Air.local" failures="1" tests="5" name="Login Page Tests" time="10.036" errors="0" timestamp="2026-02-20T10:10:46 IST">
  <testcase classname="com.eyebeem.tests.login.LoginPageFormTest" name="loginFormDisplaysNameAndEmailFields" time="0.692"/>
  <testcase classname="com.eyebeem.tests.login.LoginPageSubmitTest" name="loginFormAcceptsValidCredentials" time="0.922">
    <failure type="java.lang.AssertionError" message="After login, should see USER PROFILE heading expected [true] but found [false]">
      <![CDATA[java.lang.AssertionError: After login, should see USER PROFILE heading expected [true] but found [false]
at com.eyebeem.tests.login.LoginPageSubmitTest.loginFormAcceptsValidCredentials(LoginPageSubmitTest.java:44)
at java.base/java.util.ArrayList.forEach(ArrayList.java:1604)
... Removed 32 stack frames]]>
    </failure>
  </testcase> <!-- loginFormAcceptsValidCredentials -->
  <testcase classname="com.eyebeem.tests.login.LoginPageLogoutTest" name="logoutButtonReturnsToLoginForm" time="0.949"/>
  <testcase classname="com.eyebeem.tests.login.LoginPageNavigationTest" name="loginPageUrlAndTitleAreCorrect" time="0.655"/>
  <testcase classname="com.eyebeem.tests.login.LoginPageFormLabelsTest" name="loginFormHasNameAndEmailLabels" time="0.646"/>
</testsuite> <!-- Login Page Tests -->
