<?xml version="1.0" encoding="UTF-8"?>
<!-- Generated by org.testng.reporters.JUnitXMLReporter -->
<testsuite ignored="0" hostname="Imaads-MacBook-Air.local" failures="0" tests="3" name="Navigation Tests" time="5.518" errors="0" timestamp="2026-02-20T10:11:43 IST">
  <testcase classname="com.eyebeem.tests.navigation.NavigationProductsLinkTest" name="productsLinkNavigatesToProductsPage" time="0.678"/>
  <testcase classname="com.eyebeem.tests.navigation.NavigationCartLinkTest" name="cartLinkNavigatesToCartPage" time="0.699"/>
  <testcase classname="com.eyebeem.tests.navigation.NavigationOrdersLinkTest" name="ordersLinkNavigatesToOrdersPage" time="0.682"/>
</testsuite> <!-- Navigation Tests -->
