<?xml version="1.0" encoding="UTF-8"?>
<!-- Generated by org.testng.reporters.JUnitXMLReporter -->
<testsuite ignored="0" hostname="Imaads-MacBook-Air.local" failures="0" tests="3" name="Navigation Tests" time="5.617" errors="0" timestamp="2026-02-19T10:09:22 IST">
  <testcase classname="com.eyebeem.tests.navigation.NavigationProductsLinkTest" name="productsLinkNavigatesToProductsPage" time="0.708"/>
  <testcase classname="com.eyebeem.tests.navigation.NavigationCartLinkTest" name="cartLinkNavigatesToCartPage" time="0.716"/>
  <testcase classname="com.eyebeem.tests.navigation.NavigationOrdersLinkTest" name="ordersLinkNavigatesToOrdersPage" time="0.719"/>
</testsuite> <!-- Navigation Tests -->
