<?xml version="1.0" encoding="UTF-8"?>
<!-- Generated by org.testng.reporters.JUnitXMLReporter -->
<testsuite ignored="0" hostname="Imaads-MacBook-Air.local" failures="0" tests="4" name="Orders Page Tests" time="13.794" errors="0" timestamp="2026-02-20T10:16:41 IST">
  <testcase classname="com.eyebeem.tests.orders.OrdersPageEmptyTest" name="ordersPageShowsEmptyMessageWhenNoOrders" time="0.671"/>
  <testcase classname="com.eyebeem.tests.orders.OrdersPageListTest" name="ordersPageDisplaysOrderListAfterOrderIsPlaced" time="3.219"/>
  <testcase classname="com.eyebeem.tests.orders.OrdersPageDetailsTest" name="ordersPageDisplaysOrderDetailsCorrectly" time="3.375"/>
  <testcase classname="com.eyebeem.tests.orders.OrdersPageShopProductsLinkTest" name="shopProductsLinkNavigatesToProducts" time="0.815"/>
</testsuite> <!-- Orders Page Tests -->
