<?xml version="1.0" encoding="UTF-8"?>
<!-- Generated by org.testng.reporters.JUnitXMLReporter -->
<testsuite ignored="0" hostname="Imaads-MacBook-Air.local" failures="0" tests="4" name="Orders Page Tests" time="12.232" errors="0" timestamp="2026-02-20T10:11:34 IST">
  <testcase classname="com.eyebeem.tests.orders.OrdersPageEmptyTest" name="ordersPageShowsEmptyMessageWhenNoOrders" time="0.661"/>
  <testcase classname="com.eyebeem.tests.orders.OrdersPageListTest" name="ordersPageDisplaysOrderListAfterOrderIsPlaced" time="3.151"/>
  <testcase classname="com.eyebeem.tests.orders.OrdersPageDetailsTest" name="ordersPageDisplaysOrderDetailsCorrectly" time="3.117"/>
  <testcase classname="com.eyebeem.tests.orders.OrdersPageShopProductsLinkTest" name="shopProductsLinkNavigatesToProducts" time="0.741"/>
</testsuite> <!-- Orders Page Tests -->
