<?xml version="1.0" encoding="UTF-8"?>
<!-- Generated by org.testng.reporters.JUnitXMLReporter -->
<testsuite ignored="0" hostname="Imaads-MacBook-Air.local" failures="0" tests="4" name="Orders Page Tests" time="11.958" errors="0" timestamp="2026-02-19T10:09:13 IST">
  <testcase classname="com.eyebeem.tests.orders.OrdersPageEmptyTest" name="ordersPageShowsEmptyMessageWhenNoOrders" time="0.673"/>
  <testcase classname="com.eyebeem.tests.orders.OrdersPageListTest" name="ordersPageDisplaysOrderListAfterOrderIsPlaced" time="2.762"/>
  <testcase classname="com.eyebeem.tests.orders.OrdersPageDetailsTest" name="ordersPageDisplaysOrderDetailsCorrectly" time="3.255"/>
  <testcase classname="com.eyebeem.tests.orders.OrdersPageShopProductsLinkTest" name="shopProductsLinkNavigatesToProducts" time="0.731"/>
</testsuite> <!-- Orders Page Tests -->
