<?xml version="1.0" encoding="UTF-8"?>
<!-- Generated by org.testng.reporters.JUnitXMLReporter -->
<testsuite ignored="0" hostname="Imaads-MacBook-Air.local" failures="0" tests="4" name="Product Images Tests" time="7.256" errors="0" timestamp="2026-02-19T11:53:26 IST">
  <testcase classname="com.eyebeem.tests.images.ProductImagesHomePageTest" name="homePageDisplaysProductImages" time="0.636"/>
  <testcase classname="com.eyebeem.tests.images.ProductImagesProductsPageTest" name="productsPageDisplaysProductImages" time="0.623"/>
  <testcase classname="com.eyebeem.tests.images.ProductImagesAltTextTest" name="productImagesHaveAltText" time="0.635"/>
  <testcase classname="com.eyebeem.tests.images.ProductImagesLoadTest" name="productImagesLoadWithValidDimensions" time="0.642"/>
</testsuite> <!-- Product Images Tests -->
