<?xml version="1.0" encoding="UTF-8"?>
<!-- Generated by org.testng.reporters.JUnitXMLReporter -->
<testsuite ignored="0" hostname="Imaads-MacBook-Air.local" failures="0" tests="4" name="Product Images Tests" time="6.984" errors="0" timestamp="2026-02-20T10:11:50 IST">
  <testcase classname="com.eyebeem.tests.images.ProductImagesHomePageTest" name="homePageDisplaysProductImages" time="0.637"/>
  <testcase classname="com.eyebeem.tests.images.ProductImagesProductsPageTest" name="productsPageDisplaysProductImages" time="0.635"/>
  <testcase classname="com.eyebeem.tests.images.ProductImagesAltTextTest" name="productImagesHaveAltText" time="0.627"/>
  <testcase classname="com.eyebeem.tests.images.ProductImagesLoadTest" name="productImagesLoadWithValidDimensions" time="0.636"/>
</testsuite> <!-- Product Images Tests -->
