<?xml version="1.0" encoding="UTF-8"?>
<!-- Generated by org.testng.reporters.JUnitXMLReporter -->
<testsuite ignored="0" hostname="Imaads-MacBook-Air.local" failures="1" tests="4" name="Products Page Tests" time="7.686" errors="0" timestamp="2026-02-18T21:48:56 IST">
  <testcase classname="com.eyebeem.tests.products.ProductsPageDisplayTest" name="productsPageDisplaysAllProducts" time="0.717"/>
  <testcase classname="com.eyebeem.tests.products.ProductsPageSearchTest" name="productSearchFiltersResults" time="0.785">
    <failure type="java.lang.AssertionError" message="Should find at least one product matching &amp;apos;e-CAT&amp;apos; expected [true] but found [false]">
      <![CDATA[java.lang.AssertionError: Should find at least one product matching 'e-CAT' expected [true] but found [false]
at com.eyebeem.tests.products.ProductsPageSearchTest.productSearchFiltersResults(ProductsPageSearchTest.java:53)
at java.base/java.util.ArrayList.forEach(ArrayList.java:1604)
... Removed 32 stack frames]]>
    </failure>
  </testcase> <!-- productSearchFiltersResults -->
  <testcase classname="com.eyebeem.tests.products.ProductsPageFilterTest" name="productTypeFilterFiltersByType" time="0.739"/>
  <testcase classname="com.eyebeem.tests.products.ProductsPageAddToCartTest" name="addToCartButtonAddsProductToCart" time="0.724"/>
</testsuite> <!-- Products Page Tests -->
