<?xml version="1.0" encoding="UTF-8"?>
<!-- Generated by org.testng.reporters.JUnitXMLReporter -->
<testsuite ignored="0" hostname="Imaads-MacBook-Air.local" failures="0" tests="6" name="Products Page Tests" time="11.379" errors="0" timestamp="2026-02-20T10:16:03 IST">
  <testcase classname="com.eyebeem.tests.products.ProductsPageDisplayTest" name="productsPageDisplaysAllProducts" time="0.697"/>
  <testcase classname="com.eyebeem.tests.products.ProductsPageSearchTest" name="productSearchFiltersResults" time="1.044"/>
  <testcase classname="com.eyebeem.tests.products.ProductsPageFilterTest" name="productTypeFilterFiltersByType" time="0.72"/>
  <testcase classname="com.eyebeem.tests.products.ProductsPageAddToCartTest" name="addToCartButtonAddsProductToCart" time="0.703"/>
  <testcase classname="com.eyebeem.tests.products.ProductsPageSearchInputTest" name="productsPageHasSearchInput" time="0.63"/>
  <testcase classname="com.eyebeem.tests.products.ProductsPageFilterDropdownTest" name="productsPageHasTypeFilterDropdown" time="0.634"/>
</testsuite> <!-- Products Page Tests -->
