<?xml version="1.0" encoding="UTF-8"?>
<!-- Generated by org.testng.reporters.JUnitXMLReporter -->
<testsuite ignored="0" hostname="Imaads-MacBook-Air.local" failures="0" tests="4" name="Surefire test" time="10.295" errors="0" timestamp="2026-02-19T11:49:05 IST">
  <testcase classname="com.eyebeem.tests.images.ProductImagesAltTextTest" name="productImagesHaveAltText" time="0.768"/>
  <testcase classname="com.eyebeem.tests.images.ProductImagesHomePageTest" name="homePageDisplaysProductImages" time="0.661"/>
  <testcase classname="com.eyebeem.tests.images.ProductImagesLoadTest" name="productImagesLoadWithValidDimensions" time="0.646"/>
  <testcase classname="com.eyebeem.tests.images.ProductImagesProductsPageTest" name="productsPageDisplaysProductImages" time="0.648"/>
</testsuite> <!-- Surefire test -->
