<?xml version="1.0" encoding="UTF-8"?>
<!-- Generated by org.testng.reporters.JUnitReportReporter -->
<testsuite hostname="Imaads-MacBook-Air.local" failures="0" tests="1" name="com.eyebeem.tests.products.ProductsPageDisplayTest" time="0.717" errors="0" timestamp="2026-02-18T21:49:43 IST" skipped="0">
  <testcase classname="com.eyebeem.tests.products.ProductsPageDisplayTest" name="productsPageDisplaysAllProducts" time="0.717"/>
</testsuite> <!-- com.eyebeem.tests.products.ProductsPageDisplayTest -->
