<?xml version="1.0" encoding="UTF-8"?>
<!-- Generated by org.testng.reporters.JUnitReportReporter -->
<testsuite hostname="Imaads-MacBook-Air.local" failures="0" tests="1" name="com.eyebeem.tests.checkout.CheckoutPageAddressTest" time="1.097" errors="0" timestamp="2026-02-19T10:09:22 IST" skipped="0">
  <testcase classname="com.eyebeem.tests.checkout.CheckoutPageAddressTest" name="checkoutPageAddressFormAcceptsValidInput" time="1.097"/>
</testsuite> <!-- com.eyebeem.tests.checkout.CheckoutPageAddressTest -->
