<?xml version="1.0" encoding="UTF-8"?>
<!-- Generated by org.testng.reporters.JUnitReportReporter -->
<testsuite hostname="Imaads-MacBook-Air.local" failures="0" tests="6" name="com.eyebeem.tests.db.InventoryDataDbTest" time="0.018" errors="0" timestamp="2026-02-20T10:16:53 IST" skipped="0">
  <testcase classname="com.eyebeem.tests.db.InventoryDataDbTest" name="product3_hasNonNegativeQuantity" time="0.003"/>
  <testcase classname="com.eyebeem.tests.db.InventoryDataDbTest" name="product1_hasNonNegativeQuantity" time="0.002"/>
  <testcase classname="com.eyebeem.tests.db.InventoryDataDbTest" name="product2_hasNonNegativeQuantity" time="0.003"/>
  <testcase classname="com.eyebeem.tests.db.InventoryDataDbTest" name="product2_nameEDog" time="0.003"/>
  <testcase classname="com.eyebeem.tests.db.InventoryDataDbTest" name="product3_nameEHamster" time="0.004"/>
  <testcase classname="com.eyebeem.tests.db.InventoryDataDbTest" name="product1_nameECat" time="0.003"/>
</testsuite> <!-- com.eyebeem.tests.db.InventoryDataDbTest -->
