<?xml version="1.0" encoding="UTF-8"?>
<!-- Generated by org.testng.reporters.JUnitReportReporter -->
<testsuite hostname="Imaads-MacBook-Air.local" failures="0" tests="1" name="com.eyebeem.tests.products.ProductsPageFilterTest" time="0.709" errors="0" timestamp="2026-02-19T11:53:26 IST" skipped="0">
  <testcase classname="com.eyebeem.tests.products.ProductsPageFilterTest" name="productTypeFilterFiltersByType" time="0.709"/>
</testsuite> <!-- com.eyebeem.tests.products.ProductsPageFilterTest -->
