<?xml version="1.0" encoding="UTF-8"?>
<!-- Generated by org.testng.reporters.JUnitReportReporter -->
<testsuite hostname="Imaads-MacBook-Air.local" failures="0" tests="1" name="com.eyebeem.tests.orders.OrdersPageShopProductsLinkTest" time="0.815" errors="0" timestamp="2026-02-20T10:16:53 IST" skipped="0">
  <testcase classname="com.eyebeem.tests.orders.OrdersPageShopProductsLinkTest" name="shopProductsLinkNavigatesToProducts" time="0.815"/>
</testsuite> <!-- com.eyebeem.tests.orders.OrdersPageShopProductsLinkTest -->
