<?xml version="1.0" encoding="UTF-8"?>
<!-- Generated by org.testng.reporters.JUnitReportReporter -->
<testsuite hostname="Imaads-MacBook-Air.local" failures="0" tests="5" name="com.eyebeem.tests.db.CartDbTest" time="0.022" errors="0" timestamp="2026-02-20T09:55:41 IST" skipped="0">
  <testcase classname="com.eyebeem.tests.db.CartDbTest" name="getCartCount_ReturnsNonNegative" time="0.003"/>
  <testcase classname="com.eyebeem.tests.db.CartDbTest" name="cartItemCount_NotGreaterThanCartCountTimesProducts" time="0.008"/>
  <testcase classname="com.eyebeem.tests.db.CartDbTest" name="cartItemsTableExists" time="0.004"/>
  <testcase classname="com.eyebeem.tests.db.CartDbTest" name="cartTableExists" time="0.004"/>
  <testcase classname="com.eyebeem.tests.db.CartDbTest" name="getCartItemCount_ReturnsNonNegative" time="0.003"/>
</testsuite> <!-- com.eyebeem.tests.db.CartDbTest -->
