<?xml version="1.0" encoding="UTF-8"?>
<!-- Generated by org.testng.reporters.JUnitReportReporter -->
<testsuite hostname="Imaads-MacBook-Air.local" failures="0" tests="10" name="com.eyebeem.tests.db.OrdersDataDbTest" time="0.030" errors="0" timestamp="2026-02-20T10:11:51 IST" skipped="0">
  <testcase classname="com.eyebeem.tests.db.OrdersDataDbTest" name="order4_user5_total49_99" time="0.003"/>
  <testcase classname="com.eyebeem.tests.db.OrdersDataDbTest" name="order2_user3_total129_99" time="0.003"/>
  <testcase classname="com.eyebeem.tests.db.OrdersDataDbTest" name="order1_user1_total99_99" time="0.003"/>
  <testcase classname="com.eyebeem.tests.db.OrdersDataDbTest" name="user5_hasOneOrder" time="0.003"/>
  <testcase classname="com.eyebeem.tests.db.OrdersDataDbTest" name="user4_hasOneOrder" time="0.003"/>
  <testcase classname="com.eyebeem.tests.db.OrdersDataDbTest" name="user2_hasNoOrders" time="0.002"/>
  <testcase classname="com.eyebeem.tests.db.OrdersDataDbTest" name="order3_user4_total399_96" time="0.005"/>
  <testcase classname="com.eyebeem.tests.db.OrdersDataDbTest" name="user3_hasOneOrder" time="0.002"/>
  <testcase classname="com.eyebeem.tests.db.OrdersDataDbTest" name="user1_hasOneOrder" time="0.003"/>
  <testcase classname="com.eyebeem.tests.db.OrdersDataDbTest" name="orderCount_atLeast4" time="0.003"/>
</testsuite> <!-- com.eyebeem.tests.db.OrdersDataDbTest -->
