<?xml version="1.0" encoding="UTF-8"?>
<!-- Generated by org.testng.reporters.JUnitReportReporter -->
<testsuite hostname="Imaads-MacBook-Air.local" failures="0" tests="8" name="com.eyebeem.tests.api.UsersApiTest" time="0.033" errors="0" timestamp="2026-02-20T10:11:51 IST" skipped="0">
  <testcase classname="com.eyebeem.tests.api.UsersApiTest" name="getUser_hasOrderHistory" time="0.004"/>
  <testcase classname="com.eyebeem.tests.api.UsersApiTest" name="getUser5_returnsPetlover" time="0.004"/>
  <testcase classname="com.eyebeem.tests.api.UsersApiTest" name="getUser1_returnsTestUser" time="0.004"/>
  <testcase classname="com.eyebeem.tests.api.UsersApiTest" name="getUser2_returnsJaneDoe" time="0.003"/>
  <testcase classname="com.eyebeem.tests.api.UsersApiTest" name="getUser1_orderHistoryHasOneOrder" time="0.007"/>
  <testcase classname="com.eyebeem.tests.api.UsersApiTest" name="getUser2_orderHistoryEmpty" time="0.004"/>
  <testcase classname="com.eyebeem.tests.api.UsersApiTest" name="getUser3_returnsImaad" time="0.004"/>
  <testcase classname="com.eyebeem.tests.api.UsersApiTest" name="getUser4_returnsAryan" time="0.003"/>
</testsuite> <!-- com.eyebeem.tests.api.UsersApiTest -->
