<?xml version="1.0" encoding="UTF-8"?>
<!-- Generated by org.testng.reporters.JUnitReportReporter -->
<testsuite hostname="Imaads-MacBook-Air.local" failures="0" tests="1" name="com.eyebeem.tests.checkout.CheckoutPageOrderTest" time="1.601" errors="0" timestamp="2026-02-20T10:11:51 IST" skipped="0">
  <testcase classname="com.eyebeem.tests.checkout.CheckoutPageOrderTest" name="checkoutCompletesOrderSuccessfully" time="1.601"/>
</testsuite> <!-- com.eyebeem.tests.checkout.CheckoutPageOrderTest -->
