<?xml version="1.0" encoding="UTF-8"?>
<!-- Generated by org.testng.reporters.JUnitReportReporter -->
<testsuite hostname="Imaads-MacBook-Air.local" failures="0" tests="1" name="com.eyebeem.tests.checkout.CheckoutPageBackToCartTest" time="1.384" errors="0" timestamp="2026-02-19T11:53:26 IST" skipped="0">
  <testcase classname="com.eyebeem.tests.checkout.CheckoutPageBackToCartTest" name="backToCartLinkNavigatesToCart" time="1.384"/>
</testsuite> <!-- com.eyebeem.tests.checkout.CheckoutPageBackToCartTest -->
