<?xml version="1.0" encoding="UTF-8"?>
<!-- Generated by org.testng.reporters.JUnitReportReporter -->
<testsuite hostname="Imaads-MacBook-Air.local" failures="0" tests="1" name="com.eyebeem.tests.home.HomePageProductsGridTest" time="0.676" errors="0" timestamp="2026-02-19T10:09:22 IST" skipped="0">
  <testcase classname="com.eyebeem.tests.home.HomePageProductsGridTest" name="homePageShowsProductCardsWithAddToCart" time="0.676"/>
</testsuite> <!-- com.eyebeem.tests.home.HomePageProductsGridTest -->
