<?xml version="1.0" encoding="UTF-8"?>
<!-- Generated by org.testng.reporters.JUnitReportReporter -->
<testsuite hostname="Imaads-MacBook-Air.local" failures="0" tests="8" name="com.eyebeem.tests.db.UsersDbTest" time="0.022" errors="0" timestamp="2026-02-20T10:11:51 IST" skipped="0">
  <testcase classname="com.eyebeem.tests.db.UsersDbTest" name="usersTableExists" time="0.004"/>
  <testcase classname="com.eyebeem.tests.db.UsersDbTest" name="user2_exists_withEmail" time="0.002"/>
  <testcase classname="com.eyebeem.tests.db.UsersDbTest" name="user1_exists_withEmail" time="0.003"/>
  <testcase classname="com.eyebeem.tests.db.UsersDbTest" name="user3_exists_withEmail" time="0.003"/>
  <testcase classname="com.eyebeem.tests.db.UsersDbTest" name="user4_exists_withEmail" time="0.002"/>
  <testcase classname="com.eyebeem.tests.db.UsersDbTest" name="nonExistentUser_returnsNull" time="0.003"/>
  <testcase classname="com.eyebeem.tests.db.UsersDbTest" name="userCount_atLeast5" time="0.002"/>
  <testcase classname="com.eyebeem.tests.db.UsersDbTest" name="user5_exists_withEmail" time="0.003"/>
</testsuite> <!-- com.eyebeem.tests.db.UsersDbTest -->
