<?xml version="1.0" encoding="UTF-8"?>
<!-- Generated by org.testng.reporters.JUnitReportReporter -->
<testsuite hostname="Imaads-MacBook-Air.local" failures="0" tests="1" name="com.eyebeem.tests.navigation.NavigationCartLinkTest" time="0.699" errors="0" timestamp="2026-02-20T10:11:51 IST" skipped="0">
  <testcase classname="com.eyebeem.tests.navigation.NavigationCartLinkTest" name="cartLinkNavigatesToCartPage" time="0.699"/>
</testsuite> <!-- com.eyebeem.tests.navigation.NavigationCartLinkTest -->
