<?xml version="1.0" encoding="UTF-8"?>
<!-- Generated by org.testng.reporters.JUnitReportReporter -->
<testsuite hostname="Imaads-MacBook-Air.local" failures="0" tests="10" name="com.eyebeem.tests.db.InventoryDbTest" time="0.030" errors="0" timestamp="2026-02-20T10:11:51 IST" skipped="0">
  <testcase classname="com.eyebeem.tests.db.InventoryDbTest" name="product2_EDogExists" time="0.003"/>
  <testcase classname="com.eyebeem.tests.db.InventoryDbTest" name="inventoryTableExists" time="0.004"/>
  <testcase classname="com.eyebeem.tests.db.InventoryDbTest" name="product3_EHamsterExists" time="0.003"/>
  <testcase classname="com.eyebeem.tests.db.InventoryDbTest" name="product1_HasCorrectPrice" time="0.003"/>
  <testcase classname="com.eyebeem.tests.db.InventoryDbTest" name="product2_HasCorrectPrice" time="0.002"/>
  <testcase classname="com.eyebeem.tests.db.InventoryDbTest" name="product3_HasCorrectPrice" time="0.003"/>
  <testcase classname="com.eyebeem.tests.db.InventoryDbTest" name="getAllInventory_ReturnsOrderedByProductId" time="0.003"/>
  <testcase classname="com.eyebeem.tests.db.InventoryDbTest" name="product1_ECatExists" time="0.004"/>
  <testcase classname="com.eyebeem.tests.db.InventoryDbTest" name="inventoryHasAtLeastThreeProducts" time="0.002"/>
  <testcase classname="com.eyebeem.tests.db.InventoryDbTest" name="product1_HasQuantity" time="0.003"/>
</testsuite> <!-- com.eyebeem.tests.db.InventoryDbTest -->
