<?xml version="1.0" encoding="UTF-8"?>
<!-- Generated by org.testng.reporters.JUnitReportReporter -->
<testsuite hostname="Imaads-MacBook-Air.local" failures="0" tests="6" name="com.eyebeem.tests.db.OrderItemsDbTest" time="0.022" errors="0" timestamp="2026-02-20T10:16:53 IST" skipped="0">
  <testcase classname="com.eyebeem.tests.db.OrderItemsDbTest" name="order1_unitPrice99_99" time="0.003"/>
  <testcase classname="com.eyebeem.tests.db.OrderItemsDbTest" name="orderItems_productIdsReferInventory" time="0.009"/>
  <testcase classname="com.eyebeem.tests.db.OrderItemsDbTest" name="order2_hasOneItem_eDog" time="0.002"/>
  <testcase classname="com.eyebeem.tests.db.OrderItemsDbTest" name="order3_hasOneItem_4xECat" time="0.003"/>
  <testcase classname="com.eyebeem.tests.db.OrderItemsDbTest" name="order4_hasOneItem_eHamster" time="0.002"/>
  <testcase classname="com.eyebeem.tests.db.OrderItemsDbTest" name="order1_hasOneItem_eCat" time="0.003"/>
</testsuite> <!-- com.eyebeem.tests.db.OrderItemsDbTest -->
