<?xml version="1.0" encoding="UTF-8"?>
<!-- Generated by org.testng.reporters.JUnitReportReporter -->
<testsuite hostname="Imaads-MacBook-Air.local" failures="0" tests="6" name="com.eyebeem.tests.db.OrdersDbTest" time="0.134" errors="0" timestamp="2026-02-20T10:11:51 IST" skipped="0">
  <testcase classname="com.eyebeem.tests.db.OrdersDbTest" name="orderItems_ReferValidProductIds" time="0.003"/>
  <testcase classname="com.eyebeem.tests.db.OrdersDbTest" name="getOrderItems_NonExistentOrderReturnsEmpty" time="0.009"/>
  <testcase classname="com.eyebeem.tests.db.OrdersDbTest" name="getOrderRow_NonExistentReturnsNull" time="0.005"/>
  <testcase classname="com.eyebeem.tests.db.OrdersDbTest" name="getOrderCount_ReturnsNonNegative" time="0.103"/>
  <testcase classname="com.eyebeem.tests.db.OrdersDbTest" name="orderItemsTableExists" time="0.010"/>
  <testcase classname="com.eyebeem.tests.db.OrdersDbTest" name="ordersTableExists" time="0.004"/>
</testsuite> <!-- com.eyebeem.tests.db.OrdersDbTest -->
