<?xml version="1.0" encoding="UTF-8"?>
<!-- Generated by org.testng.reporters.JUnitReportReporter -->
<testsuite hostname="Imaads-MacBook-Air.local" failures="0" tests="6" name="com.eyebeem.tests.api.AuthApiTest" time="0.083" errors="0" timestamp="2026-02-20T10:16:53 IST" skipped="0">
  <testcase classname="com.eyebeem.tests.api.AuthApiTest" name="login_user1_TestUser" time="0.007"/>
  <testcase classname="com.eyebeem.tests.api.AuthApiTest" name="loginAsEachUser_fromTestData" time="0.053"/>
  <testcase classname="com.eyebeem.tests.api.AuthApiTest" name="login_user2_JaneDoe" time="0.004"/>
  <testcase classname="com.eyebeem.tests.api.AuthApiTest" name="login_user3_imaad" time="0.009"/>
  <testcase classname="com.eyebeem.tests.api.AuthApiTest" name="login_user4_aryan" time="0.005"/>
  <testcase classname="com.eyebeem.tests.api.AuthApiTest" name="login_user5_petlover" time="0.005"/>
</testsuite> <!-- com.eyebeem.tests.api.AuthApiTest -->
