<?xml version="1.0" encoding="UTF-8"?>
<!-- Generated by org.testng.reporters.JUnitReportReporter -->
<testsuite hostname="Imaads-MacBook-Air.local" failures="0" tests="1" name="com.eyebeem.tests.products.ProductsPageFilterDropdownTest" time="0.650" errors="0" timestamp="2026-02-19T10:05:48 IST" skipped="0">
  <testcase classname="com.eyebeem.tests.products.ProductsPageFilterDropdownTest" name="productsPageHasTypeFilterDropdown" time="0.650"/>
</testsuite> <!-- com.eyebeem.tests.products.ProductsPageFilterDropdownTest -->
