<?xml version="1.0" encoding="UTF-8"?>
<!-- Generated by org.testng.reporters.JUnitReportReporter -->
<testsuite hostname="Imaads-MacBook-Air.local" failures="0" tests="4" name="com.eyebeem.tests.api.CartApiTest" time="0.062" errors="0" timestamp="2026-02-20T10:16:53 IST" skipped="0">
  <testcase classname="com.eyebeem.tests.api.CartApiTest" name="getCart_user1_returns200" time="0.003"/>
  <testcase classname="com.eyebeem.tests.api.CartApiTest" name="getCart_returnsJsonObject" time="0.004"/>
  <testcase classname="com.eyebeem.tests.api.CartApiTest" name="addToCart_thenGetCart_containsItem" time="0.038"/>
  <testcase classname="com.eyebeem.tests.api.CartApiTest" name="getCart_eachUserReturns200" time="0.017"/>
</testsuite> <!-- com.eyebeem.tests.api.CartApiTest -->
