<?xml version="1.0" encoding="UTF-8"?>
<!-- Generated by org.testng.reporters.JUnitReportReporter -->
<testsuite hostname="Imaads-MacBook-Air.local" failures="0" tests="6" name="com.eyebeem.tests.db.SchemaDbTest" time="0.136" errors="0" timestamp="2026-02-20T09:55:41 IST" skipped="0">
  <testcase classname="com.eyebeem.tests.db.SchemaDbTest" name="ordersTableExists" time="0.004"/>
  <testcase classname="com.eyebeem.tests.db.SchemaDbTest" name="usersTableExists" time="0.004"/>
  <testcase classname="com.eyebeem.tests.db.SchemaDbTest" name="inventoryTableExists" time="0.005"/>
  <testcase classname="com.eyebeem.tests.db.SchemaDbTest" name="cartItemsTableExists" time="0.111"/>
  <testcase classname="com.eyebeem.tests.db.SchemaDbTest" name="orderItemsTableExists" time="0.005"/>
  <testcase classname="com.eyebeem.tests.db.SchemaDbTest" name="cartTableExists" time="0.007"/>
</testsuite> <!-- com.eyebeem.tests.db.SchemaDbTest -->
