<?xml version="1.0" encoding="UTF-8"?>
<!-- Generated by org.testng.reporters.JUnitReportReporter -->
<testsuite hostname="Imaads-MacBook-Air.local" failures="0" tests="1" name="com.eyebeem.tests.images.ProductImagesHomePageTest" time="0.661" errors="0" timestamp="2026-02-19T11:49:05 IST" skipped="0">
  <testcase classname="com.eyebeem.tests.images.ProductImagesHomePageTest" name="homePageDisplaysProductImages" time="0.661"/>
</testsuite> <!-- com.eyebeem.tests.images.ProductImagesHomePageTest -->
