<?xml version="1.0" encoding="UTF-8"?>
<!-- Generated by org.testng.reporters.JUnitReportReporter -->
<testsuite hostname="Imaads-MacBook-Air.local" failures="0" tests="10" name="com.eyebeem.tests.api.ProductsApiTest" time="0.057" errors="0" timestamp="2026-02-20T10:16:53 IST" skipped="0">
  <testcase classname="com.eyebeem.tests.api.ProductsApiTest" name="getProduct2_returnsEDog" time="0.003"/>
  <testcase classname="com.eyebeem.tests.api.ProductsApiTest" name="getProduct2_price129_99" time="0.003"/>
  <testcase classname="com.eyebeem.tests.api.ProductsApiTest" name="getProducts_hasEDog" time="0.004"/>
  <testcase classname="com.eyebeem.tests.api.ProductsApiTest" name="getProduct1_price99_99" time="0.005"/>
  <testcase classname="com.eyebeem.tests.api.ProductsApiTest" name="getProduct3_price49_99" time="0.003"/>
  <testcase classname="com.eyebeem.tests.api.ProductsApiTest" name="getProducts_returnsThree" time="0.003"/>
  <testcase classname="com.eyebeem.tests.api.ProductsApiTest" name="getProduct1_returnsECat" time="0.005"/>
  <testcase classname="com.eyebeem.tests.api.ProductsApiTest" name="getProduct3_returnsEHamster" time="0.005"/>
  <testcase classname="com.eyebeem.tests.api.ProductsApiTest" name="getProducts_hasEHamster" time="0.004"/>
  <testcase classname="com.eyebeem.tests.api.ProductsApiTest" name="getProducts_hasECat" time="0.022"/>
</testsuite> <!-- com.eyebeem.tests.api.ProductsApiTest -->
