<!DOCTYPE html PUBLIC "-//W3C//DTD XHTML 1.1//EN" "https://www.w3.org/TR/xhtml11/DTD/xhtml11.dtd">
<html xmlns="https://www.w3.org/1999/xhtml">
<head>
<meta http-equiv="content-type" content="text/html; charset=UTF-8"/>
<title>TestNG Report</title>
<style type="text/css">table {margin-bottom:10px;border-collapse:collapse;empty-cells:show}th,td {border:1px solid #009;padding:.25em .5em}th {vertical-align:bottom}td {vertical-align:top}table a {font-weight:bold}.stripe td {background-color: #E6EBF9}.num {text-align:right}.passedodd td {background-color: #3F3}.passedeven td {background-color: #0A0}.skippedodd td {background-color: #DDD}.skippedeven td {background-color: #CCC}.failedodd td,.attn {background-color: #F33}.failedeven td,.stripe .attn {background-color: #D00}.stacktrace {white-space:pre;font-family:monospace}.totop {font-size:85%;text-align:center;border-bottom:2px solid #000}.invisible {display:none}</style>
</head>
<body>
<table>
<tr><th>Test</th><th># Passed</th><th># Skipped</th><th># Retried</th><th># Failed</th><th>Time (ms)</th><th>Included Groups</th><th>Excluded Groups</th></tr>
<tr><th colspan="8">EYE BEE M Pets UI Suite</th></tr>
<tr><td><a href="#t0">Home Page Tests</a></td><td class="num">4</td><td class="num">0</td><td class="num">0</td><td class="num">0</td><td class="num">9,104</td><td></td><td></td></tr>
<tr class="stripe"><td><a href="#t1">Login Page Tests</a></td><td class="num">4</td><td class="num">0</td><td class="num">0</td><td class="num">0</td><td class="num">7,821</td><td></td><td></td></tr>
<tr><td><a href="#t2">Products Page Tests</a></td><td class="num">3</td><td class="num">0</td><td class="num">0</td><td class="num attn">1</td><td class="num">7,686</td><td></td><td></td></tr>
<tr class="stripe"><td><a href="#t3">Cart Page Tests</a></td><td class="num">1</td><td class="num">0</td><td class="num">0</td><td class="num attn">3</td><td class="num">9,506</td><td></td><td></td></tr>
<tr><td><a href="#t4">Checkout Page Tests</a></td><td class="num">0</td><td class="num">0</td><td class="num">0</td><td class="num attn">3</td><td class="num">21,040</td><td></td><td></td></tr>
<tr class="stripe"><td><a href="#t5">Orders Page Tests</a></td><td class="num">1</td><td class="num">0</td><td class="num">0</td><td class="num attn">2</td><td class="num">16,026</td><td></td><td></td></tr>
<tr><th>Total</th><th class="num">13</th><th class="num">0</th><th class="num">0</th><th class="num attn">9</th><th class="num">71,183</th><th colspan="2"></th></tr>
</table>
<table id='summary'><thead><tr><th>Class</th><th>Method</th><th>Start</th><th>Time (ms)</th></tr></thead><tbody><tr><th colspan="4">EYE BEE M Pets UI Suite</th></tr></tbody><tbody id="t0"><tr><th colspan="4">Home Page Tests &#8212; passed</th></tr><tr class="passedeven"><td rowspan="1">com.eyebeem.tests.home.HomePageFooterTest</td><td><a href="#m0">footerDisplaysCopyrightText</a></td><td rowspan="1">1771431520399</td><td rowspan="1">661</td></tr><tr class="passedodd"><td rowspan="1">com.eyebeem.tests.home.HomePageHeroTest</td><td><a href="#m1">heroSectionDisplaysHeadingAndTagline</a></td><td rowspan="1">1771431516679</td><td rowspan="1">670</td></tr><tr class="passedeven"><td rowspan="1">com.eyebeem.tests.home.HomePageNavbarTest</td><td><a href="#m2">navbarContainsAllNavigationLinks</a></td><td rowspan="1">1771431518445</td><td rowspan="1">736</td></tr><tr class="passedodd"><td rowspan="1">com.eyebeem.tests.home.HomePageTitleTest</td><td><a href="#m3">homePageTitleContainsAppName</a></td><td rowspan="1">1771431515162</td><td rowspan="1">230</td></tr></tbody>
<tbody id="t1"><tr><th colspan="4">Login Page Tests &#8212; passed</th></tr><tr class="passedeven"><td rowspan="1">com.eyebeem.tests.login.LoginPageFormTest</td><td><a href="#m4">loginFormDisplaysNameAndEmailFields</a></td><td rowspan="1">1771431522311</td><td rowspan="1">735</td></tr><tr class="passedodd"><td rowspan="1">com.eyebeem.tests.login.LoginPageLogoutTest</td><td><a href="#m5">logoutButtonReturnsToLoginForm</a></td><td rowspan="1">1771431526130</td><td rowspan="1">935</td></tr><tr class="passedeven"><td rowspan="1">com.eyebeem.tests.login.LoginPageNavigationTest</td><td><a href="#m6">loginPageUrlAndTitleAreCorrect</a></td><td rowspan="1">1771431528246</td><td rowspan="1">658</td></tr><tr class="passedodd"><td rowspan="1">com.eyebeem.tests.login.LoginPageSubmitTest</td><td><a href="#m7">loginFormAcceptsValidCredentials</a></td><td rowspan="1">1771431523984</td><td rowspan="1">1054</td></tr></tbody>
<tbody id="t2"><tr><th colspan="4">Products Page Tests &#8212; failed</th></tr><tr class="failedeven"><td rowspan="1">com.eyebeem.tests.products.ProductsPageSearchTest</td><td><a href="#m8">productSearchFiltersResults</a></td><td rowspan="1">1771431532001</td><td rowspan="1">785</td></tr><tr><th colspan="4">Products Page Tests &#8212; passed</th></tr><tr class="passedeven"><td rowspan="1">com.eyebeem.tests.products.ProductsPageAddToCartTest</td><td><a href="#m9">addToCartButtonAddsProductToCart</a></td><td rowspan="1">1771431535880</td><td rowspan="1">724</td></tr><tr class="passedodd"><td rowspan="1">com.eyebeem.tests.products.ProductsPageDisplayTest</td><td><a href="#m10">productsPageDisplaysAllProducts</a></td><td rowspan="1">1771431530097</td><td rowspan="1">717</td></tr><tr class="passedeven"><td rowspan="1">com.eyebeem.tests.products.ProductsPageFilterTest</td><td><a href="#m11">productTypeFilterFiltersByType</a></td><td rowspan="1">1771431533973</td><td rowspan="1">739</td></tr></tbody>
<tbody id="t3"><tr><th colspan="4">Cart Page Tests &#8212; failed</th></tr><tr class="failedeven"><td rowspan="1">com.eyebeem.tests.cart.CartPageCheckoutTest</td><td><a href="#m12">checkoutButtonNavigatesToCheckoutPage</a></td><td rowspan="1">1771431544814</td><td rowspan="1">1292</td></tr><tr class="failedodd"><td rowspan="1">com.eyebeem.tests.cart.CartPageItemsTest</td><td><a href="#m13">cartPageDisplaysItemsWhenCartHasProducts</a></td><td rowspan="1">1771431539630</td><td rowspan="1">1625</td></tr><tr class="failedeven"><td rowspan="1">com.eyebeem.tests.cart.CartPageTotalTest</td><td><a href="#m14">cartPageDisplaysCorrectTotal</a></td><td rowspan="1">1771431542348</td><td rowspan="1">1284</td></tr><tr><th colspan="4">Cart Page Tests &#8212; passed</th></tr><tr class="passedeven"><td rowspan="1">com.eyebeem.tests.cart.CartPageEmptyTest</td><td><a href="#m15">cartPageShowsEmptyMessageWhenCartIsEmpty</a></td><td rowspan="1">1771431537780</td><td rowspan="1">684</td></tr></tbody>
<tbody id="t4"><tr><th colspan="4">Checkout Page Tests &#8212; failed</th></tr><tr class="failedeven"><td rowspan="1">com.eyebeem.tests.checkout.CheckoutPageAddressTest</td><td><a href="#m16">checkoutPageAddressFormAcceptsValidInput</a></td><td rowspan="1">1771431547301</td><td rowspan="1">5920</td></tr><tr class="failedodd"><td rowspan="1">com.eyebeem.tests.checkout.CheckoutPageOrderTest</td><td><a href="#m17">checkoutCompletesOrderSuccessfully</a></td><td rowspan="1">1771431561229</td><td rowspan="1">5931</td></tr><tr class="failedeven"><td rowspan="1">com.eyebeem.tests.checkout.CheckoutPagePaymentTest</td><td><a href="#m18">checkoutPaymentStepDisplaysPaymentOptions</a></td><td rowspan="1">1771431554094</td><td rowspan="1">5925</td></tr></tbody>
<tbody id="t5"><tr><th colspan="4">Orders Page Tests &#8212; failed</th></tr><tr class="failedeven"><td rowspan="1">com.eyebeem.tests.orders.OrdersPageDetailsTest</td><td><a href="#m19">ordersPageDisplaysOrderDetailsCorrectly</a></td><td rowspan="1">1771431577245</td><td rowspan="1">5938</td></tr><tr class="failedodd"><td rowspan="1">com.eyebeem.tests.orders.OrdersPageListTest</td><td><a href="#m20">ordersPageDisplaysOrderListAfterOrderIsPlaced</a></td><td rowspan="1">1771431570145</td><td rowspan="1">5925</td></tr><tr><th colspan="4">Orders Page Tests &#8212; passed</th></tr><tr class="passedeven"><td rowspan="1">com.eyebeem.tests.orders.OrdersPageEmptyTest</td><td><a href="#m21">ordersPageShowsEmptyMessageWhenNoOrders</a></td><td rowspan="1">1771431568257</td><td rowspan="1">661</td></tr></tbody>
</table>
<h2>Home Page Tests</h2><h3 id="m0">com.eyebeem.tests.home.HomePageFooterTest#footerDisplaysCopyrightText</h3><table class="result"><tr><th class="invisible"/></tr></table><p class="totop"><a href="#summary">back to summary</a></p>
<h3 id="m1">com.eyebeem.tests.home.HomePageHeroTest#heroSectionDisplaysHeadingAndTagline</h3><table class="result"><tr><th class="invisible"/></tr></table><p class="totop"><a href="#summary">back to summary</a></p>
<h3 id="m2">com.eyebeem.tests.home.HomePageNavbarTest#navbarContainsAllNavigationLinks</h3><table class="result"><tr><th class="invisible"/></tr></table><p class="totop"><a href="#summary">back to summary</a></p>
<h3 id="m3">com.eyebeem.tests.home.HomePageTitleTest#homePageTitleContainsAppName</h3><table class="result"><tr><th class="invisible"/></tr></table><p class="totop"><a href="#summary">back to summary</a></p>
<h2>Login Page Tests</h2><h3 id="m4">com.eyebeem.tests.login.LoginPageFormTest#loginFormDisplaysNameAndEmailFields</h3><table class="result"><tr><th class="invisible"/></tr></table><p class="totop"><a href="#summary">back to summary</a></p>
<h3 id="m5">com.eyebeem.tests.login.LoginPageLogoutTest#logoutButtonReturnsToLoginForm</h3><table class="result"><tr><th class="invisible"/></tr></table><p class="totop"><a href="#summary">back to summary</a></p>
<h3 id="m6">com.eyebeem.tests.login.LoginPageNavigationTest#loginPageUrlAndTitleAreCorrect</h3><table class="result"><tr><th class="invisible"/></tr></table><p class="totop"><a href="#summary">back to summary</a></p>
<h3 id="m7">com.eyebeem.tests.login.LoginPageSubmitTest#loginFormAcceptsValidCredentials</h3><table class="result"><tr><th class="invisible"/></tr></table><p class="totop"><a href="#summary">back to summary</a></p>
<h2>Products Page Tests</h2><h3 id="m8">com.eyebeem.tests.products.ProductsPageSearchTest#productSearchFiltersResults</h3><table class="result"><tr><th>Exception</th></tr><tr><td><div class="stacktrace">java.lang.AssertionError: Should find at least one product matching &apos;e-CAT&apos; expected [true] but found [false]
	at com.eyebeem.tests.products.ProductsPageSearchTest.productSearchFiltersResults(ProductsPageSearchTest.java:53)
	at java.base/java.util.ArrayList.forEach(ArrayList.java:1604)
... Removed 32 stack frames</div></td></tr></table><p class="totop"><a href="#summary">back to summary</a></p>
<h3 id="m9">com.eyebeem.tests.products.ProductsPageAddToCartTest#addToCartButtonAddsProductToCart</h3><table class="result"><tr><th class="invisible"/></tr></table><p class="totop"><a href="#summary">back to summary</a></p>
<h3 id="m10">com.eyebeem.tests.products.ProductsPageDisplayTest#productsPageDisplaysAllProducts</h3><table class="result"><tr><th class="invisible"/></tr></table><p class="totop"><a href="#summary">back to summary</a></p>
<h3 id="m11">com.eyebeem.tests.products.ProductsPageFilterTest#productTypeFilterFiltersByType</h3><table class="result"><tr><th class="invisible"/></tr></table><p class="totop"><a href="#summary">back to summary</a></p>
<h2>Cart Page Tests</h2><h3 id="m12">com.eyebeem.tests.cart.CartPageCheckoutTest#checkoutButtonNavigatesToCheckoutPage</h3><table class="result"><tr><th>Exception</th></tr><tr><td><div class="stacktrace">java.lang.AssertionError: Should find GO TO CHECKOUT button expected object to not be null
	at com.eyebeem.tests.cart.CartPageCheckoutTest.checkoutButtonNavigatesToCheckoutPage(CartPageCheckoutTest.java:48)
	at java.base/java.util.ArrayList.forEach(ArrayList.java:1604)
... Removed 31 stack frames</div></td></tr></table><p class="totop"><a href="#summary">back to summary</a></p>
<h3 id="m13">com.eyebeem.tests.cart.CartPageItemsTest#cartPageDisplaysItemsWhenCartHasProducts</h3><table class="result"><tr><th>Exception</th></tr><tr><td><div class="stacktrace">java.lang.AssertionError: Cart should display at least one item expected [true] but found [false]
	at com.eyebeem.tests.cart.CartPageItemsTest.cartPageDisplaysItemsWhenCartHasProducts(CartPageItemsTest.java:46)
	at java.base/java.util.ArrayList.forEach(ArrayList.java:1604)
... Removed 32 stack frames</div></td></tr></table><p class="totop"><a href="#summary">back to summary</a></p>
<h3 id="m14">com.eyebeem.tests.cart.CartPageTotalTest#cartPageDisplaysCorrectTotal</h3><table class="result"><tr><th>Exception</th></tr><tr><td><div class="stacktrace">java.lang.AssertionError: Cart should display TOTAL section expected [true] but found [false]
	at com.eyebeem.tests.cart.CartPageTotalTest.cartPageDisplaysCorrectTotal(CartPageTotalTest.java:50)
	at java.base/java.util.ArrayList.forEach(ArrayList.java:1604)
... Removed 32 stack frames</div></td></tr></table><p class="totop"><a href="#summary">back to summary</a></p>
<h3 id="m15">com.eyebeem.tests.cart.CartPageEmptyTest#cartPageShowsEmptyMessageWhenCartIsEmpty</h3><table class="result"><tr><th class="invisible"/></tr></table><p class="totop"><a href="#summary">back to summary</a></p>
<h2>Checkout Page Tests</h2><h3 id="m16">com.eyebeem.tests.checkout.CheckoutPageAddressTest#checkoutPageAddressFormAcceptsValidInput</h3><table class="result"><tr><th>Exception</th></tr><tr><td><div class="stacktrace">org.openqa.selenium.TimeoutException: Expected condition failed: waiting for presence of element found by By.id: checkout-street
(tried for 5 seconds with 500 milliseconds interval)
Build info: version: &apos;4.40.0&apos;, revision: &apos;b3333f1&apos;
System info: os.name: &apos;Mac OS X&apos;, os.arch: &apos;aarch64&apos;, os.version: &apos;26.2&apos;, java.version: &apos;24.0.2&apos;
Driver info: org.openqa.selenium.chrome.ChromeDriver
Capabilities {acceptInsecureCerts: false, browserName: chrome, browserVersion: 143.0.7499.193, chrome: {chromedriverVersion: 143.0.7499.192 (be2c1f4fd45..., userDataDir: /var/folders/0n/zxt49fd54g9...}, fedcm:accounts: true, goog:chromeOptions: {debuggerAddress: localhost:60385}, goog:processID: 49006, networkConnectionEnabled: false, pageLoadStrategy: normal, platformName: mac, proxy: Proxy(), se:cdp: ws://localhost:60385/devtoo..., se:cdpVersion: 143.0.7499.193, setWindowRect: true, strictFileInteractability: false, timeouts: {implicit: 0, pageLoad: 300000, script: 30000}, unhandledPromptBehavior: dismiss and notify, webauthn:extension:credBlob: true, webauthn:extension:largeBlob: true, webauthn:extension:minPinLength: true, webauthn:extension:prf: true, webauthn:virtualAuthenticators: true}
Session ID: 07686dc62445e6caa8ff3d58729b71d6
	at org.openqa.selenium.support.ui.WebDriverWait.timeoutException(WebDriverWait.java:84)
	at org.openqa.selenium.support.ui.FluentWait.until(FluentWait.java:231)
	at com.eyebeem.tests.checkout.CheckoutPageAddressTest.checkoutPageAddressFormAcceptsValidInput(CheckoutPageAddressTest.java:36)
	at java.base/java.util.ArrayList.forEach(ArrayList.java:1604)
... Removed 29 stack frames</div></td></tr></table><p class="totop"><a href="#summary">back to summary</a></p>
<h3 id="m17">com.eyebeem.tests.checkout.CheckoutPageOrderTest#checkoutCompletesOrderSuccessfully</h3><table class="result"><tr><th>Exception</th></tr><tr><td><div class="stacktrace">org.openqa.selenium.TimeoutException: Expected condition failed: waiting for presence of element found by By.id: checkout-street
(tried for 5 seconds with 500 milliseconds interval)
Build info: version: &apos;4.40.0&apos;, revision: &apos;b3333f1&apos;
System info: os.name: &apos;Mac OS X&apos;, os.arch: &apos;aarch64&apos;, os.version: &apos;26.2&apos;, java.version: &apos;24.0.2&apos;
Driver info: org.openqa.selenium.chrome.ChromeDriver
Capabilities {acceptInsecureCerts: false, browserName: chrome, browserVersion: 143.0.7499.193, chrome: {chromedriverVersion: 143.0.7499.192 (be2c1f4fd45..., userDataDir: /var/folders/0n/zxt49fd54g9...}, fedcm:accounts: true, goog:chromeOptions: {debuggerAddress: localhost:60437}, goog:processID: 49264, networkConnectionEnabled: false, pageLoadStrategy: normal, platformName: mac, proxy: Proxy(), se:cdp: ws://localhost:60437/devtoo..., se:cdpVersion: 143.0.7499.193, setWindowRect: true, strictFileInteractability: false, timeouts: {implicit: 0, pageLoad: 300000, script: 30000}, unhandledPromptBehavior: dismiss and notify, webauthn:extension:credBlob: true, webauthn:extension:largeBlob: true, webauthn:extension:minPinLength: true, webauthn:extension:prf: true, webauthn:virtualAuthenticators: true}
Session ID: 15e6e7b6977984f5f7d640b16af7413a
	at org.openqa.selenium.support.ui.WebDriverWait.timeoutException(WebDriverWait.java:84)
	at org.openqa.selenium.support.ui.FluentWait.until(FluentWait.java:231)
	at com.eyebeem.tests.checkout.CheckoutPageOrderTest.checkoutCompletesOrderSuccessfully(CheckoutPageOrderTest.java:36)
	at java.base/java.util.ArrayList.forEach(ArrayList.java:1604)
... Removed 29 stack frames</div></td></tr></table><p class="totop"><a href="#summary">back to summary</a></p>
<h3 id="m18">com.eyebeem.tests.checkout.CheckoutPagePaymentTest#checkoutPaymentStepDisplaysPaymentOptions</h3><table class="result"><tr><th>Exception</th></tr><tr><td><div class="stacktrace">org.openqa.selenium.TimeoutException: Expected condition failed: waiting for presence of element found by By.id: checkout-street
(tried for 5 seconds with 500 milliseconds interval)
Build info: version: &apos;4.40.0&apos;, revision: &apos;b3333f1&apos;
System info: os.name: &apos;Mac OS X&apos;, os.arch: &apos;aarch64&apos;, os.version: &apos;26.2&apos;, java.version: &apos;24.0.2&apos;
Driver info: org.openqa.selenium.chrome.ChromeDriver
Capabilities {acceptInsecureCerts: false, browserName: chrome, browserVersion: 143.0.7499.193, chrome: {chromedriverVersion: 143.0.7499.192 (be2c1f4fd45..., userDataDir: /var/folders/0n/zxt49fd54g9...}, fedcm:accounts: true, goog:chromeOptions: {debuggerAddress: localhost:60410}, goog:processID: 49144, networkConnectionEnabled: false, pageLoadStrategy: normal, platformName: mac, proxy: Proxy(), se:cdp: ws://localhost:60410/devtoo..., se:cdpVersion: 143.0.7499.193, setWindowRect: true, strictFileInteractability: false, timeouts: {implicit: 0, pageLoad: 300000, script: 30000}, unhandledPromptBehavior: dismiss and notify, webauthn:extension:credBlob: true, webauthn:extension:largeBlob: true, webauthn:extension:minPinLength: true, webauthn:extension:prf: true, webauthn:virtualAuthenticators: true}
Session ID: 85b1e9f70097beaece1a5e76f1ffc572
	at org.openqa.selenium.support.ui.WebDriverWait.timeoutException(WebDriverWait.java:84)
	at org.openqa.selenium.support.ui.FluentWait.until(FluentWait.java:231)
	at com.eyebeem.tests.checkout.CheckoutPagePaymentTest.checkoutPaymentStepDisplaysPaymentOptions(CheckoutPagePaymentTest.java:35)
	at java.base/java.util.ArrayList.forEach(ArrayList.java:1604)
... Removed 29 stack frames</div></td></tr></table><p class="totop"><a href="#summary">back to summary</a></p>
<h2>Orders Page Tests</h2><h3 id="m19">com.eyebeem.tests.orders.OrdersPageDetailsTest#ordersPageDisplaysOrderDetailsCorrectly</h3><table class="result"><tr><th>Exception</th></tr><tr><td><div class="stacktrace">org.openqa.selenium.TimeoutException: Expected condition failed: waiting for presence of element found by By.id: checkout-street
(tried for 5 seconds with 500 milliseconds interval)
Build info: version: &apos;4.40.0&apos;, revision: &apos;b3333f1&apos;
System info: os.name: &apos;Mac OS X&apos;, os.arch: &apos;aarch64&apos;, os.version: &apos;26.2&apos;, java.version: &apos;24.0.2&apos;
Driver info: org.openqa.selenium.chrome.ChromeDriver
Capabilities {acceptInsecureCerts: false, browserName: chrome, browserVersion: 143.0.7499.193, chrome: {chromedriverVersion: 143.0.7499.192 (be2c1f4fd45..., userDataDir: /var/folders/0n/zxt49fd54g9...}, fedcm:accounts: true, goog:chromeOptions: {debuggerAddress: localhost:60513}, goog:processID: 49559, networkConnectionEnabled: false, pageLoadStrategy: normal, platformName: mac, proxy: Proxy(), se:cdp: ws://localhost:60513/devtoo..., se:cdpVersion: 143.0.7499.193, setWindowRect: true, strictFileInteractability: false, timeouts: {implicit: 0, pageLoad: 300000, script: 30000}, unhandledPromptBehavior: dismiss and notify, webauthn:extension:credBlob: true, webauthn:extension:largeBlob: true, webauthn:extension:minPinLength: true, webauthn:extension:prf: true, webauthn:virtualAuthenticators: true}
Session ID: e3cc502c8e753e4b9315bfb964dfb0e0
	at org.openqa.selenium.support.ui.WebDriverWait.timeoutException(WebDriverWait.java:84)
	at org.openqa.selenium.support.ui.FluentWait.until(FluentWait.java:231)
	at com.eyebeem.tests.orders.OrdersPageDetailsTest.ordersPageDisplaysOrderDetailsCorrectly(OrdersPageDetailsTest.java:35)
	at java.base/java.util.ArrayList.forEach(ArrayList.java:1604)
... Removed 29 stack frames</div></td></tr></table><p class="totop"><a href="#summary">back to summary</a></p>
<h3 id="m20">com.eyebeem.tests.orders.OrdersPageListTest#ordersPageDisplaysOrderListAfterOrderIsPlaced</h3><table class="result"><tr><th>Exception</th></tr><tr><td><div class="stacktrace">org.openqa.selenium.TimeoutException: Expected condition failed: waiting for presence of element found by By.id: checkout-street
(tried for 5 seconds with 500 milliseconds interval)
Build info: version: &apos;4.40.0&apos;, revision: &apos;b3333f1&apos;
System info: os.name: &apos;Mac OS X&apos;, os.arch: &apos;aarch64&apos;, os.version: &apos;26.2&apos;, java.version: &apos;24.0.2&apos;
Driver info: org.openqa.selenium.chrome.ChromeDriver
Capabilities {acceptInsecureCerts: false, browserName: chrome, browserVersion: 143.0.7499.193, chrome: {chromedriverVersion: 143.0.7499.192 (be2c1f4fd45..., userDataDir: /var/folders/0n/zxt49fd54g9...}, fedcm:accounts: true, goog:chromeOptions: {debuggerAddress: localhost:60486}, goog:processID: 49433, networkConnectionEnabled: false, pageLoadStrategy: normal, platformName: mac, proxy: Proxy(), se:cdp: ws://localhost:60486/devtoo..., se:cdpVersion: 143.0.7499.193, setWindowRect: true, strictFileInteractability: false, timeouts: {implicit: 0, pageLoad: 300000, script: 30000}, unhandledPromptBehavior: dismiss and notify, webauthn:extension:credBlob: true, webauthn:extension:largeBlob: true, webauthn:extension:minPinLength: true, webauthn:extension:prf: true, webauthn:virtualAuthenticators: true}
Session ID: aa189712f929c07ca9490d977b02625b
	at org.openqa.selenium.support.ui.WebDriverWait.timeoutException(WebDriverWait.java:84)
	at org.openqa.selenium.support.ui.FluentWait.until(FluentWait.java:231)
	at com.eyebeem.tests.orders.OrdersPageListTest.ordersPageDisplaysOrderListAfterOrderIsPlaced(OrdersPageListTest.java:37)
	at java.base/java.util.ArrayList.forEach(ArrayList.java:1604)
... Removed 29 stack frames</div></td></tr></table><p class="totop"><a href="#summary">back to summary</a></p>
<h3 id="m21">com.eyebeem.tests.orders.OrdersPageEmptyTest#ordersPageShowsEmptyMessageWhenNoOrders</h3><table class="result"><tr><th class="invisible"/></tr></table><p class="totop"><a href="#summary">back to summary</a></p>
</body>
</html>
