<?xml version="1.0" encoding="UTF-8"?>
<testng-results ignored="0" total="39" passed="39" failed="0" skipped="0">
  <reporter-output>
  </reporter-output>
  <suite started-at="2026-02-22T14:10:17 IST" name="History Module" finished-at="2026-02-22T14:10:33 IST" duration-ms="15774">
    <groups>
    </groups>
    <test started-at="2026-02-22T14:10:17 IST" name="History - UI" finished-at="2026-02-22T14:10:32 IST" duration-ms="15350">
      <class name="com.eyebeem.tests.orders.OrdersPageShopProductsLinkTest">
        <test-method is-config="true" signature="setUpDriver()[pri:0, instance:com.eyebeem.tests.orders.OrdersPageShopProductsLinkTest@e350b40]" started-at="2026-02-22T14:10:31 IST" name="setUpDriver" finished-at="2026-02-22T14:10:31 IST" duration-ms="867" status="PASS">
          <reporter-output>
          </reporter-output>
        </test-method> <!-- setUpDriver -->
        <test-method signature="shopProductsLinkNavigatesToProducts()[pri:0, instance:com.eyebeem.tests.orders.OrdersPageShopProductsLinkTest@e350b40]" started-at="2026-02-22T14:10:31 IST" name="shopProductsLinkNavigatesToProducts" finished-at="2026-02-22T14:10:32 IST" duration-ms="772" status="PASS">
          <reporter-output>
          </reporter-output>
        </test-method> <!-- shopProductsLinkNavigatesToProducts -->
        <test-method is-config="true" signature="tearDownDriver()[pri:0, instance:com.eyebeem.tests.orders.OrdersPageShopProductsLinkTest@e350b40]" started-at="2026-02-22T14:10:32 IST" name="tearDownDriver" finished-at="2026-02-22T14:10:32 IST" duration-ms="93" status="PASS">
          <reporter-output>
          </reporter-output>
        </test-method> <!-- tearDownDriver -->
      </class> <!-- com.eyebeem.tests.orders.OrdersPageShopProductsLinkTest -->
      <class name="com.eyebeem.tests.orders.OrdersPageEmptyTest">
        <test-method is-config="true" signature="setUpDriver()[pri:0, instance:com.eyebeem.tests.orders.OrdersPageEmptyTest@229c6181]" started-at="2026-02-22T14:10:17 IST" name="setUpDriver" finished-at="2026-02-22T14:10:20 IST" duration-ms="2907" status="PASS">
          <reporter-output>
          </reporter-output>
        </test-method> <!-- setUpDriver -->
        <test-method signature="ordersPageShowsEmptyMessageWhenNoOrders()[pri:0, instance:com.eyebeem.tests.orders.OrdersPageEmptyTest@229c6181]" started-at="2026-02-22T14:10:20 IST" name="ordersPageShowsEmptyMessageWhenNoOrders" finished-at="2026-02-22T14:10:21 IST" duration-ms="1448" status="PASS">
          <reporter-output>
          </reporter-output>
        </test-method> <!-- ordersPageShowsEmptyMessageWhenNoOrders -->
        <test-method is-config="true" signature="tearDownDriver()[pri:0, instance:com.eyebeem.tests.orders.OrdersPageEmptyTest@229c6181]" started-at="2026-02-22T14:10:21 IST" name="tearDownDriver" finished-at="2026-02-22T14:10:21 IST" duration-ms="95" status="PASS">
          <reporter-output>
          </reporter-output>
        </test-method> <!-- tearDownDriver -->
      </class> <!-- com.eyebeem.tests.orders.OrdersPageEmptyTest -->
      <class name="com.eyebeem.tests.orders.OrdersPageDetailsTest">
        <test-method is-config="true" signature="setUpDriver()[pri:0, instance:com.eyebeem.tests.orders.OrdersPageDetailsTest@f09733f]" started-at="2026-02-22T14:10:27 IST" name="setUpDriver" finished-at="2026-02-22T14:10:28 IST" duration-ms="1079" status="PASS">
          <reporter-output>
          </reporter-output>
        </test-method> <!-- setUpDriver -->
        <test-method signature="ordersPageDisplaysOrderDetailsCorrectly()[pri:0, instance:com.eyebeem.tests.orders.OrdersPageDetailsTest@f09733f]" started-at="2026-02-22T14:10:28 IST" name="ordersPageDisplaysOrderDetailsCorrectly" finished-at="2026-02-22T14:10:30 IST" duration-ms="2787" status="PASS">
          <reporter-output>
          </reporter-output>
        </test-method> <!-- ordersPageDisplaysOrderDetailsCorrectly -->
        <test-method is-config="true" signature="tearDownDriver()[pri:0, instance:com.eyebeem.tests.orders.OrdersPageDetailsTest@f09733f]" started-at="2026-02-22T14:10:30 IST" name="tearDownDriver" finished-at="2026-02-22T14:10:31 IST" duration-ms="99" status="PASS">
          <reporter-output>
          </reporter-output>
        </test-method> <!-- tearDownDriver -->
      </class> <!-- com.eyebeem.tests.orders.OrdersPageDetailsTest -->
      <class name="com.eyebeem.tests.orders.OrdersPageListTest">
        <test-method is-config="true" signature="setUpDriver()[pri:0, instance:com.eyebeem.tests.orders.OrdersPageListTest@4b45a2f5]" started-at="2026-02-22T14:10:21 IST" name="setUpDriver" finished-at="2026-02-22T14:10:23 IST" duration-ms="1703" status="PASS">
          <reporter-output>
          </reporter-output>
        </test-method> <!-- setUpDriver -->
        <test-method signature="ordersPageDisplaysOrderListAfterOrderIsPlaced()[pri:0, instance:com.eyebeem.tests.orders.OrdersPageListTest@4b45a2f5]" started-at="2026-02-22T14:10:23 IST" name="ordersPageDisplaysOrderListAfterOrderIsPlaced" finished-at="2026-02-22T14:10:27 IST" duration-ms="3315" status="PASS">
          <reporter-output>
          </reporter-output>
        </test-method> <!-- ordersPageDisplaysOrderListAfterOrderIsPlaced -->
        <test-method is-config="true" signature="tearDownDriver()[pri:0, instance:com.eyebeem.tests.orders.OrdersPageListTest@4b45a2f5]" started-at="2026-02-22T14:10:27 IST" name="tearDownDriver" finished-at="2026-02-22T14:10:27 IST" duration-ms="93" status="PASS">
          <reporter-output>
          </reporter-output>
        </test-method> <!-- tearDownDriver -->
      </class> <!-- com.eyebeem.tests.orders.OrdersPageListTest -->
    </test> <!-- History - UI -->
    <test started-at="2026-02-22T14:10:32 IST" name="History - API" finished-at="2026-02-22T14:10:32 IST" duration-ms="147">
      <class name="com.eyebeem.tests.api.OrdersApiTest">
        <test-method signature="orderHistory_user1_hasOneOrder()[pri:0, instance:com.eyebeem.tests.api.OrdersApiTest@632ceb35]" started-at="2026-02-22T14:10:32 IST" name="orderHistory_user1_hasOneOrder" finished-at="2026-02-22T14:10:32 IST" duration-ms="34" status="PASS">
          <reporter-output>
          </reporter-output>
        </test-method> <!-- orderHistory_user1_hasOneOrder -->
        <test-method signature="orderHistory_user1_orderHasItems()[pri:0, instance:com.eyebeem.tests.api.OrdersApiTest@632ceb35]" started-at="2026-02-22T14:10:32 IST" name="orderHistory_user1_orderHasItems" finished-at="2026-02-22T14:10:32 IST" duration-ms="8" status="PASS">
          <reporter-output>
          </reporter-output>
        </test-method> <!-- orderHistory_user1_orderHasItems -->
        <test-method signature="orderHistory_user1_orderTotal99_99()[pri:0, instance:com.eyebeem.tests.api.OrdersApiTest@632ceb35]" started-at="2026-02-22T14:10:32 IST" name="orderHistory_user1_orderTotal99_99" finished-at="2026-02-22T14:10:32 IST" duration-ms="8" status="PASS">
          <reporter-output>
          </reporter-output>
        </test-method> <!-- orderHistory_user1_orderTotal99_99 -->
        <test-method signature="orderHistory_user2_empty()[pri:0, instance:com.eyebeem.tests.api.OrdersApiTest@632ceb35]" started-at="2026-02-22T14:10:32 IST" name="orderHistory_user2_empty" finished-at="2026-02-22T14:10:32 IST" duration-ms="6" status="PASS">
          <reporter-output>
          </reporter-output>
        </test-method> <!-- orderHistory_user2_empty -->
        <test-method signature="orderHistory_user3_hasOneOrder()[pri:0, instance:com.eyebeem.tests.api.OrdersApiTest@632ceb35]" started-at="2026-02-22T14:10:32 IST" name="orderHistory_user3_hasOneOrder" finished-at="2026-02-22T14:10:32 IST" duration-ms="9" status="PASS">
          <reporter-output>
          </reporter-output>
        </test-method> <!-- orderHistory_user3_hasOneOrder -->
        <test-method signature="orderHistory_user3_orderHasEDog()[pri:0, instance:com.eyebeem.tests.api.OrdersApiTest@632ceb35]" started-at="2026-02-22T14:10:32 IST" name="orderHistory_user3_orderHasEDog" finished-at="2026-02-22T14:10:32 IST" duration-ms="7" status="PASS">
          <reporter-output>
          </reporter-output>
        </test-method> <!-- orderHistory_user3_orderHasEDog -->
        <test-method signature="orderHistory_user3_orderTotal129_99()[pri:0, instance:com.eyebeem.tests.api.OrdersApiTest@632ceb35]" started-at="2026-02-22T14:10:32 IST" name="orderHistory_user3_orderTotal129_99" finished-at="2026-02-22T14:10:32 IST" duration-ms="10" status="PASS">
          <reporter-output>
          </reporter-output>
        </test-method> <!-- orderHistory_user3_orderTotal129_99 -->
        <test-method signature="orderHistory_user4_hasOneOrder()[pri:0, instance:com.eyebeem.tests.api.OrdersApiTest@632ceb35]" started-at="2026-02-22T14:10:32 IST" name="orderHistory_user4_hasOneOrder" finished-at="2026-02-22T14:10:32 IST" duration-ms="8" status="PASS">
          <reporter-output>
          </reporter-output>
        </test-method> <!-- orderHistory_user4_hasOneOrder -->
        <test-method signature="orderHistory_user4_orderHas4xECat()[pri:0, instance:com.eyebeem.tests.api.OrdersApiTest@632ceb35]" started-at="2026-02-22T14:10:32 IST" name="orderHistory_user4_orderHas4xECat" finished-at="2026-02-22T14:10:32 IST" duration-ms="9" status="PASS">
          <reporter-output>
          </reporter-output>
        </test-method> <!-- orderHistory_user4_orderHas4xECat -->
        <test-method signature="orderHistory_user4_orderTotal399_96()[pri:0, instance:com.eyebeem.tests.api.OrdersApiTest@632ceb35]" started-at="2026-02-22T14:10:32 IST" name="orderHistory_user4_orderTotal399_96" finished-at="2026-02-22T14:10:32 IST" duration-ms="11" status="PASS">
          <reporter-output>
          </reporter-output>
        </test-method> <!-- orderHistory_user4_orderTotal399_96 -->
        <test-method signature="orderHistory_user5_hasOneOrder()[pri:0, instance:com.eyebeem.tests.api.OrdersApiTest@632ceb35]" started-at="2026-02-22T14:10:32 IST" name="orderHistory_user5_hasOneOrder" finished-at="2026-02-22T14:10:32 IST" duration-ms="7" status="PASS">
          <reporter-output>
          </reporter-output>
        </test-method> <!-- orderHistory_user5_hasOneOrder -->
        <test-method signature="orderHistory_user5_orderHasEHamster()[pri:0, instance:com.eyebeem.tests.api.OrdersApiTest@632ceb35]" started-at="2026-02-22T14:10:32 IST" name="orderHistory_user5_orderHasEHamster" finished-at="2026-02-22T14:10:32 IST" duration-ms="9" status="PASS">
          <reporter-output>
          </reporter-output>
        </test-method> <!-- orderHistory_user5_orderHasEHamster -->
        <test-method signature="orderHistory_user5_orderTotal49_99()[pri:0, instance:com.eyebeem.tests.api.OrdersApiTest@632ceb35]" started-at="2026-02-22T14:10:32 IST" name="orderHistory_user5_orderTotal49_99" finished-at="2026-02-22T14:10:32 IST" duration-ms="8" status="PASS">
          <reporter-output>
          </reporter-output>
        </test-method> <!-- orderHistory_user5_orderTotal49_99 -->
      </class> <!-- com.eyebeem.tests.api.OrdersApiTest -->
    </test> <!-- History - API -->
    <test started-at="2026-02-22T14:10:32 IST" name="History - Database" finished-at="2026-02-22T14:10:33 IST" duration-ms="260">
      <class name="com.eyebeem.tests.db.OrdersDataDbTest">
        <test-method signature="order1_user1_total99_99()[pri:0, instance:com.eyebeem.tests.db.OrdersDataDbTest@1e461e41]" started-at="2026-02-22T14:10:33 IST" name="order1_user1_total99_99" finished-at="2026-02-22T14:10:33 IST" duration-ms="5" status="PASS">
          <reporter-output>
          </reporter-output>
        </test-method> <!-- order1_user1_total99_99 -->
        <test-method signature="order2_user3_total129_99()[pri:0, instance:com.eyebeem.tests.db.OrdersDataDbTest@1e461e41]" started-at="2026-02-22T14:10:33 IST" name="order2_user3_total129_99" finished-at="2026-02-22T14:10:33 IST" duration-ms="4" status="PASS">
          <reporter-output>
          </reporter-output>
        </test-method> <!-- order2_user3_total129_99 -->
        <test-method signature="order3_user4_total399_96()[pri:0, instance:com.eyebeem.tests.db.OrdersDataDbTest@1e461e41]" started-at="2026-02-22T14:10:33 IST" name="order3_user4_total399_96" finished-at="2026-02-22T14:10:33 IST" duration-ms="4" status="PASS">
          <reporter-output>
          </reporter-output>
        </test-method> <!-- order3_user4_total399_96 -->
        <test-method signature="order4_user5_total49_99()[pri:0, instance:com.eyebeem.tests.db.OrdersDataDbTest@1e461e41]" started-at="2026-02-22T14:10:33 IST" name="order4_user5_total49_99" finished-at="2026-02-22T14:10:33 IST" duration-ms="3" status="PASS">
          <reporter-output>
          </reporter-output>
        </test-method> <!-- order4_user5_total49_99 -->
        <test-method signature="orderCount_atLeast4()[pri:0, instance:com.eyebeem.tests.db.OrdersDataDbTest@1e461e41]" started-at="2026-02-22T14:10:33 IST" name="orderCount_atLeast4" finished-at="2026-02-22T14:10:33 IST" duration-ms="5" status="PASS">
          <reporter-output>
          </reporter-output>
        </test-method> <!-- orderCount_atLeast4 -->
        <test-method signature="user1_hasOneOrder()[pri:0, instance:com.eyebeem.tests.db.OrdersDataDbTest@1e461e41]" started-at="2026-02-22T14:10:33 IST" name="user1_hasOneOrder" finished-at="2026-02-22T14:10:33 IST" duration-ms="4" status="PASS">
          <reporter-output>
          </reporter-output>
        </test-method> <!-- user1_hasOneOrder -->
        <test-method signature="user2_hasNoOrders()[pri:0, instance:com.eyebeem.tests.db.OrdersDataDbTest@1e461e41]" started-at="2026-02-22T14:10:33 IST" name="user2_hasNoOrders" finished-at="2026-02-22T14:10:33 IST" duration-ms="4" status="PASS">
          <reporter-output>
          </reporter-output>
        </test-method> <!-- user2_hasNoOrders -->
        <test-method signature="user3_hasOneOrder()[pri:0, instance:com.eyebeem.tests.db.OrdersDataDbTest@1e461e41]" started-at="2026-02-22T14:10:33 IST" name="user3_hasOneOrder" finished-at="2026-02-22T14:10:33 IST" duration-ms="4" status="PASS">
          <reporter-output>
          </reporter-output>
        </test-method> <!-- user3_hasOneOrder -->
        <test-method signature="user4_hasOneOrder()[pri:0, instance:com.eyebeem.tests.db.OrdersDataDbTest@1e461e41]" started-at="2026-02-22T14:10:33 IST" name="user4_hasOneOrder" finished-at="2026-02-22T14:10:33 IST" duration-ms="4" status="PASS">
          <reporter-output>
          </reporter-output>
        </test-method> <!-- user4_hasOneOrder -->
        <test-method signature="user5_hasOneOrder()[pri:0, instance:com.eyebeem.tests.db.OrdersDataDbTest@1e461e41]" started-at="2026-02-22T14:10:33 IST" name="user5_hasOneOrder" finished-at="2026-02-22T14:10:33 IST" duration-ms="6" status="PASS">
          <reporter-output>
          </reporter-output>
        </test-method> <!-- user5_hasOneOrder -->
      </class> <!-- com.eyebeem.tests.db.OrdersDataDbTest -->
      <class name="com.eyebeem.tests.db.OrdersDbTest">
        <test-method signature="getOrderCount_ReturnsNonNegative()[pri:0, instance:com.eyebeem.tests.db.OrdersDbTest@5d066c7d]" started-at="2026-02-22T14:10:32 IST" name="getOrderCount_ReturnsNonNegative" finished-at="2026-02-22T14:10:33 IST" duration-ms="99" status="PASS">
          <reporter-output>
          </reporter-output>
        </test-method> <!-- getOrderCount_ReturnsNonNegative -->
        <test-method signature="getOrderItems_NonExistentOrderReturnsEmpty()[pri:0, instance:com.eyebeem.tests.db.OrdersDbTest@5d066c7d]" started-at="2026-02-22T14:10:33 IST" name="getOrderItems_NonExistentOrderReturnsEmpty" finished-at="2026-02-22T14:10:33 IST" duration-ms="13" status="PASS">
          <reporter-output>
          </reporter-output>
        </test-method> <!-- getOrderItems_NonExistentOrderReturnsEmpty -->
        <test-method signature="getOrderRow_NonExistentReturnsNull()[pri:0, instance:com.eyebeem.tests.db.OrdersDbTest@5d066c7d]" started-at="2026-02-22T14:10:33 IST" name="getOrderRow_NonExistentReturnsNull" finished-at="2026-02-22T14:10:33 IST" duration-ms="7" status="PASS">
          <reporter-output>
          </reporter-output>
        </test-method> <!-- getOrderRow_NonExistentReturnsNull -->
        <test-method signature="orderItemsTableExists()[pri:0, instance:com.eyebeem.tests.db.OrdersDbTest@5d066c7d]" started-at="2026-02-22T14:10:33 IST" name="orderItemsTableExists" finished-at="2026-02-22T14:10:33 IST" duration-ms="33" status="PASS">
          <reporter-output>
          </reporter-output>
        </test-method> <!-- orderItemsTableExists -->
        <test-method signature="orderItems_ReferValidProductIds()[pri:0, instance:com.eyebeem.tests.db.OrdersDbTest@5d066c7d]" started-at="2026-02-22T14:10:33 IST" name="orderItems_ReferValidProductIds" finished-at="2026-02-22T14:10:33 IST" duration-ms="5" status="PASS">
          <reporter-output>
          </reporter-output>
        </test-method> <!-- orderItems_ReferValidProductIds -->
        <test-method signature="ordersTableExists()[pri:0, instance:com.eyebeem.tests.db.OrdersDbTest@5d066c7d]" started-at="2026-02-22T14:10:33 IST" name="ordersTableExists" finished-at="2026-02-22T14:10:33 IST" duration-ms="9" status="PASS">
          <reporter-output>
          </reporter-output>
        </test-method> <!-- ordersTableExists -->
      </class> <!-- com.eyebeem.tests.db.OrdersDbTest -->
      <class name="com.eyebeem.tests.db.OrderItemsDbTest">
        <test-method signature="order1_hasOneItem_eCat()[pri:0, instance:com.eyebeem.tests.db.OrderItemsDbTest@5ba88be8]" started-at="2026-02-22T14:10:33 IST" name="order1_hasOneItem_eCat" finished-at="2026-02-22T14:10:33 IST" duration-ms="4" status="PASS">
          <reporter-output>
          </reporter-output>
        </test-method> <!-- order1_hasOneItem_eCat -->
        <test-method signature="order1_unitPrice99_99()[pri:0, instance:com.eyebeem.tests.db.OrderItemsDbTest@5ba88be8]" started-at="2026-02-22T14:10:33 IST" name="order1_unitPrice99_99" finished-at="2026-02-22T14:10:33 IST" duration-ms="4" status="PASS">
          <reporter-output>
          </reporter-output>
        </test-method> <!-- order1_unitPrice99_99 -->
        <test-method signature="order2_hasOneItem_eDog()[pri:0, instance:com.eyebeem.tests.db.OrderItemsDbTest@5ba88be8]" started-at="2026-02-22T14:10:33 IST" name="order2_hasOneItem_eDog" finished-at="2026-02-22T14:10:33 IST" duration-ms="4" status="PASS">
          <reporter-output>
          </reporter-output>
        </test-method> <!-- order2_hasOneItem_eDog -->
        <test-method signature="order3_hasOneItem_4xECat()[pri:0, instance:com.eyebeem.tests.db.OrderItemsDbTest@5ba88be8]" started-at="2026-02-22T14:10:33 IST" name="order3_hasOneItem_4xECat" finished-at="2026-02-22T14:10:33 IST" duration-ms="3" status="PASS">
          <reporter-output>
          </reporter-output>
        </test-method> <!-- order3_hasOneItem_4xECat -->
        <test-method signature="order4_hasOneItem_eHamster()[pri:0, instance:com.eyebeem.tests.db.OrderItemsDbTest@5ba88be8]" started-at="2026-02-22T14:10:33 IST" name="order4_hasOneItem_eHamster" finished-at="2026-02-22T14:10:33 IST" duration-ms="3" status="PASS">
          <reporter-output>
          </reporter-output>
        </test-method> <!-- order4_hasOneItem_eHamster -->
        <test-method signature="orderItems_productIdsReferInventory()[pri:0, instance:com.eyebeem.tests.db.OrderItemsDbTest@5ba88be8]" started-at="2026-02-22T14:10:33 IST" name="orderItems_productIdsReferInventory" finished-at="2026-02-22T14:10:33 IST" duration-ms="12" status="PASS">
          <reporter-output>
          </reporter-output>
        </test-method> <!-- orderItems_productIdsReferInventory -->
      </class> <!-- com.eyebeem.tests.db.OrderItemsDbTest -->
    </test> <!-- History - Database -->
  </suite> <!-- History Module -->
</testng-results>
