<?xml version="1.0" encoding="UTF-8"?>
<testsuite xmlns:xsi="http://www.w3.org/2001/XMLSchema-instance" xsi:noNamespaceSchemaLocation="https://maven.apache.org/surefire/maven-surefire-plugin/xsd/surefire-test-report-3.0.xsd" version="3.0" name="TestSuite" time="9.204" tests="23" errors="0" skipped="0" failures="0">
  <properties>
[...]
</properties>
  <testcase name="loginFormDisplaysNameAndEmailFields" classname="com.eyebeem.tests.login.LoginPageFormTest" time="0.83">
    <system-err><![CDATA[SLF4J(W): No SLF4J providers were found.
SLF4J(W): Defaulting to no-operation (NOP) logger implementation
SLF4J(W): See https://www.slf4j.org/codes.html#noProviders for further details.
Feb 22, 2026 1:52:30 PM org.openqa.selenium.devtools.CdpVersionFinder findNearestMatch
WARNING: Unable to find an exact match for CDP version 145, returning the closest version; found: 144; Please update to a Selenium version that supports CDP version 145
]]></system-err>
  </testcase>
  <testcase name="loginFormAcceptsValidCredentials" classname="com.eyebeem.tests.login.LoginPageSubmitTest" time="1.007">
    <system-err><![CDATA[Feb 22, 2026 1:52:32 PM org.openqa.selenium.devtools.CdpVersionFinder findNearestMatch
WARNING: Unable to find an exact match for CDP version 145, returning the closest version; found: 144; Please update to a Selenium version that supports CDP version 145
]]></system-err>
  </testcase>
  <testcase name="loginPageUrlAndTitleAreCorrect" classname="com.eyebeem.tests.login.LoginPageNavigationTest" time="0.686">
    <system-err><![CDATA[Feb 22, 2026 1:52:34 PM org.openqa.selenium.devtools.CdpVersionFinder findNearestMatch
WARNING: Unable to find an exact match for CDP version 145, returning the closest version; found: 144; Please update to a Selenium version that supports CDP version 145
]]></system-err>
  </testcase>
  <testcase name="loginAsEachUser_fromTestData" classname="com.eyebeem.tests.api.AuthApiTest" time="0.05"/>
  <testcase name="login_user1_TestUser" classname="com.eyebeem.tests.api.AuthApiTest" time="0.009"/>
  <testcase name="login_user2_JaneDoe" classname="com.eyebeem.tests.api.AuthApiTest" time="0.008"/>
  <testcase name="login_user3_imaad" classname="com.eyebeem.tests.api.AuthApiTest" time="0.009"/>
  <testcase name="login_user4_aryan" classname="com.eyebeem.tests.api.AuthApiTest" time="0.011"/>
  <testcase name="login_user5_petlover" classname="com.eyebeem.tests.api.AuthApiTest" time="0.011"/>
  <testcase name="createNewAccount_viaLogin_returnsUserWithId" classname="com.eyebeem.tests.api.CreateAccountApiTest" time="0.021"/>
  <testcase name="getUser1_orderHistoryHasOneOrder" classname="com.eyebeem.tests.api.UsersApiTest" time="0.007"/>
  <testcase name="getUser1_returnsTestUser" classname="com.eyebeem.tests.api.UsersApiTest" time="0.009"/>
  <testcase name="getUser2_orderHistoryEmpty" classname="com.eyebeem.tests.api.UsersApiTest" time="0.005"/>
  <testcase name="getUser5_returnsPetlover" classname="com.eyebeem.tests.api.UsersApiTest" time="0.01"/>
  <testcase name="getUser_hasOrderHistory" classname="com.eyebeem.tests.api.UsersApiTest" time="0.009"/>
  <testcase name="nonExistentUser_returnsNull" classname="com.eyebeem.tests.db.UsersDbTest" time="0.108"/>
  <testcase name="user1_exists_withEmail" classname="com.eyebeem.tests.db.UsersDbTest" time="0.005"/>
  <testcase name="user2_exists_withEmail" classname="com.eyebeem.tests.db.UsersDbTest" time="0.004"/>
  <testcase name="user3_exists_withEmail" classname="com.eyebeem.tests.db.UsersDbTest" time="0.005"/>
  <testcase name="user4_exists_withEmail" classname="com.eyebeem.tests.db.UsersDbTest" time="0.003"/>
  <testcase name="user5_exists_withEmail" classname="com.eyebeem.tests.db.UsersDbTest" time="0.005"/>
  <testcase name="userCount_atLeast5" classname="com.eyebeem.tests.db.UsersDbTest" time="0.007"/>
  <testcase name="usersTableExists" classname="com.eyebeem.tests.db.UsersDbTest" time="0.013"/>
</testsuite>