<?xml version="1.0" encoding="UTF-8"?>
<testng-results ignored="0" total="4" passed="4" failed="0" skipped="0">
  <reporter-output>
  </reporter-output>
  <suite started-at="2026-02-19T11:48:55 IST" name="Surefire suite" finished-at="2026-02-19T11:49:05 IST" duration-ms="10295">
    <groups>
    </groups>
    <test started-at="2026-02-19T11:48:55 IST" name="Surefire test" finished-at="2026-02-19T11:49:05 IST" duration-ms="10295">
      <class name="com.eyebeem.tests.images.ProductImagesAltTextTest">
        <test-method is-config="true" signature="setUpDriver()[pri:0, instance:com.eyebeem.tests.images.ProductImagesAltTextTest@3c153a1]" started-at="2026-02-19T11:48:55 IST" name="setUpDriver" finished-at="2026-02-19T11:48:58 IST" duration-ms="3826" status="PASS">
          <reporter-output>
          </reporter-output>
        </test-method> <!-- setUpDriver -->
        <test-method signature="productImagesHaveAltText()[pri:0, instance:com.eyebeem.tests.images.ProductImagesAltTextTest@3c153a1]" started-at="2026-02-19T11:48:59 IST" name="productImagesHaveAltText" finished-at="2026-02-19T11:48:59 IST" duration-ms="768" status="PASS">
          <reporter-output>
          </reporter-output>
        </test-method> <!-- productImagesHaveAltText -->
        <test-method is-config="true" signature="tearDownDriver()[pri:0, instance:com.eyebeem.tests.images.ProductImagesAltTextTest@3c153a1]" started-at="2026-02-19T11:48:59 IST" name="tearDownDriver" finished-at="2026-02-19T11:48:59 IST" duration-ms="96" status="PASS">
          <reporter-output>
          </reporter-output>
        </test-method> <!-- tearDownDriver -->
      </class> <!-- com.eyebeem.tests.images.ProductImagesAltTextTest -->
      <class name="com.eyebeem.tests.images.ProductImagesLoadTest">
        <test-method is-config="true" signature="setUpDriver()[pri:0, instance:com.eyebeem.tests.images.ProductImagesLoadTest@5db45159]" started-at="2026-02-19T11:49:01 IST" name="setUpDriver" finished-at="2026-02-19T11:49:02 IST" duration-ms="1096" status="PASS">
          <reporter-output>
          </reporter-output>
        </test-method> <!-- setUpDriver -->
        <test-method signature="productImagesLoadWithValidDimensions()[pri:0, instance:com.eyebeem.tests.images.ProductImagesLoadTest@5db45159]" started-at="2026-02-19T11:49:02 IST" name="productImagesLoadWithValidDimensions" finished-at="2026-02-19T11:49:03 IST" duration-ms="646" status="PASS">
          <reporter-output>
          </reporter-output>
        </test-method> <!-- productImagesLoadWithValidDimensions -->
        <test-method is-config="true" signature="tearDownDriver()[pri:0, instance:com.eyebeem.tests.images.ProductImagesLoadTest@5db45159]" started-at="2026-02-19T11:49:03 IST" name="tearDownDriver" finished-at="2026-02-19T11:49:03 IST" duration-ms="93" status="PASS">
          <reporter-output>
          </reporter-output>
        </test-method> <!-- tearDownDriver -->
      </class> <!-- com.eyebeem.tests.images.ProductImagesLoadTest -->
      <class name="com.eyebeem.tests.images.ProductImagesProductsPageTest">
        <test-method is-config="true" signature="setUpDriver()[pri:0, instance:com.eyebeem.tests.images.ProductImagesProductsPageTest@6107227e]" started-at="2026-02-19T11:49:03 IST" name="setUpDriver" finished-at="2026-02-19T11:49:04 IST" duration-ms="1098" status="PASS">
          <reporter-output>
          </reporter-output>
        </test-method> <!-- setUpDriver -->
        <test-method signature="productsPageDisplaysProductImages()[pri:0, instance:com.eyebeem.tests.images.ProductImagesProductsPageTest@6107227e]" started-at="2026-02-19T11:49:04 IST" name="productsPageDisplaysProductImages" finished-at="2026-02-19T11:49:05 IST" duration-ms="648" status="PASS">
          <reporter-output>
          </reporter-output>
        </test-method> <!-- productsPageDisplaysProductImages -->
        <test-method is-config="true" signature="tearDownDriver()[pri:0, instance:com.eyebeem.tests.images.ProductImagesProductsPageTest@6107227e]" started-at="2026-02-19T11:49:05 IST" name="tearDownDriver" finished-at="2026-02-19T11:49:05 IST" duration-ms="90" status="PASS">
          <reporter-output>
          </reporter-output>
        </test-method> <!-- tearDownDriver -->
      </class> <!-- com.eyebeem.tests.images.ProductImagesProductsPageTest -->
      <class name="com.eyebeem.tests.images.ProductImagesHomePageTest">
        <test-method is-config="true" signature="setUpDriver()[pri:0, instance:com.eyebeem.tests.images.ProductImagesHomePageTest@2b6856dd]" started-at="2026-02-19T11:48:59 IST" name="setUpDriver" finished-at="2026-02-19T11:49:01 IST" duration-ms="1151" status="PASS">
          <reporter-output>
          </reporter-output>
        </test-method> <!-- setUpDriver -->
        <test-method signature="homePageDisplaysProductImages()[pri:0, instance:com.eyebeem.tests.images.ProductImagesHomePageTest@2b6856dd]" started-at="2026-02-19T11:49:01 IST" name="homePageDisplaysProductImages" finished-at="2026-02-19T11:49:01 IST" duration-ms="661" status="PASS">
          <reporter-output>
          </reporter-output>
        </test-method> <!-- homePageDisplaysProductImages -->
        <test-method is-config="true" signature="tearDownDriver()[pri:0, instance:com.eyebeem.tests.images.ProductImagesHomePageTest@2b6856dd]" started-at="2026-02-19T11:49:01 IST" name="tearDownDriver" finished-at="2026-02-19T11:49:01 IST" duration-ms="88" status="PASS">
          <reporter-output>
          </reporter-output>
        </test-method> <!-- tearDownDriver -->
      </class> <!-- com.eyebeem.tests.images.ProductImagesHomePageTest -->
    </test> <!-- Surefire test -->
  </suite> <!-- Surefire suite -->
</testng-results>
