<?xml version="1.0" encoding="UTF-8"?>
<testng-results ignored="0" total="121" passed="121" failed="0" skipped="0">
  <reporter-output>
  </reporter-output>
  <suite started-at="2026-02-20T10:15:35 IST" name="EYE BEE M Pets UI Suite" finished-at="2026-02-20T10:16:53 IST" duration-ms="78014">
    <groups>
    </groups>
    <test started-at="2026-02-20T10:15:35 IST" name="Home Page Tests" finished-at="2026-02-20T10:15:46 IST" duration-ms="11341">
      <class name="com.eyebeem.tests.home.HomePageLogoLinkTest">
        <test-method is-config="true" signature="setUpDriver()[pri:0, instance:com.eyebeem.tests.home.HomePageLogoLinkTest@470f1802]" started-at="2026-02-20T10:15:44 IST" name="setUpDriver" finished-at="2026-02-20T10:15:45 IST" duration-ms="1066" status="PASS">
          <reporter-output>
          </reporter-output>
        </test-method> <!-- setUpDriver -->
        <test-method signature="logoLinkNavigatesToHome()[pri:0, instance:com.eyebeem.tests.home.HomePageLogoLinkTest@470f1802]" started-at="2026-02-20T10:15:45 IST" name="logoLinkNavigatesToHome" finished-at="2026-02-20T10:15:46 IST" duration-ms="723" status="PASS">
          <reporter-output>
          </reporter-output>
        </test-method> <!-- logoLinkNavigatesToHome -->
        <test-method is-config="true" signature="tearDownDriver()[pri:0, instance:com.eyebeem.tests.home.HomePageLogoLinkTest@470f1802]" started-at="2026-02-20T10:15:46 IST" name="tearDownDriver" finished-at="2026-02-20T10:15:46 IST" duration-ms="92" status="PASS">
          <reporter-output>
          </reporter-output>
        </test-method> <!-- tearDownDriver -->
      </class> <!-- com.eyebeem.tests.home.HomePageLogoLinkTest -->
      <class name="com.eyebeem.tests.home.HomePageProductsGridTest">
        <test-method is-config="true" signature="setUpDriver()[pri:0, instance:com.eyebeem.tests.home.HomePageProductsGridTest@3e2e18f2]" started-at="2026-02-20T10:15:42 IST" name="setUpDriver" finished-at="2026-02-20T10:15:43 IST" duration-ms="1091" status="PASS">
          <reporter-output>
          </reporter-output>
        </test-method> <!-- setUpDriver -->
        <test-method signature="homePageShowsProductCardsWithAddToCart()[pri:0, instance:com.eyebeem.tests.home.HomePageProductsGridTest@3e2e18f2]" started-at="2026-02-20T10:15:43 IST" name="homePageShowsProductCardsWithAddToCart" finished-at="2026-02-20T10:15:44 IST" duration-ms="658" status="PASS">
          <reporter-output>
          </reporter-output>
        </test-method> <!-- homePageShowsProductCardsWithAddToCart -->
        <test-method is-config="true" signature="tearDownDriver()[pri:0, instance:com.eyebeem.tests.home.HomePageProductsGridTest@3e2e18f2]" started-at="2026-02-20T10:15:44 IST" name="tearDownDriver" finished-at="2026-02-20T10:15:44 IST" duration-ms="92" status="PASS">
          <reporter-output>
          </reporter-output>
        </test-method> <!-- tearDownDriver -->
      </class> <!-- com.eyebeem.tests.home.HomePageProductsGridTest -->
      <class name="com.eyebeem.tests.home.HomePageTitleTest">
        <test-method is-config="true" signature="setUpDriver()[pri:0, instance:com.eyebeem.tests.home.HomePageTitleTest@3d680b5a]" started-at="2026-02-20T10:15:35 IST" name="setUpDriver" finished-at="2026-02-20T10:15:36 IST" duration-ms="1401" status="PASS">
          <reporter-output>
          </reporter-output>
        </test-method> <!-- setUpDriver -->
        <test-method signature="homePageTitleContainsAppName()[pri:0, instance:com.eyebeem.tests.home.HomePageTitleTest@3d680b5a]" started-at="2026-02-20T10:15:36 IST" name="homePageTitleContainsAppName" finished-at="2026-02-20T10:15:36 IST" duration-ms="198" status="PASS">
          <reporter-output>
          </reporter-output>
        </test-method> <!-- homePageTitleContainsAppName -->
        <test-method is-config="true" signature="tearDownDriver()[pri:0, instance:com.eyebeem.tests.home.HomePageTitleTest@3d680b5a]" started-at="2026-02-20T10:15:36 IST" name="tearDownDriver" finished-at="2026-02-20T10:15:36 IST" duration-ms="133" status="PASS">
          <reporter-output>
          </reporter-output>
        </test-method> <!-- tearDownDriver -->
      </class> <!-- com.eyebeem.tests.home.HomePageTitleTest -->
      <class name="com.eyebeem.tests.home.HomePageNavbarTest">
        <test-method is-config="true" signature="setUpDriver()[pri:0, instance:com.eyebeem.tests.home.HomePageNavbarTest@3c130745]" started-at="2026-02-20T10:15:38 IST" name="setUpDriver" finished-at="2026-02-20T10:15:39 IST" duration-ms="1324" status="PASS">
          <reporter-output>
          </reporter-output>
        </test-method> <!-- setUpDriver -->
        <test-method signature="navbarContainsAllNavigationLinks()[pri:0, instance:com.eyebeem.tests.home.HomePageNavbarTest@3c130745]" started-at="2026-02-20T10:15:39 IST" name="navbarContainsAllNavigationLinks" finished-at="2026-02-20T10:15:40 IST" duration-ms="719" status="PASS">
          <reporter-output>
          </reporter-output>
        </test-method> <!-- navbarContainsAllNavigationLinks -->
        <test-method is-config="true" signature="tearDownDriver()[pri:0, instance:com.eyebeem.tests.home.HomePageNavbarTest@3c130745]" started-at="2026-02-20T10:15:40 IST" name="tearDownDriver" finished-at="2026-02-20T10:15:40 IST" duration-ms="92" status="PASS">
          <reporter-output>
          </reporter-output>
        </test-method> <!-- tearDownDriver -->
      </class> <!-- com.eyebeem.tests.home.HomePageNavbarTest -->
      <class name="com.eyebeem.tests.home.HomePageFooterTest">
        <test-method is-config="true" signature="setUpDriver()[pri:0, instance:com.eyebeem.tests.home.HomePageFooterTest@cd3fee8]" started-at="2026-02-20T10:15:40 IST" name="setUpDriver" finished-at="2026-02-20T10:15:41 IST" duration-ms="1203" status="PASS">
          <reporter-output>
          </reporter-output>
        </test-method> <!-- setUpDriver -->
        <test-method signature="footerDisplaysCopyrightText()[pri:0, instance:com.eyebeem.tests.home.HomePageFooterTest@cd3fee8]" started-at="2026-02-20T10:15:41 IST" name="footerDisplaysCopyrightText" finished-at="2026-02-20T10:15:42 IST" duration-ms="669" status="PASS">
          <reporter-output>
          </reporter-output>
        </test-method> <!-- footerDisplaysCopyrightText -->
        <test-method is-config="true" signature="tearDownDriver()[pri:0, instance:com.eyebeem.tests.home.HomePageFooterTest@cd3fee8]" started-at="2026-02-20T10:15:42 IST" name="tearDownDriver" finished-at="2026-02-20T10:15:42 IST" duration-ms="93" status="PASS">
          <reporter-output>
          </reporter-output>
        </test-method> <!-- tearDownDriver -->
      </class> <!-- com.eyebeem.tests.home.HomePageFooterTest -->
      <class name="com.eyebeem.tests.home.HomePageHeroTest">
        <test-method is-config="true" signature="setUpDriver()[pri:0, instance:com.eyebeem.tests.home.HomePageHeroTest@61230f6a]" started-at="2026-02-20T10:15:36 IST" name="setUpDriver" finished-at="2026-02-20T10:15:37 IST" duration-ms="994" status="PASS">
          <reporter-output>
          </reporter-output>
        </test-method> <!-- setUpDriver -->
        <test-method signature="heroSectionDisplaysHeadingAndTagline()[pri:0, instance:com.eyebeem.tests.home.HomePageHeroTest@61230f6a]" started-at="2026-02-20T10:15:37 IST" name="heroSectionDisplaysHeadingAndTagline" finished-at="2026-02-20T10:15:38 IST" duration-ms="676" status="PASS">
          <reporter-output>
          </reporter-output>
        </test-method> <!-- heroSectionDisplaysHeadingAndTagline -->
        <test-method is-config="true" signature="tearDownDriver()[pri:0, instance:com.eyebeem.tests.home.HomePageHeroTest@61230f6a]" started-at="2026-02-20T10:15:38 IST" name="tearDownDriver" finished-at="2026-02-20T10:15:38 IST" duration-ms="96" status="PASS">
          <reporter-output>
          </reporter-output>
        </test-method> <!-- tearDownDriver -->
      </class> <!-- com.eyebeem.tests.home.HomePageHeroTest -->
    </test> <!-- Home Page Tests -->
    <test started-at="2026-02-20T10:15:46 IST" name="Login Page Tests" finished-at="2026-02-20T10:15:52 IST" duration-ms="5765">
      <class name="com.eyebeem.tests.login.LoginPageNavigationTest">
        <test-method is-config="true" signature="setUpDriver()[pri:0, instance:com.eyebeem.tests.login.LoginPageNavigationTest@619713e5]" started-at="2026-02-20T10:15:50 IST" name="setUpDriver" finished-at="2026-02-20T10:15:51 IST" duration-ms="962" status="PASS">
          <reporter-output>
          </reporter-output>
        </test-method> <!-- setUpDriver -->
        <test-method signature="loginPageUrlAndTitleAreCorrect()[pri:0, instance:com.eyebeem.tests.login.LoginPageNavigationTest@619713e5]" started-at="2026-02-20T10:15:51 IST" name="loginPageUrlAndTitleAreCorrect" finished-at="2026-02-20T10:15:52 IST" duration-ms="662" status="PASS">
          <reporter-output>
          </reporter-output>
        </test-method> <!-- loginPageUrlAndTitleAreCorrect -->
        <test-method is-config="true" signature="tearDownDriver()[pri:0, instance:com.eyebeem.tests.login.LoginPageNavigationTest@619713e5]" started-at="2026-02-20T10:15:52 IST" name="tearDownDriver" finished-at="2026-02-20T10:15:52 IST" duration-ms="94" status="PASS">
          <reporter-output>
          </reporter-output>
        </test-method> <!-- tearDownDriver -->
      </class> <!-- com.eyebeem.tests.login.LoginPageNavigationTest -->
      <class name="com.eyebeem.tests.login.LoginPageFormTest">
        <test-method is-config="true" signature="setUpDriver()[pri:0, instance:com.eyebeem.tests.login.LoginPageFormTest@130161f7]" started-at="2026-02-20T10:15:46 IST" name="setUpDriver" finished-at="2026-02-20T10:15:47 IST" duration-ms="997" status="PASS">
          <reporter-output>
          </reporter-output>
        </test-method> <!-- setUpDriver -->
        <test-method signature="loginFormDisplaysNameAndEmailFields()[pri:0, instance:com.eyebeem.tests.login.LoginPageFormTest@130161f7]" started-at="2026-02-20T10:15:47 IST" name="loginFormDisplaysNameAndEmailFields" finished-at="2026-02-20T10:15:48 IST" duration-ms="706" status="PASS">
          <reporter-output>
          </reporter-output>
        </test-method> <!-- loginFormDisplaysNameAndEmailFields -->
        <test-method is-config="true" signature="tearDownDriver()[pri:0, instance:com.eyebeem.tests.login.LoginPageFormTest@130161f7]" started-at="2026-02-20T10:15:48 IST" name="tearDownDriver" finished-at="2026-02-20T10:15:48 IST" duration-ms="87" status="PASS">
          <reporter-output>
          </reporter-output>
        </test-method> <!-- tearDownDriver -->
      </class> <!-- com.eyebeem.tests.login.LoginPageFormTest -->
      <class name="com.eyebeem.tests.login.LoginPageSubmitTest">
        <test-method is-config="true" signature="setUpDriver()[pri:0, instance:com.eyebeem.tests.login.LoginPageSubmitTest@2c767a52]" started-at="2026-02-20T10:15:48 IST" name="setUpDriver" finished-at="2026-02-20T10:15:49 IST" duration-ms="1203" status="PASS">
          <reporter-output>
          </reporter-output>
        </test-method> <!-- setUpDriver -->
        <test-method signature="loginFormAcceptsValidCredentials()[pri:0, instance:com.eyebeem.tests.login.LoginPageSubmitTest@2c767a52]" started-at="2026-02-20T10:15:49 IST" name="loginFormAcceptsValidCredentials" finished-at="2026-02-20T10:15:50 IST" duration-ms="960" status="PASS">
          <reporter-output>
          </reporter-output>
        </test-method> <!-- loginFormAcceptsValidCredentials -->
        <test-method is-config="true" signature="tearDownDriver()[pri:0, instance:com.eyebeem.tests.login.LoginPageSubmitTest@2c767a52]" started-at="2026-02-20T10:15:50 IST" name="tearDownDriver" finished-at="2026-02-20T10:15:50 IST" duration-ms="92" status="PASS">
          <reporter-output>
          </reporter-output>
        </test-method> <!-- tearDownDriver -->
      </class> <!-- com.eyebeem.tests.login.LoginPageSubmitTest -->
    </test> <!-- Login Page Tests -->
    <test started-at="2026-02-20T10:15:52 IST" name="Products Page Tests" finished-at="2026-02-20T10:16:03 IST" duration-ms="11379">
      <class name="com.eyebeem.tests.products.ProductsPageSearchInputTest">
        <test-method is-config="true" signature="setUpDriver()[pri:0, instance:com.eyebeem.tests.products.ProductsPageSearchInputTest@1dde4cb2]" started-at="2026-02-20T10:15:59 IST" name="setUpDriver" finished-at="2026-02-20T10:16:00 IST" duration-ms="1100" status="PASS">
          <reporter-output>
          </reporter-output>
        </test-method> <!-- setUpDriver -->
        <test-method signature="productsPageHasSearchInput()[pri:0, instance:com.eyebeem.tests.products.ProductsPageSearchInputTest@1dde4cb2]" started-at="2026-02-20T10:16:00 IST" name="productsPageHasSearchInput" finished-at="2026-02-20T10:16:01 IST" duration-ms="630" status="PASS">
          <reporter-output>
          </reporter-output>
        </test-method> <!-- productsPageHasSearchInput -->
        <test-method is-config="true" signature="tearDownDriver()[pri:0, instance:com.eyebeem.tests.products.ProductsPageSearchInputTest@1dde4cb2]" started-at="2026-02-20T10:16:01 IST" name="tearDownDriver" finished-at="2026-02-20T10:16:01 IST" duration-ms="84" status="PASS">
          <reporter-output>
          </reporter-output>
        </test-method> <!-- tearDownDriver -->
      </class> <!-- com.eyebeem.tests.products.ProductsPageSearchInputTest -->
      <class name="com.eyebeem.tests.products.ProductsPageFilterDropdownTest">
        <test-method is-config="true" signature="setUpDriver()[pri:0, instance:com.eyebeem.tests.products.ProductsPageFilterDropdownTest@7714e963]" started-at="2026-02-20T10:16:01 IST" name="setUpDriver" finished-at="2026-02-20T10:16:02 IST" duration-ms="1152" status="PASS">
          <reporter-output>
          </reporter-output>
        </test-method> <!-- setUpDriver -->
        <test-method signature="productsPageHasTypeFilterDropdown()[pri:0, instance:com.eyebeem.tests.products.ProductsPageFilterDropdownTest@7714e963]" started-at="2026-02-20T10:16:02 IST" name="productsPageHasTypeFilterDropdown" finished-at="2026-02-20T10:16:03 IST" duration-ms="634" status="PASS">
          <reporter-output>
          </reporter-output>
        </test-method> <!-- productsPageHasTypeFilterDropdown -->
        <test-method is-config="true" signature="tearDownDriver()[pri:0, instance:com.eyebeem.tests.products.ProductsPageFilterDropdownTest@7714e963]" started-at="2026-02-20T10:16:03 IST" name="tearDownDriver" finished-at="2026-02-20T10:16:03 IST" duration-ms="92" status="PASS">
          <reporter-output>
          </reporter-output>
        </test-method> <!-- tearDownDriver -->
      </class> <!-- com.eyebeem.tests.products.ProductsPageFilterDropdownTest -->
      <class name="com.eyebeem.tests.products.ProductsPageAddToCartTest">
        <test-method is-config="true" signature="setUpDriver()[pri:0, instance:com.eyebeem.tests.products.ProductsPageAddToCartTest@3835c46]" started-at="2026-02-20T10:15:58 IST" name="setUpDriver" finished-at="2026-02-20T10:15:59 IST" duration-ms="993" status="PASS">
          <reporter-output>
          </reporter-output>
        </test-method> <!-- setUpDriver -->
        <test-method signature="addToCartButtonAddsProductToCart()[pri:0, instance:com.eyebeem.tests.products.ProductsPageAddToCartTest@3835c46]" started-at="2026-02-20T10:15:59 IST" name="addToCartButtonAddsProductToCart" finished-at="2026-02-20T10:15:59 IST" duration-ms="703" status="PASS">
          <reporter-output>
          </reporter-output>
        </test-method> <!-- addToCartButtonAddsProductToCart -->
        <test-method is-config="true" signature="tearDownDriver()[pri:0, instance:com.eyebeem.tests.products.ProductsPageAddToCartTest@3835c46]" started-at="2026-02-20T10:15:59 IST" name="tearDownDriver" finished-at="2026-02-20T10:15:59 IST" duration-ms="91" status="PASS">
          <reporter-output>
          </reporter-output>
        </test-method> <!-- tearDownDriver -->
      </class> <!-- com.eyebeem.tests.products.ProductsPageAddToCartTest -->
      <class name="com.eyebeem.tests.products.ProductsPageSearchTest">
        <test-method is-config="true" signature="setUpDriver()[pri:0, instance:com.eyebeem.tests.products.ProductsPageSearchTest@7193666c]" started-at="2026-02-20T10:15:54 IST" name="setUpDriver" finished-at="2026-02-20T10:15:55 IST" duration-ms="965" status="PASS">
          <reporter-output>
          </reporter-output>
        </test-method> <!-- setUpDriver -->
        <test-method signature="productSearchFiltersResults()[pri:0, instance:com.eyebeem.tests.products.ProductsPageSearchTest@7193666c]" started-at="2026-02-20T10:15:55 IST" name="productSearchFiltersResults" finished-at="2026-02-20T10:15:56 IST" duration-ms="1044" status="PASS">
          <reporter-output>
          </reporter-output>
        </test-method> <!-- productSearchFiltersResults -->
        <test-method is-config="true" signature="tearDownDriver()[pri:0, instance:com.eyebeem.tests.products.ProductsPageSearchTest@7193666c]" started-at="2026-02-20T10:15:56 IST" name="tearDownDriver" finished-at="2026-02-20T10:15:56 IST" duration-ms="91" status="PASS">
          <reporter-output>
          </reporter-output>
        </test-method> <!-- tearDownDriver -->
      </class> <!-- com.eyebeem.tests.products.ProductsPageSearchTest -->
      <class name="com.eyebeem.tests.products.ProductsPageFilterTest">
        <test-method is-config="true" signature="setUpDriver()[pri:0, instance:com.eyebeem.tests.products.ProductsPageFilterTest@20deea7f]" started-at="2026-02-20T10:15:56 IST" name="setUpDriver" finished-at="2026-02-20T10:15:57 IST" duration-ms="1107" status="PASS">
          <reporter-output>
          </reporter-output>
        </test-method> <!-- setUpDriver -->
        <test-method signature="productTypeFilterFiltersByType()[pri:0, instance:com.eyebeem.tests.products.ProductsPageFilterTest@20deea7f]" started-at="2026-02-20T10:15:57 IST" name="productTypeFilterFiltersByType" finished-at="2026-02-20T10:15:58 IST" duration-ms="720" status="PASS">
          <reporter-output>
          </reporter-output>
        </test-method> <!-- productTypeFilterFiltersByType -->
        <test-method is-config="true" signature="tearDownDriver()[pri:0, instance:com.eyebeem.tests.products.ProductsPageFilterTest@20deea7f]" started-at="2026-02-20T10:15:58 IST" name="tearDownDriver" finished-at="2026-02-20T10:15:58 IST" duration-ms="88" status="PASS">
          <reporter-output>
          </reporter-output>
        </test-method> <!-- tearDownDriver -->
      </class> <!-- com.eyebeem.tests.products.ProductsPageFilterTest -->
      <class name="com.eyebeem.tests.products.ProductsPageDisplayTest">
        <test-method is-config="true" signature="setUpDriver()[pri:0, instance:com.eyebeem.tests.products.ProductsPageDisplayTest@5119fb47]" started-at="2026-02-20T10:15:52 IST" name="setUpDriver" finished-at="2026-02-20T10:15:53 IST" duration-ms="1091" status="PASS">
          <reporter-output>
          </reporter-output>
        </test-method> <!-- setUpDriver -->
        <test-method signature="productsPageDisplaysAllProducts()[pri:0, instance:com.eyebeem.tests.products.ProductsPageDisplayTest@5119fb47]" started-at="2026-02-20T10:15:53 IST" name="productsPageDisplaysAllProducts" finished-at="2026-02-20T10:15:53 IST" duration-ms="697" status="PASS">
          <reporter-output>
          </reporter-output>
        </test-method> <!-- productsPageDisplaysAllProducts -->
        <test-method is-config="true" signature="tearDownDriver()[pri:0, instance:com.eyebeem.tests.products.ProductsPageDisplayTest@5119fb47]" started-at="2026-02-20T10:15:53 IST" name="tearDownDriver" finished-at="2026-02-20T10:15:54 IST" duration-ms="88" status="PASS">
          <reporter-output>
          </reporter-output>
        </test-method> <!-- tearDownDriver -->
      </class> <!-- com.eyebeem.tests.products.ProductsPageDisplayTest -->
    </test> <!-- Products Page Tests -->
    <test started-at="2026-02-20T10:16:03 IST" name="Cart Page Tests" finished-at="2026-02-20T10:16:15 IST" duration-ms="12194">
      <class name="com.eyebeem.tests.cart.CartPageEmptyTest">
        <test-method is-config="true" signature="setUpDriver()[pri:0, instance:com.eyebeem.tests.cart.CartPageEmptyTest@40ef3420]" started-at="2026-02-20T10:16:03 IST" name="setUpDriver" finished-at="2026-02-20T10:16:04 IST" duration-ms="1020" status="PASS">
          <reporter-output>
          </reporter-output>
        </test-method> <!-- setUpDriver -->
        <test-method signature="cartPageShowsEmptyMessageWhenCartIsEmpty()[pri:0, instance:com.eyebeem.tests.cart.CartPageEmptyTest@40ef3420]" started-at="2026-02-20T10:16:04 IST" name="cartPageShowsEmptyMessageWhenCartIsEmpty" finished-at="2026-02-20T10:16:05 IST" duration-ms="677" status="PASS">
          <reporter-output>
          </reporter-output>
        </test-method> <!-- cartPageShowsEmptyMessageWhenCartIsEmpty -->
        <test-method is-config="true" signature="tearDownDriver()[pri:0, instance:com.eyebeem.tests.cart.CartPageEmptyTest@40ef3420]" started-at="2026-02-20T10:16:05 IST" name="tearDownDriver" finished-at="2026-02-20T10:16:05 IST" duration-ms="89" status="PASS">
          <reporter-output>
          </reporter-output>
        </test-method> <!-- tearDownDriver -->
      </class> <!-- com.eyebeem.tests.cart.CartPageEmptyTest -->
      <class name="com.eyebeem.tests.cart.CartPageShopProductsLinkTest">
        <test-method is-config="true" signature="setUpDriver()[pri:0, instance:com.eyebeem.tests.cart.CartPageShopProductsLinkTest@59fd97a8]" started-at="2026-02-20T10:16:13 IST" name="setUpDriver" finished-at="2026-02-20T10:16:14 IST" duration-ms="1158" status="PASS">
          <reporter-output>
          </reporter-output>
        </test-method> <!-- setUpDriver -->
        <test-method signature="shopProductsLinkNavigatesToProducts()[pri:0, instance:com.eyebeem.tests.cart.CartPageShopProductsLinkTest@59fd97a8]" started-at="2026-02-20T10:16:14 IST" name="shopProductsLinkNavigatesToProducts" finished-at="2026-02-20T10:16:15 IST" duration-ms="783" status="PASS">
          <reporter-output>
          </reporter-output>
        </test-method> <!-- shopProductsLinkNavigatesToProducts -->
        <test-method is-config="true" signature="tearDownDriver()[pri:0, instance:com.eyebeem.tests.cart.CartPageShopProductsLinkTest@59fd97a8]" started-at="2026-02-20T10:16:15 IST" name="tearDownDriver" finished-at="2026-02-20T10:16:15 IST" duration-ms="91" status="PASS">
          <reporter-output>
          </reporter-output>
        </test-method> <!-- tearDownDriver -->
      </class> <!-- com.eyebeem.tests.cart.CartPageShopProductsLinkTest -->
      <class name="com.eyebeem.tests.cart.CartPageClearButtonTest">
        <test-method is-config="true" signature="setUpDriver()[pri:0, instance:com.eyebeem.tests.cart.CartPageClearButtonTest@795cd85e]" started-at="2026-02-20T10:16:11 IST" name="setUpDriver" finished-at="2026-02-20T10:16:12 IST" duration-ms="1177" status="PASS">
          <reporter-output>
          </reporter-output>
        </test-method> <!-- setUpDriver -->
        <test-method signature="clearCartButtonEmptiesCart()[pri:0, instance:com.eyebeem.tests.cart.CartPageClearButtonTest@795cd85e]" started-at="2026-02-20T10:16:12 IST" name="clearCartButtonEmptiesCart" finished-at="2026-02-20T10:16:13 IST" duration-ms="847" status="PASS">
          <reporter-output>
          </reporter-output>
        </test-method> <!-- clearCartButtonEmptiesCart -->
        <test-method is-config="true" signature="tearDownDriver()[pri:0, instance:com.eyebeem.tests.cart.CartPageClearButtonTest@795cd85e]" started-at="2026-02-20T10:16:13 IST" name="tearDownDriver" finished-at="2026-02-20T10:16:13 IST" duration-ms="93" status="PASS">
          <reporter-output>
          </reporter-output>
        </test-method> <!-- tearDownDriver -->
      </class> <!-- com.eyebeem.tests.cart.CartPageClearButtonTest -->
      <class name="com.eyebeem.tests.cart.CartPageTotalTest">
        <test-method is-config="true" signature="setUpDriver()[pri:0, instance:com.eyebeem.tests.cart.CartPageTotalTest@6e171cd7]" started-at="2026-02-20T10:16:07 IST" name="setUpDriver" finished-at="2026-02-20T10:16:08 IST" duration-ms="1076" status="PASS">
          <reporter-output>
          </reporter-output>
        </test-method> <!-- setUpDriver -->
        <test-method signature="cartPageDisplaysCorrectTotal()[pri:0, instance:com.eyebeem.tests.cart.CartPageTotalTest@6e171cd7]" started-at="2026-02-20T10:16:08 IST" name="cartPageDisplaysCorrectTotal" finished-at="2026-02-20T10:16:09 IST" duration-ms="799" status="PASS">
          <reporter-output>
          </reporter-output>
        </test-method> <!-- cartPageDisplaysCorrectTotal -->
        <test-method is-config="true" signature="tearDownDriver()[pri:0, instance:com.eyebeem.tests.cart.CartPageTotalTest@6e171cd7]" started-at="2026-02-20T10:16:09 IST" name="tearDownDriver" finished-at="2026-02-20T10:16:09 IST" duration-ms="88" status="PASS">
          <reporter-output>
          </reporter-output>
        </test-method> <!-- tearDownDriver -->
      </class> <!-- com.eyebeem.tests.cart.CartPageTotalTest -->
      <class name="com.eyebeem.tests.cart.CartPageCheckoutTest">
        <test-method is-config="true" signature="setUpDriver()[pri:0, instance:com.eyebeem.tests.cart.CartPageCheckoutTest@402bba4f]" started-at="2026-02-20T10:16:09 IST" name="setUpDriver" finished-at="2026-02-20T10:16:10 IST" duration-ms="963" status="PASS">
          <reporter-output>
          </reporter-output>
        </test-method> <!-- setUpDriver -->
        <test-method signature="checkoutButtonNavigatesToCheckoutPage()[pri:0, instance:com.eyebeem.tests.cart.CartPageCheckoutTest@402bba4f]" started-at="2026-02-20T10:16:10 IST" name="checkoutButtonNavigatesToCheckoutPage" finished-at="2026-02-20T10:16:11 IST" duration-ms="1372" status="PASS">
          <reporter-output>
          </reporter-output>
        </test-method> <!-- checkoutButtonNavigatesToCheckoutPage -->
        <test-method is-config="true" signature="tearDownDriver()[pri:0, instance:com.eyebeem.tests.cart.CartPageCheckoutTest@402bba4f]" started-at="2026-02-20T10:16:11 IST" name="tearDownDriver" finished-at="2026-02-20T10:16:11 IST" duration-ms="96" status="PASS">
          <reporter-output>
          </reporter-output>
        </test-method> <!-- tearDownDriver -->
      </class> <!-- com.eyebeem.tests.cart.CartPageCheckoutTest -->
      <class name="com.eyebeem.tests.cart.CartPageItemsTest">
        <test-method is-config="true" signature="setUpDriver()[pri:0, instance:com.eyebeem.tests.cart.CartPageItemsTest@498d318c]" started-at="2026-02-20T10:16:05 IST" name="setUpDriver" finished-at="2026-02-20T10:16:06 IST" duration-ms="950" status="PASS">
          <reporter-output>
          </reporter-output>
        </test-method> <!-- setUpDriver -->
        <test-method signature="cartPageDisplaysItemsWhenCartHasProducts()[pri:0, instance:com.eyebeem.tests.cart.CartPageItemsTest@498d318c]" started-at="2026-02-20T10:16:06 IST" name="cartPageDisplaysItemsWhenCartHasProducts" finished-at="2026-02-20T10:16:07 IST" duration-ms="813" status="PASS">
          <reporter-output>
          </reporter-output>
        </test-method> <!-- cartPageDisplaysItemsWhenCartHasProducts -->
        <test-method is-config="true" signature="tearDownDriver()[pri:0, instance:com.eyebeem.tests.cart.CartPageItemsTest@498d318c]" started-at="2026-02-20T10:16:07 IST" name="tearDownDriver" finished-at="2026-02-20T10:16:07 IST" duration-ms="94" status="PASS">
          <reporter-output>
          </reporter-output>
        </test-method> <!-- tearDownDriver -->
      </class> <!-- com.eyebeem.tests.cart.CartPageItemsTest -->
    </test> <!-- Cart Page Tests -->
    <test started-at="2026-02-20T10:16:15 IST" name="Checkout Page Tests" finished-at="2026-02-20T10:16:27 IST" duration-ms="11848">
      <class name="com.eyebeem.tests.checkout.CheckoutPageOrderTest">
        <test-method is-config="true" signature="setUpDriver()[pri:0, instance:com.eyebeem.tests.checkout.CheckoutPageOrderTest@1a451d4d]" started-at="2026-02-20T10:16:20 IST" name="setUpDriver" finished-at="2026-02-20T10:16:21 IST" duration-ms="1018" status="PASS">
          <reporter-output>
          </reporter-output>
        </test-method> <!-- setUpDriver -->
        <test-method signature="checkoutCompletesOrderSuccessfully()[pri:0, instance:com.eyebeem.tests.checkout.CheckoutPageOrderTest@1a451d4d]" started-at="2026-02-20T10:16:21 IST" name="checkoutCompletesOrderSuccessfully" finished-at="2026-02-20T10:16:23 IST" duration-ms="1710" status="PASS">
          <reporter-output>
          </reporter-output>
        </test-method> <!-- checkoutCompletesOrderSuccessfully -->
        <test-method is-config="true" signature="tearDownDriver()[pri:0, instance:com.eyebeem.tests.checkout.CheckoutPageOrderTest@1a451d4d]" started-at="2026-02-20T10:16:23 IST" name="tearDownDriver" finished-at="2026-02-20T10:16:23 IST" duration-ms="92" status="PASS">
          <reporter-output>
          </reporter-output>
        </test-method> <!-- tearDownDriver -->
      </class> <!-- com.eyebeem.tests.checkout.CheckoutPageOrderTest -->
      <class name="com.eyebeem.tests.checkout.CheckoutPageBackToCartTest">
        <test-method is-config="true" signature="setUpDriver()[pri:0, instance:com.eyebeem.tests.checkout.CheckoutPageBackToCartTest@15ff3e9e]" started-at="2026-02-20T10:16:25 IST" name="setUpDriver" finished-at="2026-02-20T10:16:26 IST" duration-ms="960" status="PASS">
          <reporter-output>
          </reporter-output>
        </test-method> <!-- setUpDriver -->
        <test-method signature="backToCartLinkNavigatesToCart()[pri:0, instance:com.eyebeem.tests.checkout.CheckoutPageBackToCartTest@15ff3e9e]" started-at="2026-02-20T10:16:26 IST" name="backToCartLinkNavigatesToCart" finished-at="2026-02-20T10:16:27 IST" duration-ms="1403" status="PASS">
          <reporter-output>
          </reporter-output>
        </test-method> <!-- backToCartLinkNavigatesToCart -->
        <test-method is-config="true" signature="tearDownDriver()[pri:0, instance:com.eyebeem.tests.checkout.CheckoutPageBackToCartTest@15ff3e9e]" started-at="2026-02-20T10:16:27 IST" name="tearDownDriver" finished-at="2026-02-20T10:16:27 IST" duration-ms="90" status="PASS">
          <reporter-output>
          </reporter-output>
        </test-method> <!-- tearDownDriver -->
      </class> <!-- com.eyebeem.tests.checkout.CheckoutPageBackToCartTest -->
      <class name="com.eyebeem.tests.checkout.CheckoutPagePaymentTest">
        <test-method is-config="true" signature="setUpDriver()[pri:0, instance:com.eyebeem.tests.checkout.CheckoutPagePaymentTest@62150f9e]" started-at="2026-02-20T10:16:18 IST" name="setUpDriver" finished-at="2026-02-20T10:16:19 IST" duration-ms="1153" status="PASS">
          <reporter-output>
          </reporter-output>
        </test-method> <!-- setUpDriver -->
        <test-method signature="checkoutPaymentStepDisplaysPaymentOptions()[pri:0, instance:com.eyebeem.tests.checkout.CheckoutPagePaymentTest@62150f9e]" started-at="2026-02-20T10:16:19 IST" name="checkoutPaymentStepDisplaysPaymentOptions" finished-at="2026-02-20T10:16:20 IST" duration-ms="1210" status="PASS">
          <reporter-output>
          </reporter-output>
        </test-method> <!-- checkoutPaymentStepDisplaysPaymentOptions -->
        <test-method is-config="true" signature="tearDownDriver()[pri:0, instance:com.eyebeem.tests.checkout.CheckoutPagePaymentTest@62150f9e]" started-at="2026-02-20T10:16:20 IST" name="tearDownDriver" finished-at="2026-02-20T10:16:20 IST" duration-ms="89" status="PASS">
          <reporter-output>
          </reporter-output>
        </test-method> <!-- tearDownDriver -->
      </class> <!-- com.eyebeem.tests.checkout.CheckoutPagePaymentTest -->
      <class name="com.eyebeem.tests.checkout.CheckoutPageEmptyCartTest">
        <test-method is-config="true" signature="setUpDriver()[pri:0, instance:com.eyebeem.tests.checkout.CheckoutPageEmptyCartTest@7fa98a66]" started-at="2026-02-20T10:16:23 IST" name="setUpDriver" finished-at="2026-02-20T10:16:24 IST" duration-ms="1128" status="PASS">
          <reporter-output>
          </reporter-output>
        </test-method> <!-- setUpDriver -->
        <test-method signature="checkoutShowsEmptyMessageWhenCartEmpty()[pri:0, instance:com.eyebeem.tests.checkout.CheckoutPageEmptyCartTest@7fa98a66]" started-at="2026-02-20T10:16:24 IST" name="checkoutShowsEmptyMessageWhenCartEmpty" finished-at="2026-02-20T10:16:25 IST" duration-ms="648" status="PASS">
          <reporter-output>
          </reporter-output>
        </test-method> <!-- checkoutShowsEmptyMessageWhenCartEmpty -->
        <test-method is-config="true" signature="tearDownDriver()[pri:0, instance:com.eyebeem.tests.checkout.CheckoutPageEmptyCartTest@7fa98a66]" started-at="2026-02-20T10:16:25 IST" name="tearDownDriver" finished-at="2026-02-20T10:16:25 IST" duration-ms="94" status="PASS">
          <reporter-output>
          </reporter-output>
        </test-method> <!-- tearDownDriver -->
      </class> <!-- com.eyebeem.tests.checkout.CheckoutPageEmptyCartTest -->
      <class name="com.eyebeem.tests.checkout.CheckoutPageAddressTest">
        <test-method is-config="true" signature="setUpDriver()[pri:0, instance:com.eyebeem.tests.checkout.CheckoutPageAddressTest@6c80d78a]" started-at="2026-02-20T10:16:15 IST" name="setUpDriver" finished-at="2026-02-20T10:16:16 IST" duration-ms="1072" status="PASS">
          <reporter-output>
          </reporter-output>
        </test-method> <!-- setUpDriver -->
        <test-method signature="checkoutPageAddressFormAcceptsValidInput()[pri:0, instance:com.eyebeem.tests.checkout.CheckoutPageAddressTest@6c80d78a]" started-at="2026-02-20T10:16:16 IST" name="checkoutPageAddressFormAcceptsValidInput" finished-at="2026-02-20T10:16:17 IST" duration-ms="1086" status="PASS">
          <reporter-output>
          </reporter-output>
        </test-method> <!-- checkoutPageAddressFormAcceptsValidInput -->
        <test-method is-config="true" signature="tearDownDriver()[pri:0, instance:com.eyebeem.tests.checkout.CheckoutPageAddressTest@6c80d78a]" started-at="2026-02-20T10:16:17 IST" name="tearDownDriver" finished-at="2026-02-20T10:16:18 IST" duration-ms="92" status="PASS">
          <reporter-output>
          </reporter-output>
        </test-method> <!-- tearDownDriver -->
      </class> <!-- com.eyebeem.tests.checkout.CheckoutPageAddressTest -->
    </test> <!-- Checkout Page Tests -->
    <test started-at="2026-02-20T10:16:27 IST" name="Orders Page Tests" finished-at="2026-02-20T10:16:41 IST" duration-ms="13794">
      <class name="com.eyebeem.tests.orders.OrdersPageShopProductsLinkTest">
        <test-method is-config="true" signature="setUpDriver()[pri:0, instance:com.eyebeem.tests.orders.OrdersPageShopProductsLinkTest@7c729a55]" started-at="2026-02-20T10:16:38 IST" name="setUpDriver" finished-at="2026-02-20T10:16:40 IST" duration-ms="1905" status="PASS">
          <reporter-output>
          </reporter-output>
        </test-method> <!-- setUpDriver -->
        <test-method signature="shopProductsLinkNavigatesToProducts()[pri:0, instance:com.eyebeem.tests.orders.OrdersPageShopProductsLinkTest@7c729a55]" started-at="2026-02-20T10:16:40 IST" name="shopProductsLinkNavigatesToProducts" finished-at="2026-02-20T10:16:41 IST" duration-ms="815" status="PASS">
          <reporter-output>
          </reporter-output>
        </test-method> <!-- shopProductsLinkNavigatesToProducts -->
        <test-method is-config="true" signature="tearDownDriver()[pri:0, instance:com.eyebeem.tests.orders.OrdersPageShopProductsLinkTest@7c729a55]" started-at="2026-02-20T10:16:41 IST" name="tearDownDriver" finished-at="2026-02-20T10:16:41 IST" duration-ms="90" status="PASS">
          <reporter-output>
          </reporter-output>
        </test-method> <!-- tearDownDriver -->
      </class> <!-- com.eyebeem.tests.orders.OrdersPageShopProductsLinkTest -->
      <class name="com.eyebeem.tests.orders.OrdersPageEmptyTest">
        <test-method is-config="true" signature="setUpDriver()[pri:0, instance:com.eyebeem.tests.orders.OrdersPageEmptyTest@158da8e]" started-at="2026-02-20T10:16:27 IST" name="setUpDriver" finished-at="2026-02-20T10:16:28 IST" duration-ms="1111" status="PASS">
          <reporter-output>
          </reporter-output>
        </test-method> <!-- setUpDriver -->
        <test-method signature="ordersPageShowsEmptyMessageWhenNoOrders()[pri:0, instance:com.eyebeem.tests.orders.OrdersPageEmptyTest@158da8e]" started-at="2026-02-20T10:16:28 IST" name="ordersPageShowsEmptyMessageWhenNoOrders" finished-at="2026-02-20T10:16:29 IST" duration-ms="671" status="PASS">
          <reporter-output>
          </reporter-output>
        </test-method> <!-- ordersPageShowsEmptyMessageWhenNoOrders -->
        <test-method is-config="true" signature="tearDownDriver()[pri:0, instance:com.eyebeem.tests.orders.OrdersPageEmptyTest@158da8e]" started-at="2026-02-20T10:16:29 IST" name="tearDownDriver" finished-at="2026-02-20T10:16:29 IST" duration-ms="93" status="PASS">
          <reporter-output>
          </reporter-output>
        </test-method> <!-- tearDownDriver -->
      </class> <!-- com.eyebeem.tests.orders.OrdersPageEmptyTest -->
      <class name="com.eyebeem.tests.orders.OrdersPageDetailsTest">
        <test-method is-config="true" signature="setUpDriver()[pri:0, instance:com.eyebeem.tests.orders.OrdersPageDetailsTest@47af7f3d]" started-at="2026-02-20T10:16:33 IST" name="setUpDriver" finished-at="2026-02-20T10:16:34 IST" duration-ms="1166" status="PASS">
          <reporter-output>
          </reporter-output>
        </test-method> <!-- setUpDriver -->
        <test-method signature="ordersPageDisplaysOrderDetailsCorrectly()[pri:0, instance:com.eyebeem.tests.orders.OrdersPageDetailsTest@47af7f3d]" started-at="2026-02-20T10:16:34 IST" name="ordersPageDisplaysOrderDetailsCorrectly" finished-at="2026-02-20T10:16:38 IST" duration-ms="3375" status="PASS">
          <reporter-output>
          </reporter-output>
        </test-method> <!-- ordersPageDisplaysOrderDetailsCorrectly -->
        <test-method is-config="true" signature="tearDownDriver()[pri:0, instance:com.eyebeem.tests.orders.OrdersPageDetailsTest@47af7f3d]" started-at="2026-02-20T10:16:38 IST" name="tearDownDriver" finished-at="2026-02-20T10:16:38 IST" duration-ms="221" status="PASS">
          <reporter-output>
          </reporter-output>
        </test-method> <!-- tearDownDriver -->
      </class> <!-- com.eyebeem.tests.orders.OrdersPageDetailsTest -->
      <class name="com.eyebeem.tests.orders.OrdersPageListTest">
        <test-method is-config="true" signature="setUpDriver()[pri:0, instance:com.eyebeem.tests.orders.OrdersPageListTest@74e52303]" started-at="2026-02-20T10:16:29 IST" name="setUpDriver" finished-at="2026-02-20T10:16:30 IST" duration-ms="974" status="PASS">
          <reporter-output>
          </reporter-output>
        </test-method> <!-- setUpDriver -->
        <test-method signature="ordersPageDisplaysOrderListAfterOrderIsPlaced()[pri:0, instance:com.eyebeem.tests.orders.OrdersPageListTest@74e52303]" started-at="2026-02-20T10:16:30 IST" name="ordersPageDisplaysOrderListAfterOrderIsPlaced" finished-at="2026-02-20T10:16:33 IST" duration-ms="3219" status="PASS">
          <reporter-output>
          </reporter-output>
        </test-method> <!-- ordersPageDisplaysOrderListAfterOrderIsPlaced -->
        <test-method is-config="true" signature="tearDownDriver()[pri:0, instance:com.eyebeem.tests.orders.OrdersPageListTest@74e52303]" started-at="2026-02-20T10:16:33 IST" name="tearDownDriver" finished-at="2026-02-20T10:16:33 IST" duration-ms="97" status="PASS">
          <reporter-output>
          </reporter-output>
        </test-method> <!-- tearDownDriver -->
      </class> <!-- com.eyebeem.tests.orders.OrdersPageListTest -->
    </test> <!-- Orders Page Tests -->
    <test started-at="2026-02-20T10:16:41 IST" name="Layout Tests" finished-at="2026-02-20T10:16:45 IST" duration-ms="3563">
      <class name="com.eyebeem.tests.layout.LayoutFooterTest">
        <test-method is-config="true" signature="setUpDriver()[pri:0, instance:com.eyebeem.tests.layout.LayoutFooterTest@4567f35d]" started-at="2026-02-20T10:16:43 IST" name="setUpDriver" finished-at="2026-02-20T10:16:44 IST" duration-ms="984" status="PASS">
          <reporter-output>
          </reporter-output>
        </test-method> <!-- setUpDriver -->
        <test-method signature="footerIsVisibleOnHomePage()[pri:0, instance:com.eyebeem.tests.layout.LayoutFooterTest@4567f35d]" started-at="2026-02-20T10:16:44 IST" name="footerIsVisibleOnHomePage" finished-at="2026-02-20T10:16:44 IST" duration-ms="636" status="PASS">
          <reporter-output>
          </reporter-output>
        </test-method> <!-- footerIsVisibleOnHomePage -->
        <test-method is-config="true" signature="tearDownDriver()[pri:0, instance:com.eyebeem.tests.layout.LayoutFooterTest@4567f35d]" started-at="2026-02-20T10:16:44 IST" name="tearDownDriver" finished-at="2026-02-20T10:16:45 IST" duration-ms="91" status="PASS">
          <reporter-output>
          </reporter-output>
        </test-method> <!-- tearDownDriver -->
      </class> <!-- com.eyebeem.tests.layout.LayoutFooterTest -->
      <class name="com.eyebeem.tests.layout.LayoutHeaderTest">
        <test-method is-config="true" signature="setUpDriver()[pri:0, instance:com.eyebeem.tests.layout.LayoutHeaderTest@2e005c4b]" started-at="2026-02-20T10:16:41 IST" name="setUpDriver" finished-at="2026-02-20T10:16:42 IST" duration-ms="1121" status="PASS">
          <reporter-output>
          </reporter-output>
        </test-method> <!-- setUpDriver -->
        <test-method signature="headerIsVisibleOnHomePage()[pri:0, instance:com.eyebeem.tests.layout.LayoutHeaderTest@2e005c4b]" started-at="2026-02-20T10:16:42 IST" name="headerIsVisibleOnHomePage" finished-at="2026-02-20T10:16:43 IST" duration-ms="639" status="PASS">
          <reporter-output>
          </reporter-output>
        </test-method> <!-- headerIsVisibleOnHomePage -->
        <test-method is-config="true" signature="tearDownDriver()[pri:0, instance:com.eyebeem.tests.layout.LayoutHeaderTest@2e005c4b]" started-at="2026-02-20T10:16:43 IST" name="tearDownDriver" finished-at="2026-02-20T10:16:43 IST" duration-ms="88" status="PASS">
          <reporter-output>
          </reporter-output>
        </test-method> <!-- tearDownDriver -->
      </class> <!-- com.eyebeem.tests.layout.LayoutHeaderTest -->
    </test> <!-- Layout Tests -->
    <test started-at="2026-02-20T10:16:45 IST" name="Navigation Tests" finished-at="2026-02-20T10:16:48 IST" duration-ms="3692">
      <class name="com.eyebeem.tests.navigation.NavigationProductsLinkTest">
        <test-method is-config="true" signature="setUpDriver()[pri:0, instance:com.eyebeem.tests.navigation.NavigationProductsLinkTest@4466af20]" started-at="2026-02-20T10:16:45 IST" name="setUpDriver" finished-at="2026-02-20T10:16:46 IST" duration-ms="1109" status="PASS">
          <reporter-output>
          </reporter-output>
        </test-method> <!-- setUpDriver -->
        <test-method signature="productsLinkNavigatesToProductsPage()[pri:0, instance:com.eyebeem.tests.navigation.NavigationProductsLinkTest@4466af20]" started-at="2026-02-20T10:16:46 IST" name="productsLinkNavigatesToProductsPage" finished-at="2026-02-20T10:16:46 IST" duration-ms="688" status="PASS">
          <reporter-output>
          </reporter-output>
        </test-method> <!-- productsLinkNavigatesToProductsPage -->
        <test-method is-config="true" signature="tearDownDriver()[pri:0, instance:com.eyebeem.tests.navigation.NavigationProductsLinkTest@4466af20]" started-at="2026-02-20T10:16:46 IST" name="tearDownDriver" finished-at="2026-02-20T10:16:46 IST" duration-ms="91" status="PASS">
          <reporter-output>
          </reporter-output>
        </test-method> <!-- tearDownDriver -->
      </class> <!-- com.eyebeem.tests.navigation.NavigationProductsLinkTest -->
      <class name="com.eyebeem.tests.navigation.NavigationCartLinkTest">
        <test-method is-config="true" signature="setUpDriver()[pri:0, instance:com.eyebeem.tests.navigation.NavigationCartLinkTest@a514af7]" started-at="2026-02-20T10:16:46 IST" name="setUpDriver" finished-at="2026-02-20T10:16:47 IST" duration-ms="999" status="PASS">
          <reporter-output>
          </reporter-output>
        </test-method> <!-- setUpDriver -->
        <test-method signature="cartLinkNavigatesToCartPage()[pri:0, instance:com.eyebeem.tests.navigation.NavigationCartLinkTest@a514af7]" started-at="2026-02-20T10:16:47 IST" name="cartLinkNavigatesToCartPage" finished-at="2026-02-20T10:16:48 IST" duration-ms="716" status="PASS">
          <reporter-output>
          </reporter-output>
        </test-method> <!-- cartLinkNavigatesToCartPage -->
        <test-method is-config="true" signature="tearDownDriver()[pri:0, instance:com.eyebeem.tests.navigation.NavigationCartLinkTest@a514af7]" started-at="2026-02-20T10:16:48 IST" name="tearDownDriver" finished-at="2026-02-20T10:16:48 IST" duration-ms="89" status="PASS">
          <reporter-output>
          </reporter-output>
        </test-method> <!-- tearDownDriver -->
      </class> <!-- com.eyebeem.tests.navigation.NavigationCartLinkTest -->
    </test> <!-- Navigation Tests -->
    <test started-at="2026-02-20T10:16:48 IST" name="Product Images Tests" finished-at="2026-02-20T10:16:52 IST" duration-ms="3771">
      <class name="com.eyebeem.tests.images.ProductImagesProductsPageTest">
        <test-method is-config="true" signature="setUpDriver()[pri:0, instance:com.eyebeem.tests.images.ProductImagesProductsPageTest@4cc451f2]" started-at="2026-02-20T10:16:50 IST" name="setUpDriver" finished-at="2026-02-20T10:16:51 IST" duration-ms="1173" status="PASS">
          <reporter-output>
          </reporter-output>
        </test-method> <!-- setUpDriver -->
        <test-method signature="productsPageDisplaysProductImages()[pri:0, instance:com.eyebeem.tests.images.ProductImagesProductsPageTest@4cc451f2]" started-at="2026-02-20T10:16:51 IST" name="productsPageDisplaysProductImages" finished-at="2026-02-20T10:16:52 IST" duration-ms="670" status="PASS">
          <reporter-output>
          </reporter-output>
        </test-method> <!-- productsPageDisplaysProductImages -->
        <test-method is-config="true" signature="tearDownDriver()[pri:0, instance:com.eyebeem.tests.images.ProductImagesProductsPageTest@4cc451f2]" started-at="2026-02-20T10:16:52 IST" name="tearDownDriver" finished-at="2026-02-20T10:16:52 IST" duration-ms="97" status="PASS">
          <reporter-output>
          </reporter-output>
        </test-method> <!-- tearDownDriver -->
      </class> <!-- com.eyebeem.tests.images.ProductImagesProductsPageTest -->
      <class name="com.eyebeem.tests.images.ProductImagesHomePageTest">
        <test-method is-config="true" signature="setUpDriver()[pri:0, instance:com.eyebeem.tests.images.ProductImagesHomePageTest@4a94ee4]" started-at="2026-02-20T10:16:48 IST" name="setUpDriver" finished-at="2026-02-20T10:16:49 IST" duration-ms="1093" status="PASS">
          <reporter-output>
          </reporter-output>
        </test-method> <!-- setUpDriver -->
        <test-method signature="homePageDisplaysProductImages()[pri:0, instance:com.eyebeem.tests.images.ProductImagesHomePageTest@4a94ee4]" started-at="2026-02-20T10:16:49 IST" name="homePageDisplaysProductImages" finished-at="2026-02-20T10:16:50 IST" duration-ms="646" status="PASS">
          <reporter-output>
          </reporter-output>
        </test-method> <!-- homePageDisplaysProductImages -->
        <test-method is-config="true" signature="tearDownDriver()[pri:0, instance:com.eyebeem.tests.images.ProductImagesHomePageTest@4a94ee4]" started-at="2026-02-20T10:16:50 IST" name="tearDownDriver" finished-at="2026-02-20T10:16:50 IST" duration-ms="90" status="PASS">
          <reporter-output>
          </reporter-output>
        </test-method> <!-- tearDownDriver -->
      </class> <!-- com.eyebeem.tests.images.ProductImagesHomePageTest -->
    </test> <!-- Product Images Tests -->
    <test started-at="2026-02-20T10:16:52 IST" name="API Tests - Auth" finished-at="2026-02-20T10:16:52 IST" duration-ms="85">
      <class name="com.eyebeem.tests.api.AuthApiTest">
        <test-method signature="loginAsEachUser_fromTestData()[pri:0, instance:com.eyebeem.tests.api.AuthApiTest@5ddeb7cb]" started-at="2026-02-20T10:16:52 IST" name="loginAsEachUser_fromTestData" finished-at="2026-02-20T10:16:52 IST" duration-ms="53" status="PASS">
          <reporter-output>
          </reporter-output>
        </test-method> <!-- loginAsEachUser_fromTestData -->
        <test-method signature="login_user1_TestUser()[pri:0, instance:com.eyebeem.tests.api.AuthApiTest@5ddeb7cb]" started-at="2026-02-20T10:16:52 IST" name="login_user1_TestUser" finished-at="2026-02-20T10:16:52 IST" duration-ms="7" status="PASS">
          <reporter-output>
          </reporter-output>
        </test-method> <!-- login_user1_TestUser -->
        <test-method signature="login_user2_JaneDoe()[pri:0, instance:com.eyebeem.tests.api.AuthApiTest@5ddeb7cb]" started-at="2026-02-20T10:16:52 IST" name="login_user2_JaneDoe" finished-at="2026-02-20T10:16:52 IST" duration-ms="4" status="PASS">
          <reporter-output>
          </reporter-output>
        </test-method> <!-- login_user2_JaneDoe -->
        <test-method signature="login_user3_imaad()[pri:0, instance:com.eyebeem.tests.api.AuthApiTest@5ddeb7cb]" started-at="2026-02-20T10:16:52 IST" name="login_user3_imaad" finished-at="2026-02-20T10:16:52 IST" duration-ms="9" status="PASS">
          <reporter-output>
          </reporter-output>
        </test-method> <!-- login_user3_imaad -->
        <test-method signature="login_user4_aryan()[pri:0, instance:com.eyebeem.tests.api.AuthApiTest@5ddeb7cb]" started-at="2026-02-20T10:16:52 IST" name="login_user4_aryan" finished-at="2026-02-20T10:16:52 IST" duration-ms="5" status="PASS">
          <reporter-output>
          </reporter-output>
        </test-method> <!-- login_user4_aryan -->
        <test-method signature="login_user5_petlover()[pri:0, instance:com.eyebeem.tests.api.AuthApiTest@5ddeb7cb]" started-at="2026-02-20T10:16:52 IST" name="login_user5_petlover" finished-at="2026-02-20T10:16:52 IST" duration-ms="5" status="PASS">
          <reporter-output>
          </reporter-output>
        </test-method> <!-- login_user5_petlover -->
      </class> <!-- com.eyebeem.tests.api.AuthApiTest -->
    </test> <!-- API Tests - Auth -->
    <test started-at="2026-02-20T10:16:52 IST" name="API Tests - Orders" finished-at="2026-02-20T10:16:52 IST" duration-ms="54">
      <class name="com.eyebeem.tests.api.OrdersApiTest">
        <test-method signature="orderHistory_user1_hasOneOrder()[pri:0, instance:com.eyebeem.tests.api.OrdersApiTest@43df23d3]" started-at="2026-02-20T10:16:52 IST" name="orderHistory_user1_hasOneOrder" finished-at="2026-02-20T10:16:52 IST" duration-ms="5" status="PASS">
          <reporter-output>
          </reporter-output>
        </test-method> <!-- orderHistory_user1_hasOneOrder -->
        <test-method signature="orderHistory_user1_orderHasItems()[pri:0, instance:com.eyebeem.tests.api.OrdersApiTest@43df23d3]" started-at="2026-02-20T10:16:52 IST" name="orderHistory_user1_orderHasItems" finished-at="2026-02-20T10:16:52 IST" duration-ms="5" status="PASS">
          <reporter-output>
          </reporter-output>
        </test-method> <!-- orderHistory_user1_orderHasItems -->
        <test-method signature="orderHistory_user1_orderTotal99_99()[pri:0, instance:com.eyebeem.tests.api.OrdersApiTest@43df23d3]" started-at="2026-02-20T10:16:52 IST" name="orderHistory_user1_orderTotal99_99" finished-at="2026-02-20T10:16:52 IST" duration-ms="4" status="PASS">
          <reporter-output>
          </reporter-output>
        </test-method> <!-- orderHistory_user1_orderTotal99_99 -->
        <test-method signature="orderHistory_user2_empty()[pri:0, instance:com.eyebeem.tests.api.OrdersApiTest@43df23d3]" started-at="2026-02-20T10:16:52 IST" name="orderHistory_user2_empty" finished-at="2026-02-20T10:16:52 IST" duration-ms="2" status="PASS">
          <reporter-output>
          </reporter-output>
        </test-method> <!-- orderHistory_user2_empty -->
        <test-method signature="orderHistory_user3_hasOneOrder()[pri:0, instance:com.eyebeem.tests.api.OrdersApiTest@43df23d3]" started-at="2026-02-20T10:16:52 IST" name="orderHistory_user3_hasOneOrder" finished-at="2026-02-20T10:16:52 IST" duration-ms="4" status="PASS">
          <reporter-output>
          </reporter-output>
        </test-method> <!-- orderHistory_user3_hasOneOrder -->
        <test-method signature="orderHistory_user3_orderHasEDog()[pri:0, instance:com.eyebeem.tests.api.OrdersApiTest@43df23d3]" started-at="2026-02-20T10:16:52 IST" name="orderHistory_user3_orderHasEDog" finished-at="2026-02-20T10:16:52 IST" duration-ms="4" status="PASS">
          <reporter-output>
          </reporter-output>
        </test-method> <!-- orderHistory_user3_orderHasEDog -->
        <test-method signature="orderHistory_user3_orderTotal129_99()[pri:0, instance:com.eyebeem.tests.api.OrdersApiTest@43df23d3]" started-at="2026-02-20T10:16:52 IST" name="orderHistory_user3_orderTotal129_99" finished-at="2026-02-20T10:16:52 IST" duration-ms="4" status="PASS">
          <reporter-output>
          </reporter-output>
        </test-method> <!-- orderHistory_user3_orderTotal129_99 -->
        <test-method signature="orderHistory_user4_hasOneOrder()[pri:0, instance:com.eyebeem.tests.api.OrdersApiTest@43df23d3]" started-at="2026-02-20T10:16:52 IST" name="orderHistory_user4_hasOneOrder" finished-at="2026-02-20T10:16:52 IST" duration-ms="3" status="PASS">
          <reporter-output>
          </reporter-output>
        </test-method> <!-- orderHistory_user4_hasOneOrder -->
        <test-method signature="orderHistory_user4_orderHas4xECat()[pri:0, instance:com.eyebeem.tests.api.OrdersApiTest@43df23d3]" started-at="2026-02-20T10:16:52 IST" name="orderHistory_user4_orderHas4xECat" finished-at="2026-02-20T10:16:52 IST" duration-ms="4" status="PASS">
          <reporter-output>
          </reporter-output>
        </test-method> <!-- orderHistory_user4_orderHas4xECat -->
        <test-method signature="orderHistory_user4_orderTotal399_96()[pri:0, instance:com.eyebeem.tests.api.OrdersApiTest@43df23d3]" started-at="2026-02-20T10:16:52 IST" name="orderHistory_user4_orderTotal399_96" finished-at="2026-02-20T10:16:52 IST" duration-ms="5" status="PASS">
          <reporter-output>
          </reporter-output>
        </test-method> <!-- orderHistory_user4_orderTotal399_96 -->
        <test-method signature="orderHistory_user5_hasOneOrder()[pri:0, instance:com.eyebeem.tests.api.OrdersApiTest@43df23d3]" started-at="2026-02-20T10:16:52 IST" name="orderHistory_user5_hasOneOrder" finished-at="2026-02-20T10:16:52 IST" duration-ms="3" status="PASS">
          <reporter-output>
          </reporter-output>
        </test-method> <!-- orderHistory_user5_hasOneOrder -->
        <test-method signature="orderHistory_user5_orderHasEHamster()[pri:0, instance:com.eyebeem.tests.api.OrdersApiTest@43df23d3]" started-at="2026-02-20T10:16:52 IST" name="orderHistory_user5_orderHasEHamster" finished-at="2026-02-20T10:16:52 IST" duration-ms="4" status="PASS">
          <reporter-output>
          </reporter-output>
        </test-method> <!-- orderHistory_user5_orderHasEHamster -->
        <test-method signature="orderHistory_user5_orderTotal49_99()[pri:0, instance:com.eyebeem.tests.api.OrdersApiTest@43df23d3]" started-at="2026-02-20T10:16:52 IST" name="orderHistory_user5_orderTotal49_99" finished-at="2026-02-20T10:16:52 IST" duration-ms="3" status="PASS">
          <reporter-output>
          </reporter-output>
        </test-method> <!-- orderHistory_user5_orderTotal49_99 -->
      </class> <!-- com.eyebeem.tests.api.OrdersApiTest -->
    </test> <!-- API Tests - Orders -->
    <test started-at="2026-02-20T10:16:52 IST" name="API Tests - Products" finished-at="2026-02-20T10:16:52 IST" duration-ms="58">
      <class name="com.eyebeem.tests.api.ProductsApiTest">
        <test-method signature="getProduct1_price99_99()[pri:0, instance:com.eyebeem.tests.api.ProductsApiTest@433defed]" started-at="2026-02-20T10:16:52 IST" name="getProduct1_price99_99" finished-at="2026-02-20T10:16:52 IST" duration-ms="5" status="PASS">
          <reporter-output>
          </reporter-output>
        </test-method> <!-- getProduct1_price99_99 -->
        <test-method signature="getProduct1_returnsECat()[pri:0, instance:com.eyebeem.tests.api.ProductsApiTest@433defed]" started-at="2026-02-20T10:16:52 IST" name="getProduct1_returnsECat" finished-at="2026-02-20T10:16:52 IST" duration-ms="5" status="PASS">
          <reporter-output>
          </reporter-output>
        </test-method> <!-- getProduct1_returnsECat -->
        <test-method signature="getProduct2_price129_99()[pri:0, instance:com.eyebeem.tests.api.ProductsApiTest@433defed]" started-at="2026-02-20T10:16:52 IST" name="getProduct2_price129_99" finished-at="2026-02-20T10:16:52 IST" duration-ms="3" status="PASS">
          <reporter-output>
          </reporter-output>
        </test-method> <!-- getProduct2_price129_99 -->
        <test-method signature="getProduct2_returnsEDog()[pri:0, instance:com.eyebeem.tests.api.ProductsApiTest@433defed]" started-at="2026-02-20T10:16:52 IST" name="getProduct2_returnsEDog" finished-at="2026-02-20T10:16:52 IST" duration-ms="3" status="PASS">
          <reporter-output>
          </reporter-output>
        </test-method> <!-- getProduct2_returnsEDog -->
        <test-method signature="getProduct3_price49_99()[pri:0, instance:com.eyebeem.tests.api.ProductsApiTest@433defed]" started-at="2026-02-20T10:16:52 IST" name="getProduct3_price49_99" finished-at="2026-02-20T10:16:52 IST" duration-ms="3" status="PASS">
          <reporter-output>
          </reporter-output>
        </test-method> <!-- getProduct3_price49_99 -->
        <test-method signature="getProduct3_returnsEHamster()[pri:0, instance:com.eyebeem.tests.api.ProductsApiTest@433defed]" started-at="2026-02-20T10:16:52 IST" name="getProduct3_returnsEHamster" finished-at="2026-02-20T10:16:52 IST" duration-ms="5" status="PASS">
          <reporter-output>
          </reporter-output>
        </test-method> <!-- getProduct3_returnsEHamster -->
        <test-method signature="getProducts_hasECat()[pri:0, instance:com.eyebeem.tests.api.ProductsApiTest@433defed]" started-at="2026-02-20T10:16:52 IST" name="getProducts_hasECat" finished-at="2026-02-20T10:16:52 IST" duration-ms="22" status="PASS">
          <reporter-output>
          </reporter-output>
        </test-method> <!-- getProducts_hasECat -->
        <test-method signature="getProducts_hasEDog()[pri:0, instance:com.eyebeem.tests.api.ProductsApiTest@433defed]" started-at="2026-02-20T10:16:52 IST" name="getProducts_hasEDog" finished-at="2026-02-20T10:16:52 IST" duration-ms="4" status="PASS">
          <reporter-output>
          </reporter-output>
        </test-method> <!-- getProducts_hasEDog -->
        <test-method signature="getProducts_hasEHamster()[pri:0, instance:com.eyebeem.tests.api.ProductsApiTest@433defed]" started-at="2026-02-20T10:16:52 IST" name="getProducts_hasEHamster" finished-at="2026-02-20T10:16:52 IST" duration-ms="4" status="PASS">
          <reporter-output>
          </reporter-output>
        </test-method> <!-- getProducts_hasEHamster -->
        <test-method signature="getProducts_returnsThree()[pri:0, instance:com.eyebeem.tests.api.ProductsApiTest@433defed]" started-at="2026-02-20T10:16:52 IST" name="getProducts_returnsThree" finished-at="2026-02-20T10:16:52 IST" duration-ms="3" status="PASS">
          <reporter-output>
          </reporter-output>
        </test-method> <!-- getProducts_returnsThree -->
      </class> <!-- com.eyebeem.tests.api.ProductsApiTest -->
    </test> <!-- API Tests - Products -->
    <test started-at="2026-02-20T10:16:52 IST" name="API Tests - Users" finished-at="2026-02-20T10:16:52 IST" duration-ms="22">
      <class name="com.eyebeem.tests.api.UsersApiTest">
        <test-method signature="getUser1_orderHistoryHasOneOrder()[pri:0, instance:com.eyebeem.tests.api.UsersApiTest@45d84a20]" started-at="2026-02-20T10:16:52 IST" name="getUser1_orderHistoryHasOneOrder" finished-at="2026-02-20T10:16:52 IST" duration-ms="5" status="PASS">
          <reporter-output>
          </reporter-output>
        </test-method> <!-- getUser1_orderHistoryHasOneOrder -->
        <test-method signature="getUser1_returnsTestUser()[pri:0, instance:com.eyebeem.tests.api.UsersApiTest@45d84a20]" started-at="2026-02-20T10:16:52 IST" name="getUser1_returnsTestUser" finished-at="2026-02-20T10:16:52 IST" duration-ms="4" status="PASS">
          <reporter-output>
          </reporter-output>
        </test-method> <!-- getUser1_returnsTestUser -->
        <test-method signature="getUser2_orderHistoryEmpty()[pri:0, instance:com.eyebeem.tests.api.UsersApiTest@45d84a20]" started-at="2026-02-20T10:16:52 IST" name="getUser2_orderHistoryEmpty" finished-at="2026-02-20T10:16:52 IST" duration-ms="3" status="PASS">
          <reporter-output>
          </reporter-output>
        </test-method> <!-- getUser2_orderHistoryEmpty -->
        <test-method signature="getUser5_returnsPetlover()[pri:0, instance:com.eyebeem.tests.api.UsersApiTest@45d84a20]" started-at="2026-02-20T10:16:52 IST" name="getUser5_returnsPetlover" finished-at="2026-02-20T10:16:52 IST" duration-ms="4" status="PASS">
          <reporter-output>
          </reporter-output>
        </test-method> <!-- getUser5_returnsPetlover -->
        <test-method signature="getUser_hasOrderHistory()[pri:0, instance:com.eyebeem.tests.api.UsersApiTest@45d84a20]" started-at="2026-02-20T10:16:52 IST" name="getUser_hasOrderHistory" finished-at="2026-02-20T10:16:52 IST" duration-ms="6" status="PASS">
          <reporter-output>
          </reporter-output>
        </test-method> <!-- getUser_hasOrderHistory -->
      </class> <!-- com.eyebeem.tests.api.UsersApiTest -->
    </test> <!-- API Tests - Users -->
    <test started-at="2026-02-20T10:16:52 IST" name="API Tests - Cart" finished-at="2026-02-20T10:16:52 IST" duration-ms="64">
      <class name="com.eyebeem.tests.api.CartApiTest">
        <test-method signature="addToCart_thenGetCart_containsItem()[pri:0, instance:com.eyebeem.tests.api.CartApiTest@72bc6553]" started-at="2026-02-20T10:16:52 IST" name="addToCart_thenGetCart_containsItem" finished-at="2026-02-20T10:16:52 IST" duration-ms="38" status="PASS">
          <reporter-output>
          </reporter-output>
        </test-method> <!-- addToCart_thenGetCart_containsItem -->
        <test-method signature="getCart_eachUserReturns200()[pri:0, instance:com.eyebeem.tests.api.CartApiTest@72bc6553]" started-at="2026-02-20T10:16:52 IST" name="getCart_eachUserReturns200" finished-at="2026-02-20T10:16:52 IST" duration-ms="17" status="PASS">
          <reporter-output>
          </reporter-output>
        </test-method> <!-- getCart_eachUserReturns200 -->
        <test-method signature="getCart_returnsJsonObject()[pri:0, instance:com.eyebeem.tests.api.CartApiTest@72bc6553]" started-at="2026-02-20T10:16:52 IST" name="getCart_returnsJsonObject" finished-at="2026-02-20T10:16:52 IST" duration-ms="4" status="PASS">
          <reporter-output>
          </reporter-output>
        </test-method> <!-- getCart_returnsJsonObject -->
        <test-method signature="getCart_user1_returns200()[pri:0, instance:com.eyebeem.tests.api.CartApiTest@72bc6553]" started-at="2026-02-20T10:16:52 IST" name="getCart_user1_returns200" finished-at="2026-02-20T10:16:52 IST" duration-ms="3" status="PASS">
          <reporter-output>
          </reporter-output>
        </test-method> <!-- getCart_user1_returns200 -->
      </class> <!-- com.eyebeem.tests.api.CartApiTest -->
    </test> <!-- API Tests - Cart -->
    <test started-at="2026-02-20T10:16:52 IST" name="API Tests - Create Account E2E" finished-at="2026-02-20T10:16:52 IST" duration-ms="6">
      <class name="com.eyebeem.tests.api.CreateAccountApiTest">
        <test-method signature="createNewAccount_viaLogin_returnsUserWithId()[pri:0, instance:com.eyebeem.tests.api.CreateAccountApiTest@6c4906d3]" started-at="2026-02-20T10:16:52 IST" name="createNewAccount_viaLogin_returnsUserWithId" finished-at="2026-02-20T10:16:52 IST" duration-ms="6" status="PASS">
          <reporter-output>
          </reporter-output>
        </test-method> <!-- createNewAccount_viaLogin_returnsUserWithId -->
      </class> <!-- com.eyebeem.tests.api.CreateAccountApiTest -->
    </test> <!-- API Tests - Create Account E2E -->
    <test started-at="2026-02-20T10:16:52 IST" name="Database Tests" finished-at="2026-02-20T10:16:53 IST" duration-ms="293">
      <class name="com.eyebeem.tests.db.InventoryDbTest">
        <test-method signature="getAllInventory_ReturnsOrderedByProductId()[pri:0, instance:com.eyebeem.tests.db.InventoryDbTest@5e7cd6cc]" started-at="2026-02-20T10:16:52 IST" name="getAllInventory_ReturnsOrderedByProductId" finished-at="2026-02-20T10:16:52 IST" duration-ms="9" status="PASS">
          <reporter-output>
          </reporter-output>
        </test-method> <!-- getAllInventory_ReturnsOrderedByProductId -->
        <test-method signature="inventoryHasAtLeastThreeProducts()[pri:0, instance:com.eyebeem.tests.db.InventoryDbTest@5e7cd6cc]" started-at="2026-02-20T10:16:52 IST" name="inventoryHasAtLeastThreeProducts" finished-at="2026-02-20T10:16:52 IST" duration-ms="9" status="PASS">
          <reporter-output>
          </reporter-output>
        </test-method> <!-- inventoryHasAtLeastThreeProducts -->
        <test-method signature="inventoryTableExists()[pri:0, instance:com.eyebeem.tests.db.InventoryDbTest@5e7cd6cc]" started-at="2026-02-20T10:16:52 IST" name="inventoryTableExists" finished-at="2026-02-20T10:16:52 IST" duration-ms="4" status="PASS">
          <reporter-output>
          </reporter-output>
        </test-method> <!-- inventoryTableExists -->
        <test-method signature="product1_ECatExists()[pri:0, instance:com.eyebeem.tests.db.InventoryDbTest@5e7cd6cc]" started-at="2026-02-20T10:16:52 IST" name="product1_ECatExists" finished-at="2026-02-20T10:16:52 IST" duration-ms="3" status="PASS">
          <reporter-output>
          </reporter-output>
        </test-method> <!-- product1_ECatExists -->
        <test-method signature="product1_HasCorrectPrice()[pri:0, instance:com.eyebeem.tests.db.InventoryDbTest@5e7cd6cc]" started-at="2026-02-20T10:16:52 IST" name="product1_HasCorrectPrice" finished-at="2026-02-20T10:16:52 IST" duration-ms="4" status="PASS">
          <reporter-output>
          </reporter-output>
        </test-method> <!-- product1_HasCorrectPrice -->
        <test-method signature="product1_HasQuantity()[pri:0, instance:com.eyebeem.tests.db.InventoryDbTest@5e7cd6cc]" started-at="2026-02-20T10:16:52 IST" name="product1_HasQuantity" finished-at="2026-02-20T10:16:52 IST" duration-ms="3" status="PASS">
          <reporter-output>
          </reporter-output>
        </test-method> <!-- product1_HasQuantity -->
        <test-method signature="product2_EDogExists()[pri:0, instance:com.eyebeem.tests.db.InventoryDbTest@5e7cd6cc]" started-at="2026-02-20T10:16:52 IST" name="product2_EDogExists" finished-at="2026-02-20T10:16:52 IST" duration-ms="3" status="PASS">
          <reporter-output>
          </reporter-output>
        </test-method> <!-- product2_EDogExists -->
        <test-method signature="product2_HasCorrectPrice()[pri:0, instance:com.eyebeem.tests.db.InventoryDbTest@5e7cd6cc]" started-at="2026-02-20T10:16:52 IST" name="product2_HasCorrectPrice" finished-at="2026-02-20T10:16:52 IST" duration-ms="4" status="PASS">
          <reporter-output>
          </reporter-output>
        </test-method> <!-- product2_HasCorrectPrice -->
        <test-method signature="product3_EHamsterExists()[pri:0, instance:com.eyebeem.tests.db.InventoryDbTest@5e7cd6cc]" started-at="2026-02-20T10:16:52 IST" name="product3_EHamsterExists" finished-at="2026-02-20T10:16:52 IST" duration-ms="3" status="PASS">
          <reporter-output>
          </reporter-output>
        </test-method> <!-- product3_EHamsterExists -->
        <test-method signature="product3_HasCorrectPrice()[pri:0, instance:com.eyebeem.tests.db.InventoryDbTest@5e7cd6cc]" started-at="2026-02-20T10:16:52 IST" name="product3_HasCorrectPrice" finished-at="2026-02-20T10:16:52 IST" duration-ms="7" status="PASS">
          <reporter-output>
          </reporter-output>
        </test-method> <!-- product3_HasCorrectPrice -->
      </class> <!-- com.eyebeem.tests.db.InventoryDbTest -->
      <class name="com.eyebeem.tests.db.OrdersDataDbTest">
        <test-method signature="order1_user1_total99_99()[pri:0, instance:com.eyebeem.tests.db.OrdersDataDbTest@d554c5f]" started-at="2026-02-20T10:16:53 IST" name="order1_user1_total99_99" finished-at="2026-02-20T10:16:53 IST" duration-ms="3" status="PASS">
          <reporter-output>
          </reporter-output>
        </test-method> <!-- order1_user1_total99_99 -->
        <test-method signature="order2_user3_total129_99()[pri:0, instance:com.eyebeem.tests.db.OrdersDataDbTest@d554c5f]" started-at="2026-02-20T10:16:53 IST" name="order2_user3_total129_99" finished-at="2026-02-20T10:16:53 IST" duration-ms="3" status="PASS">
          <reporter-output>
          </reporter-output>
        </test-method> <!-- order2_user3_total129_99 -->
        <test-method signature="order3_user4_total399_96()[pri:0, instance:com.eyebeem.tests.db.OrdersDataDbTest@d554c5f]" started-at="2026-02-20T10:16:53 IST" name="order3_user4_total399_96" finished-at="2026-02-20T10:16:53 IST" duration-ms="3" status="PASS">
          <reporter-output>
          </reporter-output>
        </test-method> <!-- order3_user4_total399_96 -->
        <test-method signature="order4_user5_total49_99()[pri:0, instance:com.eyebeem.tests.db.OrdersDataDbTest@d554c5f]" started-at="2026-02-20T10:16:53 IST" name="order4_user5_total49_99" finished-at="2026-02-20T10:16:53 IST" duration-ms="3" status="PASS">
          <reporter-output>
          </reporter-output>
        </test-method> <!-- order4_user5_total49_99 -->
        <test-method signature="orderCount_atLeast4()[pri:0, instance:com.eyebeem.tests.db.OrdersDataDbTest@d554c5f]" started-at="2026-02-20T10:16:53 IST" name="orderCount_atLeast4" finished-at="2026-02-20T10:16:53 IST" duration-ms="3" status="PASS">
          <reporter-output>
          </reporter-output>
        </test-method> <!-- orderCount_atLeast4 -->
        <test-method signature="user1_hasOneOrder()[pri:0, instance:com.eyebeem.tests.db.OrdersDataDbTest@d554c5f]" started-at="2026-02-20T10:16:53 IST" name="user1_hasOneOrder" finished-at="2026-02-20T10:16:53 IST" duration-ms="2" status="PASS">
          <reporter-output>
          </reporter-output>
        </test-method> <!-- user1_hasOneOrder -->
        <test-method signature="user2_hasNoOrders()[pri:0, instance:com.eyebeem.tests.db.OrdersDataDbTest@d554c5f]" started-at="2026-02-20T10:16:53 IST" name="user2_hasNoOrders" finished-at="2026-02-20T10:16:53 IST" duration-ms="2" status="PASS">
          <reporter-output>
          </reporter-output>
        </test-method> <!-- user2_hasNoOrders -->
        <test-method signature="user3_hasOneOrder()[pri:0, instance:com.eyebeem.tests.db.OrdersDataDbTest@d554c5f]" started-at="2026-02-20T10:16:53 IST" name="user3_hasOneOrder" finished-at="2026-02-20T10:16:53 IST" duration-ms="2" status="PASS">
          <reporter-output>
          </reporter-output>
        </test-method> <!-- user3_hasOneOrder -->
        <test-method signature="user4_hasOneOrder()[pri:0, instance:com.eyebeem.tests.db.OrdersDataDbTest@d554c5f]" started-at="2026-02-20T10:16:53 IST" name="user4_hasOneOrder" finished-at="2026-02-20T10:16:53 IST" duration-ms="2" status="PASS">
          <reporter-output>
          </reporter-output>
        </test-method> <!-- user4_hasOneOrder -->
        <test-method signature="user5_hasOneOrder()[pri:0, instance:com.eyebeem.tests.db.OrdersDataDbTest@d554c5f]" started-at="2026-02-20T10:16:53 IST" name="user5_hasOneOrder" finished-at="2026-02-20T10:16:53 IST" duration-ms="3" status="PASS">
          <reporter-output>
          </reporter-output>
        </test-method> <!-- user5_hasOneOrder -->
      </class> <!-- com.eyebeem.tests.db.OrdersDataDbTest -->
      <class name="com.eyebeem.tests.db.UsersDbTest">
        <test-method signature="nonExistentUser_returnsNull()[pri:0, instance:com.eyebeem.tests.db.UsersDbTest@68c9d179]" started-at="2026-02-20T10:16:52 IST" name="nonExistentUser_returnsNull" finished-at="2026-02-20T10:16:52 IST" duration-ms="3" status="PASS">
          <reporter-output>
          </reporter-output>
        </test-method> <!-- nonExistentUser_returnsNull -->
        <test-method signature="user1_exists_withEmail()[pri:0, instance:com.eyebeem.tests.db.UsersDbTest@68c9d179]" started-at="2026-02-20T10:16:52 IST" name="user1_exists_withEmail" finished-at="2026-02-20T10:16:52 IST" duration-ms="3" status="PASS">
          <reporter-output>
          </reporter-output>
        </test-method> <!-- user1_exists_withEmail -->
        <test-method signature="user2_exists_withEmail()[pri:0, instance:com.eyebeem.tests.db.UsersDbTest@68c9d179]" started-at="2026-02-20T10:16:52 IST" name="user2_exists_withEmail" finished-at="2026-02-20T10:16:52 IST" duration-ms="3" status="PASS">
          <reporter-output>
          </reporter-output>
        </test-method> <!-- user2_exists_withEmail -->
        <test-method signature="user3_exists_withEmail()[pri:0, instance:com.eyebeem.tests.db.UsersDbTest@68c9d179]" started-at="2026-02-20T10:16:52 IST" name="user3_exists_withEmail" finished-at="2026-02-20T10:16:52 IST" duration-ms="3" status="PASS">
          <reporter-output>
          </reporter-output>
        </test-method> <!-- user3_exists_withEmail -->
        <test-method signature="user4_exists_withEmail()[pri:0, instance:com.eyebeem.tests.db.UsersDbTest@68c9d179]" started-at="2026-02-20T10:16:52 IST" name="user4_exists_withEmail" finished-at="2026-02-20T10:16:52 IST" duration-ms="3" status="PASS">
          <reporter-output>
          </reporter-output>
        </test-method> <!-- user4_exists_withEmail -->
        <test-method signature="user5_exists_withEmail()[pri:0, instance:com.eyebeem.tests.db.UsersDbTest@68c9d179]" started-at="2026-02-20T10:16:52 IST" name="user5_exists_withEmail" finished-at="2026-02-20T10:16:52 IST" duration-ms="3" status="PASS">
          <reporter-output>
          </reporter-output>
        </test-method> <!-- user5_exists_withEmail -->
        <test-method signature="userCount_atLeast5()[pri:0, instance:com.eyebeem.tests.db.UsersDbTest@68c9d179]" started-at="2026-02-20T10:16:52 IST" name="userCount_atLeast5" finished-at="2026-02-20T10:16:52 IST" duration-ms="3" status="PASS">
          <reporter-output>
          </reporter-output>
        </test-method> <!-- userCount_atLeast5 -->
        <test-method signature="usersTableExists()[pri:0, instance:com.eyebeem.tests.db.UsersDbTest@68c9d179]" started-at="2026-02-20T10:16:52 IST" name="usersTableExists" finished-at="2026-02-20T10:16:53 IST" duration-ms="5" status="PASS">
          <reporter-output>
          </reporter-output>
        </test-method> <!-- usersTableExists -->
      </class> <!-- com.eyebeem.tests.db.UsersDbTest -->
      <class name="com.eyebeem.tests.db.OrdersDbTest">
        <test-method signature="getOrderCount_ReturnsNonNegative()[pri:0, instance:com.eyebeem.tests.db.OrdersDbTest@4b8d604b]" started-at="2026-02-20T10:16:52 IST" name="getOrderCount_ReturnsNonNegative" finished-at="2026-02-20T10:16:52 IST" duration-ms="105" status="PASS">
          <reporter-output>
          </reporter-output>
        </test-method> <!-- getOrderCount_ReturnsNonNegative -->
        <test-method signature="getOrderItems_NonExistentOrderReturnsEmpty()[pri:0, instance:com.eyebeem.tests.db.OrdersDbTest@4b8d604b]" started-at="2026-02-20T10:16:52 IST" name="getOrderItems_NonExistentOrderReturnsEmpty" finished-at="2026-02-20T10:16:52 IST" duration-ms="11" status="PASS">
          <reporter-output>
          </reporter-output>
        </test-method> <!-- getOrderItems_NonExistentOrderReturnsEmpty -->
        <test-method signature="getOrderRow_NonExistentReturnsNull()[pri:0, instance:com.eyebeem.tests.db.OrdersDbTest@4b8d604b]" started-at="2026-02-20T10:16:52 IST" name="getOrderRow_NonExistentReturnsNull" finished-at="2026-02-20T10:16:52 IST" duration-ms="6" status="PASS">
          <reporter-output>
          </reporter-output>
        </test-method> <!-- getOrderRow_NonExistentReturnsNull -->
        <test-method signature="orderItemsTableExists()[pri:0, instance:com.eyebeem.tests.db.OrdersDbTest@4b8d604b]" started-at="2026-02-20T10:16:52 IST" name="orderItemsTableExists" finished-at="2026-02-20T10:16:52 IST" duration-ms="9" status="PASS">
          <reporter-output>
          </reporter-output>
        </test-method> <!-- orderItemsTableExists -->
        <test-method signature="orderItems_ReferValidProductIds()[pri:0, instance:com.eyebeem.tests.db.OrdersDbTest@4b8d604b]" started-at="2026-02-20T10:16:52 IST" name="orderItems_ReferValidProductIds" finished-at="2026-02-20T10:16:52 IST" duration-ms="4" status="PASS">
          <reporter-output>
          </reporter-output>
        </test-method> <!-- orderItems_ReferValidProductIds -->
        <test-method signature="ordersTableExists()[pri:0, instance:com.eyebeem.tests.db.OrdersDbTest@4b8d604b]" started-at="2026-02-20T10:16:52 IST" name="ordersTableExists" finished-at="2026-02-20T10:16:52 IST" duration-ms="5" status="PASS">
          <reporter-output>
          </reporter-output>
        </test-method> <!-- ordersTableExists -->
      </class> <!-- com.eyebeem.tests.db.OrdersDbTest -->
      <class name="com.eyebeem.tests.db.OrderItemsDbTest">
        <test-method signature="order1_hasOneItem_eCat()[pri:0, instance:com.eyebeem.tests.db.OrderItemsDbTest@2dfaea86]" started-at="2026-02-20T10:16:53 IST" name="order1_hasOneItem_eCat" finished-at="2026-02-20T10:16:53 IST" duration-ms="3" status="PASS">
          <reporter-output>
          </reporter-output>
        </test-method> <!-- order1_hasOneItem_eCat -->
        <test-method signature="order1_unitPrice99_99()[pri:0, instance:com.eyebeem.tests.db.OrderItemsDbTest@2dfaea86]" started-at="2026-02-20T10:16:53 IST" name="order1_unitPrice99_99" finished-at="2026-02-20T10:16:53 IST" duration-ms="3" status="PASS">
          <reporter-output>
          </reporter-output>
        </test-method> <!-- order1_unitPrice99_99 -->
        <test-method signature="order2_hasOneItem_eDog()[pri:0, instance:com.eyebeem.tests.db.OrderItemsDbTest@2dfaea86]" started-at="2026-02-20T10:16:53 IST" name="order2_hasOneItem_eDog" finished-at="2026-02-20T10:16:53 IST" duration-ms="2" status="PASS">
          <reporter-output>
          </reporter-output>
        </test-method> <!-- order2_hasOneItem_eDog -->
        <test-method signature="order3_hasOneItem_4xECat()[pri:0, instance:com.eyebeem.tests.db.OrderItemsDbTest@2dfaea86]" started-at="2026-02-20T10:16:53 IST" name="order3_hasOneItem_4xECat" finished-at="2026-02-20T10:16:53 IST" duration-ms="3" status="PASS">
          <reporter-output>
          </reporter-output>
        </test-method> <!-- order3_hasOneItem_4xECat -->
        <test-method signature="order4_hasOneItem_eHamster()[pri:0, instance:com.eyebeem.tests.db.OrderItemsDbTest@2dfaea86]" started-at="2026-02-20T10:16:53 IST" name="order4_hasOneItem_eHamster" finished-at="2026-02-20T10:16:53 IST" duration-ms="2" status="PASS">
          <reporter-output>
          </reporter-output>
        </test-method> <!-- order4_hasOneItem_eHamster -->
        <test-method signature="orderItems_productIdsReferInventory()[pri:0, instance:com.eyebeem.tests.db.OrderItemsDbTest@2dfaea86]" started-at="2026-02-20T10:16:53 IST" name="orderItems_productIdsReferInventory" finished-at="2026-02-20T10:16:53 IST" duration-ms="9" status="PASS">
          <reporter-output>
          </reporter-output>
        </test-method> <!-- orderItems_productIdsReferInventory -->
      </class> <!-- com.eyebeem.tests.db.OrderItemsDbTest -->
      <class name="com.eyebeem.tests.db.InventoryDataDbTest">
        <test-method signature="product1_hasNonNegativeQuantity()[pri:0, instance:com.eyebeem.tests.db.InventoryDataDbTest@15888343]" started-at="2026-02-20T10:16:53 IST" name="product1_hasNonNegativeQuantity" finished-at="2026-02-20T10:16:53 IST" duration-ms="2" status="PASS">
          <reporter-output>
          </reporter-output>
        </test-method> <!-- product1_hasNonNegativeQuantity -->
        <test-method signature="product1_nameECat()[pri:0, instance:com.eyebeem.tests.db.InventoryDataDbTest@15888343]" started-at="2026-02-20T10:16:53 IST" name="product1_nameECat" finished-at="2026-02-20T10:16:53 IST" duration-ms="3" status="PASS">
          <reporter-output>
          </reporter-output>
        </test-method> <!-- product1_nameECat -->
        <test-method signature="product2_hasNonNegativeQuantity()[pri:0, instance:com.eyebeem.tests.db.InventoryDataDbTest@15888343]" started-at="2026-02-20T10:16:53 IST" name="product2_hasNonNegativeQuantity" finished-at="2026-02-20T10:16:53 IST" duration-ms="3" status="PASS">
          <reporter-output>
          </reporter-output>
        </test-method> <!-- product2_hasNonNegativeQuantity -->
        <test-method signature="product2_nameEDog()[pri:0, instance:com.eyebeem.tests.db.InventoryDataDbTest@15888343]" started-at="2026-02-20T10:16:53 IST" name="product2_nameEDog" finished-at="2026-02-20T10:16:53 IST" duration-ms="3" status="PASS">
          <reporter-output>
          </reporter-output>
        </test-method> <!-- product2_nameEDog -->
        <test-method signature="product3_hasNonNegativeQuantity()[pri:0, instance:com.eyebeem.tests.db.InventoryDataDbTest@15888343]" started-at="2026-02-20T10:16:53 IST" name="product3_hasNonNegativeQuantity" finished-at="2026-02-20T10:16:53 IST" duration-ms="3" status="PASS">
          <reporter-output>
          </reporter-output>
        </test-method> <!-- product3_hasNonNegativeQuantity -->
        <test-method signature="product3_nameEHamster()[pri:0, instance:com.eyebeem.tests.db.InventoryDataDbTest@15888343]" started-at="2026-02-20T10:16:53 IST" name="product3_nameEHamster" finished-at="2026-02-20T10:16:53 IST" duration-ms="4" status="PASS">
          <reporter-output>
          </reporter-output>
        </test-method> <!-- product3_nameEHamster -->
      </class> <!-- com.eyebeem.tests.db.InventoryDataDbTest -->
    </test> <!-- Database Tests -->
  </suite> <!-- EYE BEE M Pets UI Suite -->
</testng-results>
