<?xml version="1.0" encoding="UTF-8"?>
<testsuite xmlns:xsi="http://www.w3.org/2001/XMLSchema-instance" xsi:noNamespaceSchemaLocation="https://maven.apache.org/surefire/maven-surefire-plugin/xsd/surefire-test-report-3.0.xsd" version="3.0" name="TestSuite" time="77.102" tests="37" errors="0" skipped="0" failures="0">
  <properties>
[...]
</properties>
  <testcase name="homePageTitleContainsAppName" classname="com.eyebeem.tests.home.HomePageTitleTest" time="0.17">
    <system-err><![CDATA[SLF4J(W): No SLF4J providers were found.
SLF4J(W): Defaulting to no-operation (NOP) logger implementation
SLF4J(W): See https://www.slf4j.org/codes.html#noProviders for further details.
]]></system-err>
  </testcase>
  <testcase name="heroSectionDisplaysHeadingAndTagline" classname="com.eyebeem.tests.home.HomePageHeroTest" time="0.681"/>
  <testcase name="navbarContainsAllNavigationLinks" classname="com.eyebeem.tests.home.HomePageNavbarTest" time="0.746"/>
  <testcase name="footerDisplaysCopyrightText" classname="com.eyebeem.tests.home.HomePageFooterTest" time="0.681"/>
  <testcase name="homePageShowsProductCardsWithAddToCart" classname="com.eyebeem.tests.home.HomePageProductsGridTest" time="0.675"/>
  <testcase name="logoLinkNavigatesToHome" classname="com.eyebeem.tests.home.HomePageLogoLinkTest" time="0.727"/>
  <testcase name="loginFormDisplaysNameAndEmailFields" classname="com.eyebeem.tests.login.LoginPageFormTest" time="0.707"/>
  <testcase name="loginFormAcceptsValidCredentials" classname="com.eyebeem.tests.login.LoginPageSubmitTest" time="0.932"/>
  <testcase name="logoutButtonReturnsToLoginForm" classname="com.eyebeem.tests.login.LoginPageLogoutTest" time="0.919"/>
  <testcase name="loginPageUrlAndTitleAreCorrect" classname="com.eyebeem.tests.login.LoginPageNavigationTest" time="0.647"/>
  <testcase name="loginFormHasNameAndEmailLabels" classname="com.eyebeem.tests.login.LoginPageFormLabelsTest" time="0.65"/>
  <testcase name="productsPageDisplaysAllProducts" classname="com.eyebeem.tests.products.ProductsPageDisplayTest" time="0.705"/>
  <testcase name="productSearchFiltersResults" classname="com.eyebeem.tests.products.ProductsPageSearchTest" time="1.056"/>
  <testcase name="productTypeFilterFiltersByType" classname="com.eyebeem.tests.products.ProductsPageFilterTest" time="0.734"/>
  <testcase name="addToCartButtonAddsProductToCart" classname="com.eyebeem.tests.products.ProductsPageAddToCartTest" time="0.728"/>
  <testcase name="productsPageHasSearchInput" classname="com.eyebeem.tests.products.ProductsPageSearchInputTest" time="0.647"/>
  <testcase name="productsPageHasTypeFilterDropdown" classname="com.eyebeem.tests.products.ProductsPageFilterDropdownTest" time="0.652"/>
  <testcase name="cartPageShowsEmptyMessageWhenCartIsEmpty" classname="com.eyebeem.tests.cart.CartPageEmptyTest" time="0.676"/>
  <testcase name="cartPageDisplaysItemsWhenCartHasProducts" classname="com.eyebeem.tests.cart.CartPageItemsTest" time="0.812"/>
  <testcase name="cartPageDisplaysCorrectTotal" classname="com.eyebeem.tests.cart.CartPageTotalTest" time="0.814"/>
  <testcase name="checkoutButtonNavigatesToCheckoutPage" classname="com.eyebeem.tests.cart.CartPageCheckoutTest" time="0.878"/>
  <testcase name="clearCartButtonEmptiesCart" classname="com.eyebeem.tests.cart.CartPageClearButtonTest" time="0.856"/>
  <testcase name="shopProductsLinkNavigatesToProducts" classname="com.eyebeem.tests.cart.CartPageShopProductsLinkTest" time="0.73"/>
  <testcase name="checkoutPageAddressFormAcceptsValidInput" classname="com.eyebeem.tests.checkout.CheckoutPageAddressTest" time="1.097"/>
  <testcase name="checkoutPaymentStepDisplaysPaymentOptions" classname="com.eyebeem.tests.checkout.CheckoutPagePaymentTest" time="1.123"/>
  <testcase name="checkoutCompletesOrderSuccessfully" classname="com.eyebeem.tests.checkout.CheckoutPageOrderTest" time="1.726"/>
  <testcase name="checkoutShowsEmptyMessageWhenCartEmpty" classname="com.eyebeem.tests.checkout.CheckoutPageEmptyCartTest" time="0.635"/>
  <testcase name="backToCartLinkNavigatesToCart" classname="com.eyebeem.tests.checkout.CheckoutPageBackToCartTest" time="1.483"/>
  <testcase name="ordersPageShowsEmptyMessageWhenNoOrders" classname="com.eyebeem.tests.orders.OrdersPageEmptyTest" time="0.673"/>
  <testcase name="ordersPageDisplaysOrderListAfterOrderIsPlaced" classname="com.eyebeem.tests.orders.OrdersPageListTest" time="2.761"/>
  <testcase name="ordersPageDisplaysOrderDetailsCorrectly" classname="com.eyebeem.tests.orders.OrdersPageDetailsTest" time="3.255"/>
  <testcase name="shopProductsLinkNavigatesToProducts" classname="com.eyebeem.tests.orders.OrdersPageShopProductsLinkTest" time="0.73"/>
  <testcase name="headerIsVisibleOnHomePage" classname="com.eyebeem.tests.layout.LayoutHeaderTest" time="0.656"/>
  <testcase name="footerIsVisibleOnHomePage" classname="com.eyebeem.tests.layout.LayoutFooterTest" time="0.638"/>
  <testcase name="productsLinkNavigatesToProductsPage" classname="com.eyebeem.tests.navigation.NavigationProductsLinkTest" time="0.708"/>
  <testcase name="cartLinkNavigatesToCartPage" classname="com.eyebeem.tests.navigation.NavigationCartLinkTest" time="0.716"/>
  <testcase name="ordersLinkNavigatesToOrdersPage" classname="com.eyebeem.tests.navigation.NavigationOrdersLinkTest" time="0.718"/>
</testsuite>