<?xml version="1.0" encoding="UTF-8"?>
<testng-results ignored="0" total="145" passed="144" failed="1" skipped="0">
  <reporter-output>
  </reporter-output>
  <suite started-at="2026-02-20T10:10:22 IST" name="EYE BEE M Pets UI Suite" finished-at="2026-02-20T10:11:51 IST" duration-ms="88636">
    <groups>
    </groups>
    <test started-at="2026-02-20T10:10:22 IST" name="Home Page Tests" finished-at="2026-02-20T10:10:36 IST" duration-ms="14245">
      <class name="com.eyebeem.tests.home.HomePageLogoLinkTest">
        <test-method is-config="true" signature="setUpDriver()[pri:0, instance:com.eyebeem.tests.home.HomePageLogoLinkTest@470f1802]" started-at="2026-02-20T10:10:34 IST" name="setUpDriver" finished-at="2026-02-20T10:10:36 IST" duration-ms="1194" status="PASS">
          <reporter-output>
          </reporter-output>
        </test-method> <!-- setUpDriver -->
        <test-method signature="logoLinkNavigatesToHome()[pri:0, instance:com.eyebeem.tests.home.HomePageLogoLinkTest@470f1802]" started-at="2026-02-20T10:10:36 IST" name="logoLinkNavigatesToHome" finished-at="2026-02-20T10:10:36 IST" duration-ms="698" status="PASS">
          <reporter-output>
          </reporter-output>
        </test-method> <!-- logoLinkNavigatesToHome -->
        <test-method is-config="true" signature="tearDownDriver()[pri:0, instance:com.eyebeem.tests.home.HomePageLogoLinkTest@470f1802]" started-at="2026-02-20T10:10:36 IST" name="tearDownDriver" finished-at="2026-02-20T10:10:36 IST" duration-ms="89" status="PASS">
          <reporter-output>
          </reporter-output>
        </test-method> <!-- tearDownDriver -->
      </class> <!-- com.eyebeem.tests.home.HomePageLogoLinkTest -->
      <class name="com.eyebeem.tests.home.HomePageProductsGridTest">
        <test-method is-config="true" signature="setUpDriver()[pri:0, instance:com.eyebeem.tests.home.HomePageProductsGridTest@3e2e18f2]" started-at="2026-02-20T10:10:33 IST" name="setUpDriver" finished-at="2026-02-20T10:10:34 IST" duration-ms="1010" status="PASS">
          <reporter-output>
          </reporter-output>
        </test-method> <!-- setUpDriver -->
        <test-method signature="homePageShowsProductCardsWithAddToCart()[pri:0, instance:com.eyebeem.tests.home.HomePageProductsGridTest@3e2e18f2]" started-at="2026-02-20T10:10:34 IST" name="homePageShowsProductCardsWithAddToCart" finished-at="2026-02-20T10:10:34 IST" duration-ms="664" status="PASS">
          <reporter-output>
          </reporter-output>
        </test-method> <!-- homePageShowsProductCardsWithAddToCart -->
        <test-method is-config="true" signature="tearDownDriver()[pri:0, instance:com.eyebeem.tests.home.HomePageProductsGridTest@3e2e18f2]" started-at="2026-02-20T10:10:34 IST" name="tearDownDriver" finished-at="2026-02-20T10:10:34 IST" duration-ms="96" status="PASS">
          <reporter-output>
          </reporter-output>
        </test-method> <!-- tearDownDriver -->
      </class> <!-- com.eyebeem.tests.home.HomePageProductsGridTest -->
      <class name="com.eyebeem.tests.home.HomePageTitleTest">
        <test-method is-config="true" signature="setUpDriver()[pri:0, instance:com.eyebeem.tests.home.HomePageTitleTest@3d680b5a]" started-at="2026-02-20T10:10:22 IST" name="setUpDriver" finished-at="2026-02-20T10:10:25 IST" duration-ms="2963" status="PASS">
          <reporter-output>
          </reporter-output>
        </test-method> <!-- setUpDriver -->
        <test-method signature="homePageTitleContainsAppName()[pri:0, instance:com.eyebeem.tests.home.HomePageTitleTest@3d680b5a]" started-at="2026-02-20T10:10:25 IST" name="homePageTitleContainsAppName" finished-at="2026-02-20T10:10:25 IST" duration-ms="214" status="PASS">
          <reporter-output>
          </reporter-output>
        </test-method> <!-- homePageTitleContainsAppName -->
        <test-method is-config="true" signature="tearDownDriver()[pri:0, instance:com.eyebeem.tests.home.HomePageTitleTest@3d680b5a]" started-at="2026-02-20T10:10:25 IST" name="tearDownDriver" finished-at="2026-02-20T10:10:25 IST" duration-ms="131" status="PASS">
          <reporter-output>
          </reporter-output>
        </test-method> <!-- tearDownDriver -->
      </class> <!-- com.eyebeem.tests.home.HomePageTitleTest -->
      <class name="com.eyebeem.tests.home.HomePageNavbarTest">
        <test-method is-config="true" signature="setUpDriver()[pri:0, instance:com.eyebeem.tests.home.HomePageNavbarTest@3c130745]" started-at="2026-02-20T10:10:28 IST" name="setUpDriver" finished-at="2026-02-20T10:10:29 IST" duration-ms="1060" status="PASS">
          <reporter-output>
          </reporter-output>
        </test-method> <!-- setUpDriver -->
        <test-method signature="navbarContainsAllNavigationLinks()[pri:0, instance:com.eyebeem.tests.home.HomePageNavbarTest@3c130745]" started-at="2026-02-20T10:10:29 IST" name="navbarContainsAllNavigationLinks" finished-at="2026-02-20T10:10:30 IST" duration-ms="745" status="PASS">
          <reporter-output>
          </reporter-output>
        </test-method> <!-- navbarContainsAllNavigationLinks -->
        <test-method is-config="true" signature="tearDownDriver()[pri:0, instance:com.eyebeem.tests.home.HomePageNavbarTest@3c130745]" started-at="2026-02-20T10:10:30 IST" name="tearDownDriver" finished-at="2026-02-20T10:10:30 IST" duration-ms="116" status="PASS">
          <reporter-output>
          </reporter-output>
        </test-method> <!-- tearDownDriver -->
      </class> <!-- com.eyebeem.tests.home.HomePageNavbarTest -->
      <class name="com.eyebeem.tests.home.HomePageFooterTest">
        <test-method is-config="true" signature="setUpDriver()[pri:0, instance:com.eyebeem.tests.home.HomePageFooterTest@cd3fee8]" started-at="2026-02-20T10:10:30 IST" name="setUpDriver" finished-at="2026-02-20T10:10:31 IST" duration-ms="1122" status="PASS">
          <reporter-output>
          </reporter-output>
        </test-method> <!-- setUpDriver -->
        <test-method signature="footerDisplaysCopyrightText()[pri:0, instance:com.eyebeem.tests.home.HomePageFooterTest@cd3fee8]" started-at="2026-02-20T10:10:31 IST" name="footerDisplaysCopyrightText" finished-at="2026-02-20T10:10:31 IST" duration-ms="666" status="PASS">
          <reporter-output>
          </reporter-output>
        </test-method> <!-- footerDisplaysCopyrightText -->
        <test-method is-config="true" signature="tearDownDriver()[pri:0, instance:com.eyebeem.tests.home.HomePageFooterTest@cd3fee8]" started-at="2026-02-20T10:10:31 IST" name="tearDownDriver" finished-at="2026-02-20T10:10:33 IST" duration-ms="1122" status="PASS">
          <reporter-output>
          </reporter-output>
        </test-method> <!-- tearDownDriver -->
      </class> <!-- com.eyebeem.tests.home.HomePageFooterTest -->
      <class name="com.eyebeem.tests.home.HomePageHeroTest">
        <test-method is-config="true" signature="setUpDriver()[pri:0, instance:com.eyebeem.tests.home.HomePageHeroTest@61230f6a]" started-at="2026-02-20T10:10:25 IST" name="setUpDriver" finished-at="2026-02-20T10:10:27 IST" duration-ms="1475" status="PASS">
          <reporter-output>
          </reporter-output>
        </test-method> <!-- setUpDriver -->
        <test-method signature="heroSectionDisplaysHeadingAndTagline()[pri:0, instance:com.eyebeem.tests.home.HomePageHeroTest@61230f6a]" started-at="2026-02-20T10:10:27 IST" name="heroSectionDisplaysHeadingAndTagline" finished-at="2026-02-20T10:10:28 IST" duration-ms="760" status="PASS">
          <reporter-output>
          </reporter-output>
        </test-method> <!-- heroSectionDisplaysHeadingAndTagline -->
        <test-method is-config="true" signature="tearDownDriver()[pri:0, instance:com.eyebeem.tests.home.HomePageHeroTest@61230f6a]" started-at="2026-02-20T10:10:28 IST" name="tearDownDriver" finished-at="2026-02-20T10:10:28 IST" duration-ms="96" status="PASS">
          <reporter-output>
          </reporter-output>
        </test-method> <!-- tearDownDriver -->
      </class> <!-- com.eyebeem.tests.home.HomePageHeroTest -->
    </test> <!-- Home Page Tests -->
    <test started-at="2026-02-20T10:10:36 IST" name="Login Page Tests" finished-at="2026-02-20T10:10:46 IST" duration-ms="10036">
      <class name="com.eyebeem.tests.login.LoginPageNavigationTest">
        <test-method is-config="true" signature="setUpDriver()[pri:0, instance:com.eyebeem.tests.login.LoginPageNavigationTest@243c4f91]" started-at="2026-02-20T10:10:43 IST" name="setUpDriver" finished-at="2026-02-20T10:10:44 IST" duration-ms="993" status="PASS">
          <reporter-output>
          </reporter-output>
        </test-method> <!-- setUpDriver -->
        <test-method signature="loginPageUrlAndTitleAreCorrect()[pri:0, instance:com.eyebeem.tests.login.LoginPageNavigationTest@243c4f91]" started-at="2026-02-20T10:10:44 IST" name="loginPageUrlAndTitleAreCorrect" finished-at="2026-02-20T10:10:45 IST" duration-ms="655" status="PASS">
          <reporter-output>
          </reporter-output>
        </test-method> <!-- loginPageUrlAndTitleAreCorrect -->
        <test-method is-config="true" signature="tearDownDriver()[pri:0, instance:com.eyebeem.tests.login.LoginPageNavigationTest@243c4f91]" started-at="2026-02-20T10:10:45 IST" name="tearDownDriver" finished-at="2026-02-20T10:10:45 IST" duration-ms="93" status="PASS">
          <reporter-output>
          </reporter-output>
        </test-method> <!-- tearDownDriver -->
      </class> <!-- com.eyebeem.tests.login.LoginPageNavigationTest -->
      <class name="com.eyebeem.tests.login.LoginPageFormTest">
        <test-method is-config="true" signature="setUpDriver()[pri:0, instance:com.eyebeem.tests.login.LoginPageFormTest@68999068]" started-at="2026-02-20T10:10:36 IST" name="setUpDriver" finished-at="2026-02-20T10:10:38 IST" duration-ms="1145" status="PASS">
          <reporter-output>
          </reporter-output>
        </test-method> <!-- setUpDriver -->
        <test-method signature="loginFormDisplaysNameAndEmailFields()[pri:0, instance:com.eyebeem.tests.login.LoginPageFormTest@68999068]" started-at="2026-02-20T10:10:38 IST" name="loginFormDisplaysNameAndEmailFields" finished-at="2026-02-20T10:10:38 IST" duration-ms="692" status="PASS">
          <reporter-output>
          </reporter-output>
        </test-method> <!-- loginFormDisplaysNameAndEmailFields -->
        <test-method is-config="true" signature="tearDownDriver()[pri:0, instance:com.eyebeem.tests.login.LoginPageFormTest@68999068]" started-at="2026-02-20T10:10:38 IST" name="tearDownDriver" finished-at="2026-02-20T10:10:38 IST" duration-ms="154" status="PASS">
          <reporter-output>
          </reporter-output>
        </test-method> <!-- tearDownDriver -->
      </class> <!-- com.eyebeem.tests.login.LoginPageFormTest -->
      <class name="com.eyebeem.tests.login.LoginPageFormLabelsTest">
        <test-method is-config="true" signature="setUpDriver()[pri:0, instance:com.eyebeem.tests.login.LoginPageFormLabelsTest@291ae]" started-at="2026-02-20T10:10:45 IST" name="setUpDriver" finished-at="2026-02-20T10:10:46 IST" duration-ms="1071" status="PASS">
          <reporter-output>
          </reporter-output>
        </test-method> <!-- setUpDriver -->
        <test-method signature="loginFormHasNameAndEmailLabels()[pri:0, instance:com.eyebeem.tests.login.LoginPageFormLabelsTest@291ae]" started-at="2026-02-20T10:10:46 IST" name="loginFormHasNameAndEmailLabels" finished-at="2026-02-20T10:10:46 IST" duration-ms="646" status="PASS">
          <reporter-output>
          </reporter-output>
        </test-method> <!-- loginFormHasNameAndEmailLabels -->
        <test-method is-config="true" signature="tearDownDriver()[pri:0, instance:com.eyebeem.tests.login.LoginPageFormLabelsTest@291ae]" started-at="2026-02-20T10:10:46 IST" name="tearDownDriver" finished-at="2026-02-20T10:10:46 IST" duration-ms="90" status="PASS">
          <reporter-output>
          </reporter-output>
        </test-method> <!-- tearDownDriver -->
      </class> <!-- com.eyebeem.tests.login.LoginPageFormLabelsTest -->
      <class name="com.eyebeem.tests.login.LoginPageLogoutTest">
        <test-method is-config="true" signature="setUpDriver()[pri:0, instance:com.eyebeem.tests.login.LoginPageLogoutTest@2ef3eef9]" started-at="2026-02-20T10:10:41 IST" name="setUpDriver" finished-at="2026-02-20T10:10:42 IST" duration-ms="1101" status="PASS">
          <reporter-output>
          </reporter-output>
        </test-method> <!-- setUpDriver -->
        <test-method signature="logoutButtonReturnsToLoginForm()[pri:0, instance:com.eyebeem.tests.login.LoginPageLogoutTest@2ef3eef9]" started-at="2026-02-20T10:10:42 IST" name="logoutButtonReturnsToLoginForm" finished-at="2026-02-20T10:10:43 IST" duration-ms="949" status="PASS">
          <reporter-output>
          </reporter-output>
        </test-method> <!-- logoutButtonReturnsToLoginForm -->
        <test-method is-config="true" signature="tearDownDriver()[pri:0, instance:com.eyebeem.tests.login.LoginPageLogoutTest@2ef3eef9]" started-at="2026-02-20T10:10:43 IST" name="tearDownDriver" finished-at="2026-02-20T10:10:43 IST" duration-ms="162" status="PASS">
          <reporter-output>
          </reporter-output>
        </test-method> <!-- tearDownDriver -->
      </class> <!-- com.eyebeem.tests.login.LoginPageLogoutTest -->
      <class name="com.eyebeem.tests.login.LoginPageSubmitTest">
        <test-method is-config="true" signature="setUpDriver()[pri:0, instance:com.eyebeem.tests.login.LoginPageSubmitTest@7722c3c3]" started-at="2026-02-20T10:10:38 IST" name="setUpDriver" finished-at="2026-02-20T10:10:40 IST" duration-ms="1217" status="PASS">
          <reporter-output>
          </reporter-output>
        </test-method> <!-- setUpDriver -->
        <test-method signature="loginFormAcceptsValidCredentials()[pri:0, instance:com.eyebeem.tests.login.LoginPageSubmitTest@7722c3c3]" started-at="2026-02-20T10:10:40 IST" name="loginFormAcceptsValidCredentials" finished-at="2026-02-20T10:10:41 IST" duration-ms="922" status="FAIL">
          <exception class="java.lang.AssertionError">
            <message>
              <![CDATA[After login, should see USER PROFILE heading expected [true] but found [false]]]>
            </message>
            <full-stacktrace>
              <![CDATA[java.lang.AssertionError: After login, should see USER PROFILE heading expected [true] but found [false]
at org.testng.Assert.fail(Assert.java:111)
at org.testng.Assert.failNotEquals(Assert.java:1590)
at org.testng.Assert.assertTrue(Assert.java:57)
at com.eyebeem.tests.login.LoginPageSubmitTest.loginFormAcceptsValidCredentials(LoginPageSubmitTest.java:44)
at java.base/jdk.internal.reflect.DirectMethodHandleAccessor.invoke(DirectMethodHandleAccessor.java:104)
at java.base/java.lang.reflect.Method.invoke(Method.java:565)
at org.testng.internal.invokers.MethodInvocationHelper.invokeMethod(MethodInvocationHelper.java:141)
at org.testng.internal.invokers.TestInvoker.invokeMethod(TestInvoker.java:697)
at org.testng.internal.invokers.TestInvoker.invokeTestMethod(TestInvoker.java:230)
at org.testng.internal.invokers.MethodRunner.runInSequence(MethodRunner.java:63)
at org.testng.internal.invokers.TestInvoker$MethodInvocationAgent.invoke(TestInvoker.java:1005)
at org.testng.internal.invokers.TestInvoker.invokeTestMethods(TestInvoker.java:203)
at org.testng.internal.invokers.TestMethodWorker.invokeTestMethods(TestMethodWorker.java:154)
at org.testng.internal.invokers.TestMethodWorker.run(TestMethodWorker.java:134)
at java.base/java.util.ArrayList.forEach(ArrayList.java:1604)
at org.testng.TestRunner.privateRun(TestRunner.java:744)
at org.testng.TestRunner.run(TestRunner.java:616)
at org.testng.SuiteRunner.runTest(SuiteRunner.java:421)
at org.testng.SuiteRunner.runSequentially(SuiteRunner.java:413)
at org.testng.SuiteRunner.privateRun(SuiteRunner.java:373)
at org.testng.SuiteRunner.run(SuiteRunner.java:312)
at org.testng.SuiteRunnerWorker.runSuite(SuiteRunnerWorker.java:52)
at org.testng.SuiteRunnerWorker.run(SuiteRunnerWorker.java:95)
at org.testng.TestNG.runSuitesSequentially(TestNG.java:1274)
at org.testng.TestNG.runSuitesLocally(TestNG.java:1208)
at org.testng.TestNG.runSuites(TestNG.java:1112)
at org.testng.TestNG.run(TestNG.java:1079)
at org.apache.maven.surefire.testng.TestNGExecutor.run(TestNGExecutor.java:308)
at org.apache.maven.surefire.testng.TestNGXmlTestSuite.execute(TestNGXmlTestSuite.java:71)
at org.apache.maven.surefire.testng.TestNGProvider.invoke(TestNGProvider.java:113)
at org.apache.maven.surefire.booter.ForkedBooter.runSuitesInProcess(ForkedBooter.java:385)
at org.apache.maven.surefire.booter.ForkedBooter.execute(ForkedBooter.java:162)
at org.apache.maven.surefire.booter.ForkedBooter.run(ForkedBooter.java:507)
at org.apache.maven.surefire.booter.ForkedBooter.main(ForkedBooter.java:495)
]]>
            </full-stacktrace>
          </exception> <!-- java.lang.AssertionError -->
          <reporter-output>
          </reporter-output>
        </test-method> <!-- loginFormAcceptsValidCredentials -->
        <test-method is-config="true" signature="tearDownDriver()[pri:0, instance:com.eyebeem.tests.login.LoginPageSubmitTest@7722c3c3]" started-at="2026-02-20T10:10:41 IST" name="tearDownDriver" finished-at="2026-02-20T10:10:41 IST" duration-ms="139" status="PASS">
          <reporter-output>
          </reporter-output>
        </test-method> <!-- tearDownDriver -->
      </class> <!-- com.eyebeem.tests.login.LoginPageSubmitTest -->
    </test> <!-- Login Page Tests -->
    <test started-at="2026-02-20T10:10:46 IST" name="Products Page Tests" finished-at="2026-02-20T10:10:58 IST" duration-ms="11504">
      <class name="com.eyebeem.tests.products.ProductsPageSearchInputTest">
        <test-method is-config="true" signature="setUpDriver()[pri:0, instance:com.eyebeem.tests.products.ProductsPageSearchInputTest@55b7a4e0]" started-at="2026-02-20T10:10:54 IST" name="setUpDriver" finished-at="2026-02-20T10:10:55 IST" duration-ms="1157" status="PASS">
          <reporter-output>
          </reporter-output>
        </test-method> <!-- setUpDriver -->
        <test-method signature="productsPageHasSearchInput()[pri:0, instance:com.eyebeem.tests.products.ProductsPageSearchInputTest@55b7a4e0]" started-at="2026-02-20T10:10:55 IST" name="productsPageHasSearchInput" finished-at="2026-02-20T10:10:56 IST" duration-ms="629" status="PASS">
          <reporter-output>
          </reporter-output>
        </test-method> <!-- productsPageHasSearchInput -->
        <test-method is-config="true" signature="tearDownDriver()[pri:0, instance:com.eyebeem.tests.products.ProductsPageSearchInputTest@55b7a4e0]" started-at="2026-02-20T10:10:56 IST" name="tearDownDriver" finished-at="2026-02-20T10:10:56 IST" duration-ms="91" status="PASS">
          <reporter-output>
          </reporter-output>
        </test-method> <!-- tearDownDriver -->
      </class> <!-- com.eyebeem.tests.products.ProductsPageSearchInputTest -->
      <class name="com.eyebeem.tests.products.ProductsPageFilterDropdownTest">
        <test-method is-config="true" signature="setUpDriver()[pri:0, instance:com.eyebeem.tests.products.ProductsPageFilterDropdownTest@5f058f00]" started-at="2026-02-20T10:10:56 IST" name="setUpDriver" finished-at="2026-02-20T10:10:57 IST" duration-ms="1165" status="PASS">
          <reporter-output>
          </reporter-output>
        </test-method> <!-- setUpDriver -->
        <test-method signature="productsPageHasTypeFilterDropdown()[pri:0, instance:com.eyebeem.tests.products.ProductsPageFilterDropdownTest@5f058f00]" started-at="2026-02-20T10:10:57 IST" name="productsPageHasTypeFilterDropdown" finished-at="2026-02-20T10:10:58 IST" duration-ms="666" status="PASS">
          <reporter-output>
          </reporter-output>
        </test-method> <!-- productsPageHasTypeFilterDropdown -->
        <test-method is-config="true" signature="tearDownDriver()[pri:0, instance:com.eyebeem.tests.products.ProductsPageFilterDropdownTest@5f058f00]" started-at="2026-02-20T10:10:58 IST" name="tearDownDriver" finished-at="2026-02-20T10:10:58 IST" duration-ms="86" status="PASS">
          <reporter-output>
          </reporter-output>
        </test-method> <!-- tearDownDriver -->
      </class> <!-- com.eyebeem.tests.products.ProductsPageFilterDropdownTest -->
      <class name="com.eyebeem.tests.products.ProductsPageAddToCartTest">
        <test-method is-config="true" signature="setUpDriver()[pri:0, instance:com.eyebeem.tests.products.ProductsPageAddToCartTest@6eda5c9]" started-at="2026-02-20T10:10:52 IST" name="setUpDriver" finished-at="2026-02-20T10:10:53 IST" duration-ms="927" status="PASS">
          <reporter-output>
          </reporter-output>
        </test-method> <!-- setUpDriver -->
        <test-method signature="addToCartButtonAddsProductToCart()[pri:0, instance:com.eyebeem.tests.products.ProductsPageAddToCartTest@6eda5c9]" started-at="2026-02-20T10:10:53 IST" name="addToCartButtonAddsProductToCart" finished-at="2026-02-20T10:10:54 IST" duration-ms="684" status="PASS">
          <reporter-output>
          </reporter-output>
        </test-method> <!-- addToCartButtonAddsProductToCart -->
        <test-method is-config="true" signature="tearDownDriver()[pri:0, instance:com.eyebeem.tests.products.ProductsPageAddToCartTest@6eda5c9]" started-at="2026-02-20T10:10:54 IST" name="tearDownDriver" finished-at="2026-02-20T10:10:54 IST" duration-ms="90" status="PASS">
          <reporter-output>
          </reporter-output>
        </test-method> <!-- tearDownDriver -->
      </class> <!-- com.eyebeem.tests.products.ProductsPageAddToCartTest -->
      <class name="com.eyebeem.tests.products.ProductsPageSearchTest">
        <test-method is-config="true" signature="setUpDriver()[pri:0, instance:com.eyebeem.tests.products.ProductsPageSearchTest@393671df]" started-at="2026-02-20T10:10:48 IST" name="setUpDriver" finished-at="2026-02-20T10:10:49 IST" duration-ms="1174" status="PASS">
          <reporter-output>
          </reporter-output>
        </test-method> <!-- setUpDriver -->
        <test-method signature="productSearchFiltersResults()[pri:0, instance:com.eyebeem.tests.products.ProductsPageSearchTest@393671df]" started-at="2026-02-20T10:10:49 IST" name="productSearchFiltersResults" finished-at="2026-02-20T10:10:50 IST" duration-ms="1038" status="PASS">
          <reporter-output>
          </reporter-output>
        </test-method> <!-- productSearchFiltersResults -->
        <test-method is-config="true" signature="tearDownDriver()[pri:0, instance:com.eyebeem.tests.products.ProductsPageSearchTest@393671df]" started-at="2026-02-20T10:10:50 IST" name="tearDownDriver" finished-at="2026-02-20T10:10:50 IST" duration-ms="92" status="PASS">
          <reporter-output>
          </reporter-output>
        </test-method> <!-- tearDownDriver -->
      </class> <!-- com.eyebeem.tests.products.ProductsPageSearchTest -->
      <class name="com.eyebeem.tests.products.ProductsPageFilterTest">
        <test-method is-config="true" signature="setUpDriver()[pri:0, instance:com.eyebeem.tests.products.ProductsPageFilterTest@56620197]" started-at="2026-02-20T10:10:50 IST" name="setUpDriver" finished-at="2026-02-20T10:10:52 IST" duration-ms="1170" status="PASS">
          <reporter-output>
          </reporter-output>
        </test-method> <!-- setUpDriver -->
        <test-method signature="productTypeFilterFiltersByType()[pri:0, instance:com.eyebeem.tests.products.ProductsPageFilterTest@56620197]" started-at="2026-02-20T10:10:52 IST" name="productTypeFilterFiltersByType" finished-at="2026-02-20T10:10:52 IST" duration-ms="703" status="PASS">
          <reporter-output>
          </reporter-output>
        </test-method> <!-- productTypeFilterFiltersByType -->
        <test-method is-config="true" signature="tearDownDriver()[pri:0, instance:com.eyebeem.tests.products.ProductsPageFilterTest@56620197]" started-at="2026-02-20T10:10:52 IST" name="tearDownDriver" finished-at="2026-02-20T10:10:52 IST" duration-ms="89" status="PASS">
          <reporter-output>
          </reporter-output>
        </test-method> <!-- tearDownDriver -->
      </class> <!-- com.eyebeem.tests.products.ProductsPageFilterTest -->
      <class name="com.eyebeem.tests.products.ProductsPageDisplayTest">
        <test-method is-config="true" signature="setUpDriver()[pri:0, instance:com.eyebeem.tests.products.ProductsPageDisplayTest@20ce78ec]" started-at="2026-02-20T10:10:46 IST" name="setUpDriver" finished-at="2026-02-20T10:10:47 IST" duration-ms="969" status="PASS">
          <reporter-output>
          </reporter-output>
        </test-method> <!-- setUpDriver -->
        <test-method signature="productsPageDisplaysAllProducts()[pri:0, instance:com.eyebeem.tests.products.ProductsPageDisplayTest@20ce78ec]" started-at="2026-02-20T10:10:47 IST" name="productsPageDisplaysAllProducts" finished-at="2026-02-20T10:10:48 IST" duration-ms="680" status="PASS">
          <reporter-output>
          </reporter-output>
        </test-method> <!-- productsPageDisplaysAllProducts -->
        <test-method is-config="true" signature="tearDownDriver()[pri:0, instance:com.eyebeem.tests.products.ProductsPageDisplayTest@20ce78ec]" started-at="2026-02-20T10:10:48 IST" name="tearDownDriver" finished-at="2026-02-20T10:10:48 IST" duration-ms="86" status="PASS">
          <reporter-output>
          </reporter-output>
        </test-method> <!-- tearDownDriver -->
      </class> <!-- com.eyebeem.tests.products.ProductsPageDisplayTest -->
    </test> <!-- Products Page Tests -->
    <test started-at="2026-02-20T10:10:58 IST" name="Cart Page Tests" finished-at="2026-02-20T10:11:10 IST" duration-ms="11979">
      <class name="com.eyebeem.tests.cart.CartPageEmptyTest">
        <test-method is-config="true" signature="setUpDriver()[pri:0, instance:com.eyebeem.tests.cart.CartPageEmptyTest@f5ac9e4]" started-at="2026-02-20T10:10:58 IST" name="setUpDriver" finished-at="2026-02-20T10:10:59 IST" duration-ms="1025" status="PASS">
          <reporter-output>
          </reporter-output>
        </test-method> <!-- setUpDriver -->
        <test-method signature="cartPageShowsEmptyMessageWhenCartIsEmpty()[pri:0, instance:com.eyebeem.tests.cart.CartPageEmptyTest@f5ac9e4]" started-at="2026-02-20T10:10:59 IST" name="cartPageShowsEmptyMessageWhenCartIsEmpty" finished-at="2026-02-20T10:11:00 IST" duration-ms="670" status="PASS">
          <reporter-output>
          </reporter-output>
        </test-method> <!-- cartPageShowsEmptyMessageWhenCartIsEmpty -->
        <test-method is-config="true" signature="tearDownDriver()[pri:0, instance:com.eyebeem.tests.cart.CartPageEmptyTest@f5ac9e4]" started-at="2026-02-20T10:11:00 IST" name="tearDownDriver" finished-at="2026-02-20T10:11:00 IST" duration-ms="86" status="PASS">
          <reporter-output>
          </reporter-output>
        </test-method> <!-- tearDownDriver -->
      </class> <!-- com.eyebeem.tests.cart.CartPageEmptyTest -->
      <class name="com.eyebeem.tests.cart.CartPageShopProductsLinkTest">
        <test-method is-config="true" signature="setUpDriver()[pri:0, instance:com.eyebeem.tests.cart.CartPageShopProductsLinkTest@441772e]" started-at="2026-02-20T10:11:08 IST" name="setUpDriver" finished-at="2026-02-20T10:11:09 IST" duration-ms="1137" status="PASS">
          <reporter-output>
          </reporter-output>
        </test-method> <!-- setUpDriver -->
        <test-method signature="shopProductsLinkNavigatesToProducts()[pri:0, instance:com.eyebeem.tests.cart.CartPageShopProductsLinkTest@441772e]" started-at="2026-02-20T10:11:09 IST" name="shopProductsLinkNavigatesToProducts" finished-at="2026-02-20T10:11:10 IST" duration-ms="774" status="PASS">
          <reporter-output>
          </reporter-output>
        </test-method> <!-- shopProductsLinkNavigatesToProducts -->
        <test-method is-config="true" signature="tearDownDriver()[pri:0, instance:com.eyebeem.tests.cart.CartPageShopProductsLinkTest@441772e]" started-at="2026-02-20T10:11:10 IST" name="tearDownDriver" finished-at="2026-02-20T10:11:10 IST" duration-ms="90" status="PASS">
          <reporter-output>
          </reporter-output>
        </test-method> <!-- tearDownDriver -->
      </class> <!-- com.eyebeem.tests.cart.CartPageShopProductsLinkTest -->
      <class name="com.eyebeem.tests.cart.CartPageClearButtonTest">
        <test-method is-config="true" signature="setUpDriver()[pri:0, instance:com.eyebeem.tests.cart.CartPageClearButtonTest@61862a7f]" started-at="2026-02-20T10:11:06 IST" name="setUpDriver" finished-at="2026-02-20T10:11:07 IST" duration-ms="999" status="PASS">
          <reporter-output>
          </reporter-output>
        </test-method> <!-- setUpDriver -->
        <test-method signature="clearCartButtonEmptiesCart()[pri:0, instance:com.eyebeem.tests.cart.CartPageClearButtonTest@61862a7f]" started-at="2026-02-20T10:11:07 IST" name="clearCartButtonEmptiesCart" finished-at="2026-02-20T10:11:08 IST" duration-ms="842" status="PASS">
          <reporter-output>
          </reporter-output>
        </test-method> <!-- clearCartButtonEmptiesCart -->
        <test-method is-config="true" signature="tearDownDriver()[pri:0, instance:com.eyebeem.tests.cart.CartPageClearButtonTest@61862a7f]" started-at="2026-02-20T10:11:08 IST" name="tearDownDriver" finished-at="2026-02-20T10:11:08 IST" duration-ms="93" status="PASS">
          <reporter-output>
          </reporter-output>
        </test-method> <!-- tearDownDriver -->
      </class> <!-- com.eyebeem.tests.cart.CartPageClearButtonTest -->
      <class name="com.eyebeem.tests.cart.CartPageTotalTest">
        <test-method is-config="true" signature="setUpDriver()[pri:0, instance:com.eyebeem.tests.cart.CartPageTotalTest@dbf57b3]" started-at="2026-02-20T10:11:02 IST" name="setUpDriver" finished-at="2026-02-20T10:11:03 IST" duration-ms="971" status="PASS">
          <reporter-output>
          </reporter-output>
        </test-method> <!-- setUpDriver -->
        <test-method signature="cartPageDisplaysCorrectTotal()[pri:0, instance:com.eyebeem.tests.cart.CartPageTotalTest@dbf57b3]" started-at="2026-02-20T10:11:03 IST" name="cartPageDisplaysCorrectTotal" finished-at="2026-02-20T10:11:03 IST" duration-ms="743" status="PASS">
          <reporter-output>
          </reporter-output>
        </test-method> <!-- cartPageDisplaysCorrectTotal -->
        <test-method is-config="true" signature="tearDownDriver()[pri:0, instance:com.eyebeem.tests.cart.CartPageTotalTest@dbf57b3]" started-at="2026-02-20T10:11:03 IST" name="tearDownDriver" finished-at="2026-02-20T10:11:03 IST" duration-ms="91" status="PASS">
          <reporter-output>
          </reporter-output>
        </test-method> <!-- tearDownDriver -->
      </class> <!-- com.eyebeem.tests.cart.CartPageTotalTest -->
      <class name="com.eyebeem.tests.cart.CartPageCheckoutTest">
        <test-method is-config="true" signature="setUpDriver()[pri:0, instance:com.eyebeem.tests.cart.CartPageCheckoutTest@384ad17b]" started-at="2026-02-20T10:11:03 IST" name="setUpDriver" finished-at="2026-02-20T10:11:05 IST" duration-ms="1096" status="PASS">
          <reporter-output>
          </reporter-output>
        </test-method> <!-- setUpDriver -->
        <test-method signature="checkoutButtonNavigatesToCheckoutPage()[pri:0, instance:com.eyebeem.tests.cart.CartPageCheckoutTest@384ad17b]" started-at="2026-02-20T10:11:05 IST" name="checkoutButtonNavigatesToCheckoutPage" finished-at="2026-02-20T10:11:06 IST" duration-ms="1330" status="PASS">
          <reporter-output>
          </reporter-output>
        </test-method> <!-- checkoutButtonNavigatesToCheckoutPage -->
        <test-method is-config="true" signature="tearDownDriver()[pri:0, instance:com.eyebeem.tests.cart.CartPageCheckoutTest@384ad17b]" started-at="2026-02-20T10:11:06 IST" name="tearDownDriver" finished-at="2026-02-20T10:11:06 IST" duration-ms="97" status="PASS">
          <reporter-output>
          </reporter-output>
        </test-method> <!-- tearDownDriver -->
      </class> <!-- com.eyebeem.tests.cart.CartPageCheckoutTest -->
      <class name="com.eyebeem.tests.cart.CartPageItemsTest">
        <test-method is-config="true" signature="setUpDriver()[pri:0, instance:com.eyebeem.tests.cart.CartPageItemsTest@123ef382]" started-at="2026-02-20T10:11:00 IST" name="setUpDriver" finished-at="2026-02-20T10:11:01 IST" duration-ms="1100" status="PASS">
          <reporter-output>
          </reporter-output>
        </test-method> <!-- setUpDriver -->
        <test-method signature="cartPageDisplaysItemsWhenCartHasProducts()[pri:0, instance:com.eyebeem.tests.cart.CartPageItemsTest@123ef382]" started-at="2026-02-20T10:11:01 IST" name="cartPageDisplaysItemsWhenCartHasProducts" finished-at="2026-02-20T10:11:02 IST" duration-ms="743" status="PASS">
          <reporter-output>
          </reporter-output>
        </test-method> <!-- cartPageDisplaysItemsWhenCartHasProducts -->
        <test-method is-config="true" signature="tearDownDriver()[pri:0, instance:com.eyebeem.tests.cart.CartPageItemsTest@123ef382]" started-at="2026-02-20T10:11:02 IST" name="tearDownDriver" finished-at="2026-02-20T10:11:02 IST" duration-ms="86" status="PASS">
          <reporter-output>
          </reporter-output>
        </test-method> <!-- tearDownDriver -->
      </class> <!-- com.eyebeem.tests.cart.CartPageItemsTest -->
    </test> <!-- Cart Page Tests -->
    <test started-at="2026-02-20T10:11:10 IST" name="Checkout Page Tests" finished-at="2026-02-20T10:11:22 IST" duration-ms="11862">
      <class name="com.eyebeem.tests.checkout.CheckoutPageOrderTest">
        <test-method is-config="true" signature="setUpDriver()[pri:0, instance:com.eyebeem.tests.checkout.CheckoutPageOrderTest@32eff876]" started-at="2026-02-20T10:11:15 IST" name="setUpDriver" finished-at="2026-02-20T10:11:16 IST" duration-ms="964" status="PASS">
          <reporter-output>
          </reporter-output>
        </test-method> <!-- setUpDriver -->
        <test-method signature="checkoutCompletesOrderSuccessfully()[pri:0, instance:com.eyebeem.tests.checkout.CheckoutPageOrderTest@32eff876]" started-at="2026-02-20T10:11:16 IST" name="checkoutCompletesOrderSuccessfully" finished-at="2026-02-20T10:11:17 IST" duration-ms="1601" status="PASS">
          <reporter-output>
          </reporter-output>
        </test-method> <!-- checkoutCompletesOrderSuccessfully -->
        <test-method is-config="true" signature="tearDownDriver()[pri:0, instance:com.eyebeem.tests.checkout.CheckoutPageOrderTest@32eff876]" started-at="2026-02-20T10:11:17 IST" name="tearDownDriver" finished-at="2026-02-20T10:11:17 IST" duration-ms="90" status="PASS">
          <reporter-output>
          </reporter-output>
        </test-method> <!-- tearDownDriver -->
      </class> <!-- com.eyebeem.tests.checkout.CheckoutPageOrderTest -->
      <class name="com.eyebeem.tests.checkout.CheckoutPageBackToCartTest">
        <test-method is-config="true" signature="setUpDriver()[pri:0, instance:com.eyebeem.tests.checkout.CheckoutPageBackToCartTest@6e20b53a]" started-at="2026-02-20T10:11:19 IST" name="setUpDriver" finished-at="2026-02-20T10:11:20 IST" duration-ms="1083" status="PASS">
          <reporter-output>
          </reporter-output>
        </test-method> <!-- setUpDriver -->
        <test-method signature="backToCartLinkNavigatesToCart()[pri:0, instance:com.eyebeem.tests.checkout.CheckoutPageBackToCartTest@6e20b53a]" started-at="2026-02-20T10:11:20 IST" name="backToCartLinkNavigatesToCart" finished-at="2026-02-20T10:11:22 IST" duration-ms="1374" status="PASS">
          <reporter-output>
          </reporter-output>
        </test-method> <!-- backToCartLinkNavigatesToCart -->
        <test-method is-config="true" signature="tearDownDriver()[pri:0, instance:com.eyebeem.tests.checkout.CheckoutPageBackToCartTest@6e20b53a]" started-at="2026-02-20T10:11:22 IST" name="tearDownDriver" finished-at="2026-02-20T10:11:22 IST" duration-ms="91" status="PASS">
          <reporter-output>
          </reporter-output>
        </test-method> <!-- tearDownDriver -->
      </class> <!-- com.eyebeem.tests.checkout.CheckoutPageBackToCartTest -->
      <class name="com.eyebeem.tests.checkout.CheckoutPagePaymentTest">
        <test-method is-config="true" signature="setUpDriver()[pri:0, instance:com.eyebeem.tests.checkout.CheckoutPagePaymentTest@5e0826e7]" started-at="2026-02-20T10:11:12 IST" name="setUpDriver" finished-at="2026-02-20T10:11:13 IST" duration-ms="1108" status="PASS">
          <reporter-output>
          </reporter-output>
        </test-method> <!-- setUpDriver -->
        <test-method signature="checkoutPaymentStepDisplaysPaymentOptions()[pri:0, instance:com.eyebeem.tests.checkout.CheckoutPagePaymentTest@5e0826e7]" started-at="2026-02-20T10:11:13 IST" name="checkoutPaymentStepDisplaysPaymentOptions" finished-at="2026-02-20T10:11:15 IST" duration-ms="1507" status="PASS">
          <reporter-output>
          </reporter-output>
        </test-method> <!-- checkoutPaymentStepDisplaysPaymentOptions -->
        <test-method is-config="true" signature="tearDownDriver()[pri:0, instance:com.eyebeem.tests.checkout.CheckoutPagePaymentTest@5e0826e7]" started-at="2026-02-20T10:11:15 IST" name="tearDownDriver" finished-at="2026-02-20T10:11:15 IST" duration-ms="91" status="PASS">
          <reporter-output>
          </reporter-output>
        </test-method> <!-- tearDownDriver -->
      </class> <!-- com.eyebeem.tests.checkout.CheckoutPagePaymentTest -->
      <class name="com.eyebeem.tests.checkout.CheckoutPageEmptyCartTest">
        <test-method is-config="true" signature="setUpDriver()[pri:0, instance:com.eyebeem.tests.checkout.CheckoutPageEmptyCartTest@8dbdac1]" started-at="2026-02-20T10:11:17 IST" name="setUpDriver" finished-at="2026-02-20T10:11:19 IST" duration-ms="1082" status="PASS">
          <reporter-output>
          </reporter-output>
        </test-method> <!-- setUpDriver -->
        <test-method signature="checkoutShowsEmptyMessageWhenCartEmpty()[pri:0, instance:com.eyebeem.tests.checkout.CheckoutPageEmptyCartTest@8dbdac1]" started-at="2026-02-20T10:11:19 IST" name="checkoutShowsEmptyMessageWhenCartEmpty" finished-at="2026-02-20T10:11:19 IST" duration-ms="654" status="PASS">
          <reporter-output>
          </reporter-output>
        </test-method> <!-- checkoutShowsEmptyMessageWhenCartEmpty -->
        <test-method is-config="true" signature="tearDownDriver()[pri:0, instance:com.eyebeem.tests.checkout.CheckoutPageEmptyCartTest@8dbdac1]" started-at="2026-02-20T10:11:19 IST" name="tearDownDriver" finished-at="2026-02-20T10:11:19 IST" duration-ms="96" status="PASS">
          <reporter-output>
          </reporter-output>
        </test-method> <!-- tearDownDriver -->
      </class> <!-- com.eyebeem.tests.checkout.CheckoutPageEmptyCartTest -->
      <class name="com.eyebeem.tests.checkout.CheckoutPageAddressTest">
        <test-method is-config="true" signature="setUpDriver()[pri:0, instance:com.eyebeem.tests.checkout.CheckoutPageAddressTest@6dc17b83]" started-at="2026-02-20T10:11:10 IST" name="setUpDriver" finished-at="2026-02-20T10:11:11 IST" duration-ms="963" status="PASS">
          <reporter-output>
          </reporter-output>
        </test-method> <!-- setUpDriver -->
        <test-method signature="checkoutPageAddressFormAcceptsValidInput()[pri:0, instance:com.eyebeem.tests.checkout.CheckoutPageAddressTest@6dc17b83]" started-at="2026-02-20T10:11:11 IST" name="checkoutPageAddressFormAcceptsValidInput" finished-at="2026-02-20T10:11:12 IST" duration-ms="1057" status="PASS">
          <reporter-output>
          </reporter-output>
        </test-method> <!-- checkoutPageAddressFormAcceptsValidInput -->
        <test-method is-config="true" signature="tearDownDriver()[pri:0, instance:com.eyebeem.tests.checkout.CheckoutPageAddressTest@6dc17b83]" started-at="2026-02-20T10:11:12 IST" name="tearDownDriver" finished-at="2026-02-20T10:11:12 IST" duration-ms="93" status="PASS">
          <reporter-output>
          </reporter-output>
        </test-method> <!-- tearDownDriver -->
      </class> <!-- com.eyebeem.tests.checkout.CheckoutPageAddressTest -->
    </test> <!-- Checkout Page Tests -->
    <test started-at="2026-02-20T10:11:22 IST" name="Orders Page Tests" finished-at="2026-02-20T10:11:34 IST" duration-ms="12232">
      <class name="com.eyebeem.tests.orders.OrdersPageShopProductsLinkTest">
        <test-method is-config="true" signature="setUpDriver()[pri:0, instance:com.eyebeem.tests.orders.OrdersPageShopProductsLinkTest@694abbdc]" started-at="2026-02-20T10:11:32 IST" name="setUpDriver" finished-at="2026-02-20T10:11:33 IST" duration-ms="984" status="PASS">
          <reporter-output>
          </reporter-output>
        </test-method> <!-- setUpDriver -->
        <test-method signature="shopProductsLinkNavigatesToProducts()[pri:0, instance:com.eyebeem.tests.orders.OrdersPageShopProductsLinkTest@694abbdc]" started-at="2026-02-20T10:11:33 IST" name="shopProductsLinkNavigatesToProducts" finished-at="2026-02-20T10:11:34 IST" duration-ms="741" status="PASS">
          <reporter-output>
          </reporter-output>
        </test-method> <!-- shopProductsLinkNavigatesToProducts -->
        <test-method is-config="true" signature="tearDownDriver()[pri:0, instance:com.eyebeem.tests.orders.OrdersPageShopProductsLinkTest@694abbdc]" started-at="2026-02-20T10:11:34 IST" name="tearDownDriver" finished-at="2026-02-20T10:11:34 IST" duration-ms="96" status="PASS">
          <reporter-output>
          </reporter-output>
        </test-method> <!-- tearDownDriver -->
      </class> <!-- com.eyebeem.tests.orders.OrdersPageShopProductsLinkTest -->
      <class name="com.eyebeem.tests.orders.OrdersPageEmptyTest">
        <test-method is-config="true" signature="setUpDriver()[pri:0, instance:com.eyebeem.tests.orders.OrdersPageEmptyTest@5af3afd9]" started-at="2026-02-20T10:11:22 IST" name="setUpDriver" finished-at="2026-02-20T10:11:23 IST" duration-ms="1073" status="PASS">
          <reporter-output>
          </reporter-output>
        </test-method> <!-- setUpDriver -->
        <test-method signature="ordersPageShowsEmptyMessageWhenNoOrders()[pri:0, instance:com.eyebeem.tests.orders.OrdersPageEmptyTest@5af3afd9]" started-at="2026-02-20T10:11:23 IST" name="ordersPageShowsEmptyMessageWhenNoOrders" finished-at="2026-02-20T10:11:24 IST" duration-ms="661" status="PASS">
          <reporter-output>
          </reporter-output>
        </test-method> <!-- ordersPageShowsEmptyMessageWhenNoOrders -->
        <test-method is-config="true" signature="tearDownDriver()[pri:0, instance:com.eyebeem.tests.orders.OrdersPageEmptyTest@5af3afd9]" started-at="2026-02-20T10:11:24 IST" name="tearDownDriver" finished-at="2026-02-20T10:11:24 IST" duration-ms="87" status="PASS">
          <reporter-output>
          </reporter-output>
        </test-method> <!-- tearDownDriver -->
      </class> <!-- com.eyebeem.tests.orders.OrdersPageEmptyTest -->
      <class name="com.eyebeem.tests.orders.OrdersPageDetailsTest">
        <test-method is-config="true" signature="setUpDriver()[pri:0, instance:com.eyebeem.tests.orders.OrdersPageDetailsTest@44ebcd03]" started-at="2026-02-20T10:11:28 IST" name="setUpDriver" finished-at="2026-02-20T10:11:29 IST" duration-ms="1155" status="PASS">
          <reporter-output>
          </reporter-output>
        </test-method> <!-- setUpDriver -->
        <test-method signature="ordersPageDisplaysOrderDetailsCorrectly()[pri:0, instance:com.eyebeem.tests.orders.OrdersPageDetailsTest@44ebcd03]" started-at="2026-02-20T10:11:29 IST" name="ordersPageDisplaysOrderDetailsCorrectly" finished-at="2026-02-20T10:11:32 IST" duration-ms="3117" status="PASS">
          <reporter-output>
          </reporter-output>
        </test-method> <!-- ordersPageDisplaysOrderDetailsCorrectly -->
        <test-method is-config="true" signature="tearDownDriver()[pri:0, instance:com.eyebeem.tests.orders.OrdersPageDetailsTest@44ebcd03]" started-at="2026-02-20T10:11:32 IST" name="tearDownDriver" finished-at="2026-02-20T10:11:32 IST" duration-ms="100" status="PASS">
          <reporter-output>
          </reporter-output>
        </test-method> <!-- tearDownDriver -->
      </class> <!-- com.eyebeem.tests.orders.OrdersPageDetailsTest -->
      <class name="com.eyebeem.tests.orders.OrdersPageListTest">
        <test-method is-config="true" signature="setUpDriver()[pri:0, instance:com.eyebeem.tests.orders.OrdersPageListTest@323b36e0]" started-at="2026-02-20T10:11:24 IST" name="setUpDriver" finished-at="2026-02-20T10:11:25 IST" duration-ms="964" status="PASS">
          <reporter-output>
          </reporter-output>
        </test-method> <!-- setUpDriver -->
        <test-method signature="ordersPageDisplaysOrderListAfterOrderIsPlaced()[pri:0, instance:com.eyebeem.tests.orders.OrdersPageListTest@323b36e0]" started-at="2026-02-20T10:11:25 IST" name="ordersPageDisplaysOrderListAfterOrderIsPlaced" finished-at="2026-02-20T10:11:28 IST" duration-ms="3151" status="PASS">
          <reporter-output>
          </reporter-output>
        </test-method> <!-- ordersPageDisplaysOrderListAfterOrderIsPlaced -->
        <test-method is-config="true" signature="tearDownDriver()[pri:0, instance:com.eyebeem.tests.orders.OrdersPageListTest@323b36e0]" started-at="2026-02-20T10:11:28 IST" name="tearDownDriver" finished-at="2026-02-20T10:11:28 IST" duration-ms="93" status="PASS">
          <reporter-output>
          </reporter-output>
        </test-method> <!-- tearDownDriver -->
      </class> <!-- com.eyebeem.tests.orders.OrdersPageListTest -->
    </test> <!-- Orders Page Tests -->
    <test started-at="2026-02-20T10:11:34 IST" name="Layout Tests" finished-at="2026-02-20T10:11:38 IST" duration-ms="3483">
      <class name="com.eyebeem.tests.layout.LayoutFooterTest">
        <test-method is-config="true" signature="setUpDriver()[pri:0, instance:com.eyebeem.tests.layout.LayoutFooterTest@4f6ee6e4]" started-at="2026-02-20T10:11:36 IST" name="setUpDriver" finished-at="2026-02-20T10:11:37 IST" duration-ms="917" status="PASS">
          <reporter-output>
          </reporter-output>
        </test-method> <!-- setUpDriver -->
        <test-method signature="footerIsVisibleOnHomePage()[pri:0, instance:com.eyebeem.tests.layout.LayoutFooterTest@4f6ee6e4]" started-at="2026-02-20T10:11:37 IST" name="footerIsVisibleOnHomePage" finished-at="2026-02-20T10:11:37 IST" duration-ms="636" status="PASS">
          <reporter-output>
          </reporter-output>
        </test-method> <!-- footerIsVisibleOnHomePage -->
        <test-method is-config="true" signature="tearDownDriver()[pri:0, instance:com.eyebeem.tests.layout.LayoutFooterTest@4f6ee6e4]" started-at="2026-02-20T10:11:37 IST" name="tearDownDriver" finished-at="2026-02-20T10:11:38 IST" duration-ms="91" status="PASS">
          <reporter-output>
          </reporter-output>
        </test-method> <!-- tearDownDriver -->
      </class> <!-- com.eyebeem.tests.layout.LayoutFooterTest -->
      <class name="com.eyebeem.tests.layout.LayoutHeaderTest">
        <test-method is-config="true" signature="setUpDriver()[pri:0, instance:com.eyebeem.tests.layout.LayoutHeaderTest@1fa268de]" started-at="2026-02-20T10:11:34 IST" name="setUpDriver" finished-at="2026-02-20T10:11:35 IST" duration-ms="1109" status="PASS">
          <reporter-output>
          </reporter-output>
        </test-method> <!-- setUpDriver -->
        <test-method signature="headerIsVisibleOnHomePage()[pri:0, instance:com.eyebeem.tests.layout.LayoutHeaderTest@1fa268de]" started-at="2026-02-20T10:11:35 IST" name="headerIsVisibleOnHomePage" finished-at="2026-02-20T10:11:36 IST" duration-ms="638" status="PASS">
          <reporter-output>
          </reporter-output>
        </test-method> <!-- headerIsVisibleOnHomePage -->
        <test-method is-config="true" signature="tearDownDriver()[pri:0, instance:com.eyebeem.tests.layout.LayoutHeaderTest@1fa268de]" started-at="2026-02-20T10:11:36 IST" name="tearDownDriver" finished-at="2026-02-20T10:11:36 IST" duration-ms="91" status="PASS">
          <reporter-output>
          </reporter-output>
        </test-method> <!-- tearDownDriver -->
      </class> <!-- com.eyebeem.tests.layout.LayoutHeaderTest -->
    </test> <!-- Layout Tests -->
    <test started-at="2026-02-20T10:11:38 IST" name="Navigation Tests" finished-at="2026-02-20T10:11:43 IST" duration-ms="5518">
      <class name="com.eyebeem.tests.navigation.NavigationProductsLinkTest">
        <test-method is-config="true" signature="setUpDriver()[pri:0, instance:com.eyebeem.tests.navigation.NavigationProductsLinkTest@4a94ee4]" started-at="2026-02-20T10:11:38 IST" name="setUpDriver" finished-at="2026-02-20T10:11:39 IST" duration-ms="1090" status="PASS">
          <reporter-output>
          </reporter-output>
        </test-method> <!-- setUpDriver -->
        <test-method signature="productsLinkNavigatesToProductsPage()[pri:0, instance:com.eyebeem.tests.navigation.NavigationProductsLinkTest@4a94ee4]" started-at="2026-02-20T10:11:39 IST" name="productsLinkNavigatesToProductsPage" finished-at="2026-02-20T10:11:39 IST" duration-ms="678" status="PASS">
          <reporter-output>
          </reporter-output>
        </test-method> <!-- productsLinkNavigatesToProductsPage -->
        <test-method is-config="true" signature="tearDownDriver()[pri:0, instance:com.eyebeem.tests.navigation.NavigationProductsLinkTest@4a94ee4]" started-at="2026-02-20T10:11:39 IST" name="tearDownDriver" finished-at="2026-02-20T10:11:39 IST" duration-ms="94" status="PASS">
          <reporter-output>
          </reporter-output>
        </test-method> <!-- tearDownDriver -->
      </class> <!-- com.eyebeem.tests.navigation.NavigationProductsLinkTest -->
      <class name="com.eyebeem.tests.navigation.NavigationCartLinkTest">
        <test-method is-config="true" signature="setUpDriver()[pri:0, instance:com.eyebeem.tests.navigation.NavigationCartLinkTest@4cc451f2]" started-at="2026-02-20T10:11:39 IST" name="setUpDriver" finished-at="2026-02-20T10:11:40 IST" duration-ms="976" status="PASS">
          <reporter-output>
          </reporter-output>
        </test-method> <!-- setUpDriver -->
        <test-method signature="cartLinkNavigatesToCartPage()[pri:0, instance:com.eyebeem.tests.navigation.NavigationCartLinkTest@4cc451f2]" started-at="2026-02-20T10:11:40 IST" name="cartLinkNavigatesToCartPage" finished-at="2026-02-20T10:11:41 IST" duration-ms="699" status="PASS">
          <reporter-output>
          </reporter-output>
        </test-method> <!-- cartLinkNavigatesToCartPage -->
        <test-method is-config="true" signature="tearDownDriver()[pri:0, instance:com.eyebeem.tests.navigation.NavigationCartLinkTest@4cc451f2]" started-at="2026-02-20T10:11:41 IST" name="tearDownDriver" finished-at="2026-02-20T10:11:41 IST" duration-ms="93" status="PASS">
          <reporter-output>
          </reporter-output>
        </test-method> <!-- tearDownDriver -->
      </class> <!-- com.eyebeem.tests.navigation.NavigationCartLinkTest -->
      <class name="com.eyebeem.tests.navigation.NavigationOrdersLinkTest">
        <test-method is-config="true" signature="setUpDriver()[pri:0, instance:com.eyebeem.tests.navigation.NavigationOrdersLinkTest@6379eb]" started-at="2026-02-20T10:11:41 IST" name="setUpDriver" finished-at="2026-02-20T10:11:42 IST" duration-ms="1112" status="PASS">
          <reporter-output>
          </reporter-output>
        </test-method> <!-- setUpDriver -->
        <test-method signature="ordersLinkNavigatesToOrdersPage()[pri:0, instance:com.eyebeem.tests.navigation.NavigationOrdersLinkTest@6379eb]" started-at="2026-02-20T10:11:42 IST" name="ordersLinkNavigatesToOrdersPage" finished-at="2026-02-20T10:11:43 IST" duration-ms="682" status="PASS">
          <reporter-output>
          </reporter-output>
        </test-method> <!-- ordersLinkNavigatesToOrdersPage -->
        <test-method is-config="true" signature="tearDownDriver()[pri:0, instance:com.eyebeem.tests.navigation.NavigationOrdersLinkTest@6379eb]" started-at="2026-02-20T10:11:43 IST" name="tearDownDriver" finished-at="2026-02-20T10:11:43 IST" duration-ms="92" status="PASS">
          <reporter-output>
          </reporter-output>
        </test-method> <!-- tearDownDriver -->
      </class> <!-- com.eyebeem.tests.navigation.NavigationOrdersLinkTest -->
    </test> <!-- Navigation Tests -->
    <test started-at="2026-02-20T10:11:43 IST" name="Product Images Tests" finished-at="2026-02-20T10:11:50 IST" duration-ms="6984">
      <class name="com.eyebeem.tests.images.ProductImagesAltTextTest">
        <test-method is-config="true" signature="setUpDriver()[pri:0, instance:com.eyebeem.tests.images.ProductImagesAltTextTest@6d763516]" started-at="2026-02-20T10:11:47 IST" name="setUpDriver" finished-at="2026-02-20T10:11:48 IST" duration-ms="1088" status="PASS">
          <reporter-output>
          </reporter-output>
        </test-method> <!-- setUpDriver -->
        <test-method signature="productImagesHaveAltText()[pri:0, instance:com.eyebeem.tests.images.ProductImagesAltTextTest@6d763516]" started-at="2026-02-20T10:11:48 IST" name="productImagesHaveAltText" finished-at="2026-02-20T10:11:48 IST" duration-ms="627" status="PASS">
          <reporter-output>
          </reporter-output>
        </test-method> <!-- productImagesHaveAltText -->
        <test-method is-config="true" signature="tearDownDriver()[pri:0, instance:com.eyebeem.tests.images.ProductImagesAltTextTest@6d763516]" started-at="2026-02-20T10:11:48 IST" name="tearDownDriver" finished-at="2026-02-20T10:11:48 IST" duration-ms="87" status="PASS">
          <reporter-output>
          </reporter-output>
        </test-method> <!-- tearDownDriver -->
      </class> <!-- com.eyebeem.tests.images.ProductImagesAltTextTest -->
      <class name="com.eyebeem.tests.images.ProductImagesLoadTest">
        <test-method is-config="true" signature="setUpDriver()[pri:0, instance:com.eyebeem.tests.images.ProductImagesLoadTest@52bf72b5]" started-at="2026-02-20T10:11:48 IST" name="setUpDriver" finished-at="2026-02-20T10:11:49 IST" duration-ms="982" status="PASS">
          <reporter-output>
          </reporter-output>
        </test-method> <!-- setUpDriver -->
        <test-method signature="productImagesLoadWithValidDimensions()[pri:0, instance:com.eyebeem.tests.images.ProductImagesLoadTest@52bf72b5]" started-at="2026-02-20T10:11:49 IST" name="productImagesLoadWithValidDimensions" finished-at="2026-02-20T10:11:50 IST" duration-ms="636" status="PASS">
          <reporter-output>
          </reporter-output>
        </test-method> <!-- productImagesLoadWithValidDimensions -->
        <test-method is-config="true" signature="tearDownDriver()[pri:0, instance:com.eyebeem.tests.images.ProductImagesLoadTest@52bf72b5]" started-at="2026-02-20T10:11:50 IST" name="tearDownDriver" finished-at="2026-02-20T10:11:50 IST" duration-ms="89" status="PASS">
          <reporter-output>
          </reporter-output>
        </test-method> <!-- tearDownDriver -->
      </class> <!-- com.eyebeem.tests.images.ProductImagesLoadTest -->
      <class name="com.eyebeem.tests.images.ProductImagesProductsPageTest">
        <test-method is-config="true" signature="setUpDriver()[pri:0, instance:com.eyebeem.tests.images.ProductImagesProductsPageTest@2a798d51]" started-at="2026-02-20T10:11:45 IST" name="setUpDriver" finished-at="2026-02-20T10:11:46 IST" duration-ms="968" status="PASS">
          <reporter-output>
          </reporter-output>
        </test-method> <!-- setUpDriver -->
        <test-method signature="productsPageDisplaysProductImages()[pri:0, instance:com.eyebeem.tests.images.ProductImagesProductsPageTest@2a798d51]" started-at="2026-02-20T10:11:46 IST" name="productsPageDisplaysProductImages" finished-at="2026-02-20T10:11:46 IST" duration-ms="635" status="PASS">
          <reporter-output>
          </reporter-output>
        </test-method> <!-- productsPageDisplaysProductImages -->
        <test-method is-config="true" signature="tearDownDriver()[pri:0, instance:com.eyebeem.tests.images.ProductImagesProductsPageTest@2a798d51]" started-at="2026-02-20T10:11:46 IST" name="tearDownDriver" finished-at="2026-02-20T10:11:47 IST" duration-ms="90" status="PASS">
          <reporter-output>
          </reporter-output>
        </test-method> <!-- tearDownDriver -->
      </class> <!-- com.eyebeem.tests.images.ProductImagesProductsPageTest -->
      <class name="com.eyebeem.tests.images.ProductImagesHomePageTest">
        <test-method is-config="true" signature="setUpDriver()[pri:0, instance:com.eyebeem.tests.images.ProductImagesHomePageTest@6b81ce95]" started-at="2026-02-20T10:11:43 IST" name="setUpDriver" finished-at="2026-02-20T10:11:44 IST" duration-ms="1047" status="PASS">
          <reporter-output>
          </reporter-output>
        </test-method> <!-- setUpDriver -->
        <test-method signature="homePageDisplaysProductImages()[pri:0, instance:com.eyebeem.tests.images.ProductImagesHomePageTest@6b81ce95]" started-at="2026-02-20T10:11:44 IST" name="homePageDisplaysProductImages" finished-at="2026-02-20T10:11:45 IST" duration-ms="637" status="PASS">
          <reporter-output>
          </reporter-output>
        </test-method> <!-- homePageDisplaysProductImages -->
        <test-method is-config="true" signature="tearDownDriver()[pri:0, instance:com.eyebeem.tests.images.ProductImagesHomePageTest@6b81ce95]" started-at="2026-02-20T10:11:45 IST" name="tearDownDriver" finished-at="2026-02-20T10:11:45 IST" duration-ms="92" status="PASS">
          <reporter-output>
          </reporter-output>
        </test-method> <!-- tearDownDriver -->
      </class> <!-- com.eyebeem.tests.images.ProductImagesHomePageTest -->
    </test> <!-- Product Images Tests -->
    <test started-at="2026-02-20T10:11:50 IST" name="API Tests - Auth" finished-at="2026-02-20T10:11:50 IST" duration-ms="100">
      <class name="com.eyebeem.tests.api.AuthApiTest">
        <test-method signature="loginAsEachUser_fromTestData()[pri:0, instance:com.eyebeem.tests.api.AuthApiTest@792b749c]" started-at="2026-02-20T10:11:50 IST" name="loginAsEachUser_fromTestData" finished-at="2026-02-20T10:11:50 IST" duration-ms="50" status="PASS">
          <reporter-output>
          </reporter-output>
        </test-method> <!-- loginAsEachUser_fromTestData -->
        <test-method signature="loginResponse_hasEmail()[pri:0, instance:com.eyebeem.tests.api.AuthApiTest@792b749c]" started-at="2026-02-20T10:11:50 IST" name="loginResponse_hasEmail" finished-at="2026-02-20T10:11:50 IST" duration-ms="6" status="PASS">
          <reporter-output>
          </reporter-output>
        </test-method> <!-- loginResponse_hasEmail -->
        <test-method signature="loginResponse_hasId()[pri:0, instance:com.eyebeem.tests.api.AuthApiTest@792b749c]" started-at="2026-02-20T10:11:50 IST" name="loginResponse_hasId" finished-at="2026-02-20T10:11:50 IST" duration-ms="5" status="PASS">
          <reporter-output>
          </reporter-output>
        </test-method> <!-- loginResponse_hasId -->
        <test-method signature="loginResponse_hasName()[pri:0, instance:com.eyebeem.tests.api.AuthApiTest@792b749c]" started-at="2026-02-20T10:11:50 IST" name="loginResponse_hasName" finished-at="2026-02-20T10:11:50 IST" duration-ms="5" status="PASS">
          <reporter-output>
          </reporter-output>
        </test-method> <!-- loginResponse_hasName -->
        <test-method signature="loginResponse_hasOrderHistory()[pri:0, instance:com.eyebeem.tests.api.AuthApiTest@792b749c]" started-at="2026-02-20T10:11:50 IST" name="loginResponse_hasOrderHistory" finished-at="2026-02-20T10:11:50 IST" duration-ms="4" status="PASS">
          <reporter-output>
          </reporter-output>
        </test-method> <!-- loginResponse_hasOrderHistory -->
        <test-method signature="login_user1_TestUser()[pri:0, instance:com.eyebeem.tests.api.AuthApiTest@792b749c]" started-at="2026-02-20T10:11:50 IST" name="login_user1_TestUser" finished-at="2026-02-20T10:11:50 IST" duration-ms="5" status="PASS">
          <reporter-output>
          </reporter-output>
        </test-method> <!-- login_user1_TestUser -->
        <test-method signature="login_user2_JaneDoe()[pri:0, instance:com.eyebeem.tests.api.AuthApiTest@792b749c]" started-at="2026-02-20T10:11:50 IST" name="login_user2_JaneDoe" finished-at="2026-02-20T10:11:50 IST" duration-ms="4" status="PASS">
          <reporter-output>
          </reporter-output>
        </test-method> <!-- login_user2_JaneDoe -->
        <test-method signature="login_user3_imaad()[pri:0, instance:com.eyebeem.tests.api.AuthApiTest@792b749c]" started-at="2026-02-20T10:11:50 IST" name="login_user3_imaad" finished-at="2026-02-20T10:11:50 IST" duration-ms="6" status="PASS">
          <reporter-output>
          </reporter-output>
        </test-method> <!-- login_user3_imaad -->
        <test-method signature="login_user4_aryan()[pri:0, instance:com.eyebeem.tests.api.AuthApiTest@792b749c]" started-at="2026-02-20T10:11:50 IST" name="login_user4_aryan" finished-at="2026-02-20T10:11:50 IST" duration-ms="6" status="PASS">
          <reporter-output>
          </reporter-output>
        </test-method> <!-- login_user4_aryan -->
        <test-method signature="login_user5_petlover()[pri:0, instance:com.eyebeem.tests.api.AuthApiTest@792b749c]" started-at="2026-02-20T10:11:50 IST" name="login_user5_petlover" finished-at="2026-02-20T10:11:50 IST" duration-ms="6" status="PASS">
          <reporter-output>
          </reporter-output>
        </test-method> <!-- login_user5_petlover -->
      </class> <!-- com.eyebeem.tests.api.AuthApiTest -->
    </test> <!-- API Tests - Auth -->
    <test started-at="2026-02-20T10:11:50 IST" name="API Tests - Orders" finished-at="2026-02-20T10:11:50 IST" duration-ms="138">
      <class name="com.eyebeem.tests.api.OrdersApiTest">
        <test-method signature="orderHistory_eachOrderHasId()[pri:0, instance:com.eyebeem.tests.api.OrdersApiTest@45d84a20]" started-at="2026-02-20T10:11:50 IST" name="orderHistory_eachOrderHasId" finished-at="2026-02-20T10:11:50 IST" duration-ms="24" status="PASS">
          <reporter-output>
          </reporter-output>
        </test-method> <!-- orderHistory_eachOrderHasId -->
        <test-method signature="orderHistory_eachOrderHasItems()[pri:0, instance:com.eyebeem.tests.api.OrdersApiTest@45d84a20]" started-at="2026-02-20T10:11:50 IST" name="orderHistory_eachOrderHasItems" finished-at="2026-02-20T10:11:50 IST" duration-ms="21" status="PASS">
          <reporter-output>
          </reporter-output>
        </test-method> <!-- orderHistory_eachOrderHasItems -->
        <test-method signature="orderHistory_eachOrderHasTotal()[pri:0, instance:com.eyebeem.tests.api.OrdersApiTest@45d84a20]" started-at="2026-02-20T10:11:50 IST" name="orderHistory_eachOrderHasTotal" finished-at="2026-02-20T10:11:50 IST" duration-ms="20" status="PASS">
          <reporter-output>
          </reporter-output>
        </test-method> <!-- orderHistory_eachOrderHasTotal -->
        <test-method signature="orderHistory_returnsArray()[pri:0, instance:com.eyebeem.tests.api.OrdersApiTest@45d84a20]" started-at="2026-02-20T10:11:50 IST" name="orderHistory_returnsArray" finished-at="2026-02-20T10:11:50 IST" duration-ms="4" status="PASS">
          <reporter-output>
          </reporter-output>
        </test-method> <!-- orderHistory_returnsArray -->
        <test-method signature="orderHistory_user1_hasOneOrder()[pri:0, instance:com.eyebeem.tests.api.OrdersApiTest@45d84a20]" started-at="2026-02-20T10:11:50 IST" name="orderHistory_user1_hasOneOrder" finished-at="2026-02-20T10:11:50 IST" duration-ms="5" status="PASS">
          <reporter-output>
          </reporter-output>
        </test-method> <!-- orderHistory_user1_hasOneOrder -->
        <test-method signature="orderHistory_user1_orderHasItems()[pri:0, instance:com.eyebeem.tests.api.OrdersApiTest@45d84a20]" started-at="2026-02-20T10:11:50 IST" name="orderHistory_user1_orderHasItems" finished-at="2026-02-20T10:11:50 IST" duration-ms="5" status="PASS">
          <reporter-output>
          </reporter-output>
        </test-method> <!-- orderHistory_user1_orderHasItems -->
        <test-method signature="orderHistory_user1_orderTotal99_99()[pri:0, instance:com.eyebeem.tests.api.OrdersApiTest@45d84a20]" started-at="2026-02-20T10:11:50 IST" name="orderHistory_user1_orderTotal99_99" finished-at="2026-02-20T10:11:50 IST" duration-ms="7" status="PASS">
          <reporter-output>
          </reporter-output>
        </test-method> <!-- orderHistory_user1_orderTotal99_99 -->
        <test-method signature="orderHistory_user2_empty()[pri:0, instance:com.eyebeem.tests.api.OrdersApiTest@45d84a20]" started-at="2026-02-20T10:11:50 IST" name="orderHistory_user2_empty" finished-at="2026-02-20T10:11:50 IST" duration-ms="5" status="PASS">
          <reporter-output>
          </reporter-output>
        </test-method> <!-- orderHistory_user2_empty -->
        <test-method signature="orderHistory_user3_hasOneOrder()[pri:0, instance:com.eyebeem.tests.api.OrdersApiTest@45d84a20]" started-at="2026-02-20T10:11:50 IST" name="orderHistory_user3_hasOneOrder" finished-at="2026-02-20T10:11:50 IST" duration-ms="5" status="PASS">
          <reporter-output>
          </reporter-output>
        </test-method> <!-- orderHistory_user3_hasOneOrder -->
        <test-method signature="orderHistory_user3_orderHasEDog()[pri:0, instance:com.eyebeem.tests.api.OrdersApiTest@45d84a20]" started-at="2026-02-20T10:11:50 IST" name="orderHistory_user3_orderHasEDog" finished-at="2026-02-20T10:11:50 IST" duration-ms="6" status="PASS">
          <reporter-output>
          </reporter-output>
        </test-method> <!-- orderHistory_user3_orderHasEDog -->
        <test-method signature="orderHistory_user3_orderTotal129_99()[pri:0, instance:com.eyebeem.tests.api.OrdersApiTest@45d84a20]" started-at="2026-02-20T10:11:50 IST" name="orderHistory_user3_orderTotal129_99" finished-at="2026-02-20T10:11:50 IST" duration-ms="5" status="PASS">
          <reporter-output>
          </reporter-output>
        </test-method> <!-- orderHistory_user3_orderTotal129_99 -->
        <test-method signature="orderHistory_user4_hasOneOrder()[pri:0, instance:com.eyebeem.tests.api.OrdersApiTest@45d84a20]" started-at="2026-02-20T10:11:50 IST" name="orderHistory_user4_hasOneOrder" finished-at="2026-02-20T10:11:50 IST" duration-ms="5" status="PASS">
          <reporter-output>
          </reporter-output>
        </test-method> <!-- orderHistory_user4_hasOneOrder -->
        <test-method signature="orderHistory_user4_orderHas4xECat()[pri:0, instance:com.eyebeem.tests.api.OrdersApiTest@45d84a20]" started-at="2026-02-20T10:11:50 IST" name="orderHistory_user4_orderHas4xECat" finished-at="2026-02-20T10:11:50 IST" duration-ms="5" status="PASS">
          <reporter-output>
          </reporter-output>
        </test-method> <!-- orderHistory_user4_orderHas4xECat -->
        <test-method signature="orderHistory_user4_orderTotal399_96()[pri:0, instance:com.eyebeem.tests.api.OrdersApiTest@45d84a20]" started-at="2026-02-20T10:11:50 IST" name="orderHistory_user4_orderTotal399_96" finished-at="2026-02-20T10:11:50 IST" duration-ms="5" status="PASS">
          <reporter-output>
          </reporter-output>
        </test-method> <!-- orderHistory_user4_orderTotal399_96 -->
        <test-method signature="orderHistory_user5_hasOneOrder()[pri:0, instance:com.eyebeem.tests.api.OrdersApiTest@45d84a20]" started-at="2026-02-20T10:11:50 IST" name="orderHistory_user5_hasOneOrder" finished-at="2026-02-20T10:11:50 IST" duration-ms="4" status="PASS">
          <reporter-output>
          </reporter-output>
        </test-method> <!-- orderHistory_user5_hasOneOrder -->
        <test-method signature="orderHistory_user5_orderHasEHamster()[pri:0, instance:com.eyebeem.tests.api.OrdersApiTest@45d84a20]" started-at="2026-02-20T10:11:50 IST" name="orderHistory_user5_orderHasEHamster" finished-at="2026-02-20T10:11:50 IST" duration-ms="5" status="PASS">
          <reporter-output>
          </reporter-output>
        </test-method> <!-- orderHistory_user5_orderHasEHamster -->
        <test-method signature="orderHistory_user5_orderTotal49_99()[pri:0, instance:com.eyebeem.tests.api.OrdersApiTest@45d84a20]" started-at="2026-02-20T10:11:50 IST" name="orderHistory_user5_orderTotal49_99" finished-at="2026-02-20T10:11:50 IST" duration-ms="4" status="PASS">
          <reporter-output>
          </reporter-output>
        </test-method> <!-- orderHistory_user5_orderTotal49_99 -->
      </class> <!-- com.eyebeem.tests.api.OrdersApiTest -->
    </test> <!-- API Tests - Orders -->
    <test started-at="2026-02-20T10:11:50 IST" name="API Tests - Products" finished-at="2026-02-20T10:11:50 IST" duration-ms="75">
      <class name="com.eyebeem.tests.api.ProductsApiTest">
        <test-method signature="getProduct1_price99_99()[pri:0, instance:com.eyebeem.tests.api.ProductsApiTest@7d900ecf]" started-at="2026-02-20T10:11:50 IST" name="getProduct1_price99_99" finished-at="2026-02-20T10:11:50 IST" duration-ms="5" status="PASS">
          <reporter-output>
          </reporter-output>
        </test-method> <!-- getProduct1_price99_99 -->
        <test-method signature="getProduct1_returnsECat()[pri:0, instance:com.eyebeem.tests.api.ProductsApiTest@7d900ecf]" started-at="2026-02-20T10:11:50 IST" name="getProduct1_returnsECat" finished-at="2026-02-20T10:11:50 IST" duration-ms="5" status="PASS">
          <reporter-output>
          </reporter-output>
        </test-method> <!-- getProduct1_returnsECat -->
        <test-method signature="getProduct2_price129_99()[pri:0, instance:com.eyebeem.tests.api.ProductsApiTest@7d900ecf]" started-at="2026-02-20T10:11:50 IST" name="getProduct2_price129_99" finished-at="2026-02-20T10:11:50 IST" duration-ms="6" status="PASS">
          <reporter-output>
          </reporter-output>
        </test-method> <!-- getProduct2_price129_99 -->
        <test-method signature="getProduct2_returnsEDog()[pri:0, instance:com.eyebeem.tests.api.ProductsApiTest@7d900ecf]" started-at="2026-02-20T10:11:50 IST" name="getProduct2_returnsEDog" finished-at="2026-02-20T10:11:50 IST" duration-ms="4" status="PASS">
          <reporter-output>
          </reporter-output>
        </test-method> <!-- getProduct2_returnsEDog -->
        <test-method signature="getProduct3_price49_99()[pri:0, instance:com.eyebeem.tests.api.ProductsApiTest@7d900ecf]" started-at="2026-02-20T10:11:50 IST" name="getProduct3_price49_99" finished-at="2026-02-20T10:11:50 IST" duration-ms="5" status="PASS">
          <reporter-output>
          </reporter-output>
        </test-method> <!-- getProduct3_price49_99 -->
        <test-method signature="getProduct3_returnsEHamster()[pri:0, instance:com.eyebeem.tests.api.ProductsApiTest@7d900ecf]" started-at="2026-02-20T10:11:50 IST" name="getProduct3_returnsEHamster" finished-at="2026-02-20T10:11:50 IST" duration-ms="4" status="PASS">
          <reporter-output>
          </reporter-output>
        </test-method> <!-- getProduct3_returnsEHamster -->
        <test-method signature="getProducts_eachHasName()[pri:0, instance:com.eyebeem.tests.api.ProductsApiTest@7d900ecf]" started-at="2026-02-20T10:11:50 IST" name="getProducts_eachHasName" finished-at="2026-02-20T10:11:50 IST" duration-ms="4" status="PASS">
          <reporter-output>
          </reporter-output>
        </test-method> <!-- getProducts_eachHasName -->
        <test-method signature="getProducts_eachHasPrice()[pri:0, instance:com.eyebeem.tests.api.ProductsApiTest@7d900ecf]" started-at="2026-02-20T10:11:50 IST" name="getProducts_eachHasPrice" finished-at="2026-02-20T10:11:50 IST" duration-ms="3" status="PASS">
          <reporter-output>
          </reporter-output>
        </test-method> <!-- getProducts_eachHasPrice -->
        <test-method signature="getProducts_eachHasProductId()[pri:0, instance:com.eyebeem.tests.api.ProductsApiTest@7d900ecf]" started-at="2026-02-20T10:11:50 IST" name="getProducts_eachHasProductId" finished-at="2026-02-20T10:11:50 IST" duration-ms="5" status="PASS">
          <reporter-output>
          </reporter-output>
        </test-method> <!-- getProducts_eachHasProductId -->
        <test-method signature="getProducts_eachHasQuantity()[pri:0, instance:com.eyebeem.tests.api.ProductsApiTest@7d900ecf]" started-at="2026-02-20T10:11:50 IST" name="getProducts_eachHasQuantity" finished-at="2026-02-20T10:11:50 IST" duration-ms="4" status="PASS">
          <reporter-output>
          </reporter-output>
        </test-method> <!-- getProducts_eachHasQuantity -->
        <test-method signature="getProducts_hasECat()[pri:0, instance:com.eyebeem.tests.api.ProductsApiTest@7d900ecf]" started-at="2026-02-20T10:11:50 IST" name="getProducts_hasECat" finished-at="2026-02-20T10:11:50 IST" duration-ms="3" status="PASS">
          <reporter-output>
          </reporter-output>
        </test-method> <!-- getProducts_hasECat -->
        <test-method signature="getProducts_hasEDog()[pri:0, instance:com.eyebeem.tests.api.ProductsApiTest@7d900ecf]" started-at="2026-02-20T10:11:50 IST" name="getProducts_hasEDog" finished-at="2026-02-20T10:11:50 IST" duration-ms="3" status="PASS">
          <reporter-output>
          </reporter-output>
        </test-method> <!-- getProducts_hasEDog -->
        <test-method signature="getProducts_hasEHamster()[pri:0, instance:com.eyebeem.tests.api.ProductsApiTest@7d900ecf]" started-at="2026-02-20T10:11:50 IST" name="getProducts_hasEHamster" finished-at="2026-02-20T10:11:50 IST" duration-ms="4" status="PASS">
          <reporter-output>
          </reporter-output>
        </test-method> <!-- getProducts_hasEHamster -->
        <test-method signature="getProducts_returnsThree()[pri:0, instance:com.eyebeem.tests.api.ProductsApiTest@7d900ecf]" started-at="2026-02-20T10:11:50 IST" name="getProducts_returnsThree" finished-at="2026-02-20T10:11:50 IST" duration-ms="3" status="PASS">
          <reporter-output>
          </reporter-output>
        </test-method> <!-- getProducts_returnsThree -->
        <test-method signature="getProducts_typeCanineForEDog()[pri:0, instance:com.eyebeem.tests.api.ProductsApiTest@7d900ecf]" started-at="2026-02-20T10:11:50 IST" name="getProducts_typeCanineForEDog" finished-at="2026-02-20T10:11:50 IST" duration-ms="4" status="PASS">
          <reporter-output>
          </reporter-output>
        </test-method> <!-- getProducts_typeCanineForEDog -->
        <test-method signature="getProducts_typeFelineForECat()[pri:0, instance:com.eyebeem.tests.api.ProductsApiTest@7d900ecf]" started-at="2026-02-20T10:11:50 IST" name="getProducts_typeFelineForECat" finished-at="2026-02-20T10:11:50 IST" duration-ms="3" status="PASS">
          <reporter-output>
          </reporter-output>
        </test-method> <!-- getProducts_typeFelineForECat -->
        <test-method signature="getProducts_typeRodentForEHamster()[pri:0, instance:com.eyebeem.tests.api.ProductsApiTest@7d900ecf]" started-at="2026-02-20T10:11:50 IST" name="getProducts_typeRodentForEHamster" finished-at="2026-02-20T10:11:50 IST" duration-ms="4" status="PASS">
          <reporter-output>
          </reporter-output>
        </test-method> <!-- getProducts_typeRodentForEHamster -->
      </class> <!-- com.eyebeem.tests.api.ProductsApiTest -->
    </test> <!-- API Tests - Products -->
    <test started-at="2026-02-20T10:11:50 IST" name="API Tests - Users" finished-at="2026-02-20T10:11:50 IST" duration-ms="35">
      <class name="com.eyebeem.tests.api.UsersApiTest">
        <test-method signature="getUser1_orderHistoryHasOneOrder()[pri:0, instance:com.eyebeem.tests.api.UsersApiTest@2ab4bc72]" started-at="2026-02-20T10:11:50 IST" name="getUser1_orderHistoryHasOneOrder" finished-at="2026-02-20T10:11:50 IST" duration-ms="7" status="PASS">
          <reporter-output>
          </reporter-output>
        </test-method> <!-- getUser1_orderHistoryHasOneOrder -->
        <test-method signature="getUser1_returnsTestUser()[pri:0, instance:com.eyebeem.tests.api.UsersApiTest@2ab4bc72]" started-at="2026-02-20T10:11:50 IST" name="getUser1_returnsTestUser" finished-at="2026-02-20T10:11:50 IST" duration-ms="4" status="PASS">
          <reporter-output>
          </reporter-output>
        </test-method> <!-- getUser1_returnsTestUser -->
        <test-method signature="getUser2_orderHistoryEmpty()[pri:0, instance:com.eyebeem.tests.api.UsersApiTest@2ab4bc72]" started-at="2026-02-20T10:11:50 IST" name="getUser2_orderHistoryEmpty" finished-at="2026-02-20T10:11:50 IST" duration-ms="4" status="PASS">
          <reporter-output>
          </reporter-output>
        </test-method> <!-- getUser2_orderHistoryEmpty -->
        <test-method signature="getUser2_returnsJaneDoe()[pri:0, instance:com.eyebeem.tests.api.UsersApiTest@2ab4bc72]" started-at="2026-02-20T10:11:50 IST" name="getUser2_returnsJaneDoe" finished-at="2026-02-20T10:11:50 IST" duration-ms="3" status="PASS">
          <reporter-output>
          </reporter-output>
        </test-method> <!-- getUser2_returnsJaneDoe -->
        <test-method signature="getUser3_returnsImaad()[pri:0, instance:com.eyebeem.tests.api.UsersApiTest@2ab4bc72]" started-at="2026-02-20T10:11:50 IST" name="getUser3_returnsImaad" finished-at="2026-02-20T10:11:50 IST" duration-ms="4" status="PASS">
          <reporter-output>
          </reporter-output>
        </test-method> <!-- getUser3_returnsImaad -->
        <test-method signature="getUser4_returnsAryan()[pri:0, instance:com.eyebeem.tests.api.UsersApiTest@2ab4bc72]" started-at="2026-02-20T10:11:50 IST" name="getUser4_returnsAryan" finished-at="2026-02-20T10:11:50 IST" duration-ms="3" status="PASS">
          <reporter-output>
          </reporter-output>
        </test-method> <!-- getUser4_returnsAryan -->
        <test-method signature="getUser5_returnsPetlover()[pri:0, instance:com.eyebeem.tests.api.UsersApiTest@2ab4bc72]" started-at="2026-02-20T10:11:50 IST" name="getUser5_returnsPetlover" finished-at="2026-02-20T10:11:50 IST" duration-ms="4" status="PASS">
          <reporter-output>
          </reporter-output>
        </test-method> <!-- getUser5_returnsPetlover -->
        <test-method signature="getUser_hasOrderHistory()[pri:0, instance:com.eyebeem.tests.api.UsersApiTest@2ab4bc72]" started-at="2026-02-20T10:11:50 IST" name="getUser_hasOrderHistory" finished-at="2026-02-20T10:11:50 IST" duration-ms="4" status="PASS">
          <reporter-output>
          </reporter-output>
        </test-method> <!-- getUser_hasOrderHistory -->
      </class> <!-- com.eyebeem.tests.api.UsersApiTest -->
    </test> <!-- API Tests - Users -->
    <test started-at="2026-02-20T10:11:50 IST" name="API Tests - Cart" finished-at="2026-02-20T10:11:50 IST" duration-ms="66">
      <class name="com.eyebeem.tests.api.CartApiTest">
        <test-method signature="addToCart_thenGetCart_containsItem()[pri:0, instance:com.eyebeem.tests.api.CartApiTest@2de56eb2]" started-at="2026-02-20T10:11:50 IST" name="addToCart_thenGetCart_containsItem" finished-at="2026-02-20T10:11:50 IST" duration-ms="35" status="PASS">
          <reporter-output>
          </reporter-output>
        </test-method> <!-- addToCart_thenGetCart_containsItem -->
        <test-method signature="getCart_eachUserReturns200()[pri:0, instance:com.eyebeem.tests.api.CartApiTest@2de56eb2]" started-at="2026-02-20T10:11:50 IST" name="getCart_eachUserReturns200" finished-at="2026-02-20T10:11:50 IST" duration-ms="17" status="PASS">
          <reporter-output>
          </reporter-output>
        </test-method> <!-- getCart_eachUserReturns200 -->
        <test-method signature="getCart_itemsIsArray()[pri:0, instance:com.eyebeem.tests.api.CartApiTest@2de56eb2]" started-at="2026-02-20T10:11:50 IST" name="getCart_itemsIsArray" finished-at="2026-02-20T10:11:50 IST" duration-ms="4" status="PASS">
          <reporter-output>
          </reporter-output>
        </test-method> <!-- getCart_itemsIsArray -->
        <test-method signature="getCart_returnsJsonObject()[pri:0, instance:com.eyebeem.tests.api.CartApiTest@2de56eb2]" started-at="2026-02-20T10:11:50 IST" name="getCart_returnsJsonObject" finished-at="2026-02-20T10:11:50 IST" duration-ms="4" status="PASS">
          <reporter-output>
          </reporter-output>
        </test-method> <!-- getCart_returnsJsonObject -->
        <test-method signature="getCart_user1_returns200()[pri:0, instance:com.eyebeem.tests.api.CartApiTest@2de56eb2]" started-at="2026-02-20T10:11:50 IST" name="getCart_user1_returns200" finished-at="2026-02-20T10:11:50 IST" duration-ms="4" status="PASS">
          <reporter-output>
          </reporter-output>
        </test-method> <!-- getCart_user1_returns200 -->
      </class> <!-- com.eyebeem.tests.api.CartApiTest -->
    </test> <!-- API Tests - Cart -->
    <test started-at="2026-02-20T10:11:50 IST" name="API Tests - Create Account E2E" finished-at="2026-02-20T10:11:50 IST" duration-ms="7">
      <class name="com.eyebeem.tests.api.CreateAccountApiTest">
        <test-method signature="createNewAccount_viaLogin_returnsUserWithId()[pri:0, instance:com.eyebeem.tests.api.CreateAccountApiTest@17bffc17]" started-at="2026-02-20T10:11:50 IST" name="createNewAccount_viaLogin_returnsUserWithId" finished-at="2026-02-20T10:11:50 IST" duration-ms="6" status="PASS">
          <reporter-output>
          </reporter-output>
        </test-method> <!-- createNewAccount_viaLogin_returnsUserWithId -->
      </class> <!-- com.eyebeem.tests.api.CreateAccountApiTest -->
    </test> <!-- API Tests - Create Account E2E -->
    <test started-at="2026-02-20T10:11:50 IST" name="Database Tests" finished-at="2026-02-20T10:11:51 IST" duration-ms="266">
      <class name="com.eyebeem.tests.db.InventoryDbTest">
        <test-method signature="getAllInventory_ReturnsOrderedByProductId()[pri:0, instance:com.eyebeem.tests.db.InventoryDbTest@6b09fb41]" started-at="2026-02-20T10:11:51 IST" name="getAllInventory_ReturnsOrderedByProductId" finished-at="2026-02-20T10:11:51 IST" duration-ms="3" status="PASS">
          <reporter-output>
          </reporter-output>
        </test-method> <!-- getAllInventory_ReturnsOrderedByProductId -->
        <test-method signature="inventoryHasAtLeastThreeProducts()[pri:0, instance:com.eyebeem.tests.db.InventoryDbTest@6b09fb41]" started-at="2026-02-20T10:11:51 IST" name="inventoryHasAtLeastThreeProducts" finished-at="2026-02-20T10:11:51 IST" duration-ms="2" status="PASS">
          <reporter-output>
          </reporter-output>
        </test-method> <!-- inventoryHasAtLeastThreeProducts -->
        <test-method signature="inventoryTableExists()[pri:0, instance:com.eyebeem.tests.db.InventoryDbTest@6b09fb41]" started-at="2026-02-20T10:11:51 IST" name="inventoryTableExists" finished-at="2026-02-20T10:11:51 IST" duration-ms="4" status="PASS">
          <reporter-output>
          </reporter-output>
        </test-method> <!-- inventoryTableExists -->
        <test-method signature="product1_ECatExists()[pri:0, instance:com.eyebeem.tests.db.InventoryDbTest@6b09fb41]" started-at="2026-02-20T10:11:51 IST" name="product1_ECatExists" finished-at="2026-02-20T10:11:51 IST" duration-ms="4" status="PASS">
          <reporter-output>
          </reporter-output>
        </test-method> <!-- product1_ECatExists -->
        <test-method signature="product1_HasCorrectPrice()[pri:0, instance:com.eyebeem.tests.db.InventoryDbTest@6b09fb41]" started-at="2026-02-20T10:11:51 IST" name="product1_HasCorrectPrice" finished-at="2026-02-20T10:11:51 IST" duration-ms="3" status="PASS">
          <reporter-output>
          </reporter-output>
        </test-method> <!-- product1_HasCorrectPrice -->
        <test-method signature="product1_HasQuantity()[pri:0, instance:com.eyebeem.tests.db.InventoryDbTest@6b09fb41]" started-at="2026-02-20T10:11:51 IST" name="product1_HasQuantity" finished-at="2026-02-20T10:11:51 IST" duration-ms="3" status="PASS">
          <reporter-output>
          </reporter-output>
        </test-method> <!-- product1_HasQuantity -->
        <test-method signature="product2_EDogExists()[pri:0, instance:com.eyebeem.tests.db.InventoryDbTest@6b09fb41]" started-at="2026-02-20T10:11:51 IST" name="product2_EDogExists" finished-at="2026-02-20T10:11:51 IST" duration-ms="3" status="PASS">
          <reporter-output>
          </reporter-output>
        </test-method> <!-- product2_EDogExists -->
        <test-method signature="product2_HasCorrectPrice()[pri:0, instance:com.eyebeem.tests.db.InventoryDbTest@6b09fb41]" started-at="2026-02-20T10:11:51 IST" name="product2_HasCorrectPrice" finished-at="2026-02-20T10:11:51 IST" duration-ms="2" status="PASS">
          <reporter-output>
          </reporter-output>
        </test-method> <!-- product2_HasCorrectPrice -->
        <test-method signature="product3_EHamsterExists()[pri:0, instance:com.eyebeem.tests.db.InventoryDbTest@6b09fb41]" started-at="2026-02-20T10:11:51 IST" name="product3_EHamsterExists" finished-at="2026-02-20T10:11:51 IST" duration-ms="3" status="PASS">
          <reporter-output>
          </reporter-output>
        </test-method> <!-- product3_EHamsterExists -->
        <test-method signature="product3_HasCorrectPrice()[pri:0, instance:com.eyebeem.tests.db.InventoryDbTest@6b09fb41]" started-at="2026-02-20T10:11:51 IST" name="product3_HasCorrectPrice" finished-at="2026-02-20T10:11:51 IST" duration-ms="3" status="PASS">
          <reporter-output>
          </reporter-output>
        </test-method> <!-- product3_HasCorrectPrice -->
      </class> <!-- com.eyebeem.tests.db.InventoryDbTest -->
      <class name="com.eyebeem.tests.db.OrdersDataDbTest">
        <test-method signature="order1_user1_total99_99()[pri:0, instance:com.eyebeem.tests.db.OrdersDataDbTest@3932c79a]" started-at="2026-02-20T10:11:51 IST" name="order1_user1_total99_99" finished-at="2026-02-20T10:11:51 IST" duration-ms="3" status="PASS">
          <reporter-output>
          </reporter-output>
        </test-method> <!-- order1_user1_total99_99 -->
        <test-method signature="order2_user3_total129_99()[pri:0, instance:com.eyebeem.tests.db.OrdersDataDbTest@3932c79a]" started-at="2026-02-20T10:11:51 IST" name="order2_user3_total129_99" finished-at="2026-02-20T10:11:51 IST" duration-ms="3" status="PASS">
          <reporter-output>
          </reporter-output>
        </test-method> <!-- order2_user3_total129_99 -->
        <test-method signature="order3_user4_total399_96()[pri:0, instance:com.eyebeem.tests.db.OrdersDataDbTest@3932c79a]" started-at="2026-02-20T10:11:51 IST" name="order3_user4_total399_96" finished-at="2026-02-20T10:11:51 IST" duration-ms="5" status="PASS">
          <reporter-output>
          </reporter-output>
        </test-method> <!-- order3_user4_total399_96 -->
        <test-method signature="order4_user5_total49_99()[pri:0, instance:com.eyebeem.tests.db.OrdersDataDbTest@3932c79a]" started-at="2026-02-20T10:11:51 IST" name="order4_user5_total49_99" finished-at="2026-02-20T10:11:51 IST" duration-ms="3" status="PASS">
          <reporter-output>
          </reporter-output>
        </test-method> <!-- order4_user5_total49_99 -->
        <test-method signature="orderCount_atLeast4()[pri:0, instance:com.eyebeem.tests.db.OrdersDataDbTest@3932c79a]" started-at="2026-02-20T10:11:51 IST" name="orderCount_atLeast4" finished-at="2026-02-20T10:11:51 IST" duration-ms="3" status="PASS">
          <reporter-output>
          </reporter-output>
        </test-method> <!-- orderCount_atLeast4 -->
        <test-method signature="user1_hasOneOrder()[pri:0, instance:com.eyebeem.tests.db.OrdersDataDbTest@3932c79a]" started-at="2026-02-20T10:11:51 IST" name="user1_hasOneOrder" finished-at="2026-02-20T10:11:51 IST" duration-ms="3" status="PASS">
          <reporter-output>
          </reporter-output>
        </test-method> <!-- user1_hasOneOrder -->
        <test-method signature="user2_hasNoOrders()[pri:0, instance:com.eyebeem.tests.db.OrdersDataDbTest@3932c79a]" started-at="2026-02-20T10:11:51 IST" name="user2_hasNoOrders" finished-at="2026-02-20T10:11:51 IST" duration-ms="2" status="PASS">
          <reporter-output>
          </reporter-output>
        </test-method> <!-- user2_hasNoOrders -->
        <test-method signature="user3_hasOneOrder()[pri:0, instance:com.eyebeem.tests.db.OrdersDataDbTest@3932c79a]" started-at="2026-02-20T10:11:51 IST" name="user3_hasOneOrder" finished-at="2026-02-20T10:11:51 IST" duration-ms="2" status="PASS">
          <reporter-output>
          </reporter-output>
        </test-method> <!-- user3_hasOneOrder -->
        <test-method signature="user4_hasOneOrder()[pri:0, instance:com.eyebeem.tests.db.OrdersDataDbTest@3932c79a]" started-at="2026-02-20T10:11:51 IST" name="user4_hasOneOrder" finished-at="2026-02-20T10:11:51 IST" duration-ms="3" status="PASS">
          <reporter-output>
          </reporter-output>
        </test-method> <!-- user4_hasOneOrder -->
        <test-method signature="user5_hasOneOrder()[pri:0, instance:com.eyebeem.tests.db.OrdersDataDbTest@3932c79a]" started-at="2026-02-20T10:11:51 IST" name="user5_hasOneOrder" finished-at="2026-02-20T10:11:51 IST" duration-ms="3" status="PASS">
          <reporter-output>
          </reporter-output>
        </test-method> <!-- user5_hasOneOrder -->
      </class> <!-- com.eyebeem.tests.db.OrdersDataDbTest -->
      <class name="com.eyebeem.tests.db.UsersDbTest">
        <test-method signature="nonExistentUser_returnsNull()[pri:0, instance:com.eyebeem.tests.db.UsersDbTest@624ea235]" started-at="2026-02-20T10:11:51 IST" name="nonExistentUser_returnsNull" finished-at="2026-02-20T10:11:51 IST" duration-ms="3" status="PASS">
          <reporter-output>
          </reporter-output>
        </test-method> <!-- nonExistentUser_returnsNull -->
        <test-method signature="user1_exists_withEmail()[pri:0, instance:com.eyebeem.tests.db.UsersDbTest@624ea235]" started-at="2026-02-20T10:11:51 IST" name="user1_exists_withEmail" finished-at="2026-02-20T10:11:51 IST" duration-ms="3" status="PASS">
          <reporter-output>
          </reporter-output>
        </test-method> <!-- user1_exists_withEmail -->
        <test-method signature="user2_exists_withEmail()[pri:0, instance:com.eyebeem.tests.db.UsersDbTest@624ea235]" started-at="2026-02-20T10:11:51 IST" name="user2_exists_withEmail" finished-at="2026-02-20T10:11:51 IST" duration-ms="2" status="PASS">
          <reporter-output>
          </reporter-output>
        </test-method> <!-- user2_exists_withEmail -->
        <test-method signature="user3_exists_withEmail()[pri:0, instance:com.eyebeem.tests.db.UsersDbTest@624ea235]" started-at="2026-02-20T10:11:51 IST" name="user3_exists_withEmail" finished-at="2026-02-20T10:11:51 IST" duration-ms="3" status="PASS">
          <reporter-output>
          </reporter-output>
        </test-method> <!-- user3_exists_withEmail -->
        <test-method signature="user4_exists_withEmail()[pri:0, instance:com.eyebeem.tests.db.UsersDbTest@624ea235]" started-at="2026-02-20T10:11:51 IST" name="user4_exists_withEmail" finished-at="2026-02-20T10:11:51 IST" duration-ms="2" status="PASS">
          <reporter-output>
          </reporter-output>
        </test-method> <!-- user4_exists_withEmail -->
        <test-method signature="user5_exists_withEmail()[pri:0, instance:com.eyebeem.tests.db.UsersDbTest@624ea235]" started-at="2026-02-20T10:11:51 IST" name="user5_exists_withEmail" finished-at="2026-02-20T10:11:51 IST" duration-ms="3" status="PASS">
          <reporter-output>
          </reporter-output>
        </test-method> <!-- user5_exists_withEmail -->
        <test-method signature="userCount_atLeast5()[pri:0, instance:com.eyebeem.tests.db.UsersDbTest@624ea235]" started-at="2026-02-20T10:11:51 IST" name="userCount_atLeast5" finished-at="2026-02-20T10:11:51 IST" duration-ms="2" status="PASS">
          <reporter-output>
          </reporter-output>
        </test-method> <!-- userCount_atLeast5 -->
        <test-method signature="usersTableExists()[pri:0, instance:com.eyebeem.tests.db.UsersDbTest@624ea235]" started-at="2026-02-20T10:11:51 IST" name="usersTableExists" finished-at="2026-02-20T10:11:51 IST" duration-ms="4" status="PASS">
          <reporter-output>
          </reporter-output>
        </test-method> <!-- usersTableExists -->
      </class> <!-- com.eyebeem.tests.db.UsersDbTest -->
      <class name="com.eyebeem.tests.db.OrdersDbTest">
        <test-method signature="getOrderCount_ReturnsNonNegative()[pri:0, instance:com.eyebeem.tests.db.OrdersDbTest@16150369]" started-at="2026-02-20T10:11:50 IST" name="getOrderCount_ReturnsNonNegative" finished-at="2026-02-20T10:11:51 IST" duration-ms="103" status="PASS">
          <reporter-output>
          </reporter-output>
        </test-method> <!-- getOrderCount_ReturnsNonNegative -->
        <test-method signature="getOrderItems_NonExistentOrderReturnsEmpty()[pri:0, instance:com.eyebeem.tests.db.OrdersDbTest@16150369]" started-at="2026-02-20T10:11:51 IST" name="getOrderItems_NonExistentOrderReturnsEmpty" finished-at="2026-02-20T10:11:51 IST" duration-ms="9" status="PASS">
          <reporter-output>
          </reporter-output>
        </test-method> <!-- getOrderItems_NonExistentOrderReturnsEmpty -->
        <test-method signature="getOrderRow_NonExistentReturnsNull()[pri:0, instance:com.eyebeem.tests.db.OrdersDbTest@16150369]" started-at="2026-02-20T10:11:51 IST" name="getOrderRow_NonExistentReturnsNull" finished-at="2026-02-20T10:11:51 IST" duration-ms="5" status="PASS">
          <reporter-output>
          </reporter-output>
        </test-method> <!-- getOrderRow_NonExistentReturnsNull -->
        <test-method signature="orderItemsTableExists()[pri:0, instance:com.eyebeem.tests.db.OrdersDbTest@16150369]" started-at="2026-02-20T10:11:51 IST" name="orderItemsTableExists" finished-at="2026-02-20T10:11:51 IST" duration-ms="10" status="PASS">
          <reporter-output>
          </reporter-output>
        </test-method> <!-- orderItemsTableExists -->
        <test-method signature="orderItems_ReferValidProductIds()[pri:0, instance:com.eyebeem.tests.db.OrdersDbTest@16150369]" started-at="2026-02-20T10:11:51 IST" name="orderItems_ReferValidProductIds" finished-at="2026-02-20T10:11:51 IST" duration-ms="3" status="PASS">
          <reporter-output>
          </reporter-output>
        </test-method> <!-- orderItems_ReferValidProductIds -->
        <test-method signature="ordersTableExists()[pri:0, instance:com.eyebeem.tests.db.OrdersDbTest@16150369]" started-at="2026-02-20T10:11:51 IST" name="ordersTableExists" finished-at="2026-02-20T10:11:51 IST" duration-ms="4" status="PASS">
          <reporter-output>
          </reporter-output>
        </test-method> <!-- ordersTableExists -->
      </class> <!-- com.eyebeem.tests.db.OrdersDbTest -->
      <class name="com.eyebeem.tests.db.OrderItemsDbTest">
        <test-method signature="order1_hasOneItem_eCat()[pri:0, instance:com.eyebeem.tests.db.OrderItemsDbTest@782859e]" started-at="2026-02-20T10:11:51 IST" name="order1_hasOneItem_eCat" finished-at="2026-02-20T10:11:51 IST" duration-ms="3" status="PASS">
          <reporter-output>
          </reporter-output>
        </test-method> <!-- order1_hasOneItem_eCat -->
        <test-method signature="order1_unitPrice99_99()[pri:0, instance:com.eyebeem.tests.db.OrderItemsDbTest@782859e]" started-at="2026-02-20T10:11:51 IST" name="order1_unitPrice99_99" finished-at="2026-02-20T10:11:51 IST" duration-ms="3" status="PASS">
          <reporter-output>
          </reporter-output>
        </test-method> <!-- order1_unitPrice99_99 -->
        <test-method signature="order2_hasOneItem_eDog()[pri:0, instance:com.eyebeem.tests.db.OrderItemsDbTest@782859e]" started-at="2026-02-20T10:11:51 IST" name="order2_hasOneItem_eDog" finished-at="2026-02-20T10:11:51 IST" duration-ms="3" status="PASS">
          <reporter-output>
          </reporter-output>
        </test-method> <!-- order2_hasOneItem_eDog -->
        <test-method signature="order3_hasOneItem_4xECat()[pri:0, instance:com.eyebeem.tests.db.OrderItemsDbTest@782859e]" started-at="2026-02-20T10:11:51 IST" name="order3_hasOneItem_4xECat" finished-at="2026-02-20T10:11:51 IST" duration-ms="3" status="PASS">
          <reporter-output>
          </reporter-output>
        </test-method> <!-- order3_hasOneItem_4xECat -->
        <test-method signature="order4_hasOneItem_eHamster()[pri:0, instance:com.eyebeem.tests.db.OrderItemsDbTest@782859e]" started-at="2026-02-20T10:11:51 IST" name="order4_hasOneItem_eHamster" finished-at="2026-02-20T10:11:51 IST" duration-ms="3" status="PASS">
          <reporter-output>
          </reporter-output>
        </test-method> <!-- order4_hasOneItem_eHamster -->
        <test-method signature="orderItems_productIdsReferInventory()[pri:0, instance:com.eyebeem.tests.db.OrderItemsDbTest@782859e]" started-at="2026-02-20T10:11:51 IST" name="orderItems_productIdsReferInventory" finished-at="2026-02-20T10:11:51 IST" duration-ms="9" status="PASS">
          <reporter-output>
          </reporter-output>
        </test-method> <!-- orderItems_productIdsReferInventory -->
      </class> <!-- com.eyebeem.tests.db.OrderItemsDbTest -->
      <class name="com.eyebeem.tests.db.InventoryDataDbTest">
        <test-method signature="product1_hasNonNegativeQuantity()[pri:0, instance:com.eyebeem.tests.db.InventoryDataDbTest@23f5b5dc]" started-at="2026-02-20T10:11:51 IST" name="product1_hasNonNegativeQuantity" finished-at="2026-02-20T10:11:51 IST" duration-ms="3" status="PASS">
          <reporter-output>
          </reporter-output>
        </test-method> <!-- product1_hasNonNegativeQuantity -->
        <test-method signature="product1_nameECat()[pri:0, instance:com.eyebeem.tests.db.InventoryDataDbTest@23f5b5dc]" started-at="2026-02-20T10:11:51 IST" name="product1_nameECat" finished-at="2026-02-20T10:11:51 IST" duration-ms="3" status="PASS">
          <reporter-output>
          </reporter-output>
        </test-method> <!-- product1_nameECat -->
        <test-method signature="product2_hasNonNegativeQuantity()[pri:0, instance:com.eyebeem.tests.db.InventoryDataDbTest@23f5b5dc]" started-at="2026-02-20T10:11:51 IST" name="product2_hasNonNegativeQuantity" finished-at="2026-02-20T10:11:51 IST" duration-ms="2" status="PASS">
          <reporter-output>
          </reporter-output>
        </test-method> <!-- product2_hasNonNegativeQuantity -->
        <test-method signature="product2_nameEDog()[pri:0, instance:com.eyebeem.tests.db.InventoryDataDbTest@23f5b5dc]" started-at="2026-02-20T10:11:51 IST" name="product2_nameEDog" finished-at="2026-02-20T10:11:51 IST" duration-ms="2" status="PASS">
          <reporter-output>
          </reporter-output>
        </test-method> <!-- product2_nameEDog -->
        <test-method signature="product3_hasNonNegativeQuantity()[pri:0, instance:com.eyebeem.tests.db.InventoryDataDbTest@23f5b5dc]" started-at="2026-02-20T10:11:51 IST" name="product3_hasNonNegativeQuantity" finished-at="2026-02-20T10:11:51 IST" duration-ms="3" status="PASS">
          <reporter-output>
          </reporter-output>
        </test-method> <!-- product3_hasNonNegativeQuantity -->
        <test-method signature="product3_nameEHamster()[pri:0, instance:com.eyebeem.tests.db.InventoryDataDbTest@23f5b5dc]" started-at="2026-02-20T10:11:51 IST" name="product3_nameEHamster" finished-at="2026-02-20T10:11:51 IST" duration-ms="3" status="PASS">
          <reporter-output>
          </reporter-output>
        </test-method> <!-- product3_nameEHamster -->
      </class> <!-- com.eyebeem.tests.db.InventoryDataDbTest -->
    </test> <!-- Database Tests -->
  </suite> <!-- EYE BEE M Pets UI Suite -->
</testng-results>
