<?xml version="1.0" encoding="UTF-8"?>
<testng-results ignored="0" total="23" passed="23" failed="0" skipped="0">
  <reporter-output>
  </reporter-output>
  <suite started-at="2026-02-22T13:52:27 IST" name="Registration Module" finished-at="2026-02-22T13:52:35 IST" duration-ms="8768">
    <groups>
    </groups>
    <test started-at="2026-02-22T13:52:27 IST" name="Registration - UI" finished-at="2026-02-22T13:52:35 IST" duration-ms="8409">
      <class name="com.eyebeem.tests.login.LoginPageNavigationTest">
        <test-method is-config="true" signature="setUpDriver()[pri:0, instance:com.eyebeem.tests.login.LoginPageNavigationTest@38cee291]" started-at="2026-02-22T13:52:33 IST" name="setUpDriver" finished-at="2026-02-22T13:52:34 IST" duration-ms="995" status="PASS">
          <reporter-output>
          </reporter-output>
        </test-method> <!-- setUpDriver -->
        <test-method signature="loginPageUrlAndTitleAreCorrect()[pri:0, instance:com.eyebeem.tests.login.LoginPageNavigationTest@38cee291]" started-at="2026-02-22T13:52:34 IST" name="loginPageUrlAndTitleAreCorrect" finished-at="2026-02-22T13:52:35 IST" duration-ms="686" status="PASS">
          <reporter-output>
          </reporter-output>
        </test-method> <!-- loginPageUrlAndTitleAreCorrect -->
        <test-method is-config="true" signature="tearDownDriver()[pri:0, instance:com.eyebeem.tests.login.LoginPageNavigationTest@38cee291]" started-at="2026-02-22T13:52:35 IST" name="tearDownDriver" finished-at="2026-02-22T13:52:35 IST" duration-ms="93" status="PASS">
          <reporter-output>
          </reporter-output>
        </test-method> <!-- tearDownDriver -->
      </class> <!-- com.eyebeem.tests.login.LoginPageNavigationTest -->
      <class name="com.eyebeem.tests.login.LoginPageFormTest">
        <test-method is-config="true" signature="setUpDriver()[pri:0, instance:com.eyebeem.tests.login.LoginPageFormTest@65c7a252]" started-at="2026-02-22T13:52:27 IST" name="setUpDriver" finished-at="2026-02-22T13:52:30 IST" duration-ms="3230" status="PASS">
          <reporter-output>
          </reporter-output>
        </test-method> <!-- setUpDriver -->
        <test-method signature="loginFormDisplaysNameAndEmailFields()[pri:0, instance:com.eyebeem.tests.login.LoginPageFormTest@65c7a252]" started-at="2026-02-22T13:52:30 IST" name="loginFormDisplaysNameAndEmailFields" finished-at="2026-02-22T13:52:31 IST" duration-ms="856" status="PASS">
          <reporter-output>
          </reporter-output>
        </test-method> <!-- loginFormDisplaysNameAndEmailFields -->
        <test-method is-config="true" signature="tearDownDriver()[pri:0, instance:com.eyebeem.tests.login.LoginPageFormTest@65c7a252]" started-at="2026-02-22T13:52:31 IST" name="tearDownDriver" finished-at="2026-02-22T13:52:31 IST" duration-ms="97" status="PASS">
          <reporter-output>
          </reporter-output>
        </test-method> <!-- tearDownDriver -->
      </class> <!-- com.eyebeem.tests.login.LoginPageFormTest -->
      <class name="com.eyebeem.tests.login.LoginPageSubmitTest">
        <test-method is-config="true" signature="setUpDriver()[pri:0, instance:com.eyebeem.tests.login.LoginPageSubmitTest@791f145a]" started-at="2026-02-22T13:52:31 IST" name="setUpDriver" finished-at="2026-02-22T13:52:32 IST" duration-ms="1289" status="PASS">
          <reporter-output>
          </reporter-output>
        </test-method> <!-- setUpDriver -->
        <test-method signature="loginFormAcceptsValidCredentials()[pri:0, instance:com.eyebeem.tests.login.LoginPageSubmitTest@791f145a]" started-at="2026-02-22T13:52:32 IST" name="loginFormAcceptsValidCredentials" finished-at="2026-02-22T13:52:33 IST" duration-ms="1008" status="PASS">
          <reporter-output>
          </reporter-output>
        </test-method> <!-- loginFormAcceptsValidCredentials -->
        <test-method is-config="true" signature="tearDownDriver()[pri:0, instance:com.eyebeem.tests.login.LoginPageSubmitTest@791f145a]" started-at="2026-02-22T13:52:33 IST" name="tearDownDriver" finished-at="2026-02-22T13:52:33 IST" duration-ms="91" status="PASS">
          <reporter-output>
          </reporter-output>
        </test-method> <!-- tearDownDriver -->
      </class> <!-- com.eyebeem.tests.login.LoginPageSubmitTest -->
    </test> <!-- Registration - UI -->
    <test started-at="2026-02-22T13:52:35 IST" name="Registration - API" finished-at="2026-02-22T13:52:35 IST" duration-ms="177">
      <class name="com.eyebeem.tests.api.CreateAccountApiTest">
        <test-method signature="createNewAccount_viaLogin_returnsUserWithId()[pri:0, instance:com.eyebeem.tests.api.CreateAccountApiTest@512baff6]" started-at="2026-02-22T13:52:35 IST" name="createNewAccount_viaLogin_returnsUserWithId" finished-at="2026-02-22T13:52:35 IST" duration-ms="22" status="PASS">
          <reporter-output>
          </reporter-output>
        </test-method> <!-- createNewAccount_viaLogin_returnsUserWithId -->
      </class> <!-- com.eyebeem.tests.api.CreateAccountApiTest -->
      <class name="com.eyebeem.tests.api.AuthApiTest">
        <test-method signature="loginAsEachUser_fromTestData()[pri:0, instance:com.eyebeem.tests.api.AuthApiTest@4ae9cfc1]" started-at="2026-02-22T13:52:35 IST" name="loginAsEachUser_fromTestData" finished-at="2026-02-22T13:52:35 IST" duration-ms="51" status="PASS">
          <reporter-output>
          </reporter-output>
        </test-method> <!-- loginAsEachUser_fromTestData -->
        <test-method signature="login_user1_TestUser()[pri:0, instance:com.eyebeem.tests.api.AuthApiTest@4ae9cfc1]" started-at="2026-02-22T13:52:35 IST" name="login_user1_TestUser" finished-at="2026-02-22T13:52:35 IST" duration-ms="9" status="PASS">
          <reporter-output>
          </reporter-output>
        </test-method> <!-- login_user1_TestUser -->
        <test-method signature="login_user2_JaneDoe()[pri:0, instance:com.eyebeem.tests.api.AuthApiTest@4ae9cfc1]" started-at="2026-02-22T13:52:35 IST" name="login_user2_JaneDoe" finished-at="2026-02-22T13:52:35 IST" duration-ms="8" status="PASS">
          <reporter-output>
          </reporter-output>
        </test-method> <!-- login_user2_JaneDoe -->
        <test-method signature="login_user3_imaad()[pri:0, instance:com.eyebeem.tests.api.AuthApiTest@4ae9cfc1]" started-at="2026-02-22T13:52:35 IST" name="login_user3_imaad" finished-at="2026-02-22T13:52:35 IST" duration-ms="10" status="PASS">
          <reporter-output>
          </reporter-output>
        </test-method> <!-- login_user3_imaad -->
        <test-method signature="login_user4_aryan()[pri:0, instance:com.eyebeem.tests.api.AuthApiTest@4ae9cfc1]" started-at="2026-02-22T13:52:35 IST" name="login_user4_aryan" finished-at="2026-02-22T13:52:35 IST" duration-ms="11" status="PASS">
          <reporter-output>
          </reporter-output>
        </test-method> <!-- login_user4_aryan -->
        <test-method signature="login_user5_petlover()[pri:0, instance:com.eyebeem.tests.api.AuthApiTest@4ae9cfc1]" started-at="2026-02-22T13:52:35 IST" name="login_user5_petlover" finished-at="2026-02-22T13:52:35 IST" duration-ms="10" status="PASS">
          <reporter-output>
          </reporter-output>
        </test-method> <!-- login_user5_petlover -->
      </class> <!-- com.eyebeem.tests.api.AuthApiTest -->
      <class name="com.eyebeem.tests.api.UsersApiTest">
        <test-method signature="getUser1_orderHistoryHasOneOrder()[pri:0, instance:com.eyebeem.tests.api.UsersApiTest@632ceb35]" started-at="2026-02-22T13:52:35 IST" name="getUser1_orderHistoryHasOneOrder" finished-at="2026-02-22T13:52:35 IST" duration-ms="8" status="PASS">
          <reporter-output>
          </reporter-output>
        </test-method> <!-- getUser1_orderHistoryHasOneOrder -->
        <test-method signature="getUser1_returnsTestUser()[pri:0, instance:com.eyebeem.tests.api.UsersApiTest@632ceb35]" started-at="2026-02-22T13:52:35 IST" name="getUser1_returnsTestUser" finished-at="2026-02-22T13:52:35 IST" duration-ms="9" status="PASS">
          <reporter-output>
          </reporter-output>
        </test-method> <!-- getUser1_returnsTestUser -->
        <test-method signature="getUser2_orderHistoryEmpty()[pri:0, instance:com.eyebeem.tests.api.UsersApiTest@632ceb35]" started-at="2026-02-22T13:52:35 IST" name="getUser2_orderHistoryEmpty" finished-at="2026-02-22T13:52:35 IST" duration-ms="6" status="PASS">
          <reporter-output>
          </reporter-output>
        </test-method> <!-- getUser2_orderHistoryEmpty -->
        <test-method signature="getUser5_returnsPetlover()[pri:0, instance:com.eyebeem.tests.api.UsersApiTest@632ceb35]" started-at="2026-02-22T13:52:35 IST" name="getUser5_returnsPetlover" finished-at="2026-02-22T13:52:35 IST" duration-ms="9" status="PASS">
          <reporter-output>
          </reporter-output>
        </test-method> <!-- getUser5_returnsPetlover -->
        <test-method signature="getUser_hasOrderHistory()[pri:0, instance:com.eyebeem.tests.api.UsersApiTest@632ceb35]" started-at="2026-02-22T13:52:35 IST" name="getUser_hasOrderHistory" finished-at="2026-02-22T13:52:35 IST" duration-ms="9" status="PASS">
          <reporter-output>
          </reporter-output>
        </test-method> <!-- getUser_hasOrderHistory -->
      </class> <!-- com.eyebeem.tests.api.UsersApiTest -->
    </test> <!-- Registration - API -->
    <test started-at="2026-02-22T13:52:35 IST" name="Registration - Database" finished-at="2026-02-22T13:52:35 IST" duration-ms="160">
      <class name="com.eyebeem.tests.db.UsersDbTest">
        <test-method signature="nonExistentUser_returnsNull()[pri:0, instance:com.eyebeem.tests.db.UsersDbTest@141e5bef]" started-at="2026-02-22T13:52:35 IST" name="nonExistentUser_returnsNull" finished-at="2026-02-22T13:52:35 IST" duration-ms="108" status="PASS">
          <reporter-output>
          </reporter-output>
        </test-method> <!-- nonExistentUser_returnsNull -->
        <test-method signature="user1_exists_withEmail()[pri:0, instance:com.eyebeem.tests.db.UsersDbTest@141e5bef]" started-at="2026-02-22T13:52:35 IST" name="user1_exists_withEmail" finished-at="2026-02-22T13:52:35 IST" duration-ms="5" status="PASS">
          <reporter-output>
          </reporter-output>
        </test-method> <!-- user1_exists_withEmail -->
        <test-method signature="user2_exists_withEmail()[pri:0, instance:com.eyebeem.tests.db.UsersDbTest@141e5bef]" started-at="2026-02-22T13:52:35 IST" name="user2_exists_withEmail" finished-at="2026-02-22T13:52:35 IST" duration-ms="4" status="PASS">
          <reporter-output>
          </reporter-output>
        </test-method> <!-- user2_exists_withEmail -->
        <test-method signature="user3_exists_withEmail()[pri:0, instance:com.eyebeem.tests.db.UsersDbTest@141e5bef]" started-at="2026-02-22T13:52:35 IST" name="user3_exists_withEmail" finished-at="2026-02-22T13:52:35 IST" duration-ms="5" status="PASS">
          <reporter-output>
          </reporter-output>
        </test-method> <!-- user3_exists_withEmail -->
        <test-method signature="user4_exists_withEmail()[pri:0, instance:com.eyebeem.tests.db.UsersDbTest@141e5bef]" started-at="2026-02-22T13:52:35 IST" name="user4_exists_withEmail" finished-at="2026-02-22T13:52:35 IST" duration-ms="4" status="PASS">
          <reporter-output>
          </reporter-output>
        </test-method> <!-- user4_exists_withEmail -->
        <test-method signature="user5_exists_withEmail()[pri:0, instance:com.eyebeem.tests.db.UsersDbTest@141e5bef]" started-at="2026-02-22T13:52:35 IST" name="user5_exists_withEmail" finished-at="2026-02-22T13:52:35 IST" duration-ms="6" status="PASS">
          <reporter-output>
          </reporter-output>
        </test-method> <!-- user5_exists_withEmail -->
        <test-method signature="userCount_atLeast5()[pri:0, instance:com.eyebeem.tests.db.UsersDbTest@141e5bef]" started-at="2026-02-22T13:52:35 IST" name="userCount_atLeast5" finished-at="2026-02-22T13:52:35 IST" duration-ms="6" status="PASS">
          <reporter-output>
          </reporter-output>
        </test-method> <!-- userCount_atLeast5 -->
        <test-method signature="usersTableExists()[pri:0, instance:com.eyebeem.tests.db.UsersDbTest@141e5bef]" started-at="2026-02-22T13:52:35 IST" name="usersTableExists" finished-at="2026-02-22T13:52:35 IST" duration-ms="12" status="PASS">
          <reporter-output>
          </reporter-output>
        </test-method> <!-- usersTableExists -->
      </class> <!-- com.eyebeem.tests.db.UsersDbTest -->
    </test> <!-- Registration - Database -->
  </suite> <!-- Registration Module -->
</testng-results>
