<?xml version="1.0" encoding="UTF-8"?>
<testng-results ignored="0" total="37" passed="37" failed="0" skipped="0">
  <reporter-output>
  </reporter-output>
  <suite started-at="2026-02-19T10:04:31 IST" name="EYE BEE M Pets UI Suite" finished-at="2026-02-19T10:05:48 IST" duration-ms="77010">
    <groups>
    </groups>
    <test started-at="2026-02-19T10:04:31 IST" name="Home Page Tests" finished-at="2026-02-19T10:04:42 IST" duration-ms="11174">
      <class name="com.eyebeem.tests.home.HomePageLogoLinkTest">
        <test-method is-config="true" signature="setUpDriver()[pri:0, instance:com.eyebeem.tests.home.HomePageLogoLinkTest@3c130745]" started-at="2026-02-19T10:04:41 IST" name="setUpDriver" finished-at="2026-02-19T10:04:41 IST" duration-ms="977" status="PASS">
          <reporter-output>
          </reporter-output>
        </test-method> <!-- setUpDriver -->
        <test-method signature="logoLinkNavigatesToHome()[pri:0, instance:com.eyebeem.tests.home.HomePageLogoLinkTest@3c130745]" started-at="2026-02-19T10:04:41 IST" name="logoLinkNavigatesToHome" finished-at="2026-02-19T10:04:42 IST" duration-ms="728" status="PASS">
          <reporter-output>
          </reporter-output>
        </test-method> <!-- logoLinkNavigatesToHome -->
        <test-method is-config="true" signature="tearDownDriver()[pri:0, instance:com.eyebeem.tests.home.HomePageLogoLinkTest@3c130745]" started-at="2026-02-19T10:04:42 IST" name="tearDownDriver" finished-at="2026-02-19T10:04:42 IST" duration-ms="88" status="PASS">
          <reporter-output>
          </reporter-output>
        </test-method> <!-- tearDownDriver -->
      </class> <!-- com.eyebeem.tests.home.HomePageLogoLinkTest -->
      <class name="com.eyebeem.tests.home.HomePageProductsGridTest">
        <test-method is-config="true" signature="setUpDriver()[pri:0, instance:com.eyebeem.tests.home.HomePageProductsGridTest@61230f6a]" started-at="2026-02-19T10:04:39 IST" name="setUpDriver" finished-at="2026-02-19T10:04:40 IST" duration-ms="1125" status="PASS">
          <reporter-output>
          </reporter-output>
        </test-method> <!-- setUpDriver -->
        <test-method signature="homePageShowsProductCardsWithAddToCart()[pri:0, instance:com.eyebeem.tests.home.HomePageProductsGridTest@61230f6a]" started-at="2026-02-19T10:04:40 IST" name="homePageShowsProductCardsWithAddToCart" finished-at="2026-02-19T10:04:40 IST" duration-ms="718" status="PASS">
          <reporter-output>
          </reporter-output>
        </test-method> <!-- homePageShowsProductCardsWithAddToCart -->
        <test-method is-config="true" signature="tearDownDriver()[pri:0, instance:com.eyebeem.tests.home.HomePageProductsGridTest@61230f6a]" started-at="2026-02-19T10:04:40 IST" name="tearDownDriver" finished-at="2026-02-19T10:04:41 IST" duration-ms="92" status="PASS">
          <reporter-output>
          </reporter-output>
        </test-method> <!-- tearDownDriver -->
      </class> <!-- com.eyebeem.tests.home.HomePageProductsGridTest -->
      <class name="com.eyebeem.tests.home.HomePageTitleTest">
        <test-method is-config="true" signature="setUpDriver()[pri:0, instance:com.eyebeem.tests.home.HomePageTitleTest@3ba9ad43]" started-at="2026-02-19T10:04:31 IST" name="setUpDriver" finished-at="2026-02-19T10:04:33 IST" duration-ms="1754" status="PASS">
          <reporter-output>
          </reporter-output>
        </test-method> <!-- setUpDriver -->
        <test-method signature="homePageTitleContainsAppName()[pri:0, instance:com.eyebeem.tests.home.HomePageTitleTest@3ba9ad43]" started-at="2026-02-19T10:04:33 IST" name="homePageTitleContainsAppName" finished-at="2026-02-19T10:04:33 IST" duration-ms="181" status="PASS">
          <reporter-output>
          </reporter-output>
        </test-method> <!-- homePageTitleContainsAppName -->
        <test-method is-config="true" signature="tearDownDriver()[pri:0, instance:com.eyebeem.tests.home.HomePageTitleTest@3ba9ad43]" started-at="2026-02-19T10:04:33 IST" name="tearDownDriver" finished-at="2026-02-19T10:04:33 IST" duration-ms="94" status="PASS">
          <reporter-output>
          </reporter-output>
        </test-method> <!-- tearDownDriver -->
      </class> <!-- com.eyebeem.tests.home.HomePageTitleTest -->
      <class name="com.eyebeem.tests.home.HomePageNavbarTest">
        <test-method is-config="true" signature="setUpDriver()[pri:0, instance:com.eyebeem.tests.home.HomePageNavbarTest@3c419631]" started-at="2026-02-19T10:04:35 IST" name="setUpDriver" finished-at="2026-02-19T10:04:36 IST" duration-ms="1093" status="PASS">
          <reporter-output>
          </reporter-output>
        </test-method> <!-- setUpDriver -->
        <test-method signature="navbarContainsAllNavigationLinks()[pri:0, instance:com.eyebeem.tests.home.HomePageNavbarTest@3c419631]" started-at="2026-02-19T10:04:36 IST" name="navbarContainsAllNavigationLinks" finished-at="2026-02-19T10:04:37 IST" duration-ms="739" status="PASS">
          <reporter-output>
          </reporter-output>
        </test-method> <!-- navbarContainsAllNavigationLinks -->
        <test-method is-config="true" signature="tearDownDriver()[pri:0, instance:com.eyebeem.tests.home.HomePageNavbarTest@3c419631]" started-at="2026-02-19T10:04:37 IST" name="tearDownDriver" finished-at="2026-02-19T10:04:37 IST" duration-ms="88" status="PASS">
          <reporter-output>
          </reporter-output>
        </test-method> <!-- tearDownDriver -->
      </class> <!-- com.eyebeem.tests.home.HomePageNavbarTest -->
      <class name="com.eyebeem.tests.home.HomePageFooterTest">
        <test-method is-config="true" signature="setUpDriver()[pri:0, instance:com.eyebeem.tests.home.HomePageFooterTest@418e7838]" started-at="2026-02-19T10:04:37 IST" name="setUpDriver" finished-at="2026-02-19T10:04:38 IST" duration-ms="961" status="PASS">
          <reporter-output>
          </reporter-output>
        </test-method> <!-- setUpDriver -->
        <test-method signature="footerDisplaysCopyrightText()[pri:0, instance:com.eyebeem.tests.home.HomePageFooterTest@418e7838]" started-at="2026-02-19T10:04:38 IST" name="footerDisplaysCopyrightText" finished-at="2026-02-19T10:04:38 IST" duration-ms="672" status="PASS">
          <reporter-output>
          </reporter-output>
        </test-method> <!-- footerDisplaysCopyrightText -->
        <test-method is-config="true" signature="tearDownDriver()[pri:0, instance:com.eyebeem.tests.home.HomePageFooterTest@418e7838]" started-at="2026-02-19T10:04:38 IST" name="tearDownDriver" finished-at="2026-02-19T10:04:39 IST" duration-ms="93" status="PASS">
          <reporter-output>
          </reporter-output>
        </test-method> <!-- tearDownDriver -->
      </class> <!-- com.eyebeem.tests.home.HomePageFooterTest -->
      <class name="com.eyebeem.tests.home.HomePageHeroTest">
        <test-method is-config="true" signature="setUpDriver()[pri:0, instance:com.eyebeem.tests.home.HomePageHeroTest@4a22f9e2]" started-at="2026-02-19T10:04:33 IST" name="setUpDriver" finished-at="2026-02-19T10:04:34 IST" duration-ms="965" status="PASS">
          <reporter-output>
          </reporter-output>
        </test-method> <!-- setUpDriver -->
        <test-method signature="heroSectionDisplaysHeadingAndTagline()[pri:0, instance:com.eyebeem.tests.home.HomePageHeroTest@4a22f9e2]" started-at="2026-02-19T10:04:34 IST" name="heroSectionDisplaysHeadingAndTagline" finished-at="2026-02-19T10:04:35 IST" duration-ms="693" status="PASS">
          <reporter-output>
          </reporter-output>
        </test-method> <!-- heroSectionDisplaysHeadingAndTagline -->
        <test-method is-config="true" signature="tearDownDriver()[pri:0, instance:com.eyebeem.tests.home.HomePageHeroTest@4a22f9e2]" started-at="2026-02-19T10:04:35 IST" name="tearDownDriver" finished-at="2026-02-19T10:04:35 IST" duration-ms="92" status="PASS">
          <reporter-output>
          </reporter-output>
        </test-method> <!-- tearDownDriver -->
      </class> <!-- com.eyebeem.tests.home.HomePageHeroTest -->
    </test> <!-- Home Page Tests -->
    <test started-at="2026-02-19T10:04:42 IST" name="Login Page Tests" finished-at="2026-02-19T10:04:52 IST" duration-ms="9817">
      <class name="com.eyebeem.tests.login.LoginPageNavigationTest">
        <test-method is-config="true" signature="setUpDriver()[pri:0, instance:com.eyebeem.tests.login.LoginPageNavigationTest@68999068]" started-at="2026-02-19T10:04:49 IST" name="setUpDriver" finished-at="2026-02-19T10:04:50 IST" duration-ms="980" status="PASS">
          <reporter-output>
          </reporter-output>
        </test-method> <!-- setUpDriver -->
        <test-method signature="loginPageUrlAndTitleAreCorrect()[pri:0, instance:com.eyebeem.tests.login.LoginPageNavigationTest@68999068]" started-at="2026-02-19T10:04:50 IST" name="loginPageUrlAndTitleAreCorrect" finished-at="2026-02-19T10:04:50 IST" duration-ms="651" status="PASS">
          <reporter-output>
          </reporter-output>
        </test-method> <!-- loginPageUrlAndTitleAreCorrect -->
        <test-method is-config="true" signature="tearDownDriver()[pri:0, instance:com.eyebeem.tests.login.LoginPageNavigationTest@68999068]" started-at="2026-02-19T10:04:50 IST" name="tearDownDriver" finished-at="2026-02-19T10:04:50 IST" duration-ms="94" status="PASS">
          <reporter-output>
          </reporter-output>
        </test-method> <!-- tearDownDriver -->
      </class> <!-- com.eyebeem.tests.login.LoginPageNavigationTest -->
      <class name="com.eyebeem.tests.login.LoginPageFormTest">
        <test-method is-config="true" signature="setUpDriver()[pri:0, instance:com.eyebeem.tests.login.LoginPageFormTest@2c767a52]" started-at="2026-02-19T10:04:42 IST" name="setUpDriver" finished-at="2026-02-19T10:04:43 IST" duration-ms="1094" status="PASS">
          <reporter-output>
          </reporter-output>
        </test-method> <!-- setUpDriver -->
        <test-method signature="loginFormDisplaysNameAndEmailFields()[pri:0, instance:com.eyebeem.tests.login.LoginPageFormTest@2c767a52]" started-at="2026-02-19T10:04:43 IST" name="loginFormDisplaysNameAndEmailFields" finished-at="2026-02-19T10:04:44 IST" duration-ms="745" status="PASS">
          <reporter-output>
          </reporter-output>
        </test-method> <!-- loginFormDisplaysNameAndEmailFields -->
        <test-method is-config="true" signature="tearDownDriver()[pri:0, instance:com.eyebeem.tests.login.LoginPageFormTest@2c767a52]" started-at="2026-02-19T10:04:44 IST" name="tearDownDriver" finished-at="2026-02-19T10:04:44 IST" duration-ms="89" status="PASS">
          <reporter-output>
          </reporter-output>
        </test-method> <!-- tearDownDriver -->
      </class> <!-- com.eyebeem.tests.login.LoginPageFormTest -->
      <class name="com.eyebeem.tests.login.LoginPageFormLabelsTest">
        <test-method is-config="true" signature="setUpDriver()[pri:0, instance:com.eyebeem.tests.login.LoginPageFormLabelsTest@7722c3c3]" started-at="2026-02-19T10:04:50 IST" name="setUpDriver" finished-at="2026-02-19T10:04:51 IST" duration-ms="1104" status="PASS">
          <reporter-output>
          </reporter-output>
        </test-method> <!-- setUpDriver -->
        <test-method signature="loginFormHasNameAndEmailLabels()[pri:0, instance:com.eyebeem.tests.login.LoginPageFormLabelsTest@7722c3c3]" started-at="2026-02-19T10:04:51 IST" name="loginFormHasNameAndEmailLabels" finished-at="2026-02-19T10:04:52 IST" duration-ms="655" status="PASS">
          <reporter-output>
          </reporter-output>
        </test-method> <!-- loginFormHasNameAndEmailLabels -->
        <test-method is-config="true" signature="tearDownDriver()[pri:0, instance:com.eyebeem.tests.login.LoginPageFormLabelsTest@7722c3c3]" started-at="2026-02-19T10:04:52 IST" name="tearDownDriver" finished-at="2026-02-19T10:04:52 IST" duration-ms="91" status="PASS">
          <reporter-output>
          </reporter-output>
        </test-method> <!-- tearDownDriver -->
      </class> <!-- com.eyebeem.tests.login.LoginPageFormLabelsTest -->
      <class name="com.eyebeem.tests.login.LoginPageLogoutTest">
        <test-method is-config="true" signature="setUpDriver()[pri:0, instance:com.eyebeem.tests.login.LoginPageLogoutTest@708f5957]" started-at="2026-02-19T10:04:46 IST" name="setUpDriver" finished-at="2026-02-19T10:04:48 IST" duration-ms="1091" status="PASS">
          <reporter-output>
          </reporter-output>
        </test-method> <!-- setUpDriver -->
        <test-method signature="logoutButtonReturnsToLoginForm()[pri:0, instance:com.eyebeem.tests.login.LoginPageLogoutTest@708f5957]" started-at="2026-02-19T10:04:48 IST" name="logoutButtonReturnsToLoginForm" finished-at="2026-02-19T10:04:48 IST" duration-ms="898" status="PASS">
          <reporter-output>
          </reporter-output>
        </test-method> <!-- logoutButtonReturnsToLoginForm -->
        <test-method is-config="true" signature="tearDownDriver()[pri:0, instance:com.eyebeem.tests.login.LoginPageLogoutTest@708f5957]" started-at="2026-02-19T10:04:48 IST" name="tearDownDriver" finished-at="2026-02-19T10:04:49 IST" duration-ms="89" status="PASS">
          <reporter-output>
          </reporter-output>
        </test-method> <!-- tearDownDriver -->
      </class> <!-- com.eyebeem.tests.login.LoginPageLogoutTest -->
      <class name="com.eyebeem.tests.login.LoginPageSubmitTest">
        <test-method is-config="true" signature="setUpDriver()[pri:0, instance:com.eyebeem.tests.login.LoginPageSubmitTest@619713e5]" started-at="2026-02-19T10:04:44 IST" name="setUpDriver" finished-at="2026-02-19T10:04:45 IST" duration-ms="1204" status="PASS">
          <reporter-output>
          </reporter-output>
        </test-method> <!-- setUpDriver -->
        <test-method signature="loginFormAcceptsValidCredentials()[pri:0, instance:com.eyebeem.tests.login.LoginPageSubmitTest@619713e5]" started-at="2026-02-19T10:04:45 IST" name="loginFormAcceptsValidCredentials" finished-at="2026-02-19T10:04:46 IST" duration-ms="937" status="PASS">
          <reporter-output>
          </reporter-output>
        </test-method> <!-- loginFormAcceptsValidCredentials -->
        <test-method is-config="true" signature="tearDownDriver()[pri:0, instance:com.eyebeem.tests.login.LoginPageSubmitTest@619713e5]" started-at="2026-02-19T10:04:46 IST" name="tearDownDriver" finished-at="2026-02-19T10:04:46 IST" duration-ms="89" status="PASS">
          <reporter-output>
          </reporter-output>
        </test-method> <!-- tearDownDriver -->
      </class> <!-- com.eyebeem.tests.login.LoginPageSubmitTest -->
    </test> <!-- Login Page Tests -->
    <test started-at="2026-02-19T10:04:52 IST" name="Products Page Tests" finished-at="2026-02-19T10:05:04 IST" duration-ms="11518">
      <class name="com.eyebeem.tests.products.ProductsPageSearchInputTest">
        <test-method is-config="true" signature="setUpDriver()[pri:0, instance:com.eyebeem.tests.products.ProductsPageSearchInputTest@393671df]" started-at="2026-02-19T10:05:00 IST" name="setUpDriver" finished-at="2026-02-19T10:05:01 IST" duration-ms="992" status="PASS">
          <reporter-output>
          </reporter-output>
        </test-method> <!-- setUpDriver -->
        <test-method signature="productsPageHasSearchInput()[pri:0, instance:com.eyebeem.tests.products.ProductsPageSearchInputTest@393671df]" started-at="2026-02-19T10:05:01 IST" name="productsPageHasSearchInput" finished-at="2026-02-19T10:05:02 IST" duration-ms="652" status="PASS">
          <reporter-output>
          </reporter-output>
        </test-method> <!-- productsPageHasSearchInput -->
        <test-method is-config="true" signature="tearDownDriver()[pri:0, instance:com.eyebeem.tests.products.ProductsPageSearchInputTest@393671df]" started-at="2026-02-19T10:05:02 IST" name="tearDownDriver" finished-at="2026-02-19T10:05:02 IST" duration-ms="92" status="PASS">
          <reporter-output>
          </reporter-output>
        </test-method> <!-- tearDownDriver -->
      </class> <!-- com.eyebeem.tests.products.ProductsPageSearchInputTest -->
      <class name="com.eyebeem.tests.products.ProductsPageFilterDropdownTest">
        <test-method is-config="true" signature="setUpDriver()[pri:0, instance:com.eyebeem.tests.products.ProductsPageFilterDropdownTest@56620197]" started-at="2026-02-19T10:05:02 IST" name="setUpDriver" finished-at="2026-02-19T10:05:03 IST" duration-ms="1103" status="PASS">
          <reporter-output>
          </reporter-output>
        </test-method> <!-- setUpDriver -->
        <test-method signature="productsPageHasTypeFilterDropdown()[pri:0, instance:com.eyebeem.tests.products.ProductsPageFilterDropdownTest@56620197]" started-at="2026-02-19T10:05:03 IST" name="productsPageHasTypeFilterDropdown" finished-at="2026-02-19T10:05:04 IST" duration-ms="650" status="PASS">
          <reporter-output>
          </reporter-output>
        </test-method> <!-- productsPageHasTypeFilterDropdown -->
        <test-method is-config="true" signature="tearDownDriver()[pri:0, instance:com.eyebeem.tests.products.ProductsPageFilterDropdownTest@56620197]" started-at="2026-02-19T10:05:04 IST" name="tearDownDriver" finished-at="2026-02-19T10:05:04 IST" duration-ms="90" status="PASS">
          <reporter-output>
          </reporter-output>
        </test-method> <!-- tearDownDriver -->
      </class> <!-- com.eyebeem.tests.products.ProductsPageFilterDropdownTest -->
      <class name="com.eyebeem.tests.products.ProductsPageAddToCartTest">
        <test-method is-config="true" signature="setUpDriver()[pri:0, instance:com.eyebeem.tests.products.ProductsPageAddToCartTest@20ce78ec]" started-at="2026-02-19T10:04:58 IST" name="setUpDriver" finished-at="2026-02-19T10:04:59 IST" duration-ms="1103" status="PASS">
          <reporter-output>
          </reporter-output>
        </test-method> <!-- setUpDriver -->
        <test-method signature="addToCartButtonAddsProductToCart()[pri:0, instance:com.eyebeem.tests.products.ProductsPageAddToCartTest@20ce78ec]" started-at="2026-02-19T10:04:59 IST" name="addToCartButtonAddsProductToCart" finished-at="2026-02-19T10:05:00 IST" duration-ms="734" status="PASS">
          <reporter-output>
          </reporter-output>
        </test-method> <!-- addToCartButtonAddsProductToCart -->
        <test-method is-config="true" signature="tearDownDriver()[pri:0, instance:com.eyebeem.tests.products.ProductsPageAddToCartTest@20ce78ec]" started-at="2026-02-19T10:05:00 IST" name="tearDownDriver" finished-at="2026-02-19T10:05:00 IST" duration-ms="89" status="PASS">
          <reporter-output>
          </reporter-output>
        </test-method> <!-- tearDownDriver -->
      </class> <!-- com.eyebeem.tests.products.ProductsPageAddToCartTest -->
      <class name="com.eyebeem.tests.products.ProductsPageSearchTest">
        <test-method is-config="true" signature="setUpDriver()[pri:0, instance:com.eyebeem.tests.products.ProductsPageSearchTest@1dde4cb2]" started-at="2026-02-19T10:04:54 IST" name="setUpDriver" finished-at="2026-02-19T10:04:55 IST" duration-ms="1104" status="PASS">
          <reporter-output>
          </reporter-output>
        </test-method> <!-- setUpDriver -->
        <test-method signature="productSearchFiltersResults()[pri:0, instance:com.eyebeem.tests.products.ProductsPageSearchTest@1dde4cb2]" started-at="2026-02-19T10:04:55 IST" name="productSearchFiltersResults" finished-at="2026-02-19T10:04:56 IST" duration-ms="1062" status="PASS">
          <reporter-output>
          </reporter-output>
        </test-method> <!-- productSearchFiltersResults -->
        <test-method is-config="true" signature="tearDownDriver()[pri:0, instance:com.eyebeem.tests.products.ProductsPageSearchTest@1dde4cb2]" started-at="2026-02-19T10:04:56 IST" name="tearDownDriver" finished-at="2026-02-19T10:04:56 IST" duration-ms="92" status="PASS">
          <reporter-output>
          </reporter-output>
        </test-method> <!-- tearDownDriver -->
      </class> <!-- com.eyebeem.tests.products.ProductsPageSearchTest -->
      <class name="com.eyebeem.tests.products.ProductsPageFilterTest">
        <test-method is-config="true" signature="setUpDriver()[pri:0, instance:com.eyebeem.tests.products.ProductsPageFilterTest@7714e963]" started-at="2026-02-19T10:04:56 IST" name="setUpDriver" finished-at="2026-02-19T10:04:57 IST" duration-ms="979" status="PASS">
          <reporter-output>
          </reporter-output>
        </test-method> <!-- setUpDriver -->
        <test-method signature="productTypeFilterFiltersByType()[pri:0, instance:com.eyebeem.tests.products.ProductsPageFilterTest@7714e963]" started-at="2026-02-19T10:04:57 IST" name="productTypeFilterFiltersByType" finished-at="2026-02-19T10:04:58 IST" duration-ms="740" status="PASS">
          <reporter-output>
          </reporter-output>
        </test-method> <!-- productTypeFilterFiltersByType -->
        <test-method is-config="true" signature="tearDownDriver()[pri:0, instance:com.eyebeem.tests.products.ProductsPageFilterTest@7714e963]" started-at="2026-02-19T10:04:58 IST" name="tearDownDriver" finished-at="2026-02-19T10:04:58 IST" duration-ms="91" status="PASS">
          <reporter-output>
          </reporter-output>
        </test-method> <!-- tearDownDriver -->
      </class> <!-- com.eyebeem.tests.products.ProductsPageFilterTest -->
      <class name="com.eyebeem.tests.products.ProductsPageDisplayTest">
        <test-method is-config="true" signature="setUpDriver()[pri:0, instance:com.eyebeem.tests.products.ProductsPageDisplayTest@3835c46]" started-at="2026-02-19T10:04:52 IST" name="setUpDriver" finished-at="2026-02-19T10:04:53 IST" duration-ms="1156" status="PASS">
          <reporter-output>
          </reporter-output>
        </test-method> <!-- setUpDriver -->
        <test-method signature="productsPageDisplaysAllProducts()[pri:0, instance:com.eyebeem.tests.products.ProductsPageDisplayTest@3835c46]" started-at="2026-02-19T10:04:53 IST" name="productsPageDisplaysAllProducts" finished-at="2026-02-19T10:04:54 IST" duration-ms="698" status="PASS">
          <reporter-output>
          </reporter-output>
        </test-method> <!-- productsPageDisplaysAllProducts -->
        <test-method is-config="true" signature="tearDownDriver()[pri:0, instance:com.eyebeem.tests.products.ProductsPageDisplayTest@3835c46]" started-at="2026-02-19T10:04:54 IST" name="tearDownDriver" finished-at="2026-02-19T10:04:54 IST" duration-ms="86" status="PASS">
          <reporter-output>
          </reporter-output>
        </test-method> <!-- tearDownDriver -->
      </class> <!-- com.eyebeem.tests.products.ProductsPageDisplayTest -->
    </test> <!-- Products Page Tests -->
    <test started-at="2026-02-19T10:05:04 IST" name="Cart Page Tests" finished-at="2026-02-19T10:05:16 IST" duration-ms="12260">
      <class name="com.eyebeem.tests.cart.CartPageEmptyTest">
        <test-method is-config="true" signature="setUpDriver()[pri:0, instance:com.eyebeem.tests.cart.CartPageEmptyTest@402bba4f]" started-at="2026-02-19T10:05:04 IST" name="setUpDriver" finished-at="2026-02-19T10:05:05 IST" duration-ms="976" status="PASS">
          <reporter-output>
          </reporter-output>
        </test-method> <!-- setUpDriver -->
        <test-method signature="cartPageShowsEmptyMessageWhenCartIsEmpty()[pri:0, instance:com.eyebeem.tests.cart.CartPageEmptyTest@402bba4f]" started-at="2026-02-19T10:05:05 IST" name="cartPageShowsEmptyMessageWhenCartIsEmpty" finished-at="2026-02-19T10:05:05 IST" duration-ms="678" status="PASS">
          <reporter-output>
          </reporter-output>
        </test-method> <!-- cartPageShowsEmptyMessageWhenCartIsEmpty -->
        <test-method is-config="true" signature="tearDownDriver()[pri:0, instance:com.eyebeem.tests.cart.CartPageEmptyTest@402bba4f]" started-at="2026-02-19T10:05:05 IST" name="tearDownDriver" finished-at="2026-02-19T10:05:05 IST" duration-ms="86" status="PASS">
          <reporter-output>
          </reporter-output>
        </test-method> <!-- tearDownDriver -->
      </class> <!-- com.eyebeem.tests.cart.CartPageEmptyTest -->
      <class name="com.eyebeem.tests.cart.CartPageShopProductsLinkTest">
        <test-method is-config="true" signature="setUpDriver()[pri:0, instance:com.eyebeem.tests.cart.CartPageShopProductsLinkTest@dbf57b3]" started-at="2026-02-19T10:05:14 IST" name="setUpDriver" finished-at="2026-02-19T10:05:15 IST" duration-ms="1080" status="PASS">
          <reporter-output>
          </reporter-output>
        </test-method> <!-- setUpDriver -->
        <test-method signature="shopProductsLinkNavigatesToProducts()[pri:0, instance:com.eyebeem.tests.cart.CartPageShopProductsLinkTest@dbf57b3]" started-at="2026-02-19T10:05:15 IST" name="shopProductsLinkNavigatesToProducts" finished-at="2026-02-19T10:05:16 IST" duration-ms="726" status="PASS">
          <reporter-output>
          </reporter-output>
        </test-method> <!-- shopProductsLinkNavigatesToProducts -->
        <test-method is-config="true" signature="tearDownDriver()[pri:0, instance:com.eyebeem.tests.cart.CartPageShopProductsLinkTest@dbf57b3]" started-at="2026-02-19T10:05:16 IST" name="tearDownDriver" finished-at="2026-02-19T10:05:16 IST" duration-ms="91" status="PASS">
          <reporter-output>
          </reporter-output>
        </test-method> <!-- tearDownDriver -->
      </class> <!-- com.eyebeem.tests.cart.CartPageShopProductsLinkTest -->
      <class name="com.eyebeem.tests.cart.CartPageClearButtonTest">
        <test-method is-config="true" signature="setUpDriver()[pri:0, instance:com.eyebeem.tests.cart.CartPageClearButtonTest@123ef382]" started-at="2026-02-19T10:05:12 IST" name="setUpDriver" finished-at="2026-02-19T10:05:13 IST" duration-ms="965" status="PASS">
          <reporter-output>
          </reporter-output>
        </test-method> <!-- setUpDriver -->
        <test-method signature="clearCartButtonEmptiesCart()[pri:0, instance:com.eyebeem.tests.cart.CartPageClearButtonTest@123ef382]" started-at="2026-02-19T10:05:13 IST" name="clearCartButtonEmptiesCart" finished-at="2026-02-19T10:05:14 IST" duration-ms="832" status="PASS">
          <reporter-output>
          </reporter-output>
        </test-method> <!-- clearCartButtonEmptiesCart -->
        <test-method is-config="true" signature="tearDownDriver()[pri:0, instance:com.eyebeem.tests.cart.CartPageClearButtonTest@123ef382]" started-at="2026-02-19T10:05:14 IST" name="tearDownDriver" finished-at="2026-02-19T10:05:14 IST" duration-ms="86" status="PASS">
          <reporter-output>
          </reporter-output>
        </test-method> <!-- tearDownDriver -->
      </class> <!-- com.eyebeem.tests.cart.CartPageClearButtonTest -->
      <class name="com.eyebeem.tests.cart.CartPageTotalTest">
        <test-method is-config="true" signature="setUpDriver()[pri:0, instance:com.eyebeem.tests.cart.CartPageTotalTest@59fd97a8]" started-at="2026-02-19T10:05:07 IST" name="setUpDriver" finished-at="2026-02-19T10:05:09 IST" duration-ms="1198" status="PASS">
          <reporter-output>
          </reporter-output>
        </test-method> <!-- setUpDriver -->
        <test-method signature="cartPageDisplaysCorrectTotal()[pri:0, instance:com.eyebeem.tests.cart.CartPageTotalTest@59fd97a8]" started-at="2026-02-19T10:05:09 IST" name="cartPageDisplaysCorrectTotal" finished-at="2026-02-19T10:05:09 IST" duration-ms="815" status="PASS">
          <reporter-output>
          </reporter-output>
        </test-method> <!-- cartPageDisplaysCorrectTotal -->
        <test-method is-config="true" signature="tearDownDriver()[pri:0, instance:com.eyebeem.tests.cart.CartPageTotalTest@59fd97a8]" started-at="2026-02-19T10:05:09 IST" name="tearDownDriver" finished-at="2026-02-19T10:05:09 IST" duration-ms="92" status="PASS">
          <reporter-output>
          </reporter-output>
        </test-method> <!-- tearDownDriver -->
      </class> <!-- com.eyebeem.tests.cart.CartPageTotalTest -->
      <class name="com.eyebeem.tests.cart.CartPageCheckoutTest">
        <test-method is-config="true" signature="setUpDriver()[pri:0, instance:com.eyebeem.tests.cart.CartPageCheckoutTest@f5ac9e4]" started-at="2026-02-19T10:05:09 IST" name="setUpDriver" finished-at="2026-02-19T10:05:11 IST" duration-ms="1159" status="PASS">
          <reporter-output>
          </reporter-output>
        </test-method> <!-- setUpDriver -->
        <test-method signature="checkoutButtonNavigatesToCheckoutPage()[pri:0, instance:com.eyebeem.tests.cart.CartPageCheckoutTest@f5ac9e4]" started-at="2026-02-19T10:05:11 IST" name="checkoutButtonNavigatesToCheckoutPage" finished-at="2026-02-19T10:05:12 IST" duration-ms="1393" status="PASS">
          <reporter-output>
          </reporter-output>
        </test-method> <!-- checkoutButtonNavigatesToCheckoutPage -->
        <test-method is-config="true" signature="tearDownDriver()[pri:0, instance:com.eyebeem.tests.cart.CartPageCheckoutTest@f5ac9e4]" started-at="2026-02-19T10:05:12 IST" name="tearDownDriver" finished-at="2026-02-19T10:05:12 IST" duration-ms="95" status="PASS">
          <reporter-output>
          </reporter-output>
        </test-method> <!-- tearDownDriver -->
      </class> <!-- com.eyebeem.tests.cart.CartPageCheckoutTest -->
      <class name="com.eyebeem.tests.cart.CartPageItemsTest">
        <test-method is-config="true" signature="setUpDriver()[pri:0, instance:com.eyebeem.tests.cart.CartPageItemsTest@795cd85e]" started-at="2026-02-19T10:05:05 IST" name="setUpDriver" finished-at="2026-02-19T10:05:06 IST" duration-ms="1096" status="PASS">
          <reporter-output>
          </reporter-output>
        </test-method> <!-- setUpDriver -->
        <test-method signature="cartPageDisplaysItemsWhenCartHasProducts()[pri:0, instance:com.eyebeem.tests.cart.CartPageItemsTest@795cd85e]" started-at="2026-02-19T10:05:06 IST" name="cartPageDisplaysItemsWhenCartHasProducts" finished-at="2026-02-19T10:05:07 IST" duration-ms="797" status="PASS">
          <reporter-output>
          </reporter-output>
        </test-method> <!-- cartPageDisplaysItemsWhenCartHasProducts -->
        <test-method is-config="true" signature="tearDownDriver()[pri:0, instance:com.eyebeem.tests.cart.CartPageItemsTest@795cd85e]" started-at="2026-02-19T10:05:07 IST" name="tearDownDriver" finished-at="2026-02-19T10:05:07 IST" duration-ms="88" status="PASS">
          <reporter-output>
          </reporter-output>
        </test-method> <!-- tearDownDriver -->
      </class> <!-- com.eyebeem.tests.cart.CartPageItemsTest -->
    </test> <!-- Cart Page Tests -->
    <test started-at="2026-02-19T10:05:16 IST" name="Checkout Page Tests" finished-at="2026-02-19T10:05:27 IST" duration-ms="11131">
      <class name="com.eyebeem.tests.checkout.CheckoutPageOrderTest">
        <test-method is-config="true" signature="setUpDriver()[pri:0, instance:com.eyebeem.tests.checkout.CheckoutPageOrderTest@5fdcaa40]" started-at="2026-02-19T10:05:21 IST" name="setUpDriver" finished-at="2026-02-19T10:05:22 IST" duration-ms="1004" status="PASS">
          <reporter-output>
          </reporter-output>
        </test-method> <!-- setUpDriver -->
        <test-method signature="checkoutCompletesOrderSuccessfully()[pri:0, instance:com.eyebeem.tests.checkout.CheckoutPageOrderTest@5fdcaa40]" started-at="2026-02-19T10:05:22 IST" name="checkoutCompletesOrderSuccessfully" finished-at="2026-02-19T10:05:23 IST" duration-ms="1188" status="PASS">
          <reporter-output>
          </reporter-output>
        </test-method> <!-- checkoutCompletesOrderSuccessfully -->
        <test-method is-config="true" signature="tearDownDriver()[pri:0, instance:com.eyebeem.tests.checkout.CheckoutPageOrderTest@5fdcaa40]" started-at="2026-02-19T10:05:23 IST" name="tearDownDriver" finished-at="2026-02-19T10:05:23 IST" duration-ms="90" status="PASS">
          <reporter-output>
          </reporter-output>
        </test-method> <!-- tearDownDriver -->
      </class> <!-- com.eyebeem.tests.checkout.CheckoutPageOrderTest -->
      <class name="com.eyebeem.tests.checkout.CheckoutPageBackToCartTest">
        <test-method is-config="true" signature="setUpDriver()[pri:0, instance:com.eyebeem.tests.checkout.CheckoutPageBackToCartTest@5e0826e7]" started-at="2026-02-19T10:05:25 IST" name="setUpDriver" finished-at="2026-02-19T10:05:26 IST" duration-ms="1082" status="PASS">
          <reporter-output>
          </reporter-output>
        </test-method> <!-- setUpDriver -->
        <test-method signature="backToCartLinkNavigatesToCart()[pri:0, instance:com.eyebeem.tests.checkout.CheckoutPageBackToCartTest@5e0826e7]" started-at="2026-02-19T10:05:26 IST" name="backToCartLinkNavigatesToCart" finished-at="2026-02-19T10:05:27 IST" duration-ms="932" status="PASS">
          <reporter-output>
          </reporter-output>
        </test-method> <!-- backToCartLinkNavigatesToCart -->
        <test-method is-config="true" signature="tearDownDriver()[pri:0, instance:com.eyebeem.tests.checkout.CheckoutPageBackToCartTest@5e0826e7]" started-at="2026-02-19T10:05:27 IST" name="tearDownDriver" finished-at="2026-02-19T10:05:27 IST" duration-ms="88" status="PASS">
          <reporter-output>
          </reporter-output>
        </test-method> <!-- tearDownDriver -->
      </class> <!-- com.eyebeem.tests.checkout.CheckoutPageBackToCartTest -->
      <class name="com.eyebeem.tests.checkout.CheckoutPagePaymentTest">
        <test-method is-config="true" signature="setUpDriver()[pri:0, instance:com.eyebeem.tests.checkout.CheckoutPagePaymentTest@15ff3e9e]" started-at="2026-02-19T10:05:18 IST" name="setUpDriver" finished-at="2026-02-19T10:05:19 IST" duration-ms="1092" status="PASS">
          <reporter-output>
          </reporter-output>
        </test-method> <!-- setUpDriver -->
        <test-method signature="checkoutPaymentStepDisplaysPaymentOptions()[pri:0, instance:com.eyebeem.tests.checkout.CheckoutPagePaymentTest@15ff3e9e]" started-at="2026-02-19T10:05:19 IST" name="checkoutPaymentStepDisplaysPaymentOptions" finished-at="2026-02-19T10:05:21 IST" duration-ms="1618" status="PASS">
          <reporter-output>
          </reporter-output>
        </test-method> <!-- checkoutPaymentStepDisplaysPaymentOptions -->
        <test-method is-config="true" signature="tearDownDriver()[pri:0, instance:com.eyebeem.tests.checkout.CheckoutPagePaymentTest@15ff3e9e]" started-at="2026-02-19T10:05:21 IST" name="tearDownDriver" finished-at="2026-02-19T10:05:21 IST" duration-ms="89" status="PASS">
          <reporter-output>
          </reporter-output>
        </test-method> <!-- tearDownDriver -->
      </class> <!-- com.eyebeem.tests.checkout.CheckoutPagePaymentTest -->
      <class name="com.eyebeem.tests.checkout.CheckoutPageEmptyCartTest">
        <test-method is-config="true" signature="setUpDriver()[pri:0, instance:com.eyebeem.tests.checkout.CheckoutPageEmptyCartTest@6dc17b83]" started-at="2026-02-19T10:05:23 IST" name="setUpDriver" finished-at="2026-02-19T10:05:24 IST" duration-ms="1085" status="PASS">
          <reporter-output>
          </reporter-output>
        </test-method> <!-- setUpDriver -->
        <test-method signature="checkoutShowsEmptyMessageWhenCartEmpty()[pri:0, instance:com.eyebeem.tests.checkout.CheckoutPageEmptyCartTest@6dc17b83]" started-at="2026-02-19T10:05:24 IST" name="checkoutShowsEmptyMessageWhenCartEmpty" finished-at="2026-02-19T10:05:25 IST" duration-ms="633" status="PASS">
          <reporter-output>
          </reporter-output>
        </test-method> <!-- checkoutShowsEmptyMessageWhenCartEmpty -->
        <test-method is-config="true" signature="tearDownDriver()[pri:0, instance:com.eyebeem.tests.checkout.CheckoutPageEmptyCartTest@6dc17b83]" started-at="2026-02-19T10:05:25 IST" name="tearDownDriver" finished-at="2026-02-19T10:05:25 IST" duration-ms="95" status="PASS">
          <reporter-output>
          </reporter-output>
        </test-method> <!-- tearDownDriver -->
      </class> <!-- com.eyebeem.tests.checkout.CheckoutPageEmptyCartTest -->
      <class name="com.eyebeem.tests.checkout.CheckoutPageAddressTest">
        <test-method is-config="true" signature="setUpDriver()[pri:0, instance:com.eyebeem.tests.checkout.CheckoutPageAddressTest@7fa98a66]" started-at="2026-02-19T10:05:16 IST" name="setUpDriver" finished-at="2026-02-19T10:05:17 IST" duration-ms="960" status="PASS">
          <reporter-output>
          </reporter-output>
        </test-method> <!-- setUpDriver -->
        <test-method signature="checkoutPageAddressFormAcceptsValidInput()[pri:0, instance:com.eyebeem.tests.checkout.CheckoutPageAddressTest@7fa98a66]" started-at="2026-02-19T10:05:17 IST" name="checkoutPageAddressFormAcceptsValidInput" finished-at="2026-02-19T10:05:18 IST" duration-ms="1080" status="PASS">
          <reporter-output>
          </reporter-output>
        </test-method> <!-- checkoutPageAddressFormAcceptsValidInput -->
        <test-method is-config="true" signature="tearDownDriver()[pri:0, instance:com.eyebeem.tests.checkout.CheckoutPageAddressTest@7fa98a66]" started-at="2026-02-19T10:05:18 IST" name="tearDownDriver" finished-at="2026-02-19T10:05:18 IST" duration-ms="90" status="PASS">
          <reporter-output>
          </reporter-output>
        </test-method> <!-- tearDownDriver -->
      </class> <!-- com.eyebeem.tests.checkout.CheckoutPageAddressTest -->
    </test> <!-- Checkout Page Tests -->
    <test started-at="2026-02-19T10:05:27 IST" name="Orders Page Tests" finished-at="2026-02-19T10:05:39 IST" duration-ms="11812">
      <class name="com.eyebeem.tests.orders.OrdersPageShopProductsLinkTest">
        <test-method is-config="true" signature="setUpDriver()[pri:0, instance:com.eyebeem.tests.orders.OrdersPageShopProductsLinkTest@5af3afd9]" started-at="2026-02-19T10:05:37 IST" name="setUpDriver" finished-at="2026-02-19T10:05:38 IST" duration-ms="1038" status="PASS">
          <reporter-output>
          </reporter-output>
        </test-method> <!-- setUpDriver -->
        <test-method signature="shopProductsLinkNavigatesToProducts()[pri:0, instance:com.eyebeem.tests.orders.OrdersPageShopProductsLinkTest@5af3afd9]" started-at="2026-02-19T10:05:38 IST" name="shopProductsLinkNavigatesToProducts" finished-at="2026-02-19T10:05:39 IST" duration-ms="681" status="PASS">
          <reporter-output>
          </reporter-output>
        </test-method> <!-- shopProductsLinkNavigatesToProducts -->
        <test-method is-config="true" signature="tearDownDriver()[pri:0, instance:com.eyebeem.tests.orders.OrdersPageShopProductsLinkTest@5af3afd9]" started-at="2026-02-19T10:05:39 IST" name="tearDownDriver" finished-at="2026-02-19T10:05:39 IST" duration-ms="91" status="PASS">
          <reporter-output>
          </reporter-output>
        </test-method> <!-- tearDownDriver -->
      </class> <!-- com.eyebeem.tests.orders.OrdersPageShopProductsLinkTest -->
      <class name="com.eyebeem.tests.orders.OrdersPageEmptyTest">
        <test-method is-config="true" signature="setUpDriver()[pri:0, instance:com.eyebeem.tests.orders.OrdersPageEmptyTest@7c729a55]" started-at="2026-02-19T10:05:27 IST" name="setUpDriver" finished-at="2026-02-19T10:05:28 IST" duration-ms="985" status="PASS">
          <reporter-output>
          </reporter-output>
        </test-method> <!-- setUpDriver -->
        <test-method signature="ordersPageShowsEmptyMessageWhenNoOrders()[pri:0, instance:com.eyebeem.tests.orders.OrdersPageEmptyTest@7c729a55]" started-at="2026-02-19T10:05:28 IST" name="ordersPageShowsEmptyMessageWhenNoOrders" finished-at="2026-02-19T10:05:29 IST" duration-ms="645" status="PASS">
          <reporter-output>
          </reporter-output>
        </test-method> <!-- ordersPageShowsEmptyMessageWhenNoOrders -->
        <test-method is-config="true" signature="tearDownDriver()[pri:0, instance:com.eyebeem.tests.orders.OrdersPageEmptyTest@7c729a55]" started-at="2026-02-19T10:05:29 IST" name="tearDownDriver" finished-at="2026-02-19T10:05:29 IST" duration-ms="89" status="PASS">
          <reporter-output>
          </reporter-output>
        </test-method> <!-- tearDownDriver -->
      </class> <!-- com.eyebeem.tests.orders.OrdersPageEmptyTest -->
      <class name="com.eyebeem.tests.orders.OrdersPageDetailsTest">
        <test-method is-config="true" signature="setUpDriver()[pri:0, instance:com.eyebeem.tests.orders.OrdersPageDetailsTest@661972b0]" started-at="2026-02-19T10:05:33 IST" name="setUpDriver" finished-at="2026-02-19T10:05:34 IST" duration-ms="985" status="PASS">
          <reporter-output>
          </reporter-output>
        </test-method> <!-- setUpDriver -->
        <test-method signature="ordersPageDisplaysOrderDetailsCorrectly()[pri:0, instance:com.eyebeem.tests.orders.OrdersPageDetailsTest@661972b0]" started-at="2026-02-19T10:05:34 IST" name="ordersPageDisplaysOrderDetailsCorrectly" finished-at="2026-02-19T10:05:37 IST" duration-ms="2772" status="PASS">
          <reporter-output>
          </reporter-output>
        </test-method> <!-- ordersPageDisplaysOrderDetailsCorrectly -->
        <test-method is-config="true" signature="tearDownDriver()[pri:0, instance:com.eyebeem.tests.orders.OrdersPageDetailsTest@661972b0]" started-at="2026-02-19T10:05:37 IST" name="tearDownDriver" finished-at="2026-02-19T10:05:37 IST" duration-ms="95" status="PASS">
          <reporter-output>
          </reporter-output>
        </test-method> <!-- tearDownDriver -->
      </class> <!-- com.eyebeem.tests.orders.OrdersPageDetailsTest -->
      <class name="com.eyebeem.tests.orders.OrdersPageListTest">
        <test-method is-config="true" signature="setUpDriver()[pri:0, instance:com.eyebeem.tests.orders.OrdersPageListTest@3bb9a3ff]" started-at="2026-02-19T10:05:29 IST" name="setUpDriver" finished-at="2026-02-19T10:05:30 IST" duration-ms="1082" status="PASS">
          <reporter-output>
          </reporter-output>
        </test-method> <!-- setUpDriver -->
        <test-method signature="ordersPageDisplaysOrderListAfterOrderIsPlaced()[pri:0, instance:com.eyebeem.tests.orders.OrdersPageListTest@3bb9a3ff]" started-at="2026-02-19T10:05:30 IST" name="ordersPageDisplaysOrderListAfterOrderIsPlaced" finished-at="2026-02-19T10:05:33 IST" duration-ms="3248" status="PASS">
          <reporter-output>
          </reporter-output>
        </test-method> <!-- ordersPageDisplaysOrderListAfterOrderIsPlaced -->
        <test-method is-config="true" signature="tearDownDriver()[pri:0, instance:com.eyebeem.tests.orders.OrdersPageListTest@3bb9a3ff]" started-at="2026-02-19T10:05:33 IST" name="tearDownDriver" finished-at="2026-02-19T10:05:33 IST" duration-ms="96" status="PASS">
          <reporter-output>
          </reporter-output>
        </test-method> <!-- tearDownDriver -->
      </class> <!-- com.eyebeem.tests.orders.OrdersPageListTest -->
    </test> <!-- Orders Page Tests -->
    <test started-at="2026-02-19T10:05:39 IST" name="Layout Tests" finished-at="2026-02-19T10:05:43 IST" duration-ms="3631">
      <class name="com.eyebeem.tests.layout.LayoutFooterTest">
        <test-method is-config="true" signature="setUpDriver()[pri:0, instance:com.eyebeem.tests.layout.LayoutFooterTest@4f18837a]" started-at="2026-02-19T10:05:41 IST" name="setUpDriver" finished-at="2026-02-19T10:05:42 IST" duration-ms="1103" status="PASS">
          <reporter-output>
          </reporter-output>
        </test-method> <!-- setUpDriver -->
        <test-method signature="footerIsVisibleOnHomePage()[pri:0, instance:com.eyebeem.tests.layout.LayoutFooterTest@4f18837a]" started-at="2026-02-19T10:05:42 IST" name="footerIsVisibleOnHomePage" finished-at="2026-02-19T10:05:42 IST" duration-ms="642" status="PASS">
          <reporter-output>
          </reporter-output>
        </test-method> <!-- footerIsVisibleOnHomePage -->
        <test-method is-config="true" signature="tearDownDriver()[pri:0, instance:com.eyebeem.tests.layout.LayoutFooterTest@4f18837a]" started-at="2026-02-19T10:05:42 IST" name="tearDownDriver" finished-at="2026-02-19T10:05:43 IST" duration-ms="99" status="PASS">
          <reporter-output>
          </reporter-output>
        </test-method> <!-- tearDownDriver -->
      </class> <!-- com.eyebeem.tests.layout.LayoutFooterTest -->
      <class name="com.eyebeem.tests.layout.LayoutHeaderTest">
        <test-method is-config="true" signature="setUpDriver()[pri:0, instance:com.eyebeem.tests.layout.LayoutHeaderTest@6356695f]" started-at="2026-02-19T10:05:39 IST" name="setUpDriver" finished-at="2026-02-19T10:05:40 IST" duration-ms="1033" status="PASS">
          <reporter-output>
          </reporter-output>
        </test-method> <!-- setUpDriver -->
        <test-method signature="headerIsVisibleOnHomePage()[pri:0, instance:com.eyebeem.tests.layout.LayoutHeaderTest@6356695f]" started-at="2026-02-19T10:05:40 IST" name="headerIsVisibleOnHomePage" finished-at="2026-02-19T10:05:41 IST" duration-ms="659" status="PASS">
          <reporter-output>
          </reporter-output>
        </test-method> <!-- headerIsVisibleOnHomePage -->
        <test-method is-config="true" signature="tearDownDriver()[pri:0, instance:com.eyebeem.tests.layout.LayoutHeaderTest@6356695f]" started-at="2026-02-19T10:05:41 IST" name="tearDownDriver" finished-at="2026-02-19T10:05:41 IST" duration-ms="93" status="PASS">
          <reporter-output>
          </reporter-output>
        </test-method> <!-- tearDownDriver -->
      </class> <!-- com.eyebeem.tests.layout.LayoutHeaderTest -->
    </test> <!-- Layout Tests -->
    <test started-at="2026-02-19T10:05:43 IST" name="Navigation Tests" finished-at="2026-02-19T10:05:48 IST" duration-ms="5623">
      <class name="com.eyebeem.tests.navigation.NavigationProductsLinkTest">
        <test-method is-config="true" signature="setUpDriver()[pri:0, instance:com.eyebeem.tests.navigation.NavigationProductsLinkTest@4fb0f2b9]" started-at="2026-02-19T10:05:43 IST" name="setUpDriver" finished-at="2026-02-19T10:05:43 IST" duration-ms="971" status="PASS">
          <reporter-output>
          </reporter-output>
        </test-method> <!-- setUpDriver -->
        <test-method signature="productsLinkNavigatesToProductsPage()[pri:0, instance:com.eyebeem.tests.navigation.NavigationProductsLinkTest@4fb0f2b9]" started-at="2026-02-19T10:05:43 IST" name="productsLinkNavigatesToProductsPage" finished-at="2026-02-19T10:05:44 IST" duration-ms="724" status="PASS">
          <reporter-output>
          </reporter-output>
        </test-method> <!-- productsLinkNavigatesToProductsPage -->
        <test-method is-config="true" signature="tearDownDriver()[pri:0, instance:com.eyebeem.tests.navigation.NavigationProductsLinkTest@4fb0f2b9]" started-at="2026-02-19T10:05:44 IST" name="tearDownDriver" finished-at="2026-02-19T10:05:44 IST" duration-ms="90" status="PASS">
          <reporter-output>
          </reporter-output>
        </test-method> <!-- tearDownDriver -->
      </class> <!-- com.eyebeem.tests.navigation.NavigationProductsLinkTest -->
      <class name="com.eyebeem.tests.navigation.NavigationCartLinkTest">
        <test-method is-config="true" signature="setUpDriver()[pri:0, instance:com.eyebeem.tests.navigation.NavigationCartLinkTest@79924b]" started-at="2026-02-19T10:05:44 IST" name="setUpDriver" finished-at="2026-02-19T10:05:45 IST" duration-ms="1097" status="PASS">
          <reporter-output>
          </reporter-output>
        </test-method> <!-- setUpDriver -->
        <test-method signature="cartLinkNavigatesToCartPage()[pri:0, instance:com.eyebeem.tests.navigation.NavigationCartLinkTest@79924b]" started-at="2026-02-19T10:05:45 IST" name="cartLinkNavigatesToCartPage" finished-at="2026-02-19T10:05:46 IST" duration-ms="718" status="PASS">
          <reporter-output>
          </reporter-output>
        </test-method> <!-- cartLinkNavigatesToCartPage -->
        <test-method is-config="true" signature="tearDownDriver()[pri:0, instance:com.eyebeem.tests.navigation.NavigationCartLinkTest@79924b]" started-at="2026-02-19T10:05:46 IST" name="tearDownDriver" finished-at="2026-02-19T10:05:46 IST" duration-ms="88" status="PASS">
          <reporter-output>
          </reporter-output>
        </test-method> <!-- tearDownDriver -->
      </class> <!-- com.eyebeem.tests.navigation.NavigationCartLinkTest -->
      <class name="com.eyebeem.tests.navigation.NavigationOrdersLinkTest">
        <test-method is-config="true" signature="setUpDriver()[pri:0, instance:com.eyebeem.tests.navigation.NavigationOrdersLinkTest@7b9a4292]" started-at="2026-02-19T10:05:46 IST" name="setUpDriver" finished-at="2026-02-19T10:05:47 IST" duration-ms="1126" status="PASS">
          <reporter-output>
          </reporter-output>
        </test-method> <!-- setUpDriver -->
        <test-method signature="ordersLinkNavigatesToOrdersPage()[pri:0, instance:com.eyebeem.tests.navigation.NavigationOrdersLinkTest@7b9a4292]" started-at="2026-02-19T10:05:47 IST" name="ordersLinkNavigatesToOrdersPage" finished-at="2026-02-19T10:05:48 IST" duration-ms="717" status="PASS">
          <reporter-output>
          </reporter-output>
        </test-method> <!-- ordersLinkNavigatesToOrdersPage -->
        <test-method is-config="true" signature="tearDownDriver()[pri:0, instance:com.eyebeem.tests.navigation.NavigationOrdersLinkTest@7b9a4292]" started-at="2026-02-19T10:05:48 IST" name="tearDownDriver" finished-at="2026-02-19T10:05:48 IST" duration-ms="88" status="PASS">
          <reporter-output>
          </reporter-output>
        </test-method> <!-- tearDownDriver -->
      </class> <!-- com.eyebeem.tests.navigation.NavigationOrdersLinkTest -->
    </test> <!-- Navigation Tests -->
  </suite> <!-- EYE BEE M Pets UI Suite -->
</testng-results>
