<?xml version="1.0" encoding="UTF-8"?>
<testng-results ignored="0" total="121" passed="121" failed="0" skipped="0">
  <reporter-output>
  </reporter-output>
  <suite started-at="2026-02-22T14:34:21 IST" name="EYE BEE M Pets UI Suite" finished-at="2026-02-22T14:35:38 IST" duration-ms="76907">
    <groups>
    </groups>
    <test started-at="2026-02-22T14:34:21 IST" name="Home Page Tests" finished-at="2026-02-22T14:34:34 IST" duration-ms="12329">
      <class name="com.eyebeem.tests.home.HomePageLogoLinkTest">
        <test-method is-config="true" signature="setUpDriver()[pri:0, instance:com.eyebeem.tests.home.HomePageLogoLinkTest@60099951]" started-at="2026-02-22T14:34:32 IST" name="setUpDriver" finished-at="2026-02-22T14:34:33 IST" duration-ms="1054" status="PASS">
          <reporter-output>
          </reporter-output>
        </test-method> <!-- setUpDriver -->
        <test-method signature="logoLinkNavigatesToHome()[pri:0, instance:com.eyebeem.tests.home.HomePageLogoLinkTest@60099951]" started-at="2026-02-22T14:34:33 IST" name="logoLinkNavigatesToHome" finished-at="2026-02-22T14:34:34 IST" duration-ms="707" status="PASS">
          <reporter-output>
          </reporter-output>
        </test-method> <!-- logoLinkNavigatesToHome -->
        <test-method is-config="true" signature="tearDownDriver()[pri:0, instance:com.eyebeem.tests.home.HomePageLogoLinkTest@60099951]" started-at="2026-02-22T14:34:34 IST" name="tearDownDriver" finished-at="2026-02-22T14:34:34 IST" duration-ms="92" status="PASS">
          <reporter-output>
          </reporter-output>
        </test-method> <!-- tearDownDriver -->
      </class> <!-- com.eyebeem.tests.home.HomePageLogoLinkTest -->
      <class name="com.eyebeem.tests.home.HomePageProductsGridTest">
        <test-method is-config="true" signature="setUpDriver()[pri:0, instance:com.eyebeem.tests.home.HomePageProductsGridTest@1c7696c6]" started-at="2026-02-22T14:34:30 IST" name="setUpDriver" finished-at="2026-02-22T14:34:31 IST" duration-ms="921" status="PASS">
          <reporter-output>
          </reporter-output>
        </test-method> <!-- setUpDriver -->
        <test-method signature="homePageShowsProductCardsWithAddToCart()[pri:0, instance:com.eyebeem.tests.home.HomePageProductsGridTest@1c7696c6]" started-at="2026-02-22T14:34:31 IST" name="homePageShowsProductCardsWithAddToCart" finished-at="2026-02-22T14:34:32 IST" duration-ms="647" status="PASS">
          <reporter-output>
          </reporter-output>
        </test-method> <!-- homePageShowsProductCardsWithAddToCart -->
        <test-method is-config="true" signature="tearDownDriver()[pri:0, instance:com.eyebeem.tests.home.HomePageProductsGridTest@1c7696c6]" started-at="2026-02-22T14:34:32 IST" name="tearDownDriver" finished-at="2026-02-22T14:34:32 IST" duration-ms="89" status="PASS">
          <reporter-output>
          </reporter-output>
        </test-method> <!-- tearDownDriver -->
      </class> <!-- com.eyebeem.tests.home.HomePageProductsGridTest -->
      <class name="com.eyebeem.tests.home.HomePageTitleTest">
        <test-method is-config="true" signature="setUpDriver()[pri:0, instance:com.eyebeem.tests.home.HomePageTitleTest@41a0aa7d]" started-at="2026-02-22T14:34:21 IST" name="setUpDriver" finished-at="2026-02-22T14:34:24 IST" duration-ms="2503" status="PASS">
          <reporter-output>
          </reporter-output>
        </test-method> <!-- setUpDriver -->
        <test-method signature="homePageTitleContainsAppName()[pri:0, instance:com.eyebeem.tests.home.HomePageTitleTest@41a0aa7d]" started-at="2026-02-22T14:34:24 IST" name="homePageTitleContainsAppName" finished-at="2026-02-22T14:34:25 IST" duration-ms="603" status="PASS">
          <reporter-output>
          </reporter-output>
        </test-method> <!-- homePageTitleContainsAppName -->
        <test-method is-config="true" signature="tearDownDriver()[pri:0, instance:com.eyebeem.tests.home.HomePageTitleTest@41a0aa7d]" started-at="2026-02-22T14:34:25 IST" name="tearDownDriver" finished-at="2026-02-22T14:34:25 IST" duration-ms="100" status="PASS">
          <reporter-output>
          </reporter-output>
        </test-method> <!-- tearDownDriver -->
      </class> <!-- com.eyebeem.tests.home.HomePageTitleTest -->
      <class name="com.eyebeem.tests.home.HomePageNavbarTest">
        <test-method is-config="true" signature="setUpDriver()[pri:0, instance:com.eyebeem.tests.home.HomePageNavbarTest@6574a52c]" started-at="2026-02-22T14:34:27 IST" name="setUpDriver" finished-at="2026-02-22T14:34:28 IST" duration-ms="958" status="PASS">
          <reporter-output>
          </reporter-output>
        </test-method> <!-- setUpDriver -->
        <test-method signature="navbarContainsAllNavigationLinks()[pri:0, instance:com.eyebeem.tests.home.HomePageNavbarTest@6574a52c]" started-at="2026-02-22T14:34:28 IST" name="navbarContainsAllNavigationLinks" finished-at="2026-02-22T14:34:28 IST" duration-ms="726" status="PASS">
          <reporter-output>
          </reporter-output>
        </test-method> <!-- navbarContainsAllNavigationLinks -->
        <test-method is-config="true" signature="tearDownDriver()[pri:0, instance:com.eyebeem.tests.home.HomePageNavbarTest@6574a52c]" started-at="2026-02-22T14:34:28 IST" name="tearDownDriver" finished-at="2026-02-22T14:34:28 IST" duration-ms="91" status="PASS">
          <reporter-output>
          </reporter-output>
        </test-method> <!-- tearDownDriver -->
      </class> <!-- com.eyebeem.tests.home.HomePageNavbarTest -->
      <class name="com.eyebeem.tests.home.HomePageFooterTest">
        <test-method is-config="true" signature="setUpDriver()[pri:0, instance:com.eyebeem.tests.home.HomePageFooterTest@6c1a5b54]" started-at="2026-02-22T14:34:28 IST" name="setUpDriver" finished-at="2026-02-22T14:34:29 IST" duration-ms="1019" status="PASS">
          <reporter-output>
          </reporter-output>
        </test-method> <!-- setUpDriver -->
        <test-method signature="footerDisplaysCopyrightText()[pri:0, instance:com.eyebeem.tests.home.HomePageFooterTest@6c1a5b54]" started-at="2026-02-22T14:34:29 IST" name="footerDisplaysCopyrightText" finished-at="2026-02-22T14:34:30 IST" duration-ms="673" status="PASS">
          <reporter-output>
          </reporter-output>
        </test-method> <!-- footerDisplaysCopyrightText -->
        <test-method is-config="true" signature="tearDownDriver()[pri:0, instance:com.eyebeem.tests.home.HomePageFooterTest@6c1a5b54]" started-at="2026-02-22T14:34:30 IST" name="tearDownDriver" finished-at="2026-02-22T14:34:30 IST" duration-ms="90" status="PASS">
          <reporter-output>
          </reporter-output>
        </test-method> <!-- tearDownDriver -->
      </class> <!-- com.eyebeem.tests.home.HomePageFooterTest -->
      <class name="com.eyebeem.tests.home.HomePageHeroTest">
        <test-method is-config="true" signature="setUpDriver()[pri:0, instance:com.eyebeem.tests.home.HomePageHeroTest@1ffaf86]" started-at="2026-02-22T14:34:25 IST" name="setUpDriver" finished-at="2026-02-22T14:34:26 IST" duration-ms="1229" status="PASS">
          <reporter-output>
          </reporter-output>
        </test-method> <!-- setUpDriver -->
        <test-method signature="heroSectionDisplaysHeadingAndTagline()[pri:0, instance:com.eyebeem.tests.home.HomePageHeroTest@1ffaf86]" started-at="2026-02-22T14:34:26 IST" name="heroSectionDisplaysHeadingAndTagline" finished-at="2026-02-22T14:34:27 IST" duration-ms="667" status="PASS">
          <reporter-output>
          </reporter-output>
        </test-method> <!-- heroSectionDisplaysHeadingAndTagline -->
        <test-method is-config="true" signature="tearDownDriver()[pri:0, instance:com.eyebeem.tests.home.HomePageHeroTest@1ffaf86]" started-at="2026-02-22T14:34:27 IST" name="tearDownDriver" finished-at="2026-02-22T14:34:27 IST" duration-ms="89" status="PASS">
          <reporter-output>
          </reporter-output>
        </test-method> <!-- tearDownDriver -->
      </class> <!-- com.eyebeem.tests.home.HomePageHeroTest -->
    </test> <!-- Home Page Tests -->
    <test started-at="2026-02-22T14:34:34 IST" name="Login Page Tests" finished-at="2026-02-22T14:34:40 IST" duration-ms="6526">
      <class name="com.eyebeem.tests.login.LoginPageNavigationTest">
        <test-method is-config="true" signature="setUpDriver()[pri:0, instance:com.eyebeem.tests.login.LoginPageNavigationTest@7161d8d1]" started-at="2026-02-22T14:34:38 IST" name="setUpDriver" finished-at="2026-02-22T14:34:40 IST" duration-ms="1112" status="PASS">
          <reporter-output>
          </reporter-output>
        </test-method> <!-- setUpDriver -->
        <test-method signature="loginPageUrlAndTitleAreCorrect()[pri:0, instance:com.eyebeem.tests.login.LoginPageNavigationTest@7161d8d1]" started-at="2026-02-22T14:34:40 IST" name="loginPageUrlAndTitleAreCorrect" finished-at="2026-02-22T14:34:40 IST" duration-ms="668" status="PASS">
          <reporter-output>
          </reporter-output>
        </test-method> <!-- loginPageUrlAndTitleAreCorrect -->
        <test-method is-config="true" signature="tearDownDriver()[pri:0, instance:com.eyebeem.tests.login.LoginPageNavigationTest@7161d8d1]" started-at="2026-02-22T14:34:40 IST" name="tearDownDriver" finished-at="2026-02-22T14:34:40 IST" duration-ms="87" status="PASS">
          <reporter-output>
          </reporter-output>
        </test-method> <!-- tearDownDriver -->
      </class> <!-- com.eyebeem.tests.login.LoginPageNavigationTest -->
      <class name="com.eyebeem.tests.login.LoginPageFormTest">
        <test-method is-config="true" signature="setUpDriver()[pri:0, instance:com.eyebeem.tests.login.LoginPageFormTest@75d3a5e0]" started-at="2026-02-22T14:34:34 IST" name="setUpDriver" finished-at="2026-02-22T14:34:35 IST" duration-ms="1091" status="PASS">
          <reporter-output>
          </reporter-output>
        </test-method> <!-- setUpDriver -->
        <test-method signature="loginFormDisplaysNameAndEmailFields()[pri:0, instance:com.eyebeem.tests.login.LoginPageFormTest@75d3a5e0]" started-at="2026-02-22T14:34:35 IST" name="loginFormDisplaysNameAndEmailFields" finished-at="2026-02-22T14:34:36 IST" duration-ms="877" status="PASS">
          <reporter-output>
          </reporter-output>
        </test-method> <!-- loginFormDisplaysNameAndEmailFields -->
        <test-method is-config="true" signature="tearDownDriver()[pri:0, instance:com.eyebeem.tests.login.LoginPageFormTest@75d3a5e0]" started-at="2026-02-22T14:34:36 IST" name="tearDownDriver" finished-at="2026-02-22T14:34:36 IST" duration-ms="88" status="PASS">
          <reporter-output>
          </reporter-output>
        </test-method> <!-- tearDownDriver -->
      </class> <!-- com.eyebeem.tests.login.LoginPageFormTest -->
      <class name="com.eyebeem.tests.login.LoginPageSubmitTest">
        <test-method is-config="true" signature="setUpDriver()[pri:0, instance:com.eyebeem.tests.login.LoginPageSubmitTest@74d1dc36]" started-at="2026-02-22T14:34:36 IST" name="setUpDriver" finished-at="2026-02-22T14:34:37 IST" duration-ms="977" status="PASS">
          <reporter-output>
          </reporter-output>
        </test-method> <!-- setUpDriver -->
        <test-method signature="loginFormAcceptsValidCredentials()[pri:0, instance:com.eyebeem.tests.login.LoginPageSubmitTest@74d1dc36]" started-at="2026-02-22T14:34:37 IST" name="loginFormAcceptsValidCredentials" finished-at="2026-02-22T14:34:38 IST" duration-ms="1521" status="PASS">
          <reporter-output>
          </reporter-output>
        </test-method> <!-- loginFormAcceptsValidCredentials -->
        <test-method is-config="true" signature="tearDownDriver()[pri:0, instance:com.eyebeem.tests.login.LoginPageSubmitTest@74d1dc36]" started-at="2026-02-22T14:34:38 IST" name="tearDownDriver" finished-at="2026-02-22T14:34:38 IST" duration-ms="95" status="PASS">
          <reporter-output>
          </reporter-output>
        </test-method> <!-- tearDownDriver -->
      </class> <!-- com.eyebeem.tests.login.LoginPageSubmitTest -->
    </test> <!-- Login Page Tests -->
    <test started-at="2026-02-22T14:34:40 IST" name="Products Page Tests" finished-at="2026-02-22T14:34:52 IST" duration-ms="11663">
      <class name="com.eyebeem.tests.products.ProductsPageSearchInputTest">
        <test-method is-config="true" signature="setUpDriver()[pri:0, instance:com.eyebeem.tests.products.ProductsPageSearchInputTest@742ff096]" started-at="2026-02-22T14:34:48 IST" name="setUpDriver" finished-at="2026-02-22T14:34:49 IST" duration-ms="1105" status="PASS">
          <reporter-output>
          </reporter-output>
        </test-method> <!-- setUpDriver -->
        <test-method signature="productsPageHasSearchInput()[pri:0, instance:com.eyebeem.tests.products.ProductsPageSearchInputTest@742ff096]" started-at="2026-02-22T14:34:49 IST" name="productsPageHasSearchInput" finished-at="2026-02-22T14:34:50 IST" duration-ms="653" status="PASS">
          <reporter-output>
          </reporter-output>
        </test-method> <!-- productsPageHasSearchInput -->
        <test-method is-config="true" signature="tearDownDriver()[pri:0, instance:com.eyebeem.tests.products.ProductsPageSearchInputTest@742ff096]" started-at="2026-02-22T14:34:50 IST" name="tearDownDriver" finished-at="2026-02-22T14:34:50 IST" duration-ms="90" status="PASS">
          <reporter-output>
          </reporter-output>
        </test-method> <!-- tearDownDriver -->
      </class> <!-- com.eyebeem.tests.products.ProductsPageSearchInputTest -->
      <class name="com.eyebeem.tests.products.ProductsPageFilterDropdownTest">
        <test-method is-config="true" signature="setUpDriver()[pri:0, instance:com.eyebeem.tests.products.ProductsPageFilterDropdownTest@75437611]" started-at="2026-02-22T14:34:50 IST" name="setUpDriver" finished-at="2026-02-22T14:34:51 IST" duration-ms="1077" status="PASS">
          <reporter-output>
          </reporter-output>
        </test-method> <!-- setUpDriver -->
        <test-method signature="productsPageHasTypeFilterDropdown()[pri:0, instance:com.eyebeem.tests.products.ProductsPageFilterDropdownTest@75437611]" started-at="2026-02-22T14:34:51 IST" name="productsPageHasTypeFilterDropdown" finished-at="2026-02-22T14:34:52 IST" duration-ms="646" status="PASS">
          <reporter-output>
          </reporter-output>
        </test-method> <!-- productsPageHasTypeFilterDropdown -->
        <test-method is-config="true" signature="tearDownDriver()[pri:0, instance:com.eyebeem.tests.products.ProductsPageFilterDropdownTest@75437611]" started-at="2026-02-22T14:34:52 IST" name="tearDownDriver" finished-at="2026-02-22T14:34:52 IST" duration-ms="91" status="PASS">
          <reporter-output>
          </reporter-output>
        </test-method> <!-- tearDownDriver -->
      </class> <!-- com.eyebeem.tests.products.ProductsPageFilterDropdownTest -->
      <class name="com.eyebeem.tests.products.ProductsPageAddToCartTest">
        <test-method is-config="true" signature="setUpDriver()[pri:0, instance:com.eyebeem.tests.products.ProductsPageAddToCartTest@7bba5817]" started-at="2026-02-22T14:34:47 IST" name="setUpDriver" finished-at="2026-02-22T14:34:48 IST" duration-ms="1016" status="PASS">
          <reporter-output>
          </reporter-output>
        </test-method> <!-- setUpDriver -->
        <test-method signature="addToCartButtonAddsProductToCart()[pri:0, instance:com.eyebeem.tests.products.ProductsPageAddToCartTest@7bba5817]" started-at="2026-02-22T14:34:48 IST" name="addToCartButtonAddsProductToCart" finished-at="2026-02-22T14:34:48 IST" duration-ms="704" status="PASS">
          <reporter-output>
          </reporter-output>
        </test-method> <!-- addToCartButtonAddsProductToCart -->
        <test-method is-config="true" signature="tearDownDriver()[pri:0, instance:com.eyebeem.tests.products.ProductsPageAddToCartTest@7bba5817]" started-at="2026-02-22T14:34:48 IST" name="tearDownDriver" finished-at="2026-02-22T14:34:48 IST" duration-ms="88" status="PASS">
          <reporter-output>
          </reporter-output>
        </test-method> <!-- tearDownDriver -->
      </class> <!-- com.eyebeem.tests.products.ProductsPageAddToCartTest -->
      <class name="com.eyebeem.tests.products.ProductsPageSearchTest">
        <test-method is-config="true" signature="setUpDriver()[pri:0, instance:com.eyebeem.tests.products.ProductsPageSearchTest@33065d67]" started-at="2026-02-22T14:34:42 IST" name="setUpDriver" finished-at="2026-02-22T14:34:43 IST" duration-ms="1060" status="PASS">
          <reporter-output>
          </reporter-output>
        </test-method> <!-- setUpDriver -->
        <test-method signature="productSearchFiltersResults()[pri:0, instance:com.eyebeem.tests.products.ProductsPageSearchTest@33065d67]" started-at="2026-02-22T14:34:43 IST" name="productSearchFiltersResults" finished-at="2026-02-22T14:34:44 IST" duration-ms="1088" status="PASS">
          <reporter-output>
          </reporter-output>
        </test-method> <!-- productSearchFiltersResults -->
        <test-method is-config="true" signature="tearDownDriver()[pri:0, instance:com.eyebeem.tests.products.ProductsPageSearchTest@33065d67]" started-at="2026-02-22T14:34:44 IST" name="tearDownDriver" finished-at="2026-02-22T14:34:45 IST" duration-ms="93" status="PASS">
          <reporter-output>
          </reporter-output>
        </test-method> <!-- tearDownDriver -->
      </class> <!-- com.eyebeem.tests.products.ProductsPageSearchTest -->
      <class name="com.eyebeem.tests.products.ProductsPageFilterTest">
        <test-method is-config="true" signature="setUpDriver()[pri:0, instance:com.eyebeem.tests.products.ProductsPageFilterTest@712625fd]" started-at="2026-02-22T14:34:45 IST" name="setUpDriver" finished-at="2026-02-22T14:34:46 IST" duration-ms="1157" status="PASS">
          <reporter-output>
          </reporter-output>
        </test-method> <!-- setUpDriver -->
        <test-method signature="productTypeFilterFiltersByType()[pri:0, instance:com.eyebeem.tests.products.ProductsPageFilterTest@712625fd]" started-at="2026-02-22T14:34:46 IST" name="productTypeFilterFiltersByType" finished-at="2026-02-22T14:34:46 IST" duration-ms="744" status="PASS">
          <reporter-output>
          </reporter-output>
        </test-method> <!-- productTypeFilterFiltersByType -->
        <test-method is-config="true" signature="tearDownDriver()[pri:0, instance:com.eyebeem.tests.products.ProductsPageFilterTest@712625fd]" started-at="2026-02-22T14:34:46 IST" name="tearDownDriver" finished-at="2026-02-22T14:34:47 IST" duration-ms="90" status="PASS">
          <reporter-output>
          </reporter-output>
        </test-method> <!-- tearDownDriver -->
      </class> <!-- com.eyebeem.tests.products.ProductsPageFilterTest -->
      <class name="com.eyebeem.tests.products.ProductsPageDisplayTest">
        <test-method is-config="true" signature="setUpDriver()[pri:0, instance:com.eyebeem.tests.products.ProductsPageDisplayTest@cb0755b]" started-at="2026-02-22T14:34:40 IST" name="setUpDriver" finished-at="2026-02-22T14:34:41 IST" duration-ms="1143" status="PASS">
          <reporter-output>
          </reporter-output>
        </test-method> <!-- setUpDriver -->
        <test-method signature="productsPageDisplaysAllProducts()[pri:0, instance:com.eyebeem.tests.products.ProductsPageDisplayTest@cb0755b]" started-at="2026-02-22T14:34:41 IST" name="productsPageDisplaysAllProducts" finished-at="2026-02-22T14:34:42 IST" duration-ms="713" status="PASS">
          <reporter-output>
          </reporter-output>
        </test-method> <!-- productsPageDisplaysAllProducts -->
        <test-method is-config="true" signature="tearDownDriver()[pri:0, instance:com.eyebeem.tests.products.ProductsPageDisplayTest@cb0755b]" started-at="2026-02-22T14:34:42 IST" name="tearDownDriver" finished-at="2026-02-22T14:34:42 IST" duration-ms="89" status="PASS">
          <reporter-output>
          </reporter-output>
        </test-method> <!-- tearDownDriver -->
      </class> <!-- com.eyebeem.tests.products.ProductsPageDisplayTest -->
    </test> <!-- Products Page Tests -->
    <test started-at="2026-02-22T14:34:52 IST" name="Cart Page Tests" finished-at="2026-02-22T14:35:04 IST" duration-ms="12083">
      <class name="com.eyebeem.tests.cart.CartPageEmptyTest">
        <test-method is-config="true" signature="setUpDriver()[pri:0, instance:com.eyebeem.tests.cart.CartPageEmptyTest@35dab4eb]" started-at="2026-02-22T14:34:52 IST" name="setUpDriver" finished-at="2026-02-22T14:34:53 IST" duration-ms="1074" status="PASS">
          <reporter-output>
          </reporter-output>
        </test-method> <!-- setUpDriver -->
        <test-method signature="cartPageShowsEmptyMessageWhenCartIsEmpty()[pri:0, instance:com.eyebeem.tests.cart.CartPageEmptyTest@35dab4eb]" started-at="2026-02-22T14:34:53 IST" name="cartPageShowsEmptyMessageWhenCartIsEmpty" finished-at="2026-02-22T14:34:54 IST" duration-ms="692" status="PASS">
          <reporter-output>
          </reporter-output>
        </test-method> <!-- cartPageShowsEmptyMessageWhenCartIsEmpty -->
        <test-method is-config="true" signature="tearDownDriver()[pri:0, instance:com.eyebeem.tests.cart.CartPageEmptyTest@35dab4eb]" started-at="2026-02-22T14:34:54 IST" name="tearDownDriver" finished-at="2026-02-22T14:34:54 IST" duration-ms="92" status="PASS">
          <reporter-output>
          </reporter-output>
        </test-method> <!-- tearDownDriver -->
      </class> <!-- com.eyebeem.tests.cart.CartPageEmptyTest -->
      <class name="com.eyebeem.tests.cart.CartPageShopProductsLinkTest">
        <test-method is-config="true" signature="setUpDriver()[pri:0, instance:com.eyebeem.tests.cart.CartPageShopProductsLinkTest@72cc7e6f]" started-at="2026-02-22T14:35:02 IST" name="setUpDriver" finished-at="2026-02-22T14:35:03 IST" duration-ms="1119" status="PASS">
          <reporter-output>
          </reporter-output>
        </test-method> <!-- setUpDriver -->
        <test-method signature="shopProductsLinkNavigatesToProducts()[pri:0, instance:com.eyebeem.tests.cart.CartPageShopProductsLinkTest@72cc7e6f]" started-at="2026-02-22T14:35:03 IST" name="shopProductsLinkNavigatesToProducts" finished-at="2026-02-22T14:35:04 IST" duration-ms="713" status="PASS">
          <reporter-output>
          </reporter-output>
        </test-method> <!-- shopProductsLinkNavigatesToProducts -->
        <test-method is-config="true" signature="tearDownDriver()[pri:0, instance:com.eyebeem.tests.cart.CartPageShopProductsLinkTest@72cc7e6f]" started-at="2026-02-22T14:35:04 IST" name="tearDownDriver" finished-at="2026-02-22T14:35:04 IST" duration-ms="96" status="PASS">
          <reporter-output>
          </reporter-output>
        </test-method> <!-- tearDownDriver -->
      </class> <!-- com.eyebeem.tests.cart.CartPageShopProductsLinkTest -->
      <class name="com.eyebeem.tests.cart.CartPageClearButtonTest">
        <test-method is-config="true" signature="setUpDriver()[pri:0, instance:com.eyebeem.tests.cart.CartPageClearButtonTest@5f049ea1]" started-at="2026-02-22T14:35:00 IST" name="setUpDriver" finished-at="2026-02-22T14:35:01 IST" duration-ms="1009" status="PASS">
          <reporter-output>
          </reporter-output>
        </test-method> <!-- setUpDriver -->
        <test-method signature="clearCartButtonEmptiesCart()[pri:0, instance:com.eyebeem.tests.cart.CartPageClearButtonTest@5f049ea1]" started-at="2026-02-22T14:35:01 IST" name="clearCartButtonEmptiesCart" finished-at="2026-02-22T14:35:02 IST" duration-ms="846" status="PASS">
          <reporter-output>
          </reporter-output>
        </test-method> <!-- clearCartButtonEmptiesCart -->
        <test-method is-config="true" signature="tearDownDriver()[pri:0, instance:com.eyebeem.tests.cart.CartPageClearButtonTest@5f049ea1]" started-at="2026-02-22T14:35:02 IST" name="tearDownDriver" finished-at="2026-02-22T14:35:02 IST" duration-ms="93" status="PASS">
          <reporter-output>
          </reporter-output>
        </test-method> <!-- tearDownDriver -->
      </class> <!-- com.eyebeem.tests.cart.CartPageClearButtonTest -->
      <class name="com.eyebeem.tests.cart.CartPageTotalTest">
        <test-method is-config="true" signature="setUpDriver()[pri:0, instance:com.eyebeem.tests.cart.CartPageTotalTest@3ba987b8]" started-at="2026-02-22T14:34:56 IST" name="setUpDriver" finished-at="2026-02-22T14:34:57 IST" duration-ms="948" status="PASS">
          <reporter-output>
          </reporter-output>
        </test-method> <!-- setUpDriver -->
        <test-method signature="cartPageDisplaysCorrectTotal()[pri:0, instance:com.eyebeem.tests.cart.CartPageTotalTest@3ba987b8]" started-at="2026-02-22T14:34:57 IST" name="cartPageDisplaysCorrectTotal" finished-at="2026-02-22T14:34:57 IST" duration-ms="813" status="PASS">
          <reporter-output>
          </reporter-output>
        </test-method> <!-- cartPageDisplaysCorrectTotal -->
        <test-method is-config="true" signature="tearDownDriver()[pri:0, instance:com.eyebeem.tests.cart.CartPageTotalTest@3ba987b8]" started-at="2026-02-22T14:34:57 IST" name="tearDownDriver" finished-at="2026-02-22T14:34:58 IST" duration-ms="90" status="PASS">
          <reporter-output>
          </reporter-output>
        </test-method> <!-- tearDownDriver -->
      </class> <!-- com.eyebeem.tests.cart.CartPageTotalTest -->
      <class name="com.eyebeem.tests.cart.CartPageCheckoutTest">
        <test-method is-config="true" signature="setUpDriver()[pri:0, instance:com.eyebeem.tests.cart.CartPageCheckoutTest@3f191845]" started-at="2026-02-22T14:34:58 IST" name="setUpDriver" finished-at="2026-02-22T14:34:59 IST" duration-ms="1145" status="PASS">
          <reporter-output>
          </reporter-output>
        </test-method> <!-- setUpDriver -->
        <test-method signature="checkoutButtonNavigatesToCheckoutPage()[pri:0, instance:com.eyebeem.tests.cart.CartPageCheckoutTest@3f191845]" started-at="2026-02-22T14:34:59 IST" name="checkoutButtonNavigatesToCheckoutPage" finished-at="2026-02-22T14:35:00 IST" duration-ms="1365" status="PASS">
          <reporter-output>
          </reporter-output>
        </test-method> <!-- checkoutButtonNavigatesToCheckoutPage -->
        <test-method is-config="true" signature="tearDownDriver()[pri:0, instance:com.eyebeem.tests.cart.CartPageCheckoutTest@3f191845]" started-at="2026-02-22T14:35:00 IST" name="tearDownDriver" finished-at="2026-02-22T14:35:00 IST" duration-ms="95" status="PASS">
          <reporter-output>
          </reporter-output>
        </test-method> <!-- tearDownDriver -->
      </class> <!-- com.eyebeem.tests.cart.CartPageCheckoutTest -->
      <class name="com.eyebeem.tests.cart.CartPageItemsTest">
        <test-method is-config="true" signature="setUpDriver()[pri:0, instance:com.eyebeem.tests.cart.CartPageItemsTest@2d901eb0]" started-at="2026-02-22T14:34:54 IST" name="setUpDriver" finished-at="2026-02-22T14:34:55 IST" duration-ms="1037" status="PASS">
          <reporter-output>
          </reporter-output>
        </test-method> <!-- setUpDriver -->
        <test-method signature="cartPageDisplaysItemsWhenCartHasProducts()[pri:0, instance:com.eyebeem.tests.cart.CartPageItemsTest@2d901eb0]" started-at="2026-02-22T14:34:55 IST" name="cartPageDisplaysItemsWhenCartHasProducts" finished-at="2026-02-22T14:34:56 IST" duration-ms="756" status="PASS">
          <reporter-output>
          </reporter-output>
        </test-method> <!-- cartPageDisplaysItemsWhenCartHasProducts -->
        <test-method is-config="true" signature="tearDownDriver()[pri:0, instance:com.eyebeem.tests.cart.CartPageItemsTest@2d901eb0]" started-at="2026-02-22T14:34:56 IST" name="tearDownDriver" finished-at="2026-02-22T14:34:56 IST" duration-ms="86" status="PASS">
          <reporter-output>
          </reporter-output>
        </test-method> <!-- tearDownDriver -->
      </class> <!-- com.eyebeem.tests.cart.CartPageItemsTest -->
    </test> <!-- Cart Page Tests -->
    <test started-at="2026-02-22T14:35:04 IST" name="Checkout Page Tests" finished-at="2026-02-22T14:35:15 IST" duration-ms="11106">
      <class name="com.eyebeem.tests.checkout.CheckoutPageOrderTest">
        <test-method is-config="true" signature="setUpDriver()[pri:0, instance:com.eyebeem.tests.checkout.CheckoutPageOrderTest@6caf0677]" started-at="2026-02-22T14:35:09 IST" name="setUpDriver" finished-at="2026-02-22T14:35:10 IST" duration-ms="1005" status="PASS">
          <reporter-output>
          </reporter-output>
        </test-method> <!-- setUpDriver -->
        <test-method signature="checkoutCompletesOrderSuccessfully()[pri:0, instance:com.eyebeem.tests.checkout.CheckoutPageOrderTest@6caf0677]" started-at="2026-02-22T14:35:10 IST" name="checkoutCompletesOrderSuccessfully" finished-at="2026-02-22T14:35:11 IST" duration-ms="1642" status="PASS">
          <reporter-output>
          </reporter-output>
        </test-method> <!-- checkoutCompletesOrderSuccessfully -->
        <test-method is-config="true" signature="tearDownDriver()[pri:0, instance:com.eyebeem.tests.checkout.CheckoutPageOrderTest@6caf0677]" started-at="2026-02-22T14:35:11 IST" name="tearDownDriver" finished-at="2026-02-22T14:35:11 IST" duration-ms="98" status="PASS">
          <reporter-output>
          </reporter-output>
        </test-method> <!-- tearDownDriver -->
      </class> <!-- com.eyebeem.tests.checkout.CheckoutPageOrderTest -->
      <class name="com.eyebeem.tests.checkout.CheckoutPageBackToCartTest">
        <test-method is-config="true" signature="setUpDriver()[pri:0, instance:com.eyebeem.tests.checkout.CheckoutPageBackToCartTest@16eb3ea3]" started-at="2026-02-22T14:35:13 IST" name="setUpDriver" finished-at="2026-02-22T14:35:14 IST" duration-ms="1141" status="PASS">
          <reporter-output>
          </reporter-output>
        </test-method> <!-- setUpDriver -->
        <test-method signature="backToCartLinkNavigatesToCart()[pri:0, instance:com.eyebeem.tests.checkout.CheckoutPageBackToCartTest@16eb3ea3]" started-at="2026-02-22T14:35:14 IST" name="backToCartLinkNavigatesToCart" finished-at="2026-02-22T14:35:15 IST" duration-ms="850" status="PASS">
          <reporter-output>
          </reporter-output>
        </test-method> <!-- backToCartLinkNavigatesToCart -->
        <test-method is-config="true" signature="tearDownDriver()[pri:0, instance:com.eyebeem.tests.checkout.CheckoutPageBackToCartTest@16eb3ea3]" started-at="2026-02-22T14:35:15 IST" name="tearDownDriver" finished-at="2026-02-22T14:35:15 IST" duration-ms="89" status="PASS">
          <reporter-output>
          </reporter-output>
        </test-method> <!-- tearDownDriver -->
      </class> <!-- com.eyebeem.tests.checkout.CheckoutPageBackToCartTest -->
      <class name="com.eyebeem.tests.checkout.CheckoutPagePaymentTest">
        <test-method is-config="true" signature="setUpDriver()[pri:0, instance:com.eyebeem.tests.checkout.CheckoutPagePaymentTest@645aa696]" started-at="2026-02-22T14:35:06 IST" name="setUpDriver" finished-at="2026-02-22T14:35:07 IST" duration-ms="854" status="PASS">
          <reporter-output>
          </reporter-output>
        </test-method> <!-- setUpDriver -->
        <test-method signature="checkoutPaymentStepDisplaysPaymentOptions()[pri:0, instance:com.eyebeem.tests.checkout.CheckoutPagePaymentTest@645aa696]" started-at="2026-02-22T14:35:07 IST" name="checkoutPaymentStepDisplaysPaymentOptions" finished-at="2026-02-22T14:35:08 IST" duration-ms="1649" status="PASS">
          <reporter-output>
          </reporter-output>
        </test-method> <!-- checkoutPaymentStepDisplaysPaymentOptions -->
        <test-method is-config="true" signature="tearDownDriver()[pri:0, instance:com.eyebeem.tests.checkout.CheckoutPagePaymentTest@645aa696]" started-at="2026-02-22T14:35:08 IST" name="tearDownDriver" finished-at="2026-02-22T14:35:09 IST" duration-ms="91" status="PASS">
          <reporter-output>
          </reporter-output>
        </test-method> <!-- tearDownDriver -->
      </class> <!-- com.eyebeem.tests.checkout.CheckoutPagePaymentTest -->
      <class name="com.eyebeem.tests.checkout.CheckoutPageEmptyCartTest">
        <test-method is-config="true" signature="setUpDriver()[pri:0, instance:com.eyebeem.tests.checkout.CheckoutPageEmptyCartTest@413d1baf]" started-at="2026-02-22T14:35:11 IST" name="setUpDriver" finished-at="2026-02-22T14:35:12 IST" duration-ms="1059" status="PASS">
          <reporter-output>
          </reporter-output>
        </test-method> <!-- setUpDriver -->
        <test-method signature="checkoutShowsEmptyMessageWhenCartEmpty()[pri:0, instance:com.eyebeem.tests.checkout.CheckoutPageEmptyCartTest@413d1baf]" started-at="2026-02-22T14:35:12 IST" name="checkoutShowsEmptyMessageWhenCartEmpty" finished-at="2026-02-22T14:35:13 IST" duration-ms="645" status="PASS">
          <reporter-output>
          </reporter-output>
        </test-method> <!-- checkoutShowsEmptyMessageWhenCartEmpty -->
        <test-method is-config="true" signature="tearDownDriver()[pri:0, instance:com.eyebeem.tests.checkout.CheckoutPageEmptyCartTest@413d1baf]" started-at="2026-02-22T14:35:13 IST" name="tearDownDriver" finished-at="2026-02-22T14:35:13 IST" duration-ms="97" status="PASS">
          <reporter-output>
          </reporter-output>
        </test-method> <!-- tearDownDriver -->
      </class> <!-- com.eyebeem.tests.checkout.CheckoutPageEmptyCartTest -->
      <class name="com.eyebeem.tests.checkout.CheckoutPageAddressTest">
        <test-method is-config="true" signature="setUpDriver()[pri:0, instance:com.eyebeem.tests.checkout.CheckoutPageAddressTest@5b218417]" started-at="2026-02-22T14:35:04 IST" name="setUpDriver" finished-at="2026-02-22T14:35:05 IST" duration-ms="686" status="PASS">
          <reporter-output>
          </reporter-output>
        </test-method> <!-- setUpDriver -->
        <test-method signature="checkoutPageAddressFormAcceptsValidInput()[pri:0, instance:com.eyebeem.tests.checkout.CheckoutPageAddressTest@5b218417]" started-at="2026-02-22T14:35:05 IST" name="checkoutPageAddressFormAcceptsValidInput" finished-at="2026-02-22T14:35:06 IST" duration-ms="1095" status="PASS">
          <reporter-output>
          </reporter-output>
        </test-method> <!-- checkoutPageAddressFormAcceptsValidInput -->
        <test-method is-config="true" signature="tearDownDriver()[pri:0, instance:com.eyebeem.tests.checkout.CheckoutPageAddressTest@5b218417]" started-at="2026-02-22T14:35:06 IST" name="tearDownDriver" finished-at="2026-02-22T14:35:06 IST" duration-ms="91" status="PASS">
          <reporter-output>
          </reporter-output>
        </test-method> <!-- tearDownDriver -->
      </class> <!-- com.eyebeem.tests.checkout.CheckoutPageAddressTest -->
    </test> <!-- Checkout Page Tests -->
    <test started-at="2026-02-22T14:35:15 IST" name="Orders Page Tests" finished-at="2026-02-22T14:35:27 IST" duration-ms="11609">
      <class name="com.eyebeem.tests.orders.OrdersPageShopProductsLinkTest">
        <test-method is-config="true" signature="setUpDriver()[pri:0, instance:com.eyebeem.tests.orders.OrdersPageShopProductsLinkTest@710c2b53]" started-at="2026-02-22T14:35:25 IST" name="setUpDriver" finished-at="2026-02-22T14:35:26 IST" duration-ms="1092" status="PASS">
          <reporter-output>
          </reporter-output>
        </test-method> <!-- setUpDriver -->
        <test-method signature="shopProductsLinkNavigatesToProducts()[pri:0, instance:com.eyebeem.tests.orders.OrdersPageShopProductsLinkTest@710c2b53]" started-at="2026-02-22T14:35:26 IST" name="shopProductsLinkNavigatesToProducts" finished-at="2026-02-22T14:35:27 IST" duration-ms="761" status="PASS">
          <reporter-output>
          </reporter-output>
        </test-method> <!-- shopProductsLinkNavigatesToProducts -->
        <test-method is-config="true" signature="tearDownDriver()[pri:0, instance:com.eyebeem.tests.orders.OrdersPageShopProductsLinkTest@710c2b53]" started-at="2026-02-22T14:35:27 IST" name="tearDownDriver" finished-at="2026-02-22T14:35:27 IST" duration-ms="94" status="PASS">
          <reporter-output>
          </reporter-output>
        </test-method> <!-- tearDownDriver -->
      </class> <!-- com.eyebeem.tests.orders.OrdersPageShopProductsLinkTest -->
      <class name="com.eyebeem.tests.orders.OrdersPageEmptyTest">
        <test-method is-config="true" signature="setUpDriver()[pri:0, instance:com.eyebeem.tests.orders.OrdersPageEmptyTest@402c4085]" started-at="2026-02-22T14:35:15 IST" name="setUpDriver" finished-at="2026-02-22T14:35:16 IST" duration-ms="1152" status="PASS">
          <reporter-output>
          </reporter-output>
        </test-method> <!-- setUpDriver -->
        <test-method signature="ordersPageShowsEmptyMessageWhenNoOrders()[pri:0, instance:com.eyebeem.tests.orders.OrdersPageEmptyTest@402c4085]" started-at="2026-02-22T14:35:16 IST" name="ordersPageShowsEmptyMessageWhenNoOrders" finished-at="2026-02-22T14:35:17 IST" duration-ms="675" status="PASS">
          <reporter-output>
          </reporter-output>
        </test-method> <!-- ordersPageShowsEmptyMessageWhenNoOrders -->
        <test-method is-config="true" signature="tearDownDriver()[pri:0, instance:com.eyebeem.tests.orders.OrdersPageEmptyTest@402c4085]" started-at="2026-02-22T14:35:17 IST" name="tearDownDriver" finished-at="2026-02-22T14:35:17 IST" duration-ms="86" status="PASS">
          <reporter-output>
          </reporter-output>
        </test-method> <!-- tearDownDriver -->
      </class> <!-- com.eyebeem.tests.orders.OrdersPageEmptyTest -->
      <class name="com.eyebeem.tests.orders.OrdersPageDetailsTest">
        <test-method is-config="true" signature="setUpDriver()[pri:0, instance:com.eyebeem.tests.orders.OrdersPageDetailsTest@2767e23c]" started-at="2026-02-22T14:35:21 IST" name="setUpDriver" finished-at="2026-02-22T14:35:22 IST" duration-ms="979" status="PASS">
          <reporter-output>
          </reporter-output>
        </test-method> <!-- setUpDriver -->
        <test-method signature="ordersPageDisplaysOrderDetailsCorrectly()[pri:0, instance:com.eyebeem.tests.orders.OrdersPageDetailsTest@2767e23c]" started-at="2026-02-22T14:35:22 IST" name="ordersPageDisplaysOrderDetailsCorrectly" finished-at="2026-02-22T14:35:25 IST" duration-ms="2924" status="PASS">
          <reporter-output>
          </reporter-output>
        </test-method> <!-- ordersPageDisplaysOrderDetailsCorrectly -->
        <test-method is-config="true" signature="tearDownDriver()[pri:0, instance:com.eyebeem.tests.orders.OrdersPageDetailsTest@2767e23c]" started-at="2026-02-22T14:35:25 IST" name="tearDownDriver" finished-at="2026-02-22T14:35:25 IST" duration-ms="98" status="PASS">
          <reporter-output>
          </reporter-output>
        </test-method> <!-- tearDownDriver -->
      </class> <!-- com.eyebeem.tests.orders.OrdersPageDetailsTest -->
      <class name="com.eyebeem.tests.orders.OrdersPageListTest">
        <test-method is-config="true" signature="setUpDriver()[pri:0, instance:com.eyebeem.tests.orders.OrdersPageListTest@6fa51cd4]" started-at="2026-02-22T14:35:17 IST" name="setUpDriver" finished-at="2026-02-22T14:35:18 IST" duration-ms="1026" status="PASS">
          <reporter-output>
          </reporter-output>
        </test-method> <!-- setUpDriver -->
        <test-method signature="ordersPageDisplaysOrderListAfterOrderIsPlaced()[pri:0, instance:com.eyebeem.tests.orders.OrdersPageListTest@6fa51cd4]" started-at="2026-02-22T14:35:18 IST" name="ordersPageDisplaysOrderListAfterOrderIsPlaced" finished-at="2026-02-22T14:35:21 IST" duration-ms="2616" status="PASS">
          <reporter-output>
          </reporter-output>
        </test-method> <!-- ordersPageDisplaysOrderListAfterOrderIsPlaced -->
        <test-method is-config="true" signature="tearDownDriver()[pri:0, instance:com.eyebeem.tests.orders.OrdersPageListTest@6fa51cd4]" started-at="2026-02-22T14:35:21 IST" name="tearDownDriver" finished-at="2026-02-22T14:35:21 IST" duration-ms="95" status="PASS">
          <reporter-output>
          </reporter-output>
        </test-method> <!-- tearDownDriver -->
      </class> <!-- com.eyebeem.tests.orders.OrdersPageListTest -->
    </test> <!-- Orders Page Tests -->
    <test started-at="2026-02-22T14:35:27 IST" name="Layout Tests" finished-at="2026-02-22T14:35:30 IST" duration-ms="3586">
      <class name="com.eyebeem.tests.layout.LayoutFooterTest">
        <test-method is-config="true" signature="setUpDriver()[pri:0, instance:com.eyebeem.tests.layout.LayoutFooterTest@5b247367]" started-at="2026-02-22T14:35:29 IST" name="setUpDriver" finished-at="2026-02-22T14:35:30 IST" duration-ms="1128" status="PASS">
          <reporter-output>
          </reporter-output>
        </test-method> <!-- setUpDriver -->
        <test-method signature="footerIsVisibleOnHomePage()[pri:0, instance:com.eyebeem.tests.layout.LayoutFooterTest@5b247367]" started-at="2026-02-22T14:35:30 IST" name="footerIsVisibleOnHomePage" finished-at="2026-02-22T14:35:30 IST" duration-ms="635" status="PASS">
          <reporter-output>
          </reporter-output>
        </test-method> <!-- footerIsVisibleOnHomePage -->
        <test-method is-config="true" signature="tearDownDriver()[pri:0, instance:com.eyebeem.tests.layout.LayoutFooterTest@5b247367]" started-at="2026-02-22T14:35:30 IST" name="tearDownDriver" finished-at="2026-02-22T14:35:30 IST" duration-ms="96" status="PASS">
          <reporter-output>
          </reporter-output>
        </test-method> <!-- tearDownDriver -->
      </class> <!-- com.eyebeem.tests.layout.LayoutFooterTest -->
      <class name="com.eyebeem.tests.layout.LayoutHeaderTest">
        <test-method is-config="true" signature="setUpDriver()[pri:0, instance:com.eyebeem.tests.layout.LayoutHeaderTest@1750fbeb]" started-at="2026-02-22T14:35:27 IST" name="setUpDriver" finished-at="2026-02-22T14:35:28 IST" duration-ms="972" status="PASS">
          <reporter-output>
          </reporter-output>
        </test-method> <!-- setUpDriver -->
        <test-method signature="headerIsVisibleOnHomePage()[pri:0, instance:com.eyebeem.tests.layout.LayoutHeaderTest@1750fbeb]" started-at="2026-02-22T14:35:28 IST" name="headerIsVisibleOnHomePage" finished-at="2026-02-22T14:35:28 IST" duration-ms="658" status="PASS">
          <reporter-output>
          </reporter-output>
        </test-method> <!-- headerIsVisibleOnHomePage -->
        <test-method is-config="true" signature="tearDownDriver()[pri:0, instance:com.eyebeem.tests.layout.LayoutHeaderTest@1750fbeb]" started-at="2026-02-22T14:35:28 IST" name="tearDownDriver" finished-at="2026-02-22T14:35:29 IST" duration-ms="92" status="PASS">
          <reporter-output>
          </reporter-output>
        </test-method> <!-- tearDownDriver -->
      </class> <!-- com.eyebeem.tests.layout.LayoutHeaderTest -->
    </test> <!-- Layout Tests -->
    <test started-at="2026-02-22T14:35:30 IST" name="Navigation Tests" finished-at="2026-02-22T14:35:34 IST" duration-ms="3626">
      <class name="com.eyebeem.tests.navigation.NavigationProductsLinkTest">
        <test-method is-config="true" signature="setUpDriver()[pri:0, instance:com.eyebeem.tests.navigation.NavigationProductsLinkTest@31ea9581]" started-at="2026-02-22T14:35:30 IST" name="setUpDriver" finished-at="2026-02-22T14:35:31 IST" duration-ms="1002" status="PASS">
          <reporter-output>
          </reporter-output>
        </test-method> <!-- setUpDriver -->
        <test-method signature="productsLinkNavigatesToProductsPage()[pri:0, instance:com.eyebeem.tests.navigation.NavigationProductsLinkTest@31ea9581]" started-at="2026-02-22T14:35:31 IST" name="productsLinkNavigatesToProductsPage" finished-at="2026-02-22T14:35:32 IST" duration-ms="671" status="PASS">
          <reporter-output>
          </reporter-output>
        </test-method> <!-- productsLinkNavigatesToProductsPage -->
        <test-method is-config="true" signature="tearDownDriver()[pri:0, instance:com.eyebeem.tests.navigation.NavigationProductsLinkTest@31ea9581]" started-at="2026-02-22T14:35:32 IST" name="tearDownDriver" finished-at="2026-02-22T14:35:32 IST" duration-ms="93" status="PASS">
          <reporter-output>
          </reporter-output>
        </test-method> <!-- tearDownDriver -->
      </class> <!-- com.eyebeem.tests.navigation.NavigationProductsLinkTest -->
      <class name="com.eyebeem.tests.navigation.NavigationCartLinkTest">
        <test-method is-config="true" signature="setUpDriver()[pri:0, instance:com.eyebeem.tests.navigation.NavigationCartLinkTest@231f98ef]" started-at="2026-02-22T14:35:32 IST" name="setUpDriver" finished-at="2026-02-22T14:35:33 IST" duration-ms="1048" status="PASS">
          <reporter-output>
          </reporter-output>
        </test-method> <!-- setUpDriver -->
        <test-method signature="cartLinkNavigatesToCartPage()[pri:0, instance:com.eyebeem.tests.navigation.NavigationCartLinkTest@231f98ef]" started-at="2026-02-22T14:35:33 IST" name="cartLinkNavigatesToCartPage" finished-at="2026-02-22T14:35:34 IST" duration-ms="716" status="PASS">
          <reporter-output>
          </reporter-output>
        </test-method> <!-- cartLinkNavigatesToCartPage -->
        <test-method is-config="true" signature="tearDownDriver()[pri:0, instance:com.eyebeem.tests.navigation.NavigationCartLinkTest@231f98ef]" started-at="2026-02-22T14:35:34 IST" name="tearDownDriver" finished-at="2026-02-22T14:35:34 IST" duration-ms="93" status="PASS">
          <reporter-output>
          </reporter-output>
        </test-method> <!-- tearDownDriver -->
      </class> <!-- com.eyebeem.tests.navigation.NavigationCartLinkTest -->
    </test> <!-- Navigation Tests -->
    <test started-at="2026-02-22T14:35:34 IST" name="Product Images Tests" finished-at="2026-02-22T14:35:38 IST" duration-ms="3495">
      <class name="com.eyebeem.tests.images.ProductImagesProductsPageTest">
        <test-method is-config="true" signature="setUpDriver()[pri:0, instance:com.eyebeem.tests.images.ProductImagesProductsPageTest@4d1c005e]" started-at="2026-02-22T14:35:36 IST" name="setUpDriver" finished-at="2026-02-22T14:35:37 IST" duration-ms="1045" status="PASS">
          <reporter-output>
          </reporter-output>
        </test-method> <!-- setUpDriver -->
        <test-method signature="productsPageDisplaysProductImages()[pri:0, instance:com.eyebeem.tests.images.ProductImagesProductsPageTest@4d1c005e]" started-at="2026-02-22T14:35:37 IST" name="productsPageDisplaysProductImages" finished-at="2026-02-22T14:35:37 IST" duration-ms="635" status="PASS">
          <reporter-output>
          </reporter-output>
        </test-method> <!-- productsPageDisplaysProductImages -->
        <test-method is-config="true" signature="tearDownDriver()[pri:0, instance:com.eyebeem.tests.images.ProductImagesProductsPageTest@4d1c005e]" started-at="2026-02-22T14:35:37 IST" name="tearDownDriver" finished-at="2026-02-22T14:35:38 IST" duration-ms="87" status="PASS">
          <reporter-output>
          </reporter-output>
        </test-method> <!-- tearDownDriver -->
      </class> <!-- com.eyebeem.tests.images.ProductImagesProductsPageTest -->
      <class name="com.eyebeem.tests.images.ProductImagesHomePageTest">
        <test-method is-config="true" signature="setUpDriver()[pri:0, instance:com.eyebeem.tests.images.ProductImagesHomePageTest@3e08ff24]" started-at="2026-02-22T14:35:34 IST" name="setUpDriver" finished-at="2026-02-22T14:35:35 IST" duration-ms="988" status="PASS">
          <reporter-output>
          </reporter-output>
        </test-method> <!-- setUpDriver -->
        <test-method signature="homePageDisplaysProductImages()[pri:0, instance:com.eyebeem.tests.images.ProductImagesHomePageTest@3e08ff24]" started-at="2026-02-22T14:35:35 IST" name="homePageDisplaysProductImages" finished-at="2026-02-22T14:35:36 IST" duration-ms="645" status="PASS">
          <reporter-output>
          </reporter-output>
        </test-method> <!-- homePageDisplaysProductImages -->
        <test-method is-config="true" signature="tearDownDriver()[pri:0, instance:com.eyebeem.tests.images.ProductImagesHomePageTest@3e08ff24]" started-at="2026-02-22T14:35:36 IST" name="tearDownDriver" finished-at="2026-02-22T14:35:36 IST" duration-ms="92" status="PASS">
          <reporter-output>
          </reporter-output>
        </test-method> <!-- tearDownDriver -->
      </class> <!-- com.eyebeem.tests.images.ProductImagesHomePageTest -->
    </test> <!-- Product Images Tests -->
    <test started-at="2026-02-22T14:35:38 IST" name="API Tests - Auth" finished-at="2026-02-22T14:35:38 IST" duration-ms="125">
      <class name="com.eyebeem.tests.api.AuthApiTest">
        <test-method signature="loginAsEachUser_fromTestData()[pri:0, instance:com.eyebeem.tests.api.AuthApiTest@2f62ea70]" started-at="2026-02-22T14:35:38 IST" name="loginAsEachUser_fromTestData" finished-at="2026-02-22T14:35:38 IST" duration-ms="71" status="PASS">
          <reporter-output>
          </reporter-output>
        </test-method> <!-- loginAsEachUser_fromTestData -->
        <test-method signature="login_user1_TestUser()[pri:0, instance:com.eyebeem.tests.api.AuthApiTest@2f62ea70]" started-at="2026-02-22T14:35:38 IST" name="login_user1_TestUser" finished-at="2026-02-22T14:35:38 IST" duration-ms="12" status="PASS">
          <reporter-output>
          </reporter-output>
        </test-method> <!-- login_user1_TestUser -->
        <test-method signature="login_user2_JaneDoe()[pri:0, instance:com.eyebeem.tests.api.AuthApiTest@2f62ea70]" started-at="2026-02-22T14:35:38 IST" name="login_user2_JaneDoe" finished-at="2026-02-22T14:35:38 IST" duration-ms="7" status="PASS">
          <reporter-output>
          </reporter-output>
        </test-method> <!-- login_user2_JaneDoe -->
        <test-method signature="login_user3_imaad()[pri:0, instance:com.eyebeem.tests.api.AuthApiTest@2f62ea70]" started-at="2026-02-22T14:35:38 IST" name="login_user3_imaad" finished-at="2026-02-22T14:35:38 IST" duration-ms="10" status="PASS">
          <reporter-output>
          </reporter-output>
        </test-method> <!-- login_user3_imaad -->
        <test-method signature="login_user4_aryan()[pri:0, instance:com.eyebeem.tests.api.AuthApiTest@2f62ea70]" started-at="2026-02-22T14:35:38 IST" name="login_user4_aryan" finished-at="2026-02-22T14:35:38 IST" duration-ms="10" status="PASS">
          <reporter-output>
          </reporter-output>
        </test-method> <!-- login_user4_aryan -->
        <test-method signature="login_user5_petlover()[pri:0, instance:com.eyebeem.tests.api.AuthApiTest@2f62ea70]" started-at="2026-02-22T14:35:38 IST" name="login_user5_petlover" finished-at="2026-02-22T14:35:38 IST" duration-ms="9" status="PASS">
          <reporter-output>
          </reporter-output>
        </test-method> <!-- login_user5_petlover -->
      </class> <!-- com.eyebeem.tests.api.AuthApiTest -->
    </test> <!-- API Tests - Auth -->
    <test started-at="2026-02-22T14:35:38 IST" name="API Tests - Orders" finished-at="2026-02-22T14:35:38 IST" duration-ms="112">
      <class name="com.eyebeem.tests.api.OrdersApiTest">
        <test-method signature="orderHistory_user1_hasOneOrder()[pri:0, instance:com.eyebeem.tests.api.OrdersApiTest@29ca3d04]" started-at="2026-02-22T14:35:38 IST" name="orderHistory_user1_hasOneOrder" finished-at="2026-02-22T14:35:38 IST" duration-ms="11" status="PASS">
          <reporter-output>
          </reporter-output>
        </test-method> <!-- orderHistory_user1_hasOneOrder -->
        <test-method signature="orderHistory_user1_orderHasItems()[pri:0, instance:com.eyebeem.tests.api.OrdersApiTest@29ca3d04]" started-at="2026-02-22T14:35:38 IST" name="orderHistory_user1_orderHasItems" finished-at="2026-02-22T14:35:38 IST" duration-ms="8" status="PASS">
          <reporter-output>
          </reporter-output>
        </test-method> <!-- orderHistory_user1_orderHasItems -->
        <test-method signature="orderHistory_user1_orderTotal99_99()[pri:0, instance:com.eyebeem.tests.api.OrdersApiTest@29ca3d04]" started-at="2026-02-22T14:35:38 IST" name="orderHistory_user1_orderTotal99_99" finished-at="2026-02-22T14:35:38 IST" duration-ms="8" status="PASS">
          <reporter-output>
          </reporter-output>
        </test-method> <!-- orderHistory_user1_orderTotal99_99 -->
        <test-method signature="orderHistory_user2_empty()[pri:0, instance:com.eyebeem.tests.api.OrdersApiTest@29ca3d04]" started-at="2026-02-22T14:35:38 IST" name="orderHistory_user2_empty" finished-at="2026-02-22T14:35:38 IST" duration-ms="5" status="PASS">
          <reporter-output>
          </reporter-output>
        </test-method> <!-- orderHistory_user2_empty -->
        <test-method signature="orderHistory_user3_hasOneOrder()[pri:0, instance:com.eyebeem.tests.api.OrdersApiTest@29ca3d04]" started-at="2026-02-22T14:35:38 IST" name="orderHistory_user3_hasOneOrder" finished-at="2026-02-22T14:35:38 IST" duration-ms="8" status="PASS">
          <reporter-output>
          </reporter-output>
        </test-method> <!-- orderHistory_user3_hasOneOrder -->
        <test-method signature="orderHistory_user3_orderHasEDog()[pri:0, instance:com.eyebeem.tests.api.OrdersApiTest@29ca3d04]" started-at="2026-02-22T14:35:38 IST" name="orderHistory_user3_orderHasEDog" finished-at="2026-02-22T14:35:38 IST" duration-ms="8" status="PASS">
          <reporter-output>
          </reporter-output>
        </test-method> <!-- orderHistory_user3_orderHasEDog -->
        <test-method signature="orderHistory_user3_orderTotal129_99()[pri:0, instance:com.eyebeem.tests.api.OrdersApiTest@29ca3d04]" started-at="2026-02-22T14:35:38 IST" name="orderHistory_user3_orderTotal129_99" finished-at="2026-02-22T14:35:38 IST" duration-ms="8" status="PASS">
          <reporter-output>
          </reporter-output>
        </test-method> <!-- orderHistory_user3_orderTotal129_99 -->
        <test-method signature="orderHistory_user4_hasOneOrder()[pri:0, instance:com.eyebeem.tests.api.OrdersApiTest@29ca3d04]" started-at="2026-02-22T14:35:38 IST" name="orderHistory_user4_hasOneOrder" finished-at="2026-02-22T14:35:38 IST" duration-ms="7" status="PASS">
          <reporter-output>
          </reporter-output>
        </test-method> <!-- orderHistory_user4_hasOneOrder -->
        <test-method signature="orderHistory_user4_orderHas4xECat()[pri:0, instance:com.eyebeem.tests.api.OrdersApiTest@29ca3d04]" started-at="2026-02-22T14:35:38 IST" name="orderHistory_user4_orderHas4xECat" finished-at="2026-02-22T14:35:38 IST" duration-ms="9" status="PASS">
          <reporter-output>
          </reporter-output>
        </test-method> <!-- orderHistory_user4_orderHas4xECat -->
        <test-method signature="orderHistory_user4_orderTotal399_96()[pri:0, instance:com.eyebeem.tests.api.OrdersApiTest@29ca3d04]" started-at="2026-02-22T14:35:38 IST" name="orderHistory_user4_orderTotal399_96" finished-at="2026-02-22T14:35:38 IST" duration-ms="10" status="PASS">
          <reporter-output>
          </reporter-output>
        </test-method> <!-- orderHistory_user4_orderTotal399_96 -->
        <test-method signature="orderHistory_user5_hasOneOrder()[pri:0, instance:com.eyebeem.tests.api.OrdersApiTest@29ca3d04]" started-at="2026-02-22T14:35:38 IST" name="orderHistory_user5_hasOneOrder" finished-at="2026-02-22T14:35:38 IST" duration-ms="7" status="PASS">
          <reporter-output>
          </reporter-output>
        </test-method> <!-- orderHistory_user5_hasOneOrder -->
        <test-method signature="orderHistory_user5_orderHasEHamster()[pri:0, instance:com.eyebeem.tests.api.OrdersApiTest@29ca3d04]" started-at="2026-02-22T14:35:38 IST" name="orderHistory_user5_orderHasEHamster" finished-at="2026-02-22T14:35:38 IST" duration-ms="6" status="PASS">
          <reporter-output>
          </reporter-output>
        </test-method> <!-- orderHistory_user5_orderHasEHamster -->
        <test-method signature="orderHistory_user5_orderTotal49_99()[pri:0, instance:com.eyebeem.tests.api.OrdersApiTest@29ca3d04]" started-at="2026-02-22T14:35:38 IST" name="orderHistory_user5_orderTotal49_99" finished-at="2026-02-22T14:35:38 IST" duration-ms="6" status="PASS">
          <reporter-output>
          </reporter-output>
        </test-method> <!-- orderHistory_user5_orderTotal49_99 -->
      </class> <!-- com.eyebeem.tests.api.OrdersApiTest -->
    </test> <!-- API Tests - Orders -->
    <test started-at="2026-02-22T14:35:38 IST" name="API Tests - Products" finished-at="2026-02-22T14:35:38 IST" duration-ms="68">
      <class name="com.eyebeem.tests.api.ProductsApiTest">
        <test-method signature="getProduct1_price99_99()[pri:0, instance:com.eyebeem.tests.api.ProductsApiTest@21fd5faa]" started-at="2026-02-22T14:35:38 IST" name="getProduct1_price99_99" finished-at="2026-02-22T14:35:38 IST" duration-ms="16" status="PASS">
          <reporter-output>
          </reporter-output>
        </test-method> <!-- getProduct1_price99_99 -->
        <test-method signature="getProduct1_returnsECat()[pri:0, instance:com.eyebeem.tests.api.ProductsApiTest@21fd5faa]" started-at="2026-02-22T14:35:38 IST" name="getProduct1_returnsECat" finished-at="2026-02-22T14:35:38 IST" duration-ms="5" status="PASS">
          <reporter-output>
          </reporter-output>
        </test-method> <!-- getProduct1_returnsECat -->
        <test-method signature="getProduct2_price129_99()[pri:0, instance:com.eyebeem.tests.api.ProductsApiTest@21fd5faa]" started-at="2026-02-22T14:35:38 IST" name="getProduct2_price129_99" finished-at="2026-02-22T14:35:38 IST" duration-ms="4" status="PASS">
          <reporter-output>
          </reporter-output>
        </test-method> <!-- getProduct2_price129_99 -->
        <test-method signature="getProduct2_returnsEDog()[pri:0, instance:com.eyebeem.tests.api.ProductsApiTest@21fd5faa]" started-at="2026-02-22T14:35:38 IST" name="getProduct2_returnsEDog" finished-at="2026-02-22T14:35:38 IST" duration-ms="5" status="PASS">
          <reporter-output>
          </reporter-output>
        </test-method> <!-- getProduct2_returnsEDog -->
        <test-method signature="getProduct3_price49_99()[pri:0, instance:com.eyebeem.tests.api.ProductsApiTest@21fd5faa]" started-at="2026-02-22T14:35:38 IST" name="getProduct3_price49_99" finished-at="2026-02-22T14:35:38 IST" duration-ms="4" status="PASS">
          <reporter-output>
          </reporter-output>
        </test-method> <!-- getProduct3_price49_99 -->
        <test-method signature="getProduct3_returnsEHamster()[pri:0, instance:com.eyebeem.tests.api.ProductsApiTest@21fd5faa]" started-at="2026-02-22T14:35:38 IST" name="getProduct3_returnsEHamster" finished-at="2026-02-22T14:35:38 IST" duration-ms="5" status="PASS">
          <reporter-output>
          </reporter-output>
        </test-method> <!-- getProduct3_returnsEHamster -->
        <test-method signature="getProducts_hasECat()[pri:0, instance:com.eyebeem.tests.api.ProductsApiTest@21fd5faa]" started-at="2026-02-22T14:35:38 IST" name="getProducts_hasECat" finished-at="2026-02-22T14:35:38 IST" duration-ms="5" status="PASS">
          <reporter-output>
          </reporter-output>
        </test-method> <!-- getProducts_hasECat -->
        <test-method signature="getProducts_hasEDog()[pri:0, instance:com.eyebeem.tests.api.ProductsApiTest@21fd5faa]" started-at="2026-02-22T14:35:38 IST" name="getProducts_hasEDog" finished-at="2026-02-22T14:35:38 IST" duration-ms="5" status="PASS">
          <reporter-output>
          </reporter-output>
        </test-method> <!-- getProducts_hasEDog -->
        <test-method signature="getProducts_hasEHamster()[pri:0, instance:com.eyebeem.tests.api.ProductsApiTest@21fd5faa]" started-at="2026-02-22T14:35:38 IST" name="getProducts_hasEHamster" finished-at="2026-02-22T14:35:38 IST" duration-ms="5" status="PASS">
          <reporter-output>
          </reporter-output>
        </test-method> <!-- getProducts_hasEHamster -->
        <test-method signature="getProducts_returnsThree()[pri:0, instance:com.eyebeem.tests.api.ProductsApiTest@21fd5faa]" started-at="2026-02-22T14:35:38 IST" name="getProducts_returnsThree" finished-at="2026-02-22T14:35:38 IST" duration-ms="5" status="PASS">
          <reporter-output>
          </reporter-output>
        </test-method> <!-- getProducts_returnsThree -->
      </class> <!-- com.eyebeem.tests.api.ProductsApiTest -->
    </test> <!-- API Tests - Products -->
    <test started-at="2026-02-22T14:35:38 IST" name="API Tests - Users" finished-at="2026-02-22T14:35:38 IST" duration-ms="32">
      <class name="com.eyebeem.tests.api.UsersApiTest">
        <test-method signature="getUser1_orderHistoryHasOneOrder()[pri:0, instance:com.eyebeem.tests.api.UsersApiTest@b7c4869]" started-at="2026-02-22T14:35:38 IST" name="getUser1_orderHistoryHasOneOrder" finished-at="2026-02-22T14:35:38 IST" duration-ms="6" status="PASS">
          <reporter-output>
          </reporter-output>
        </test-method> <!-- getUser1_orderHistoryHasOneOrder -->
        <test-method signature="getUser1_returnsTestUser()[pri:0, instance:com.eyebeem.tests.api.UsersApiTest@b7c4869]" started-at="2026-02-22T14:35:38 IST" name="getUser1_returnsTestUser" finished-at="2026-02-22T14:35:38 IST" duration-ms="6" status="PASS">
          <reporter-output>
          </reporter-output>
        </test-method> <!-- getUser1_returnsTestUser -->
        <test-method signature="getUser2_orderHistoryEmpty()[pri:0, instance:com.eyebeem.tests.api.UsersApiTest@b7c4869]" started-at="2026-02-22T14:35:38 IST" name="getUser2_orderHistoryEmpty" finished-at="2026-02-22T14:35:38 IST" duration-ms="5" status="PASS">
          <reporter-output>
          </reporter-output>
        </test-method> <!-- getUser2_orderHistoryEmpty -->
        <test-method signature="getUser5_returnsPetlover()[pri:0, instance:com.eyebeem.tests.api.UsersApiTest@b7c4869]" started-at="2026-02-22T14:35:38 IST" name="getUser5_returnsPetlover" finished-at="2026-02-22T14:35:38 IST" duration-ms="5" status="PASS">
          <reporter-output>
          </reporter-output>
        </test-method> <!-- getUser5_returnsPetlover -->
        <test-method signature="getUser_hasOrderHistory()[pri:0, instance:com.eyebeem.tests.api.UsersApiTest@b7c4869]" started-at="2026-02-22T14:35:38 IST" name="getUser_hasOrderHistory" finished-at="2026-02-22T14:35:38 IST" duration-ms="6" status="PASS">
          <reporter-output>
          </reporter-output>
        </test-method> <!-- getUser_hasOrderHistory -->
      </class> <!-- com.eyebeem.tests.api.UsersApiTest -->
    </test> <!-- API Tests - Users -->
    <test started-at="2026-02-22T14:35:38 IST" name="API Tests - Cart" finished-at="2026-02-22T14:35:38 IST" duration-ms="108">
      <class name="com.eyebeem.tests.api.CartApiTest">
        <test-method signature="addToCart_thenGetCart_containsItem()[pri:0, instance:com.eyebeem.tests.api.CartApiTest@29a0cdb]" started-at="2026-02-22T14:35:38 IST" name="addToCart_thenGetCart_containsItem" finished-at="2026-02-22T14:35:38 IST" duration-ms="68" status="PASS">
          <reporter-output>
          </reporter-output>
        </test-method> <!-- addToCart_thenGetCart_containsItem -->
        <test-method signature="getCart_eachUserReturns200()[pri:0, instance:com.eyebeem.tests.api.CartApiTest@29a0cdb]" started-at="2026-02-22T14:35:38 IST" name="getCart_eachUserReturns200" finished-at="2026-02-22T14:35:38 IST" duration-ms="25" status="PASS">
          <reporter-output>
          </reporter-output>
        </test-method> <!-- getCart_eachUserReturns200 -->
        <test-method signature="getCart_returnsJsonObject()[pri:0, instance:com.eyebeem.tests.api.CartApiTest@29a0cdb]" started-at="2026-02-22T14:35:38 IST" name="getCart_returnsJsonObject" finished-at="2026-02-22T14:35:38 IST" duration-ms="6" status="PASS">
          <reporter-output>
          </reporter-output>
        </test-method> <!-- getCart_returnsJsonObject -->
        <test-method signature="getCart_user1_returns200()[pri:0, instance:com.eyebeem.tests.api.CartApiTest@29a0cdb]" started-at="2026-02-22T14:35:38 IST" name="getCart_user1_returns200" finished-at="2026-02-22T14:35:38 IST" duration-ms="6" status="PASS">
          <reporter-output>
          </reporter-output>
        </test-method> <!-- getCart_user1_returns200 -->
      </class> <!-- com.eyebeem.tests.api.CartApiTest -->
    </test> <!-- API Tests - Cart -->
    <test started-at="2026-02-22T14:35:38 IST" name="API Tests - Create Account E2E" finished-at="2026-02-22T14:35:38 IST" duration-ms="11">
      <class name="com.eyebeem.tests.api.CreateAccountApiTest">
        <test-method signature="createNewAccount_viaLogin_returnsUserWithId()[pri:0, instance:com.eyebeem.tests.api.CreateAccountApiTest@3a4621bd]" started-at="2026-02-22T14:35:38 IST" name="createNewAccount_viaLogin_returnsUserWithId" finished-at="2026-02-22T14:35:38 IST" duration-ms="11" status="PASS">
          <reporter-output>
          </reporter-output>
        </test-method> <!-- createNewAccount_viaLogin_returnsUserWithId -->
      </class> <!-- com.eyebeem.tests.api.CreateAccountApiTest -->
    </test> <!-- API Tests - Create Account E2E -->
    <test started-at="2026-02-22T14:35:38 IST" name="Database Tests" finished-at="2026-02-22T14:35:38 IST" duration-ms="340">
      <class name="com.eyebeem.tests.db.InventoryDbTest">
        <test-method signature="getAllInventory_ReturnsOrderedByProductId()[pri:0, instance:com.eyebeem.tests.db.InventoryDbTest@47f9738]" started-at="2026-02-22T14:35:38 IST" name="getAllInventory_ReturnsOrderedByProductId" finished-at="2026-02-22T14:35:38 IST" duration-ms="4" status="PASS">
          <reporter-output>
          </reporter-output>
        </test-method> <!-- getAllInventory_ReturnsOrderedByProductId -->
        <test-method signature="inventoryHasAtLeastThreeProducts()[pri:0, instance:com.eyebeem.tests.db.InventoryDbTest@47f9738]" started-at="2026-02-22T14:35:38 IST" name="inventoryHasAtLeastThreeProducts" finished-at="2026-02-22T14:35:38 IST" duration-ms="4" status="PASS">
          <reporter-output>
          </reporter-output>
        </test-method> <!-- inventoryHasAtLeastThreeProducts -->
        <test-method signature="inventoryTableExists()[pri:0, instance:com.eyebeem.tests.db.InventoryDbTest@47f9738]" started-at="2026-02-22T14:35:38 IST" name="inventoryTableExists" finished-at="2026-02-22T14:35:38 IST" duration-ms="5" status="PASS">
          <reporter-output>
          </reporter-output>
        </test-method> <!-- inventoryTableExists -->
        <test-method signature="product1_ECatExists()[pri:0, instance:com.eyebeem.tests.db.InventoryDbTest@47f9738]" started-at="2026-02-22T14:35:38 IST" name="product1_ECatExists" finished-at="2026-02-22T14:35:38 IST" duration-ms="4" status="PASS">
          <reporter-output>
          </reporter-output>
        </test-method> <!-- product1_ECatExists -->
        <test-method signature="product1_HasCorrectPrice()[pri:0, instance:com.eyebeem.tests.db.InventoryDbTest@47f9738]" started-at="2026-02-22T14:35:38 IST" name="product1_HasCorrectPrice" finished-at="2026-02-22T14:35:38 IST" duration-ms="4" status="PASS">
          <reporter-output>
          </reporter-output>
        </test-method> <!-- product1_HasCorrectPrice -->
        <test-method signature="product1_HasQuantity()[pri:0, instance:com.eyebeem.tests.db.InventoryDbTest@47f9738]" started-at="2026-02-22T14:35:38 IST" name="product1_HasQuantity" finished-at="2026-02-22T14:35:38 IST" duration-ms="5" status="PASS">
          <reporter-output>
          </reporter-output>
        </test-method> <!-- product1_HasQuantity -->
        <test-method signature="product2_EDogExists()[pri:0, instance:com.eyebeem.tests.db.InventoryDbTest@47f9738]" started-at="2026-02-22T14:35:38 IST" name="product2_EDogExists" finished-at="2026-02-22T14:35:38 IST" duration-ms="4" status="PASS">
          <reporter-output>
          </reporter-output>
        </test-method> <!-- product2_EDogExists -->
        <test-method signature="product2_HasCorrectPrice()[pri:0, instance:com.eyebeem.tests.db.InventoryDbTest@47f9738]" started-at="2026-02-22T14:35:38 IST" name="product2_HasCorrectPrice" finished-at="2026-02-22T14:35:38 IST" duration-ms="9" status="PASS">
          <reporter-output>
          </reporter-output>
        </test-method> <!-- product2_HasCorrectPrice -->
        <test-method signature="product3_EHamsterExists()[pri:0, instance:com.eyebeem.tests.db.InventoryDbTest@47f9738]" started-at="2026-02-22T14:35:38 IST" name="product3_EHamsterExists" finished-at="2026-02-22T14:35:38 IST" duration-ms="3" status="PASS">
          <reporter-output>
          </reporter-output>
        </test-method> <!-- product3_EHamsterExists -->
        <test-method signature="product3_HasCorrectPrice()[pri:0, instance:com.eyebeem.tests.db.InventoryDbTest@47f9738]" started-at="2026-02-22T14:35:38 IST" name="product3_HasCorrectPrice" finished-at="2026-02-22T14:35:38 IST" duration-ms="5" status="PASS">
          <reporter-output>
          </reporter-output>
        </test-method> <!-- product3_HasCorrectPrice -->
      </class> <!-- com.eyebeem.tests.db.InventoryDbTest -->
      <class name="com.eyebeem.tests.db.OrdersDataDbTest">
        <test-method signature="order1_user1_total99_99()[pri:0, instance:com.eyebeem.tests.db.OrdersDataDbTest@3a5ecce3]" started-at="2026-02-22T14:35:38 IST" name="order1_user1_total99_99" finished-at="2026-02-22T14:35:38 IST" duration-ms="4" status="PASS">
          <reporter-output>
          </reporter-output>
        </test-method> <!-- order1_user1_total99_99 -->
        <test-method signature="order2_user3_total129_99()[pri:0, instance:com.eyebeem.tests.db.OrdersDataDbTest@3a5ecce3]" started-at="2026-02-22T14:35:38 IST" name="order2_user3_total129_99" finished-at="2026-02-22T14:35:38 IST" duration-ms="3" status="PASS">
          <reporter-output>
          </reporter-output>
        </test-method> <!-- order2_user3_total129_99 -->
        <test-method signature="order3_user4_total399_96()[pri:0, instance:com.eyebeem.tests.db.OrdersDataDbTest@3a5ecce3]" started-at="2026-02-22T14:35:38 IST" name="order3_user4_total399_96" finished-at="2026-02-22T14:35:38 IST" duration-ms="3" status="PASS">
          <reporter-output>
          </reporter-output>
        </test-method> <!-- order3_user4_total399_96 -->
        <test-method signature="order4_user5_total49_99()[pri:0, instance:com.eyebeem.tests.db.OrdersDataDbTest@3a5ecce3]" started-at="2026-02-22T14:35:38 IST" name="order4_user5_total49_99" finished-at="2026-02-22T14:35:38 IST" duration-ms="2" status="PASS">
          <reporter-output>
          </reporter-output>
        </test-method> <!-- order4_user5_total49_99 -->
        <test-method signature="orderCount_atLeast4()[pri:0, instance:com.eyebeem.tests.db.OrdersDataDbTest@3a5ecce3]" started-at="2026-02-22T14:35:38 IST" name="orderCount_atLeast4" finished-at="2026-02-22T14:35:38 IST" duration-ms="4" status="PASS">
          <reporter-output>
          </reporter-output>
        </test-method> <!-- orderCount_atLeast4 -->
        <test-method signature="user1_hasOneOrder()[pri:0, instance:com.eyebeem.tests.db.OrdersDataDbTest@3a5ecce3]" started-at="2026-02-22T14:35:38 IST" name="user1_hasOneOrder" finished-at="2026-02-22T14:35:38 IST" duration-ms="3" status="PASS">
          <reporter-output>
          </reporter-output>
        </test-method> <!-- user1_hasOneOrder -->
        <test-method signature="user2_hasNoOrders()[pri:0, instance:com.eyebeem.tests.db.OrdersDataDbTest@3a5ecce3]" started-at="2026-02-22T14:35:38 IST" name="user2_hasNoOrders" finished-at="2026-02-22T14:35:38 IST" duration-ms="3" status="PASS">
          <reporter-output>
          </reporter-output>
        </test-method> <!-- user2_hasNoOrders -->
        <test-method signature="user3_hasOneOrder()[pri:0, instance:com.eyebeem.tests.db.OrdersDataDbTest@3a5ecce3]" started-at="2026-02-22T14:35:38 IST" name="user3_hasOneOrder" finished-at="2026-02-22T14:35:38 IST" duration-ms="4" status="PASS">
          <reporter-output>
          </reporter-output>
        </test-method> <!-- user3_hasOneOrder -->
        <test-method signature="user4_hasOneOrder()[pri:0, instance:com.eyebeem.tests.db.OrdersDataDbTest@3a5ecce3]" started-at="2026-02-22T14:35:38 IST" name="user4_hasOneOrder" finished-at="2026-02-22T14:35:38 IST" duration-ms="4" status="PASS">
          <reporter-output>
          </reporter-output>
        </test-method> <!-- user4_hasOneOrder -->
        <test-method signature="user5_hasOneOrder()[pri:0, instance:com.eyebeem.tests.db.OrdersDataDbTest@3a5ecce3]" started-at="2026-02-22T14:35:38 IST" name="user5_hasOneOrder" finished-at="2026-02-22T14:35:38 IST" duration-ms="3" status="PASS">
          <reporter-output>
          </reporter-output>
        </test-method> <!-- user5_hasOneOrder -->
      </class> <!-- com.eyebeem.tests.db.OrdersDataDbTest -->
      <class name="com.eyebeem.tests.db.UsersDbTest">
        <test-method signature="nonExistentUser_returnsNull()[pri:0, instance:com.eyebeem.tests.db.UsersDbTest@6155d082]" started-at="2026-02-22T14:35:38 IST" name="nonExistentUser_returnsNull" finished-at="2026-02-22T14:35:38 IST" duration-ms="4" status="PASS">
          <reporter-output>
          </reporter-output>
        </test-method> <!-- nonExistentUser_returnsNull -->
        <test-method signature="user1_exists_withEmail()[pri:0, instance:com.eyebeem.tests.db.UsersDbTest@6155d082]" started-at="2026-02-22T14:35:38 IST" name="user1_exists_withEmail" finished-at="2026-02-22T14:35:38 IST" duration-ms="3" status="PASS">
          <reporter-output>
          </reporter-output>
        </test-method> <!-- user1_exists_withEmail -->
        <test-method signature="user2_exists_withEmail()[pri:0, instance:com.eyebeem.tests.db.UsersDbTest@6155d082]" started-at="2026-02-22T14:35:38 IST" name="user2_exists_withEmail" finished-at="2026-02-22T14:35:38 IST" duration-ms="4" status="PASS">
          <reporter-output>
          </reporter-output>
        </test-method> <!-- user2_exists_withEmail -->
        <test-method signature="user3_exists_withEmail()[pri:0, instance:com.eyebeem.tests.db.UsersDbTest@6155d082]" started-at="2026-02-22T14:35:38 IST" name="user3_exists_withEmail" finished-at="2026-02-22T14:35:38 IST" duration-ms="4" status="PASS">
          <reporter-output>
          </reporter-output>
        </test-method> <!-- user3_exists_withEmail -->
        <test-method signature="user4_exists_withEmail()[pri:0, instance:com.eyebeem.tests.db.UsersDbTest@6155d082]" started-at="2026-02-22T14:35:38 IST" name="user4_exists_withEmail" finished-at="2026-02-22T14:35:38 IST" duration-ms="3" status="PASS">
          <reporter-output>
          </reporter-output>
        </test-method> <!-- user4_exists_withEmail -->
        <test-method signature="user5_exists_withEmail()[pri:0, instance:com.eyebeem.tests.db.UsersDbTest@6155d082]" started-at="2026-02-22T14:35:38 IST" name="user5_exists_withEmail" finished-at="2026-02-22T14:35:38 IST" duration-ms="7" status="PASS">
          <reporter-output>
          </reporter-output>
        </test-method> <!-- user5_exists_withEmail -->
        <test-method signature="userCount_atLeast5()[pri:0, instance:com.eyebeem.tests.db.UsersDbTest@6155d082]" started-at="2026-02-22T14:35:38 IST" name="userCount_atLeast5" finished-at="2026-02-22T14:35:38 IST" duration-ms="3" status="PASS">
          <reporter-output>
          </reporter-output>
        </test-method> <!-- userCount_atLeast5 -->
        <test-method signature="usersTableExists()[pri:0, instance:com.eyebeem.tests.db.UsersDbTest@6155d082]" started-at="2026-02-22T14:35:38 IST" name="usersTableExists" finished-at="2026-02-22T14:35:38 IST" duration-ms="5" status="PASS">
          <reporter-output>
          </reporter-output>
        </test-method> <!-- usersTableExists -->
      </class> <!-- com.eyebeem.tests.db.UsersDbTest -->
      <class name="com.eyebeem.tests.db.OrdersDbTest">
        <test-method signature="getOrderCount_ReturnsNonNegative()[pri:0, instance:com.eyebeem.tests.db.OrdersDbTest@7ca20101]" started-at="2026-02-22T14:35:38 IST" name="getOrderCount_ReturnsNonNegative" finished-at="2026-02-22T14:35:38 IST" duration-ms="114" status="PASS">
          <reporter-output>
          </reporter-output>
        </test-method> <!-- getOrderCount_ReturnsNonNegative -->
        <test-method signature="getOrderItems_NonExistentOrderReturnsEmpty()[pri:0, instance:com.eyebeem.tests.db.OrdersDbTest@7ca20101]" started-at="2026-02-22T14:35:38 IST" name="getOrderItems_NonExistentOrderReturnsEmpty" finished-at="2026-02-22T14:35:38 IST" duration-ms="10" status="PASS">
          <reporter-output>
          </reporter-output>
        </test-method> <!-- getOrderItems_NonExistentOrderReturnsEmpty -->
        <test-method signature="getOrderRow_NonExistentReturnsNull()[pri:0, instance:com.eyebeem.tests.db.OrdersDbTest@7ca20101]" started-at="2026-02-22T14:35:38 IST" name="getOrderRow_NonExistentReturnsNull" finished-at="2026-02-22T14:35:38 IST" duration-ms="6" status="PASS">
          <reporter-output>
          </reporter-output>
        </test-method> <!-- getOrderRow_NonExistentReturnsNull -->
        <test-method signature="orderItemsTableExists()[pri:0, instance:com.eyebeem.tests.db.OrdersDbTest@7ca20101]" started-at="2026-02-22T14:35:38 IST" name="orderItemsTableExists" finished-at="2026-02-22T14:35:38 IST" duration-ms="16" status="PASS">
          <reporter-output>
          </reporter-output>
        </test-method> <!-- orderItemsTableExists -->
        <test-method signature="orderItems_ReferValidProductIds()[pri:0, instance:com.eyebeem.tests.db.OrdersDbTest@7ca20101]" started-at="2026-02-22T14:35:38 IST" name="orderItems_ReferValidProductIds" finished-at="2026-02-22T14:35:38 IST" duration-ms="4" status="PASS">
          <reporter-output>
          </reporter-output>
        </test-method> <!-- orderItems_ReferValidProductIds -->
        <test-method signature="ordersTableExists()[pri:0, instance:com.eyebeem.tests.db.OrdersDbTest@7ca20101]" started-at="2026-02-22T14:35:38 IST" name="ordersTableExists" finished-at="2026-02-22T14:35:38 IST" duration-ms="4" status="PASS">
          <reporter-output>
          </reporter-output>
        </test-method> <!-- ordersTableExists -->
      </class> <!-- com.eyebeem.tests.db.OrdersDbTest -->
      <class name="com.eyebeem.tests.db.OrderItemsDbTest">
        <test-method signature="order1_hasOneItem_eCat()[pri:0, instance:com.eyebeem.tests.db.OrderItemsDbTest@561868a0]" started-at="2026-02-22T14:35:38 IST" name="order1_hasOneItem_eCat" finished-at="2026-02-22T14:35:38 IST" duration-ms="3" status="PASS">
          <reporter-output>
          </reporter-output>
        </test-method> <!-- order1_hasOneItem_eCat -->
        <test-method signature="order1_unitPrice99_99()[pri:0, instance:com.eyebeem.tests.db.OrderItemsDbTest@561868a0]" started-at="2026-02-22T14:35:38 IST" name="order1_unitPrice99_99" finished-at="2026-02-22T14:35:38 IST" duration-ms="3" status="PASS">
          <reporter-output>
          </reporter-output>
        </test-method> <!-- order1_unitPrice99_99 -->
        <test-method signature="order2_hasOneItem_eDog()[pri:0, instance:com.eyebeem.tests.db.OrderItemsDbTest@561868a0]" started-at="2026-02-22T14:35:38 IST" name="order2_hasOneItem_eDog" finished-at="2026-02-22T14:35:38 IST" duration-ms="3" status="PASS">
          <reporter-output>
          </reporter-output>
        </test-method> <!-- order2_hasOneItem_eDog -->
        <test-method signature="order3_hasOneItem_4xECat()[pri:0, instance:com.eyebeem.tests.db.OrderItemsDbTest@561868a0]" started-at="2026-02-22T14:35:38 IST" name="order3_hasOneItem_4xECat" finished-at="2026-02-22T14:35:38 IST" duration-ms="3" status="PASS">
          <reporter-output>
          </reporter-output>
        </test-method> <!-- order3_hasOneItem_4xECat -->
        <test-method signature="order4_hasOneItem_eHamster()[pri:0, instance:com.eyebeem.tests.db.OrderItemsDbTest@561868a0]" started-at="2026-02-22T14:35:38 IST" name="order4_hasOneItem_eHamster" finished-at="2026-02-22T14:35:38 IST" duration-ms="3" status="PASS">
          <reporter-output>
          </reporter-output>
        </test-method> <!-- order4_hasOneItem_eHamster -->
        <test-method signature="orderItems_productIdsReferInventory()[pri:0, instance:com.eyebeem.tests.db.OrderItemsDbTest@561868a0]" started-at="2026-02-22T14:35:38 IST" name="orderItems_productIdsReferInventory" finished-at="2026-02-22T14:35:38 IST" duration-ms="9" status="PASS">
          <reporter-output>
          </reporter-output>
        </test-method> <!-- orderItems_productIdsReferInventory -->
      </class> <!-- com.eyebeem.tests.db.OrderItemsDbTest -->
      <class name="com.eyebeem.tests.db.InventoryDataDbTest">
        <test-method signature="product1_hasNonNegativeQuantity()[pri:0, instance:com.eyebeem.tests.db.InventoryDataDbTest@2ea6e30c]" started-at="2026-02-22T14:35:38 IST" name="product1_hasNonNegativeQuantity" finished-at="2026-02-22T14:35:38 IST" duration-ms="3" status="PASS">
          <reporter-output>
          </reporter-output>
        </test-method> <!-- product1_hasNonNegativeQuantity -->
        <test-method signature="product1_nameECat()[pri:0, instance:com.eyebeem.tests.db.InventoryDataDbTest@2ea6e30c]" started-at="2026-02-22T14:35:38 IST" name="product1_nameECat" finished-at="2026-02-22T14:35:38 IST" duration-ms="2" status="PASS">
          <reporter-output>
          </reporter-output>
        </test-method> <!-- product1_nameECat -->
        <test-method signature="product2_hasNonNegativeQuantity()[pri:0, instance:com.eyebeem.tests.db.InventoryDataDbTest@2ea6e30c]" started-at="2026-02-22T14:35:38 IST" name="product2_hasNonNegativeQuantity" finished-at="2026-02-22T14:35:38 IST" duration-ms="3" status="PASS">
          <reporter-output>
          </reporter-output>
        </test-method> <!-- product2_hasNonNegativeQuantity -->
        <test-method signature="product2_nameEDog()[pri:0, instance:com.eyebeem.tests.db.InventoryDataDbTest@2ea6e30c]" started-at="2026-02-22T14:35:38 IST" name="product2_nameEDog" finished-at="2026-02-22T14:35:38 IST" duration-ms="3" status="PASS">
          <reporter-output>
          </reporter-output>
        </test-method> <!-- product2_nameEDog -->
        <test-method signature="product3_hasNonNegativeQuantity()[pri:0, instance:com.eyebeem.tests.db.InventoryDataDbTest@2ea6e30c]" started-at="2026-02-22T14:35:38 IST" name="product3_hasNonNegativeQuantity" finished-at="2026-02-22T14:35:38 IST" duration-ms="3" status="PASS">
          <reporter-output>
          </reporter-output>
        </test-method> <!-- product3_hasNonNegativeQuantity -->
        <test-method signature="product3_nameEHamster()[pri:0, instance:com.eyebeem.tests.db.InventoryDataDbTest@2ea6e30c]" started-at="2026-02-22T14:35:38 IST" name="product3_nameEHamster" finished-at="2026-02-22T14:35:38 IST" duration-ms="3" status="PASS">
          <reporter-output>
          </reporter-output>
        </test-method> <!-- product3_nameEHamster -->
      </class> <!-- com.eyebeem.tests.db.InventoryDataDbTest -->
    </test> <!-- Database Tests -->
  </suite> <!-- EYE BEE M Pets UI Suite -->
</testng-results>
