<?xml version="1.0" encoding="UTF-8"?>
<testsuite xmlns:xsi="http://www.w3.org/2001/XMLSchema-instance" xsi:noNamespaceSchemaLocation="https://maven.apache.org/surefire/maven-surefire-plugin/xsd/surefire-test-report-3.0.xsd" version="3.0" name="TestSuite" time="89.14" tests="145" errors="0" skipped="0" failures="1">
  <properties>
[...]
</properties>
  <testcase name="homePageTitleContainsAppName" classname="com.eyebeem.tests.home.HomePageTitleTest" time="0.219">
    <system-err><![CDATA[SLF4J(W): No SLF4J providers were found.
SLF4J(W): Defaulting to no-operation (NOP) logger implementation
SLF4J(W): See https://www.slf4j.org/codes.html#noProviders for further details.
Feb 20, 2026 10:10:25 AM org.openqa.selenium.devtools.CdpVersionFinder findNearestMatch
WARNING: Unable to find an exact match for CDP version 145, returning the closest version; found: 144; Please update to a Selenium version that supports CDP version 145
]]></system-err>
  </testcase>
  <testcase name="heroSectionDisplaysHeadingAndTagline" classname="com.eyebeem.tests.home.HomePageHeroTest" time="0.762">
    <system-err><![CDATA[Feb 20, 2026 10:10:27 AM org.openqa.selenium.devtools.CdpVersionFinder findNearestMatch
WARNING: Unable to find an exact match for CDP version 145, returning the closest version; found: 144; Please update to a Selenium version that supports CDP version 145
]]></system-err>
  </testcase>
  <testcase name="navbarContainsAllNavigationLinks" classname="com.eyebeem.tests.home.HomePageNavbarTest" time="0.744">
    <system-err><![CDATA[Feb 20, 2026 10:10:29 AM org.openqa.selenium.devtools.CdpVersionFinder findNearestMatch
WARNING: Unable to find an exact match for CDP version 145, returning the closest version; found: 144; Please update to a Selenium version that supports CDP version 145
]]></system-err>
  </testcase>
  <testcase name="footerDisplaysCopyrightText" classname="com.eyebeem.tests.home.HomePageFooterTest" time="0.666">
    <system-err><![CDATA[Feb 20, 2026 10:10:31 AM org.openqa.selenium.devtools.CdpVersionFinder findNearestMatch
WARNING: Unable to find an exact match for CDP version 145, returning the closest version; found: 144; Please update to a Selenium version that supports CDP version 145
]]></system-err>
  </testcase>
  <testcase name="homePageShowsProductCardsWithAddToCart" classname="com.eyebeem.tests.home.HomePageProductsGridTest" time="0.665">
    <system-err><![CDATA[Feb 20, 2026 10:10:33 AM org.openqa.selenium.devtools.CdpVersionFinder findNearestMatch
WARNING: Unable to find an exact match for CDP version 145, returning the closest version; found: 144; Please update to a Selenium version that supports CDP version 145
]]></system-err>
  </testcase>
  <testcase name="logoLinkNavigatesToHome" classname="com.eyebeem.tests.home.HomePageLogoLinkTest" time="0.699">
    <system-err><![CDATA[Feb 20, 2026 10:10:35 AM org.openqa.selenium.devtools.CdpVersionFinder findNearestMatch
WARNING: Unable to find an exact match for CDP version 145, returning the closest version; found: 144; Please update to a Selenium version that supports CDP version 145
]]></system-err>
  </testcase>
  <testcase name="loginFormDisplaysNameAndEmailFields" classname="com.eyebeem.tests.login.LoginPageFormTest" time="0.694">
    <system-err><![CDATA[Feb 20, 2026 10:10:37 AM org.openqa.selenium.devtools.CdpVersionFinder findNearestMatch
WARNING: Unable to find an exact match for CDP version 145, returning the closest version; found: 144; Please update to a Selenium version that supports CDP version 145
]]></system-err>
  </testcase>
  <testcase name="loginFormAcceptsValidCredentials" classname="com.eyebeem.tests.login.LoginPageSubmitTest" time="0.936">
    <failure message="After login, should see USER PROFILE heading expected [true] but found [false]" type="java.lang.AssertionError"><![CDATA[java.lang.AssertionError: After login, should see USER PROFILE heading expected [true] but found [false]
	at org.testng.Assert.fail(Assert.java:111)
	at org.testng.Assert.failNotEquals(Assert.java:1590)
	at org.testng.Assert.assertTrue(Assert.java:57)
	at com.eyebeem.tests.login.LoginPageSubmitTest.loginFormAcceptsValidCredentials(LoginPageSubmitTest.java:44)
	at java.base/jdk.internal.reflect.DirectMethodHandleAccessor.invoke(DirectMethodHandleAccessor.java:104)
	at java.base/java.lang.reflect.Method.invoke(Method.java:565)
	at org.testng.internal.invokers.MethodInvocationHelper.invokeMethod(MethodInvocationHelper.java:141)
	at org.testng.internal.invokers.TestInvoker.invokeMethod(TestInvoker.java:697)
	at org.testng.internal.invokers.TestInvoker.invokeTestMethod(TestInvoker.java:230)
	at org.testng.internal.invokers.MethodRunner.runInSequence(MethodRunner.java:63)
	at org.testng.internal.invokers.TestInvoker$MethodInvocationAgent.invoke(TestInvoker.java:1005)
	at org.testng.internal.invokers.TestInvoker.invokeTestMethods(TestInvoker.java:203)
	at org.testng.internal.invokers.TestMethodWorker.invokeTestMethods(TestMethodWorker.java:154)
	at org.testng.internal.invokers.TestMethodWorker.run(TestMethodWorker.java:134)
	at java.base/java.util.ArrayList.forEach(ArrayList.java:1604)
	at org.testng.TestRunner.privateRun(TestRunner.java:744)
	at org.testng.TestRunner.run(TestRunner.java:616)
	at org.testng.SuiteRunner.runTest(SuiteRunner.java:421)
	at org.testng.SuiteRunner.runSequentially(SuiteRunner.java:413)
	at org.testng.SuiteRunner.privateRun(SuiteRunner.java:373)
	at org.testng.SuiteRunner.run(SuiteRunner.java:312)
	at org.testng.SuiteRunnerWorker.runSuite(SuiteRunnerWorker.java:52)
	at org.testng.SuiteRunnerWorker.run(SuiteRunnerWorker.java:95)
	at org.testng.TestNG.runSuitesSequentially(TestNG.java:1274)
	at org.testng.TestNG.runSuitesLocally(TestNG.java:1208)
	at org.testng.TestNG.runSuites(TestNG.java:1112)
	at org.testng.TestNG.run(TestNG.java:1079)
	at org.apache.maven.surefire.testng.TestNGExecutor.run(TestNGExecutor.java:308)
	at org.apache.maven.surefire.testng.TestNGXmlTestSuite.execute(TestNGXmlTestSuite.java:71)
	at org.apache.maven.surefire.testng.TestNGProvider.invoke(TestNGProvider.java:113)
	at org.apache.maven.surefire.booter.ForkedBooter.runSuitesInProcess(ForkedBooter.java:385)
	at org.apache.maven.surefire.booter.ForkedBooter.execute(ForkedBooter.java:162)
	at org.apache.maven.surefire.booter.ForkedBooter.run(ForkedBooter.java:507)
	at org.apache.maven.surefire.booter.ForkedBooter.main(ForkedBooter.java:495)
]]></failure>
    <system-err><![CDATA[Feb 20, 2026 10:10:39 AM org.openqa.selenium.devtools.CdpVersionFinder findNearestMatch
WARNING: Unable to find an exact match for CDP version 145, returning the closest version; found: 144; Please update to a Selenium version that supports CDP version 145
]]></system-err>
  </testcase>
  <testcase name="logoutButtonReturnsToLoginForm" classname="com.eyebeem.tests.login.LoginPageLogoutTest" time="0.949">
    <system-err><![CDATA[Feb 20, 2026 10:10:41 AM org.openqa.selenium.devtools.CdpVersionFinder findNearestMatch
WARNING: Unable to find an exact match for CDP version 145, returning the closest version; found: 144; Please update to a Selenium version that supports CDP version 145
]]></system-err>
  </testcase>
  <testcase name="loginPageUrlAndTitleAreCorrect" classname="com.eyebeem.tests.login.LoginPageNavigationTest" time="0.655">
    <system-err><![CDATA[Feb 20, 2026 10:10:44 AM org.openqa.selenium.devtools.CdpVersionFinder findNearestMatch
WARNING: Unable to find an exact match for CDP version 145, returning the closest version; found: 144; Please update to a Selenium version that supports CDP version 145
]]></system-err>
  </testcase>
  <testcase name="loginFormHasNameAndEmailLabels" classname="com.eyebeem.tests.login.LoginPageFormLabelsTest" time="0.646">
    <system-err><![CDATA[Feb 20, 2026 10:10:45 AM org.openqa.selenium.devtools.CdpVersionFinder findNearestMatch
WARNING: Unable to find an exact match for CDP version 145, returning the closest version; found: 144; Please update to a Selenium version that supports CDP version 145
]]></system-err>
  </testcase>
  <testcase name="productsPageDisplaysAllProducts" classname="com.eyebeem.tests.products.ProductsPageDisplayTest" time="0.68">
    <system-err><![CDATA[Feb 20, 2026 10:10:47 AM org.openqa.selenium.devtools.CdpVersionFinder findNearestMatch
WARNING: Unable to find an exact match for CDP version 145, returning the closest version; found: 144; Please update to a Selenium version that supports CDP version 145
]]></system-err>
  </testcase>
  <testcase name="productSearchFiltersResults" classname="com.eyebeem.tests.products.ProductsPageSearchTest" time="1.04">
    <system-err><![CDATA[Feb 20, 2026 10:10:49 AM org.openqa.selenium.devtools.CdpVersionFinder findNearestMatch
WARNING: Unable to find an exact match for CDP version 145, returning the closest version; found: 144; Please update to a Selenium version that supports CDP version 145
]]></system-err>
  </testcase>
  <testcase name="productTypeFilterFiltersByType" classname="com.eyebeem.tests.products.ProductsPageFilterTest" time="0.704">
    <system-err><![CDATA[Feb 20, 2026 10:10:51 AM org.openqa.selenium.devtools.CdpVersionFinder findNearestMatch
WARNING: Unable to find an exact match for CDP version 145, returning the closest version; found: 144; Please update to a Selenium version that supports CDP version 145
]]></system-err>
  </testcase>
  <testcase name="addToCartButtonAddsProductToCart" classname="com.eyebeem.tests.products.ProductsPageAddToCartTest" time="0.685">
    <system-err><![CDATA[Feb 20, 2026 10:10:53 AM org.openqa.selenium.devtools.CdpVersionFinder findNearestMatch
WARNING: Unable to find an exact match for CDP version 145, returning the closest version; found: 144; Please update to a Selenium version that supports CDP version 145
]]></system-err>
  </testcase>
  <testcase name="productsPageHasSearchInput" classname="com.eyebeem.tests.products.ProductsPageSearchInputTest" time="0.628">
    <system-err><![CDATA[Feb 20, 2026 10:10:55 AM org.openqa.selenium.devtools.CdpVersionFinder findNearestMatch
WARNING: Unable to find an exact match for CDP version 145, returning the closest version; found: 144; Please update to a Selenium version that supports CDP version 145
]]></system-err>
  </testcase>
  <testcase name="productsPageHasTypeFilterDropdown" classname="com.eyebeem.tests.products.ProductsPageFilterDropdownTest" time="0.664">
    <system-err><![CDATA[Feb 20, 2026 10:10:57 AM org.openqa.selenium.devtools.CdpVersionFinder findNearestMatch
WARNING: Unable to find an exact match for CDP version 145, returning the closest version; found: 144; Please update to a Selenium version that supports CDP version 145
]]></system-err>
  </testcase>
  <testcase name="cartPageShowsEmptyMessageWhenCartIsEmpty" classname="com.eyebeem.tests.cart.CartPageEmptyTest" time="0.669">
    <system-err><![CDATA[Feb 20, 2026 10:10:59 AM org.openqa.selenium.devtools.CdpVersionFinder findNearestMatch
WARNING: Unable to find an exact match for CDP version 145, returning the closest version; found: 144; Please update to a Selenium version that supports CDP version 145
]]></system-err>
  </testcase>
  <testcase name="cartPageDisplaysItemsWhenCartHasProducts" classname="com.eyebeem.tests.cart.CartPageItemsTest" time="0.742">
    <system-err><![CDATA[Feb 20, 2026 10:11:01 AM org.openqa.selenium.devtools.CdpVersionFinder findNearestMatch
WARNING: Unable to find an exact match for CDP version 145, returning the closest version; found: 144; Please update to a Selenium version that supports CDP version 145
]]></system-err>
  </testcase>
  <testcase name="cartPageDisplaysCorrectTotal" classname="com.eyebeem.tests.cart.CartPageTotalTest" time="0.744">
    <system-err><![CDATA[Feb 20, 2026 10:11:02 AM org.openqa.selenium.devtools.CdpVersionFinder findNearestMatch
WARNING: Unable to find an exact match for CDP version 145, returning the closest version; found: 144; Please update to a Selenium version that supports CDP version 145
]]></system-err>
  </testcase>
  <testcase name="checkoutButtonNavigatesToCheckoutPage" classname="com.eyebeem.tests.cart.CartPageCheckoutTest" time="1.332">
    <system-err><![CDATA[Feb 20, 2026 10:11:04 AM org.openqa.selenium.devtools.CdpVersionFinder findNearestMatch
WARNING: Unable to find an exact match for CDP version 145, returning the closest version; found: 144; Please update to a Selenium version that supports CDP version 145
]]></system-err>
  </testcase>
  <testcase name="clearCartButtonEmptiesCart" classname="com.eyebeem.tests.cart.CartPageClearButtonTest" time="0.842">
    <system-err><![CDATA[Feb 20, 2026 10:11:07 AM org.openqa.selenium.devtools.CdpVersionFinder findNearestMatch
WARNING: Unable to find an exact match for CDP version 145, returning the closest version; found: 144; Please update to a Selenium version that supports CDP version 145
]]></system-err>
  </testcase>
  <testcase name="shopProductsLinkNavigatesToProducts" classname="com.eyebeem.tests.cart.CartPageShopProductsLinkTest" time="0.774">
    <system-err><![CDATA[Feb 20, 2026 10:11:09 AM org.openqa.selenium.devtools.CdpVersionFinder findNearestMatch
WARNING: Unable to find an exact match for CDP version 145, returning the closest version; found: 144; Please update to a Selenium version that supports CDP version 145
]]></system-err>
  </testcase>
  <testcase name="checkoutPageAddressFormAcceptsValidInput" classname="com.eyebeem.tests.checkout.CheckoutPageAddressTest" time="1.06">
    <system-err><![CDATA[Feb 20, 2026 10:11:11 AM org.openqa.selenium.devtools.CdpVersionFinder findNearestMatch
WARNING: Unable to find an exact match for CDP version 145, returning the closest version; found: 144; Please update to a Selenium version that supports CDP version 145
]]></system-err>
  </testcase>
  <testcase name="checkoutPaymentStepDisplaysPaymentOptions" classname="com.eyebeem.tests.checkout.CheckoutPagePaymentTest" time="1.508">
    <system-err><![CDATA[Feb 20, 2026 10:11:13 AM org.openqa.selenium.devtools.CdpVersionFinder findNearestMatch
WARNING: Unable to find an exact match for CDP version 145, returning the closest version; found: 144; Please update to a Selenium version that supports CDP version 145
]]></system-err>
  </testcase>
  <testcase name="checkoutCompletesOrderSuccessfully" classname="com.eyebeem.tests.checkout.CheckoutPageOrderTest" time="1.6">
    <system-err><![CDATA[Feb 20, 2026 10:11:15 AM org.openqa.selenium.devtools.CdpVersionFinder findNearestMatch
WARNING: Unable to find an exact match for CDP version 145, returning the closest version; found: 144; Please update to a Selenium version that supports CDP version 145
]]></system-err>
  </testcase>
  <testcase name="checkoutShowsEmptyMessageWhenCartEmpty" classname="com.eyebeem.tests.checkout.CheckoutPageEmptyCartTest" time="0.655">
    <system-err><![CDATA[Feb 20, 2026 10:11:18 AM org.openqa.selenium.devtools.CdpVersionFinder findNearestMatch
WARNING: Unable to find an exact match for CDP version 145, returning the closest version; found: 144; Please update to a Selenium version that supports CDP version 145
]]></system-err>
  </testcase>
  <testcase name="backToCartLinkNavigatesToCart" classname="com.eyebeem.tests.checkout.CheckoutPageBackToCartTest" time="1.374">
    <system-err><![CDATA[Feb 20, 2026 10:11:20 AM org.openqa.selenium.devtools.CdpVersionFinder findNearestMatch
WARNING: Unable to find an exact match for CDP version 145, returning the closest version; found: 144; Please update to a Selenium version that supports CDP version 145
]]></system-err>
  </testcase>
  <testcase name="ordersPageShowsEmptyMessageWhenNoOrders" classname="com.eyebeem.tests.orders.OrdersPageEmptyTest" time="0.661">
    <system-err><![CDATA[Feb 20, 2026 10:11:23 AM org.openqa.selenium.devtools.CdpVersionFinder findNearestMatch
WARNING: Unable to find an exact match for CDP version 145, returning the closest version; found: 144; Please update to a Selenium version that supports CDP version 145
]]></system-err>
  </testcase>
  <testcase name="ordersPageDisplaysOrderListAfterOrderIsPlaced" classname="com.eyebeem.tests.orders.OrdersPageListTest" time="3.154">
    <system-err><![CDATA[Feb 20, 2026 10:11:24 AM org.openqa.selenium.devtools.CdpVersionFinder findNearestMatch
WARNING: Unable to find an exact match for CDP version 145, returning the closest version; found: 144; Please update to a Selenium version that supports CDP version 145
]]></system-err>
  </testcase>
  <testcase name="ordersPageDisplaysOrderDetailsCorrectly" classname="com.eyebeem.tests.orders.OrdersPageDetailsTest" time="3.123">
    <system-err><![CDATA[Feb 20, 2026 10:11:29 AM org.openqa.selenium.devtools.CdpVersionFinder findNearestMatch
WARNING: Unable to find an exact match for CDP version 145, returning the closest version; found: 144; Please update to a Selenium version that supports CDP version 145
]]></system-err>
  </testcase>
  <testcase name="shopProductsLinkNavigatesToProducts" classname="com.eyebeem.tests.orders.OrdersPageShopProductsLinkTest" time="0.74">
    <system-err><![CDATA[Feb 20, 2026 10:11:33 AM org.openqa.selenium.devtools.CdpVersionFinder findNearestMatch
WARNING: Unable to find an exact match for CDP version 145, returning the closest version; found: 144; Please update to a Selenium version that supports CDP version 145
]]></system-err>
  </testcase>
  <testcase name="headerIsVisibleOnHomePage" classname="com.eyebeem.tests.layout.LayoutHeaderTest" time="0.639">
    <system-err><![CDATA[Feb 20, 2026 10:11:35 AM org.openqa.selenium.devtools.CdpVersionFinder findNearestMatch
WARNING: Unable to find an exact match for CDP version 145, returning the closest version; found: 144; Please update to a Selenium version that supports CDP version 145
]]></system-err>
  </testcase>
  <testcase name="footerIsVisibleOnHomePage" classname="com.eyebeem.tests.layout.LayoutFooterTest" time="0.636">
    <system-err><![CDATA[Feb 20, 2026 10:11:36 AM org.openqa.selenium.devtools.CdpVersionFinder findNearestMatch
WARNING: Unable to find an exact match for CDP version 145, returning the closest version; found: 144; Please update to a Selenium version that supports CDP version 145
]]></system-err>
  </testcase>
  <testcase name="productsLinkNavigatesToProductsPage" classname="com.eyebeem.tests.navigation.NavigationProductsLinkTest" time="0.678">
    <system-err><![CDATA[Feb 20, 2026 10:11:38 AM org.openqa.selenium.devtools.CdpVersionFinder findNearestMatch
WARNING: Unable to find an exact match for CDP version 145, returning the closest version; found: 144; Please update to a Selenium version that supports CDP version 145
]]></system-err>
  </testcase>
  <testcase name="cartLinkNavigatesToCartPage" classname="com.eyebeem.tests.navigation.NavigationCartLinkTest" time="0.699">
    <system-err><![CDATA[Feb 20, 2026 10:11:40 AM org.openqa.selenium.devtools.CdpVersionFinder findNearestMatch
WARNING: Unable to find an exact match for CDP version 145, returning the closest version; found: 144; Please update to a Selenium version that supports CDP version 145
]]></system-err>
  </testcase>
  <testcase name="ordersLinkNavigatesToOrdersPage" classname="com.eyebeem.tests.navigation.NavigationOrdersLinkTest" time="0.682">
    <system-err><![CDATA[Feb 20, 2026 10:11:42 AM org.openqa.selenium.devtools.CdpVersionFinder findNearestMatch
WARNING: Unable to find an exact match for CDP version 145, returning the closest version; found: 144; Please update to a Selenium version that supports CDP version 145
]]></system-err>
  </testcase>
  <testcase name="homePageDisplaysProductImages" classname="com.eyebeem.tests.images.ProductImagesHomePageTest" time="0.637">
    <system-err><![CDATA[Feb 20, 2026 10:11:44 AM org.openqa.selenium.devtools.CdpVersionFinder findNearestMatch
WARNING: Unable to find an exact match for CDP version 145, returning the closest version; found: 144; Please update to a Selenium version that supports CDP version 145
]]></system-err>
  </testcase>
  <testcase name="productsPageDisplaysProductImages" classname="com.eyebeem.tests.images.ProductImagesProductsPageTest" time="0.635">
    <system-err><![CDATA[Feb 20, 2026 10:11:46 AM org.openqa.selenium.devtools.CdpVersionFinder findNearestMatch
WARNING: Unable to find an exact match for CDP version 145, returning the closest version; found: 144; Please update to a Selenium version that supports CDP version 145
]]></system-err>
  </testcase>
  <testcase name="productImagesHaveAltText" classname="com.eyebeem.tests.images.ProductImagesAltTextTest" time="0.628">
    <system-err><![CDATA[Feb 20, 2026 10:11:47 AM org.openqa.selenium.devtools.CdpVersionFinder findNearestMatch
WARNING: Unable to find an exact match for CDP version 145, returning the closest version; found: 144; Please update to a Selenium version that supports CDP version 145
]]></system-err>
  </testcase>
  <testcase name="productImagesLoadWithValidDimensions" classname="com.eyebeem.tests.images.ProductImagesLoadTest" time="0.637">
    <system-err><![CDATA[Feb 20, 2026 10:11:49 AM org.openqa.selenium.devtools.CdpVersionFinder findNearestMatch
WARNING: Unable to find an exact match for CDP version 145, returning the closest version; found: 144; Please update to a Selenium version that supports CDP version 145
]]></system-err>
  </testcase>
  <testcase name="loginAsEachUser_fromTestData" classname="com.eyebeem.tests.api.AuthApiTest" time="0.049"/>
  <testcase name="loginResponse_hasEmail" classname="com.eyebeem.tests.api.AuthApiTest" time="0.006"/>
  <testcase name="loginResponse_hasId" classname="com.eyebeem.tests.api.AuthApiTest" time="0.005"/>
  <testcase name="loginResponse_hasName" classname="com.eyebeem.tests.api.AuthApiTest" time="0.005"/>
  <testcase name="loginResponse_hasOrderHistory" classname="com.eyebeem.tests.api.AuthApiTest" time="0.004"/>
  <testcase name="login_user1_TestUser" classname="com.eyebeem.tests.api.AuthApiTest" time="0.006"/>
  <testcase name="login_user2_JaneDoe" classname="com.eyebeem.tests.api.AuthApiTest" time="0.004"/>
  <testcase name="login_user3_imaad" classname="com.eyebeem.tests.api.AuthApiTest" time="0.006"/>
  <testcase name="login_user4_aryan" classname="com.eyebeem.tests.api.AuthApiTest" time="0.005"/>
  <testcase name="login_user5_petlover" classname="com.eyebeem.tests.api.AuthApiTest" time="0.006"/>
  <testcase name="orderHistory_eachOrderHasId" classname="com.eyebeem.tests.api.OrdersApiTest" time="0.024"/>
  <testcase name="orderHistory_eachOrderHasItems" classname="com.eyebeem.tests.api.OrdersApiTest" time="0.021"/>
  <testcase name="orderHistory_eachOrderHasTotal" classname="com.eyebeem.tests.api.OrdersApiTest" time="0.021"/>
  <testcase name="orderHistory_returnsArray" classname="com.eyebeem.tests.api.OrdersApiTest" time="0.004"/>
  <testcase name="orderHistory_user1_hasOneOrder" classname="com.eyebeem.tests.api.OrdersApiTest" time="0.005"/>
  <testcase name="orderHistory_user1_orderHasItems" classname="com.eyebeem.tests.api.OrdersApiTest" time="0.005"/>
  <testcase name="orderHistory_user1_orderTotal99_99" classname="com.eyebeem.tests.api.OrdersApiTest" time="0.007"/>
  <testcase name="orderHistory_user2_empty" classname="com.eyebeem.tests.api.OrdersApiTest" time="0.005"/>
  <testcase name="orderHistory_user3_hasOneOrder" classname="com.eyebeem.tests.api.OrdersApiTest" time="0.004"/>
  <testcase name="orderHistory_user3_orderHasEDog" classname="com.eyebeem.tests.api.OrdersApiTest" time="0.005"/>
  <testcase name="orderHistory_user3_orderTotal129_99" classname="com.eyebeem.tests.api.OrdersApiTest" time="0.005"/>
  <testcase name="orderHistory_user4_hasOneOrder" classname="com.eyebeem.tests.api.OrdersApiTest" time="0.006"/>
  <testcase name="orderHistory_user4_orderHas4xECat" classname="com.eyebeem.tests.api.OrdersApiTest" time="0.005"/>
  <testcase name="orderHistory_user4_orderTotal399_96" classname="com.eyebeem.tests.api.OrdersApiTest" time="0.005"/>
  <testcase name="orderHistory_user5_hasOneOrder" classname="com.eyebeem.tests.api.OrdersApiTest" time="0.004"/>
  <testcase name="orderHistory_user5_orderHasEHamster" classname="com.eyebeem.tests.api.OrdersApiTest" time="0.006"/>
  <testcase name="orderHistory_user5_orderTotal49_99" classname="com.eyebeem.tests.api.OrdersApiTest" time="0.004"/>
  <testcase name="getProduct1_price99_99" classname="com.eyebeem.tests.api.ProductsApiTest" time="0.005"/>
  <testcase name="getProduct1_returnsECat" classname="com.eyebeem.tests.api.ProductsApiTest" time="0.005"/>
  <testcase name="getProduct2_price129_99" classname="com.eyebeem.tests.api.ProductsApiTest" time="0.007"/>
  <testcase name="getProduct2_returnsEDog" classname="com.eyebeem.tests.api.ProductsApiTest" time="0.004"/>
  <testcase name="getProduct3_price49_99" classname="com.eyebeem.tests.api.ProductsApiTest" time="0.004"/>
  <testcase name="getProduct3_returnsEHamster" classname="com.eyebeem.tests.api.ProductsApiTest" time="0.004"/>
  <testcase name="getProducts_eachHasName" classname="com.eyebeem.tests.api.ProductsApiTest" time="0.004"/>
  <testcase name="getProducts_eachHasPrice" classname="com.eyebeem.tests.api.ProductsApiTest" time="0.003"/>
  <testcase name="getProducts_eachHasProductId" classname="com.eyebeem.tests.api.ProductsApiTest" time="0.005"/>
  <testcase name="getProducts_eachHasQuantity" classname="com.eyebeem.tests.api.ProductsApiTest" time="0.004"/>
  <testcase name="getProducts_hasECat" classname="com.eyebeem.tests.api.ProductsApiTest" time="0.003"/>
  <testcase name="getProducts_hasEDog" classname="com.eyebeem.tests.api.ProductsApiTest" time="0.003"/>
  <testcase name="getProducts_hasEHamster" classname="com.eyebeem.tests.api.ProductsApiTest" time="0.005"/>
  <testcase name="getProducts_returnsThree" classname="com.eyebeem.tests.api.ProductsApiTest" time="0.003"/>
  <testcase name="getProducts_typeCanineForEDog" classname="com.eyebeem.tests.api.ProductsApiTest" time="0.005"/>
  <testcase name="getProducts_typeFelineForECat" classname="com.eyebeem.tests.api.ProductsApiTest" time="0.003"/>
  <testcase name="getProducts_typeRodentForEHamster" classname="com.eyebeem.tests.api.ProductsApiTest" time="0.004"/>
  <testcase name="getUser1_orderHistoryHasOneOrder" classname="com.eyebeem.tests.api.UsersApiTest" time="0.007"/>
  <testcase name="getUser1_returnsTestUser" classname="com.eyebeem.tests.api.UsersApiTest" time="0.004"/>
  <testcase name="getUser2_orderHistoryEmpty" classname="com.eyebeem.tests.api.UsersApiTest" time="0.003"/>
  <testcase name="getUser2_returnsJaneDoe" classname="com.eyebeem.tests.api.UsersApiTest" time="0.003"/>
  <testcase name="getUser3_returnsImaad" classname="com.eyebeem.tests.api.UsersApiTest" time="0.003"/>
  <testcase name="getUser4_returnsAryan" classname="com.eyebeem.tests.api.UsersApiTest" time="0.003"/>
  <testcase name="getUser5_returnsPetlover" classname="com.eyebeem.tests.api.UsersApiTest" time="0.004"/>
  <testcase name="getUser_hasOrderHistory" classname="com.eyebeem.tests.api.UsersApiTest" time="0.004"/>
  <testcase name="addToCart_thenGetCart_containsItem" classname="com.eyebeem.tests.api.CartApiTest" time="0.035"/>
  <testcase name="getCart_eachUserReturns200" classname="com.eyebeem.tests.api.CartApiTest" time="0.017"/>
  <testcase name="getCart_itemsIsArray" classname="com.eyebeem.tests.api.CartApiTest" time="0.004"/>
  <testcase name="getCart_returnsJsonObject" classname="com.eyebeem.tests.api.CartApiTest" time="0.004"/>
  <testcase name="getCart_user1_returns200" classname="com.eyebeem.tests.api.CartApiTest" time="0.004"/>
  <testcase name="createNewAccount_viaLogin_returnsUserWithId" classname="com.eyebeem.tests.api.CreateAccountApiTest" time="0.006"/>
  <testcase name="getOrderCount_ReturnsNonNegative" classname="com.eyebeem.tests.db.OrdersDbTest" time="0.102"/>
  <testcase name="getOrderItems_NonExistentOrderReturnsEmpty" classname="com.eyebeem.tests.db.OrdersDbTest" time="0.009"/>
  <testcase name="getOrderRow_NonExistentReturnsNull" classname="com.eyebeem.tests.db.OrdersDbTest" time="0.004"/>
  <testcase name="orderItemsTableExists" classname="com.eyebeem.tests.db.OrdersDbTest" time="0.01"/>
  <testcase name="orderItems_ReferValidProductIds" classname="com.eyebeem.tests.db.OrdersDbTest" time="0.003"/>
  <testcase name="ordersTableExists" classname="com.eyebeem.tests.db.OrdersDbTest" time="0.004"/>
  <testcase name="getAllInventory_ReturnsOrderedByProductId" classname="com.eyebeem.tests.db.InventoryDbTest" time="0.003"/>
  <testcase name="inventoryHasAtLeastThreeProducts" classname="com.eyebeem.tests.db.InventoryDbTest" time="0.003"/>
  <testcase name="inventoryTableExists" classname="com.eyebeem.tests.db.InventoryDbTest" time="0.004"/>
  <testcase name="product1_ECatExists" classname="com.eyebeem.tests.db.InventoryDbTest" time="0.004"/>
  <testcase name="product1_HasCorrectPrice" classname="com.eyebeem.tests.db.InventoryDbTest" time="0.003"/>
  <testcase name="product1_HasQuantity" classname="com.eyebeem.tests.db.InventoryDbTest" time="0.003"/>
  <testcase name="product2_EDogExists" classname="com.eyebeem.tests.db.InventoryDbTest" time="0.003"/>
  <testcase name="product2_HasCorrectPrice" classname="com.eyebeem.tests.db.InventoryDbTest" time="0.002"/>
  <testcase name="product3_EHamsterExists" classname="com.eyebeem.tests.db.InventoryDbTest" time="0.003"/>
  <testcase name="product3_HasCorrectPrice" classname="com.eyebeem.tests.db.InventoryDbTest" time="0.003"/>
  <testcase name="nonExistentUser_returnsNull" classname="com.eyebeem.tests.db.UsersDbTest" time="0.004"/>
  <testcase name="user1_exists_withEmail" classname="com.eyebeem.tests.db.UsersDbTest" time="0.003"/>
  <testcase name="user2_exists_withEmail" classname="com.eyebeem.tests.db.UsersDbTest" time="0.002"/>
  <testcase name="user3_exists_withEmail" classname="com.eyebeem.tests.db.UsersDbTest" time="0.002"/>
  <testcase name="user4_exists_withEmail" classname="com.eyebeem.tests.db.UsersDbTest" time="0.002"/>
  <testcase name="user5_exists_withEmail" classname="com.eyebeem.tests.db.UsersDbTest" time="0.003"/>
  <testcase name="userCount_atLeast5" classname="com.eyebeem.tests.db.UsersDbTest" time="0.002"/>
  <testcase name="usersTableExists" classname="com.eyebeem.tests.db.UsersDbTest" time="0.004"/>
  <testcase name="order1_user1_total99_99" classname="com.eyebeem.tests.db.OrdersDataDbTest" time="0.003"/>
  <testcase name="order2_user3_total129_99" classname="com.eyebeem.tests.db.OrdersDataDbTest" time="0.003"/>
  <testcase name="order3_user4_total399_96" classname="com.eyebeem.tests.db.OrdersDataDbTest" time="0.005"/>
  <testcase name="order4_user5_total49_99" classname="com.eyebeem.tests.db.OrdersDataDbTest" time="0.003"/>
  <testcase name="orderCount_atLeast4" classname="com.eyebeem.tests.db.OrdersDataDbTest" time="0.004"/>
  <testcase name="user1_hasOneOrder" classname="com.eyebeem.tests.db.OrdersDataDbTest" time="0.003"/>
  <testcase name="user2_hasNoOrders" classname="com.eyebeem.tests.db.OrdersDataDbTest" time="0.003"/>
  <testcase name="user3_hasOneOrder" classname="com.eyebeem.tests.db.OrdersDataDbTest" time="0.002"/>
  <testcase name="user4_hasOneOrder" classname="com.eyebeem.tests.db.OrdersDataDbTest" time="0.003"/>
  <testcase name="user5_hasOneOrder" classname="com.eyebeem.tests.db.OrdersDataDbTest" time="0.003"/>
  <testcase name="order1_hasOneItem_eCat" classname="com.eyebeem.tests.db.OrderItemsDbTest" time="0.003"/>
  <testcase name="order1_unitPrice99_99" classname="com.eyebeem.tests.db.OrderItemsDbTest" time="0.003"/>
  <testcase name="order2_hasOneItem_eDog" classname="com.eyebeem.tests.db.OrderItemsDbTest" time="0.003"/>
  <testcase name="order3_hasOneItem_4xECat" classname="com.eyebeem.tests.db.OrderItemsDbTest" time="0.003"/>
  <testcase name="order4_hasOneItem_eHamster" classname="com.eyebeem.tests.db.OrderItemsDbTest" time="0.003"/>
  <testcase name="orderItems_productIdsReferInventory" classname="com.eyebeem.tests.db.OrderItemsDbTest" time="0.01"/>
  <testcase name="product1_hasNonNegativeQuantity" classname="com.eyebeem.tests.db.InventoryDataDbTest" time="0.003"/>
  <testcase name="product1_nameECat" classname="com.eyebeem.tests.db.InventoryDataDbTest" time="0.003"/>
  <testcase name="product2_hasNonNegativeQuantity" classname="com.eyebeem.tests.db.InventoryDataDbTest" time="0.002"/>
  <testcase name="product2_nameEDog" classname="com.eyebeem.tests.db.InventoryDataDbTest" time="0.002"/>
  <testcase name="product3_hasNonNegativeQuantity" classname="com.eyebeem.tests.db.InventoryDataDbTest" time="0.002"/>
  <testcase name="product3_nameEHamster" classname="com.eyebeem.tests.db.InventoryDataDbTest" time="0.003"/>
</testsuite>