<?xml version="1.0" encoding="UTF-8"?>
<!-- Generated by org.testng.reporters.JUnitXMLReporter -->
<testsuite ignored="0" hostname="Imaads-MacBook-Air.local" failures="0" tests="8" name="Registration - Database" time="0.16" errors="0" timestamp="2026-02-22T13:52:35 IST">
  <testcase classname="com.eyebeem.tests.db.UsersDbTest" name="nonExistentUser_returnsNull" time="0.108"/>
  <testcase classname="com.eyebeem.tests.db.UsersDbTest" name="user1_exists_withEmail" time="0.005"/>
  <testcase classname="com.eyebeem.tests.db.UsersDbTest" name="user2_exists_withEmail" time="0.004"/>
  <testcase classname="com.eyebeem.tests.db.UsersDbTest" name="user3_exists_withEmail" time="0.005"/>
  <testcase classname="com.eyebeem.tests.db.UsersDbTest" name="user4_exists_withEmail" time="0.004"/>
  <testcase classname="com.eyebeem.tests.db.UsersDbTest" name="user5_exists_withEmail" time="0.006"/>
  <testcase classname="com.eyebeem.tests.db.UsersDbTest" name="userCount_atLeast5" time="0.006"/>
  <testcase classname="com.eyebeem.tests.db.UsersDbTest" name="usersTableExists" time="0.012"/>
</testsuite> <!-- Registration - Database -->
