<?xml version="1.0" encoding="UTF-8"?>
<!-- Generated by org.testng.reporters.JUnitXMLReporter -->
<testsuite ignored="0" hostname="Imaads-MacBook-Air.local" failures="0" tests="3" name="Registration - UI" time="8.409" errors="0" timestamp="2026-02-22T13:52:35 IST">
  <testcase classname="com.eyebeem.tests.login.LoginPageFormTest" name="loginFormDisplaysNameAndEmailFields" time="0.856"/>
  <testcase classname="com.eyebeem.tests.login.LoginPageSubmitTest" name="loginFormAcceptsValidCredentials" time="1.008"/>
  <testcase classname="com.eyebeem.tests.login.LoginPageNavigationTest" name="loginPageUrlAndTitleAreCorrect" time="0.686"/>
</testsuite> <!-- Registration - UI -->
