<?xml version="1.0" encoding="UTF-8"?>
<!-- Generated by org.testng.reporters.JUnitXMLReporter -->
<testsuite ignored="0" hostname="Imaads-MacBook-Air.local" failures="0" tests="12" name="Registration - API" time="0.177" errors="0" timestamp="2026-02-22T13:52:35 IST">
  <testcase classname="com.eyebeem.tests.api.AuthApiTest" name="loginAsEachUser_fromTestData" time="0.051"/>
  <testcase classname="com.eyebeem.tests.api.AuthApiTest" name="login_user1_TestUser" time="0.009"/>
  <testcase classname="com.eyebeem.tests.api.AuthApiTest" name="login_user2_JaneDoe" time="0.008"/>
  <testcase classname="com.eyebeem.tests.api.AuthApiTest" name="login_user3_imaad" time="0.01"/>
  <testcase classname="com.eyebeem.tests.api.AuthApiTest" name="login_user4_aryan" time="0.011"/>
  <testcase classname="com.eyebeem.tests.api.AuthApiTest" name="login_user5_petlover" time="0.01"/>
  <testcase classname="com.eyebeem.tests.api.CreateAccountApiTest" name="createNewAccount_viaLogin_returnsUserWithId" time="0.022"/>
  <testcase classname="com.eyebeem.tests.api.UsersApiTest" name="getUser1_orderHistoryHasOneOrder" time="0.008"/>
  <testcase classname="com.eyebeem.tests.api.UsersApiTest" name="getUser1_returnsTestUser" time="0.009"/>
  <testcase classname="com.eyebeem.tests.api.UsersApiTest" name="getUser2_orderHistoryEmpty" time="0.006"/>
  <testcase classname="com.eyebeem.tests.api.UsersApiTest" name="getUser5_returnsPetlover" time="0.009"/>
  <testcase classname="com.eyebeem.tests.api.UsersApiTest" name="getUser_hasOrderHistory" time="0.009"/>
</testsuite> <!-- Registration - API -->
